[2024-08-06 14:28:55,006][flwr][INFO] - Starting Flower simulation, config: num_rounds=15, no round_timeout
[2024-08-06 14:28:57,752][flwr][INFO] - Flower VCE: Ray initialized with resources: {'node:__internal_head__': 1.0, 'GPU': 1.0, 'node:10.50.9.88': 1.0, 'object_store_memory': 35176938700.0, 'accelerator_type:T4': 1.0, 'CPU': 8.0, 'memory': 72079523636.0}
[2024-08-06 14:28:57,752][flwr][INFO] - Optimize your simulation with Flower VCE: https://flower.ai/docs/framework/how-to-run-simulations.html
[2024-08-06 14:28:57,752][flwr][INFO] - Flower VCE: Resources for each Virtual Client: {'num_cpus': 3, 'num_gpus': 1.0}
[2024-08-06 14:28:57,766][flwr][INFO] - Flower VCE: Creating VirtualClientEngineActorPool with 1 actors
[2024-08-06 14:28:57,767][flwr][INFO] - [INIT]
[2024-08-06 14:28:57,767][flwr][INFO] - Requesting initial parameters from one random client
[2024-08-06 14:29:01,115][flwr][INFO] - Received initial parameters from one random client
[2024-08-06 14:29:01,116][flwr][INFO] - Evaluating initial global parameters
[2024-08-06 14:29:09,269][flwr][INFO] - initial parameters (loss, other metrics): 0.6499642953276634, OrderedDict([('ind_iou_0', 1.464413554537152e-09), ('ind_dice_liver_0', tensor(0.1204, dtype=torch.float64)), ('ind_dice_tumour_0', tensor(0.0005, dtype=torch.float64)), ('ind_iou_1', 3.4438259731445826e-10), ('ind_dice_liver_1', tensor(0.1530, dtype=torch.float64)), ('ind_dice_tumour_1', tensor(0.0150, dtype=torch.float64)), ('all_iou', 5.747938287431752e-10), ('all_dice_liver', tensor(0.1376, dtype=torch.float64)), ('all_dice_tumour', tensor(0.0078, dtype=torch.float64))])
[2024-08-06 14:29:09,274][flwr][INFO] - 
[2024-08-06 14:29:09,274][flwr][INFO] - [ROUND 1]
[2024-08-06 14:29:09,275][flwr][INFO] - configure_fit: strategy sampled 2 clients (out of 2)
[2024-08-06 14:30:25,271][flwr][INFO] - aggregate_fit: received 2 results and 0 failures
[2024-08-06 14:30:25,408][flwr][WARNING] - No fit_metrics_aggregation_fn provided
[2024-08-06 14:30:29,363][flwr][INFO] - fit progress: (1, 0.009348516667766186, OrderedDict([('ind_iou_0', 0.9042849609862841), ('ind_dice_liver_0', tensor(0.9121, dtype=torch.float64)), ('ind_dice_tumour_0', tensor(0.0567, dtype=torch.float64)), ('ind_iou_1', 0.9016646608858928), ('ind_dice_liver_1', tensor(0.9403, dtype=torch.float64)), ('ind_dice_tumour_1', tensor(0.5085, dtype=torch.float64)), ('all_iou', 0.9006248906481603), ('all_dice_liver', tensor(0.9290, dtype=torch.float64)), ('all_dice_tumour', tensor(0.3185, dtype=torch.float64))]), 80.08833128819242)
[2024-08-06 14:30:29,368][flwr][INFO] - configure_evaluate: strategy sampled 2 clients (out of 2)
[2024-08-06 14:30:30,127][flwr][ERROR] - Traceback (most recent call last):
  File "/home/mmaia/my_envs/liver_torch/lib/python3.8/site-packages/flwr/simulation/ray_transport/ray_client_proxy.py", line 73, in _submit_job
    out_mssg, updated_context = self.actor_pool.get_client_result(
  File "/home/mmaia/my_envs/liver_torch/lib/python3.8/site-packages/flwr/simulation/ray_transport/ray_actor.py", line 399, in get_client_result
    return self._fetch_future_result(cid)
  File "/home/mmaia/my_envs/liver_torch/lib/python3.8/site-packages/flwr/simulation/ray_transport/ray_actor.py", line 280, in _fetch_future_result
    res_cid, out_mssg, updated_context = ray.get(
  File "/home/mmaia/my_envs/liver_torch/lib/python3.8/site-packages/ray/_private/auto_init_hook.py", line 21, in auto_init_wrapper
    return fn(*args, **kwargs)
  File "/home/mmaia/my_envs/liver_torch/lib/python3.8/site-packages/ray/_private/client_mode_hook.py", line 103, in wrapper
    return func(*args, **kwargs)
  File "/home/mmaia/my_envs/liver_torch/lib/python3.8/site-packages/ray/_private/worker.py", line 2667, in get
    values, debugger_breakpoint = worker.get_objects(object_refs, timeout=timeout)
  File "/home/mmaia/my_envs/liver_torch/lib/python3.8/site-packages/ray/_private/worker.py", line 864, in get_objects
    raise value.as_instanceof_cause()
ray.exceptions.RayTaskError(ClientAppException): [36mray::ClientAppActor.run()[39m (pid=777960, ip=10.50.9.88, actor_id=bf1db9abfe33d704cc3e042901000000, repr=<flwr.simulation.ray_transport.ray_actor.ClientAppActor object at 0x7f02589aa6a0>)
  File "/home/mmaia/my_envs/liver_torch/lib/python3.8/site-packages/flwr/client/client_app.py", line 98, in __call__
    return self._call(message, context)
  File "/home/mmaia/my_envs/liver_torch/lib/python3.8/site-packages/flwr/client/client_app.py", line 81, in ffn
    out_message = handle_legacy_message_from_msgtype(
  File "/home/mmaia/my_envs/liver_torch/lib/python3.8/site-packages/flwr/client/message_handler/message_handler.py", line 141, in handle_legacy_message_from_msgtype
    out_recordset = evaluateres_to_recordset(evaluate_res)
  File "/home/mmaia/my_envs/liver_torch/lib/python3.8/site-packages/flwr/common/recordset_compat.py", line 301, in evaluateres_to_recordset
    recordset.configs_records[f"{res_str}.metrics"] = ConfigsRecord(
  File "/home/mmaia/my_envs/liver_torch/lib/python3.8/site-packages/flwr/common/record/configsrecord.py", line 85, in __init__
    self[k] = configs_dict[k]
  File "/home/mmaia/my_envs/liver_torch/lib/python3.8/site-packages/flwr/common/record/typeddict.py", line 38, in __setitem__
    self._check_value_fn(value)
  File "/home/mmaia/my_envs/liver_torch/lib/python3.8/site-packages/flwr/common/record/configsrecord.py", line 57, in _check_value
    is_valid(value)
  File "/home/mmaia/my_envs/liver_torch/lib/python3.8/site-packages/flwr/common/record/configsrecord.py", line 35, in is_valid
    raise TypeError(
TypeError: Not all values are of valid type. Expected `typing.Union[int, float, str, bytes, bool, typing.List[int], typing.List[float], typing.List[str], typing.List[bytes], typing.List[bool]]` but `<class 'torch.Tensor'>` was passed.

The above exception was the direct cause of the following exception:

[36mray::ClientAppActor.run()[39m (pid=777960, ip=10.50.9.88, actor_id=bf1db9abfe33d704cc3e042901000000, repr=<flwr.simulation.ray_transport.ray_actor.ClientAppActor object at 0x7f02589aa6a0>)
  File "/home/mmaia/my_envs/liver_torch/lib/python3.8/site-packages/flwr/simulation/ray_transport/ray_actor.py", line 64, in run
    raise ClientAppException(str(ex)) from ex
flwr.client.client_app.ClientAppException: 
Exception ClientAppException occurred. Message: Not all values are of valid type. Expected `typing.Union[int, float, str, bytes, bool, typing.List[int], typing.List[float], typing.List[str], typing.List[bytes], typing.List[bool]]` but `<class 'torch.Tensor'>` was passed.

[2024-08-06 14:30:30,127][flwr][ERROR] - [36mray::ClientAppActor.run()[39m (pid=777960, ip=10.50.9.88, actor_id=bf1db9abfe33d704cc3e042901000000, repr=<flwr.simulation.ray_transport.ray_actor.ClientAppActor object at 0x7f02589aa6a0>)
  File "/home/mmaia/my_envs/liver_torch/lib/python3.8/site-packages/flwr/client/client_app.py", line 98, in __call__
    return self._call(message, context)
  File "/home/mmaia/my_envs/liver_torch/lib/python3.8/site-packages/flwr/client/client_app.py", line 81, in ffn
    out_message = handle_legacy_message_from_msgtype(
  File "/home/mmaia/my_envs/liver_torch/lib/python3.8/site-packages/flwr/client/message_handler/message_handler.py", line 141, in handle_legacy_message_from_msgtype
    out_recordset = evaluateres_to_recordset(evaluate_res)
  File "/home/mmaia/my_envs/liver_torch/lib/python3.8/site-packages/flwr/common/recordset_compat.py", line 301, in evaluateres_to_recordset
    recordset.configs_records[f"{res_str}.metrics"] = ConfigsRecord(
  File "/home/mmaia/my_envs/liver_torch/lib/python3.8/site-packages/flwr/common/record/configsrecord.py", line 85, in __init__
    self[k] = configs_dict[k]
  File "/home/mmaia/my_envs/liver_torch/lib/python3.8/site-packages/flwr/common/record/typeddict.py", line 38, in __setitem__
    self._check_value_fn(value)
  File "/home/mmaia/my_envs/liver_torch/lib/python3.8/site-packages/flwr/common/record/configsrecord.py", line 57, in _check_value
    is_valid(value)
  File "/home/mmaia/my_envs/liver_torch/lib/python3.8/site-packages/flwr/common/record/configsrecord.py", line 35, in is_valid
    raise TypeError(
TypeError: Not all values are of valid type. Expected `typing.Union[int, float, str, bytes, bool, typing.List[int], typing.List[float], typing.List[str], typing.List[bytes], typing.List[bool]]` but `<class 'torch.Tensor'>` was passed.

The above exception was the direct cause of the following exception:

[36mray::ClientAppActor.run()[39m (pid=777960, ip=10.50.9.88, actor_id=bf1db9abfe33d704cc3e042901000000, repr=<flwr.simulation.ray_transport.ray_actor.ClientAppActor object at 0x7f02589aa6a0>)
  File "/home/mmaia/my_envs/liver_torch/lib/python3.8/site-packages/flwr/simulation/ray_transport/ray_actor.py", line 64, in run
    raise ClientAppException(str(ex)) from ex
flwr.client.client_app.ClientAppException: 
Exception ClientAppException occurred. Message: Not all values are of valid type. Expected `typing.Union[int, float, str, bytes, bool, typing.List[int], typing.List[float], typing.List[str], typing.List[bytes], typing.List[bool]]` but `<class 'torch.Tensor'>` was passed.
[2024-08-06 14:30:30,673][flwr][ERROR] - Traceback (most recent call last):
  File "/home/mmaia/my_envs/liver_torch/lib/python3.8/site-packages/flwr/simulation/ray_transport/ray_client_proxy.py", line 73, in _submit_job
    out_mssg, updated_context = self.actor_pool.get_client_result(
  File "/home/mmaia/my_envs/liver_torch/lib/python3.8/site-packages/flwr/simulation/ray_transport/ray_actor.py", line 399, in get_client_result
    return self._fetch_future_result(cid)
  File "/home/mmaia/my_envs/liver_torch/lib/python3.8/site-packages/flwr/simulation/ray_transport/ray_actor.py", line 280, in _fetch_future_result
    res_cid, out_mssg, updated_context = ray.get(
  File "/home/mmaia/my_envs/liver_torch/lib/python3.8/site-packages/ray/_private/auto_init_hook.py", line 21, in auto_init_wrapper
    return fn(*args, **kwargs)
  File "/home/mmaia/my_envs/liver_torch/lib/python3.8/site-packages/ray/_private/client_mode_hook.py", line 103, in wrapper
    return func(*args, **kwargs)
  File "/home/mmaia/my_envs/liver_torch/lib/python3.8/site-packages/ray/_private/worker.py", line 2667, in get
    values, debugger_breakpoint = worker.get_objects(object_refs, timeout=timeout)
  File "/home/mmaia/my_envs/liver_torch/lib/python3.8/site-packages/ray/_private/worker.py", line 864, in get_objects
    raise value.as_instanceof_cause()
ray.exceptions.RayTaskError(ClientAppException): [36mray::ClientAppActor.run()[39m (pid=777960, ip=10.50.9.88, actor_id=bf1db9abfe33d704cc3e042901000000, repr=<flwr.simulation.ray_transport.ray_actor.ClientAppActor object at 0x7f02589aa6a0>)
  File "/home/mmaia/my_envs/liver_torch/lib/python3.8/site-packages/flwr/client/client_app.py", line 98, in __call__
    return self._call(message, context)
  File "/home/mmaia/my_envs/liver_torch/lib/python3.8/site-packages/flwr/client/client_app.py", line 81, in ffn
    out_message = handle_legacy_message_from_msgtype(
  File "/home/mmaia/my_envs/liver_torch/lib/python3.8/site-packages/flwr/client/message_handler/message_handler.py", line 141, in handle_legacy_message_from_msgtype
    out_recordset = evaluateres_to_recordset(evaluate_res)
  File "/home/mmaia/my_envs/liver_torch/lib/python3.8/site-packages/flwr/common/recordset_compat.py", line 301, in evaluateres_to_recordset
    recordset.configs_records[f"{res_str}.metrics"] = ConfigsRecord(
  File "/home/mmaia/my_envs/liver_torch/lib/python3.8/site-packages/flwr/common/record/configsrecord.py", line 85, in __init__
    self[k] = configs_dict[k]
  File "/home/mmaia/my_envs/liver_torch/lib/python3.8/site-packages/flwr/common/record/typeddict.py", line 38, in __setitem__
    self._check_value_fn(value)
  File "/home/mmaia/my_envs/liver_torch/lib/python3.8/site-packages/flwr/common/record/configsrecord.py", line 57, in _check_value
    is_valid(value)
  File "/home/mmaia/my_envs/liver_torch/lib/python3.8/site-packages/flwr/common/record/configsrecord.py", line 35, in is_valid
    raise TypeError(
TypeError: Not all values are of valid type. Expected `typing.Union[int, float, str, bytes, bool, typing.List[int], typing.List[float], typing.List[str], typing.List[bytes], typing.List[bool]]` but `<class 'torch.Tensor'>` was passed.

The above exception was the direct cause of the following exception:

[36mray::ClientAppActor.run()[39m (pid=777960, ip=10.50.9.88, actor_id=bf1db9abfe33d704cc3e042901000000, repr=<flwr.simulation.ray_transport.ray_actor.ClientAppActor object at 0x7f02589aa6a0>)
  File "/home/mmaia/my_envs/liver_torch/lib/python3.8/site-packages/flwr/simulation/ray_transport/ray_actor.py", line 64, in run
    raise ClientAppException(str(ex)) from ex
flwr.client.client_app.ClientAppException: 
Exception ClientAppException occurred. Message: Not all values are of valid type. Expected `typing.Union[int, float, str, bytes, bool, typing.List[int], typing.List[float], typing.List[str], typing.List[bytes], typing.List[bool]]` but `<class 'torch.Tensor'>` was passed.

[2024-08-06 14:30:30,673][flwr][ERROR] - [36mray::ClientAppActor.run()[39m (pid=777960, ip=10.50.9.88, actor_id=bf1db9abfe33d704cc3e042901000000, repr=<flwr.simulation.ray_transport.ray_actor.ClientAppActor object at 0x7f02589aa6a0>)
  File "/home/mmaia/my_envs/liver_torch/lib/python3.8/site-packages/flwr/client/client_app.py", line 98, in __call__
    return self._call(message, context)
  File "/home/mmaia/my_envs/liver_torch/lib/python3.8/site-packages/flwr/client/client_app.py", line 81, in ffn
    out_message = handle_legacy_message_from_msgtype(
  File "/home/mmaia/my_envs/liver_torch/lib/python3.8/site-packages/flwr/client/message_handler/message_handler.py", line 141, in handle_legacy_message_from_msgtype
    out_recordset = evaluateres_to_recordset(evaluate_res)
  File "/home/mmaia/my_envs/liver_torch/lib/python3.8/site-packages/flwr/common/recordset_compat.py", line 301, in evaluateres_to_recordset
    recordset.configs_records[f"{res_str}.metrics"] = ConfigsRecord(
  File "/home/mmaia/my_envs/liver_torch/lib/python3.8/site-packages/flwr/common/record/configsrecord.py", line 85, in __init__
    self[k] = configs_dict[k]
  File "/home/mmaia/my_envs/liver_torch/lib/python3.8/site-packages/flwr/common/record/typeddict.py", line 38, in __setitem__
    self._check_value_fn(value)
  File "/home/mmaia/my_envs/liver_torch/lib/python3.8/site-packages/flwr/common/record/configsrecord.py", line 57, in _check_value
    is_valid(value)
  File "/home/mmaia/my_envs/liver_torch/lib/python3.8/site-packages/flwr/common/record/configsrecord.py", line 35, in is_valid
    raise TypeError(
TypeError: Not all values are of valid type. Expected `typing.Union[int, float, str, bytes, bool, typing.List[int], typing.List[float], typing.List[str], typing.List[bytes], typing.List[bool]]` but `<class 'torch.Tensor'>` was passed.

The above exception was the direct cause of the following exception:

[36mray::ClientAppActor.run()[39m (pid=777960, ip=10.50.9.88, actor_id=bf1db9abfe33d704cc3e042901000000, repr=<flwr.simulation.ray_transport.ray_actor.ClientAppActor object at 0x7f02589aa6a0>)
  File "/home/mmaia/my_envs/liver_torch/lib/python3.8/site-packages/flwr/simulation/ray_transport/ray_actor.py", line 64, in run
    raise ClientAppException(str(ex)) from ex
flwr.client.client_app.ClientAppException: 
Exception ClientAppException occurred. Message: Not all values are of valid type. Expected `typing.Union[int, float, str, bytes, bool, typing.List[int], typing.List[float], typing.List[str], typing.List[bytes], typing.List[bool]]` but `<class 'torch.Tensor'>` was passed.
[2024-08-06 14:30:30,673][flwr][INFO] - aggregate_evaluate: received 0 results and 2 failures
[2024-08-06 14:30:30,673][flwr][INFO] - 
[2024-08-06 14:30:30,674][flwr][INFO] - [ROUND 2]
[2024-08-06 14:30:30,674][flwr][INFO] - configure_fit: strategy sampled 2 clients (out of 2)
[2024-08-06 14:31:45,188][flwr][INFO] - aggregate_fit: received 2 results and 0 failures
[2024-08-06 14:31:49,281][flwr][INFO] - fit progress: (2, 0.009348517041265344, OrderedDict([('ind_iou_0', 0.8851513963510779), ('ind_dice_liver_0', tensor(0.9048, dtype=torch.float64)), ('ind_dice_tumour_0', tensor(0.0499, dtype=torch.float64)), ('ind_iou_1', 0.8968065320612183), ('ind_dice_liver_1', tensor(0.9392, dtype=torch.float64)), ('ind_dice_tumour_1', tensor(0.4791, dtype=torch.float64)), ('all_iou', 0.9068435131417122), ('all_dice_liver', tensor(0.9289, dtype=torch.float64)), ('all_dice_tumour', tensor(0.2985, dtype=torch.float64))]), 160.0063215349801)
[2024-08-06 14:31:49,286][flwr][INFO] - configure_evaluate: strategy sampled 2 clients (out of 2)
[2024-08-06 14:31:49,949][flwr][ERROR] - Traceback (most recent call last):
  File "/home/mmaia/my_envs/liver_torch/lib/python3.8/site-packages/flwr/simulation/ray_transport/ray_client_proxy.py", line 73, in _submit_job
    out_mssg, updated_context = self.actor_pool.get_client_result(
  File "/home/mmaia/my_envs/liver_torch/lib/python3.8/site-packages/flwr/simulation/ray_transport/ray_actor.py", line 399, in get_client_result
    return self._fetch_future_result(cid)
  File "/home/mmaia/my_envs/liver_torch/lib/python3.8/site-packages/flwr/simulation/ray_transport/ray_actor.py", line 280, in _fetch_future_result
    res_cid, out_mssg, updated_context = ray.get(
  File "/home/mmaia/my_envs/liver_torch/lib/python3.8/site-packages/ray/_private/auto_init_hook.py", line 21, in auto_init_wrapper
    return fn(*args, **kwargs)
  File "/home/mmaia/my_envs/liver_torch/lib/python3.8/site-packages/ray/_private/client_mode_hook.py", line 103, in wrapper
    return func(*args, **kwargs)
  File "/home/mmaia/my_envs/liver_torch/lib/python3.8/site-packages/ray/_private/worker.py", line 2667, in get
    values, debugger_breakpoint = worker.get_objects(object_refs, timeout=timeout)
  File "/home/mmaia/my_envs/liver_torch/lib/python3.8/site-packages/ray/_private/worker.py", line 864, in get_objects
    raise value.as_instanceof_cause()
ray.exceptions.RayTaskError(ClientAppException): [36mray::ClientAppActor.run()[39m (pid=777960, ip=10.50.9.88, actor_id=bf1db9abfe33d704cc3e042901000000, repr=<flwr.simulation.ray_transport.ray_actor.ClientAppActor object at 0x7f02589aa6a0>)
  File "/home/mmaia/my_envs/liver_torch/lib/python3.8/site-packages/flwr/client/client_app.py", line 98, in __call__
    return self._call(message, context)
  File "/home/mmaia/my_envs/liver_torch/lib/python3.8/site-packages/flwr/client/client_app.py", line 81, in ffn
    out_message = handle_legacy_message_from_msgtype(
  File "/home/mmaia/my_envs/liver_torch/lib/python3.8/site-packages/flwr/client/message_handler/message_handler.py", line 141, in handle_legacy_message_from_msgtype
    out_recordset = evaluateres_to_recordset(evaluate_res)
  File "/home/mmaia/my_envs/liver_torch/lib/python3.8/site-packages/flwr/common/recordset_compat.py", line 301, in evaluateres_to_recordset
    recordset.configs_records[f"{res_str}.metrics"] = ConfigsRecord(
  File "/home/mmaia/my_envs/liver_torch/lib/python3.8/site-packages/flwr/common/record/configsrecord.py", line 85, in __init__
    self[k] = configs_dict[k]
  File "/home/mmaia/my_envs/liver_torch/lib/python3.8/site-packages/flwr/common/record/typeddict.py", line 38, in __setitem__
    self._check_value_fn(value)
  File "/home/mmaia/my_envs/liver_torch/lib/python3.8/site-packages/flwr/common/record/configsrecord.py", line 57, in _check_value
    is_valid(value)
  File "/home/mmaia/my_envs/liver_torch/lib/python3.8/site-packages/flwr/common/record/configsrecord.py", line 35, in is_valid
    raise TypeError(
TypeError: Not all values are of valid type. Expected `typing.Union[int, float, str, bytes, bool, typing.List[int], typing.List[float], typing.List[str], typing.List[bytes], typing.List[bool]]` but `<class 'torch.Tensor'>` was passed.

The above exception was the direct cause of the following exception:

[36mray::ClientAppActor.run()[39m (pid=777960, ip=10.50.9.88, actor_id=bf1db9abfe33d704cc3e042901000000, repr=<flwr.simulation.ray_transport.ray_actor.ClientAppActor object at 0x7f02589aa6a0>)
  File "/home/mmaia/my_envs/liver_torch/lib/python3.8/site-packages/flwr/simulation/ray_transport/ray_actor.py", line 64, in run
    raise ClientAppException(str(ex)) from ex
flwr.client.client_app.ClientAppException: 
Exception ClientAppException occurred. Message: Not all values are of valid type. Expected `typing.Union[int, float, str, bytes, bool, typing.List[int], typing.List[float], typing.List[str], typing.List[bytes], typing.List[bool]]` but `<class 'torch.Tensor'>` was passed.

[2024-08-06 14:31:49,949][flwr][ERROR] - [36mray::ClientAppActor.run()[39m (pid=777960, ip=10.50.9.88, actor_id=bf1db9abfe33d704cc3e042901000000, repr=<flwr.simulation.ray_transport.ray_actor.ClientAppActor object at 0x7f02589aa6a0>)
  File "/home/mmaia/my_envs/liver_torch/lib/python3.8/site-packages/flwr/client/client_app.py", line 98, in __call__
    return self._call(message, context)
  File "/home/mmaia/my_envs/liver_torch/lib/python3.8/site-packages/flwr/client/client_app.py", line 81, in ffn
    out_message = handle_legacy_message_from_msgtype(
  File "/home/mmaia/my_envs/liver_torch/lib/python3.8/site-packages/flwr/client/message_handler/message_handler.py", line 141, in handle_legacy_message_from_msgtype
    out_recordset = evaluateres_to_recordset(evaluate_res)
  File "/home/mmaia/my_envs/liver_torch/lib/python3.8/site-packages/flwr/common/recordset_compat.py", line 301, in evaluateres_to_recordset
    recordset.configs_records[f"{res_str}.metrics"] = ConfigsRecord(
  File "/home/mmaia/my_envs/liver_torch/lib/python3.8/site-packages/flwr/common/record/configsrecord.py", line 85, in __init__
    self[k] = configs_dict[k]
  File "/home/mmaia/my_envs/liver_torch/lib/python3.8/site-packages/flwr/common/record/typeddict.py", line 38, in __setitem__
    self._check_value_fn(value)
  File "/home/mmaia/my_envs/liver_torch/lib/python3.8/site-packages/flwr/common/record/configsrecord.py", line 57, in _check_value
    is_valid(value)
  File "/home/mmaia/my_envs/liver_torch/lib/python3.8/site-packages/flwr/common/record/configsrecord.py", line 35, in is_valid
    raise TypeError(
TypeError: Not all values are of valid type. Expected `typing.Union[int, float, str, bytes, bool, typing.List[int], typing.List[float], typing.List[str], typing.List[bytes], typing.List[bool]]` but `<class 'torch.Tensor'>` was passed.

The above exception was the direct cause of the following exception:

[36mray::ClientAppActor.run()[39m (pid=777960, ip=10.50.9.88, actor_id=bf1db9abfe33d704cc3e042901000000, repr=<flwr.simulation.ray_transport.ray_actor.ClientAppActor object at 0x7f02589aa6a0>)
  File "/home/mmaia/my_envs/liver_torch/lib/python3.8/site-packages/flwr/simulation/ray_transport/ray_actor.py", line 64, in run
    raise ClientAppException(str(ex)) from ex
flwr.client.client_app.ClientAppException: 
Exception ClientAppException occurred. Message: Not all values are of valid type. Expected `typing.Union[int, float, str, bytes, bool, typing.List[int], typing.List[float], typing.List[str], typing.List[bytes], typing.List[bool]]` but `<class 'torch.Tensor'>` was passed.
[2024-08-06 14:31:50,478][flwr][ERROR] - Traceback (most recent call last):
  File "/home/mmaia/my_envs/liver_torch/lib/python3.8/site-packages/flwr/simulation/ray_transport/ray_client_proxy.py", line 73, in _submit_job
    out_mssg, updated_context = self.actor_pool.get_client_result(
  File "/home/mmaia/my_envs/liver_torch/lib/python3.8/site-packages/flwr/simulation/ray_transport/ray_actor.py", line 399, in get_client_result
    return self._fetch_future_result(cid)
  File "/home/mmaia/my_envs/liver_torch/lib/python3.8/site-packages/flwr/simulation/ray_transport/ray_actor.py", line 280, in _fetch_future_result
    res_cid, out_mssg, updated_context = ray.get(
  File "/home/mmaia/my_envs/liver_torch/lib/python3.8/site-packages/ray/_private/auto_init_hook.py", line 21, in auto_init_wrapper
    return fn(*args, **kwargs)
  File "/home/mmaia/my_envs/liver_torch/lib/python3.8/site-packages/ray/_private/client_mode_hook.py", line 103, in wrapper
    return func(*args, **kwargs)
  File "/home/mmaia/my_envs/liver_torch/lib/python3.8/site-packages/ray/_private/worker.py", line 2667, in get
    values, debugger_breakpoint = worker.get_objects(object_refs, timeout=timeout)
  File "/home/mmaia/my_envs/liver_torch/lib/python3.8/site-packages/ray/_private/worker.py", line 864, in get_objects
    raise value.as_instanceof_cause()
ray.exceptions.RayTaskError(ClientAppException): [36mray::ClientAppActor.run()[39m (pid=777960, ip=10.50.9.88, actor_id=bf1db9abfe33d704cc3e042901000000, repr=<flwr.simulation.ray_transport.ray_actor.ClientAppActor object at 0x7f02589aa6a0>)
  File "/home/mmaia/my_envs/liver_torch/lib/python3.8/site-packages/flwr/client/client_app.py", line 98, in __call__
    return self._call(message, context)
  File "/home/mmaia/my_envs/liver_torch/lib/python3.8/site-packages/flwr/client/client_app.py", line 81, in ffn
    out_message = handle_legacy_message_from_msgtype(
  File "/home/mmaia/my_envs/liver_torch/lib/python3.8/site-packages/flwr/client/message_handler/message_handler.py", line 141, in handle_legacy_message_from_msgtype
    out_recordset = evaluateres_to_recordset(evaluate_res)
  File "/home/mmaia/my_envs/liver_torch/lib/python3.8/site-packages/flwr/common/recordset_compat.py", line 301, in evaluateres_to_recordset
    recordset.configs_records[f"{res_str}.metrics"] = ConfigsRecord(
  File "/home/mmaia/my_envs/liver_torch/lib/python3.8/site-packages/flwr/common/record/configsrecord.py", line 85, in __init__
    self[k] = configs_dict[k]
  File "/home/mmaia/my_envs/liver_torch/lib/python3.8/site-packages/flwr/common/record/typeddict.py", line 38, in __setitem__
    self._check_value_fn(value)
  File "/home/mmaia/my_envs/liver_torch/lib/python3.8/site-packages/flwr/common/record/configsrecord.py", line 57, in _check_value
    is_valid(value)
  File "/home/mmaia/my_envs/liver_torch/lib/python3.8/site-packages/flwr/common/record/configsrecord.py", line 35, in is_valid
    raise TypeError(
TypeError: Not all values are of valid type. Expected `typing.Union[int, float, str, bytes, bool, typing.List[int], typing.List[float], typing.List[str], typing.List[bytes], typing.List[bool]]` but `<class 'torch.Tensor'>` was passed.

The above exception was the direct cause of the following exception:

[36mray::ClientAppActor.run()[39m (pid=777960, ip=10.50.9.88, actor_id=bf1db9abfe33d704cc3e042901000000, repr=<flwr.simulation.ray_transport.ray_actor.ClientAppActor object at 0x7f02589aa6a0>)
  File "/home/mmaia/my_envs/liver_torch/lib/python3.8/site-packages/flwr/simulation/ray_transport/ray_actor.py", line 64, in run
    raise ClientAppException(str(ex)) from ex
flwr.client.client_app.ClientAppException: 
Exception ClientAppException occurred. Message: Not all values are of valid type. Expected `typing.Union[int, float, str, bytes, bool, typing.List[int], typing.List[float], typing.List[str], typing.List[bytes], typing.List[bool]]` but `<class 'torch.Tensor'>` was passed.

[2024-08-06 14:31:50,478][flwr][ERROR] - [36mray::ClientAppActor.run()[39m (pid=777960, ip=10.50.9.88, actor_id=bf1db9abfe33d704cc3e042901000000, repr=<flwr.simulation.ray_transport.ray_actor.ClientAppActor object at 0x7f02589aa6a0>)
  File "/home/mmaia/my_envs/liver_torch/lib/python3.8/site-packages/flwr/client/client_app.py", line 98, in __call__
    return self._call(message, context)
  File "/home/mmaia/my_envs/liver_torch/lib/python3.8/site-packages/flwr/client/client_app.py", line 81, in ffn
    out_message = handle_legacy_message_from_msgtype(
  File "/home/mmaia/my_envs/liver_torch/lib/python3.8/site-packages/flwr/client/message_handler/message_handler.py", line 141, in handle_legacy_message_from_msgtype
    out_recordset = evaluateres_to_recordset(evaluate_res)
  File "/home/mmaia/my_envs/liver_torch/lib/python3.8/site-packages/flwr/common/recordset_compat.py", line 301, in evaluateres_to_recordset
    recordset.configs_records[f"{res_str}.metrics"] = ConfigsRecord(
  File "/home/mmaia/my_envs/liver_torch/lib/python3.8/site-packages/flwr/common/record/configsrecord.py", line 85, in __init__
    self[k] = configs_dict[k]
  File "/home/mmaia/my_envs/liver_torch/lib/python3.8/site-packages/flwr/common/record/typeddict.py", line 38, in __setitem__
    self._check_value_fn(value)
  File "/home/mmaia/my_envs/liver_torch/lib/python3.8/site-packages/flwr/common/record/configsrecord.py", line 57, in _check_value
    is_valid(value)
  File "/home/mmaia/my_envs/liver_torch/lib/python3.8/site-packages/flwr/common/record/configsrecord.py", line 35, in is_valid
    raise TypeError(
TypeError: Not all values are of valid type. Expected `typing.Union[int, float, str, bytes, bool, typing.List[int], typing.List[float], typing.List[str], typing.List[bytes], typing.List[bool]]` but `<class 'torch.Tensor'>` was passed.

The above exception was the direct cause of the following exception:

[36mray::ClientAppActor.run()[39m (pid=777960, ip=10.50.9.88, actor_id=bf1db9abfe33d704cc3e042901000000, repr=<flwr.simulation.ray_transport.ray_actor.ClientAppActor object at 0x7f02589aa6a0>)
  File "/home/mmaia/my_envs/liver_torch/lib/python3.8/site-packages/flwr/simulation/ray_transport/ray_actor.py", line 64, in run
    raise ClientAppException(str(ex)) from ex
flwr.client.client_app.ClientAppException: 
Exception ClientAppException occurred. Message: Not all values are of valid type. Expected `typing.Union[int, float, str, bytes, bool, typing.List[int], typing.List[float], typing.List[str], typing.List[bytes], typing.List[bool]]` but `<class 'torch.Tensor'>` was passed.
[2024-08-06 14:31:50,479][flwr][INFO] - aggregate_evaluate: received 0 results and 2 failures
[2024-08-06 14:31:50,479][flwr][INFO] - 
[2024-08-06 14:31:50,479][flwr][INFO] - [ROUND 3]
[2024-08-06 14:31:50,479][flwr][INFO] - configure_fit: strategy sampled 2 clients (out of 2)
[2024-08-06 14:33:04,966][flwr][INFO] - aggregate_fit: received 2 results and 0 failures
[2024-08-06 14:33:09,047][flwr][INFO] - fit progress: (3, 0.009348516735675124, OrderedDict([('ind_iou_0', 0.9135844130647833), ('ind_dice_liver_0', tensor(0.9229, dtype=torch.float64)), ('ind_dice_tumour_0', tensor(0.0513, dtype=torch.float64)), ('ind_iou_1', 0.8978915422959158), ('ind_dice_liver_1', tensor(0.9382, dtype=torch.float64)), ('ind_dice_tumour_1', tensor(0.4848, dtype=torch.float64)), ('all_iou', 0.9075990100869505), ('all_dice_liver', tensor(0.9315, dtype=torch.float64)), ('all_dice_tumour', tensor(0.3215, dtype=torch.float64))]), 239.77270260406658)
[2024-08-06 14:33:09,052][flwr][INFO] - configure_evaluate: strategy sampled 2 clients (out of 2)
[2024-08-06 14:33:09,675][flwr][ERROR] - Traceback (most recent call last):
  File "/home/mmaia/my_envs/liver_torch/lib/python3.8/site-packages/flwr/simulation/ray_transport/ray_client_proxy.py", line 73, in _submit_job
    out_mssg, updated_context = self.actor_pool.get_client_result(
  File "/home/mmaia/my_envs/liver_torch/lib/python3.8/site-packages/flwr/simulation/ray_transport/ray_actor.py", line 399, in get_client_result
    return self._fetch_future_result(cid)
  File "/home/mmaia/my_envs/liver_torch/lib/python3.8/site-packages/flwr/simulation/ray_transport/ray_actor.py", line 280, in _fetch_future_result
    res_cid, out_mssg, updated_context = ray.get(
  File "/home/mmaia/my_envs/liver_torch/lib/python3.8/site-packages/ray/_private/auto_init_hook.py", line 21, in auto_init_wrapper
    return fn(*args, **kwargs)
  File "/home/mmaia/my_envs/liver_torch/lib/python3.8/site-packages/ray/_private/client_mode_hook.py", line 103, in wrapper
    return func(*args, **kwargs)
  File "/home/mmaia/my_envs/liver_torch/lib/python3.8/site-packages/ray/_private/worker.py", line 2667, in get
    values, debugger_breakpoint = worker.get_objects(object_refs, timeout=timeout)
  File "/home/mmaia/my_envs/liver_torch/lib/python3.8/site-packages/ray/_private/worker.py", line 864, in get_objects
    raise value.as_instanceof_cause()
ray.exceptions.RayTaskError(ClientAppException): [36mray::ClientAppActor.run()[39m (pid=777960, ip=10.50.9.88, actor_id=bf1db9abfe33d704cc3e042901000000, repr=<flwr.simulation.ray_transport.ray_actor.ClientAppActor object at 0x7f02589aa6a0>)
  File "/home/mmaia/my_envs/liver_torch/lib/python3.8/site-packages/flwr/client/client_app.py", line 98, in __call__
    return self._call(message, context)
  File "/home/mmaia/my_envs/liver_torch/lib/python3.8/site-packages/flwr/client/client_app.py", line 81, in ffn
    out_message = handle_legacy_message_from_msgtype(
  File "/home/mmaia/my_envs/liver_torch/lib/python3.8/site-packages/flwr/client/message_handler/message_handler.py", line 141, in handle_legacy_message_from_msgtype
    out_recordset = evaluateres_to_recordset(evaluate_res)
  File "/home/mmaia/my_envs/liver_torch/lib/python3.8/site-packages/flwr/common/recordset_compat.py", line 301, in evaluateres_to_recordset
    recordset.configs_records[f"{res_str}.metrics"] = ConfigsRecord(
  File "/home/mmaia/my_envs/liver_torch/lib/python3.8/site-packages/flwr/common/record/configsrecord.py", line 85, in __init__
    self[k] = configs_dict[k]
  File "/home/mmaia/my_envs/liver_torch/lib/python3.8/site-packages/flwr/common/record/typeddict.py", line 38, in __setitem__
    self._check_value_fn(value)
  File "/home/mmaia/my_envs/liver_torch/lib/python3.8/site-packages/flwr/common/record/configsrecord.py", line 57, in _check_value
    is_valid(value)
  File "/home/mmaia/my_envs/liver_torch/lib/python3.8/site-packages/flwr/common/record/configsrecord.py", line 35, in is_valid
    raise TypeError(
TypeError: Not all values are of valid type. Expected `typing.Union[int, float, str, bytes, bool, typing.List[int], typing.List[float], typing.List[str], typing.List[bytes], typing.List[bool]]` but `<class 'torch.Tensor'>` was passed.

The above exception was the direct cause of the following exception:

[36mray::ClientAppActor.run()[39m (pid=777960, ip=10.50.9.88, actor_id=bf1db9abfe33d704cc3e042901000000, repr=<flwr.simulation.ray_transport.ray_actor.ClientAppActor object at 0x7f02589aa6a0>)
  File "/home/mmaia/my_envs/liver_torch/lib/python3.8/site-packages/flwr/simulation/ray_transport/ray_actor.py", line 64, in run
    raise ClientAppException(str(ex)) from ex
flwr.client.client_app.ClientAppException: 
Exception ClientAppException occurred. Message: Not all values are of valid type. Expected `typing.Union[int, float, str, bytes, bool, typing.List[int], typing.List[float], typing.List[str], typing.List[bytes], typing.List[bool]]` but `<class 'torch.Tensor'>` was passed.

[2024-08-06 14:33:09,675][flwr][ERROR] - [36mray::ClientAppActor.run()[39m (pid=777960, ip=10.50.9.88, actor_id=bf1db9abfe33d704cc3e042901000000, repr=<flwr.simulation.ray_transport.ray_actor.ClientAppActor object at 0x7f02589aa6a0>)
  File "/home/mmaia/my_envs/liver_torch/lib/python3.8/site-packages/flwr/client/client_app.py", line 98, in __call__
    return self._call(message, context)
  File "/home/mmaia/my_envs/liver_torch/lib/python3.8/site-packages/flwr/client/client_app.py", line 81, in ffn
    out_message = handle_legacy_message_from_msgtype(
  File "/home/mmaia/my_envs/liver_torch/lib/python3.8/site-packages/flwr/client/message_handler/message_handler.py", line 141, in handle_legacy_message_from_msgtype
    out_recordset = evaluateres_to_recordset(evaluate_res)
  File "/home/mmaia/my_envs/liver_torch/lib/python3.8/site-packages/flwr/common/recordset_compat.py", line 301, in evaluateres_to_recordset
    recordset.configs_records[f"{res_str}.metrics"] = ConfigsRecord(
  File "/home/mmaia/my_envs/liver_torch/lib/python3.8/site-packages/flwr/common/record/configsrecord.py", line 85, in __init__
    self[k] = configs_dict[k]
  File "/home/mmaia/my_envs/liver_torch/lib/python3.8/site-packages/flwr/common/record/typeddict.py", line 38, in __setitem__
    self._check_value_fn(value)
  File "/home/mmaia/my_envs/liver_torch/lib/python3.8/site-packages/flwr/common/record/configsrecord.py", line 57, in _check_value
    is_valid(value)
  File "/home/mmaia/my_envs/liver_torch/lib/python3.8/site-packages/flwr/common/record/configsrecord.py", line 35, in is_valid
    raise TypeError(
TypeError: Not all values are of valid type. Expected `typing.Union[int, float, str, bytes, bool, typing.List[int], typing.List[float], typing.List[str], typing.List[bytes], typing.List[bool]]` but `<class 'torch.Tensor'>` was passed.

The above exception was the direct cause of the following exception:

[36mray::ClientAppActor.run()[39m (pid=777960, ip=10.50.9.88, actor_id=bf1db9abfe33d704cc3e042901000000, repr=<flwr.simulation.ray_transport.ray_actor.ClientAppActor object at 0x7f02589aa6a0>)
  File "/home/mmaia/my_envs/liver_torch/lib/python3.8/site-packages/flwr/simulation/ray_transport/ray_actor.py", line 64, in run
    raise ClientAppException(str(ex)) from ex
flwr.client.client_app.ClientAppException: 
Exception ClientAppException occurred. Message: Not all values are of valid type. Expected `typing.Union[int, float, str, bytes, bool, typing.List[int], typing.List[float], typing.List[str], typing.List[bytes], typing.List[bool]]` but `<class 'torch.Tensor'>` was passed.
[2024-08-06 14:33:10,188][flwr][ERROR] - Traceback (most recent call last):
  File "/home/mmaia/my_envs/liver_torch/lib/python3.8/site-packages/flwr/simulation/ray_transport/ray_client_proxy.py", line 73, in _submit_job
    out_mssg, updated_context = self.actor_pool.get_client_result(
  File "/home/mmaia/my_envs/liver_torch/lib/python3.8/site-packages/flwr/simulation/ray_transport/ray_actor.py", line 399, in get_client_result
    return self._fetch_future_result(cid)
  File "/home/mmaia/my_envs/liver_torch/lib/python3.8/site-packages/flwr/simulation/ray_transport/ray_actor.py", line 280, in _fetch_future_result
    res_cid, out_mssg, updated_context = ray.get(
  File "/home/mmaia/my_envs/liver_torch/lib/python3.8/site-packages/ray/_private/auto_init_hook.py", line 21, in auto_init_wrapper
    return fn(*args, **kwargs)
  File "/home/mmaia/my_envs/liver_torch/lib/python3.8/site-packages/ray/_private/client_mode_hook.py", line 103, in wrapper
    return func(*args, **kwargs)
  File "/home/mmaia/my_envs/liver_torch/lib/python3.8/site-packages/ray/_private/worker.py", line 2667, in get
    values, debugger_breakpoint = worker.get_objects(object_refs, timeout=timeout)
  File "/home/mmaia/my_envs/liver_torch/lib/python3.8/site-packages/ray/_private/worker.py", line 864, in get_objects
    raise value.as_instanceof_cause()
ray.exceptions.RayTaskError(ClientAppException): [36mray::ClientAppActor.run()[39m (pid=777960, ip=10.50.9.88, actor_id=bf1db9abfe33d704cc3e042901000000, repr=<flwr.simulation.ray_transport.ray_actor.ClientAppActor object at 0x7f02589aa6a0>)
  File "/home/mmaia/my_envs/liver_torch/lib/python3.8/site-packages/flwr/client/client_app.py", line 98, in __call__
    return self._call(message, context)
  File "/home/mmaia/my_envs/liver_torch/lib/python3.8/site-packages/flwr/client/client_app.py", line 81, in ffn
    out_message = handle_legacy_message_from_msgtype(
  File "/home/mmaia/my_envs/liver_torch/lib/python3.8/site-packages/flwr/client/message_handler/message_handler.py", line 141, in handle_legacy_message_from_msgtype
    out_recordset = evaluateres_to_recordset(evaluate_res)
  File "/home/mmaia/my_envs/liver_torch/lib/python3.8/site-packages/flwr/common/recordset_compat.py", line 301, in evaluateres_to_recordset
    recordset.configs_records[f"{res_str}.metrics"] = ConfigsRecord(
  File "/home/mmaia/my_envs/liver_torch/lib/python3.8/site-packages/flwr/common/record/configsrecord.py", line 85, in __init__
    self[k] = configs_dict[k]
  File "/home/mmaia/my_envs/liver_torch/lib/python3.8/site-packages/flwr/common/record/typeddict.py", line 38, in __setitem__
    self._check_value_fn(value)
  File "/home/mmaia/my_envs/liver_torch/lib/python3.8/site-packages/flwr/common/record/configsrecord.py", line 57, in _check_value
    is_valid(value)
  File "/home/mmaia/my_envs/liver_torch/lib/python3.8/site-packages/flwr/common/record/configsrecord.py", line 35, in is_valid
    raise TypeError(
TypeError: Not all values are of valid type. Expected `typing.Union[int, float, str, bytes, bool, typing.List[int], typing.List[float], typing.List[str], typing.List[bytes], typing.List[bool]]` but `<class 'torch.Tensor'>` was passed.

The above exception was the direct cause of the following exception:

[36mray::ClientAppActor.run()[39m (pid=777960, ip=10.50.9.88, actor_id=bf1db9abfe33d704cc3e042901000000, repr=<flwr.simulation.ray_transport.ray_actor.ClientAppActor object at 0x7f02589aa6a0>)
  File "/home/mmaia/my_envs/liver_torch/lib/python3.8/site-packages/flwr/simulation/ray_transport/ray_actor.py", line 64, in run
    raise ClientAppException(str(ex)) from ex
flwr.client.client_app.ClientAppException: 
Exception ClientAppException occurred. Message: Not all values are of valid type. Expected `typing.Union[int, float, str, bytes, bool, typing.List[int], typing.List[float], typing.List[str], typing.List[bytes], typing.List[bool]]` but `<class 'torch.Tensor'>` was passed.

[2024-08-06 14:33:10,188][flwr][ERROR] - [36mray::ClientAppActor.run()[39m (pid=777960, ip=10.50.9.88, actor_id=bf1db9abfe33d704cc3e042901000000, repr=<flwr.simulation.ray_transport.ray_actor.ClientAppActor object at 0x7f02589aa6a0>)
  File "/home/mmaia/my_envs/liver_torch/lib/python3.8/site-packages/flwr/client/client_app.py", line 98, in __call__
    return self._call(message, context)
  File "/home/mmaia/my_envs/liver_torch/lib/python3.8/site-packages/flwr/client/client_app.py", line 81, in ffn
    out_message = handle_legacy_message_from_msgtype(
  File "/home/mmaia/my_envs/liver_torch/lib/python3.8/site-packages/flwr/client/message_handler/message_handler.py", line 141, in handle_legacy_message_from_msgtype
    out_recordset = evaluateres_to_recordset(evaluate_res)
  File "/home/mmaia/my_envs/liver_torch/lib/python3.8/site-packages/flwr/common/recordset_compat.py", line 301, in evaluateres_to_recordset
    recordset.configs_records[f"{res_str}.metrics"] = ConfigsRecord(
  File "/home/mmaia/my_envs/liver_torch/lib/python3.8/site-packages/flwr/common/record/configsrecord.py", line 85, in __init__
    self[k] = configs_dict[k]
  File "/home/mmaia/my_envs/liver_torch/lib/python3.8/site-packages/flwr/common/record/typeddict.py", line 38, in __setitem__
    self._check_value_fn(value)
  File "/home/mmaia/my_envs/liver_torch/lib/python3.8/site-packages/flwr/common/record/configsrecord.py", line 57, in _check_value
    is_valid(value)
  File "/home/mmaia/my_envs/liver_torch/lib/python3.8/site-packages/flwr/common/record/configsrecord.py", line 35, in is_valid
    raise TypeError(
TypeError: Not all values are of valid type. Expected `typing.Union[int, float, str, bytes, bool, typing.List[int], typing.List[float], typing.List[str], typing.List[bytes], typing.List[bool]]` but `<class 'torch.Tensor'>` was passed.

The above exception was the direct cause of the following exception:

[36mray::ClientAppActor.run()[39m (pid=777960, ip=10.50.9.88, actor_id=bf1db9abfe33d704cc3e042901000000, repr=<flwr.simulation.ray_transport.ray_actor.ClientAppActor object at 0x7f02589aa6a0>)
  File "/home/mmaia/my_envs/liver_torch/lib/python3.8/site-packages/flwr/simulation/ray_transport/ray_actor.py", line 64, in run
    raise ClientAppException(str(ex)) from ex
flwr.client.client_app.ClientAppException: 
Exception ClientAppException occurred. Message: Not all values are of valid type. Expected `typing.Union[int, float, str, bytes, bool, typing.List[int], typing.List[float], typing.List[str], typing.List[bytes], typing.List[bool]]` but `<class 'torch.Tensor'>` was passed.
[2024-08-06 14:33:10,189][flwr][INFO] - aggregate_evaluate: received 0 results and 2 failures
[2024-08-06 14:33:10,189][flwr][INFO] - 
[2024-08-06 14:33:10,189][flwr][INFO] - [ROUND 4]
[2024-08-06 14:33:10,189][flwr][INFO] - configure_fit: strategy sampled 2 clients (out of 2)
[2024-08-06 14:34:24,733][flwr][INFO] - aggregate_fit: received 2 results and 0 failures
[2024-08-06 14:34:28,895][flwr][INFO] - fit progress: (4, 0.0093485167453764, OrderedDict([('ind_iou_0', 0.9205735508416016), ('ind_dice_liver_0', tensor(0.9284, dtype=torch.float64)), ('ind_dice_tumour_0', tensor(0.0509, dtype=torch.float64)), ('ind_iou_1', 0.9011090196427033), ('ind_dice_liver_1', tensor(0.9383, dtype=torch.float64)), ('ind_dice_tumour_1', tensor(0.4744, dtype=torch.float64)), ('all_iou', 0.9136220912231291), ('all_dice_liver', tensor(0.9354, dtype=torch.float64)), ('all_dice_tumour', tensor(0.2927, dtype=torch.float64))]), 319.6209953050129)
[2024-08-06 14:34:28,902][flwr][INFO] - configure_evaluate: strategy sampled 2 clients (out of 2)
[2024-08-06 14:34:29,523][flwr][ERROR] - Traceback (most recent call last):
  File "/home/mmaia/my_envs/liver_torch/lib/python3.8/site-packages/flwr/simulation/ray_transport/ray_client_proxy.py", line 73, in _submit_job
    out_mssg, updated_context = self.actor_pool.get_client_result(
  File "/home/mmaia/my_envs/liver_torch/lib/python3.8/site-packages/flwr/simulation/ray_transport/ray_actor.py", line 399, in get_client_result
    return self._fetch_future_result(cid)
  File "/home/mmaia/my_envs/liver_torch/lib/python3.8/site-packages/flwr/simulation/ray_transport/ray_actor.py", line 280, in _fetch_future_result
    res_cid, out_mssg, updated_context = ray.get(
  File "/home/mmaia/my_envs/liver_torch/lib/python3.8/site-packages/ray/_private/auto_init_hook.py", line 21, in auto_init_wrapper
    return fn(*args, **kwargs)
  File "/home/mmaia/my_envs/liver_torch/lib/python3.8/site-packages/ray/_private/client_mode_hook.py", line 103, in wrapper
    return func(*args, **kwargs)
  File "/home/mmaia/my_envs/liver_torch/lib/python3.8/site-packages/ray/_private/worker.py", line 2667, in get
    values, debugger_breakpoint = worker.get_objects(object_refs, timeout=timeout)
  File "/home/mmaia/my_envs/liver_torch/lib/python3.8/site-packages/ray/_private/worker.py", line 864, in get_objects
    raise value.as_instanceof_cause()
ray.exceptions.RayTaskError(ClientAppException): [36mray::ClientAppActor.run()[39m (pid=777960, ip=10.50.9.88, actor_id=bf1db9abfe33d704cc3e042901000000, repr=<flwr.simulation.ray_transport.ray_actor.ClientAppActor object at 0x7f02589aa6a0>)
  File "/home/mmaia/my_envs/liver_torch/lib/python3.8/site-packages/flwr/client/client_app.py", line 98, in __call__
    return self._call(message, context)
  File "/home/mmaia/my_envs/liver_torch/lib/python3.8/site-packages/flwr/client/client_app.py", line 81, in ffn
    out_message = handle_legacy_message_from_msgtype(
  File "/home/mmaia/my_envs/liver_torch/lib/python3.8/site-packages/flwr/client/message_handler/message_handler.py", line 141, in handle_legacy_message_from_msgtype
    out_recordset = evaluateres_to_recordset(evaluate_res)
  File "/home/mmaia/my_envs/liver_torch/lib/python3.8/site-packages/flwr/common/recordset_compat.py", line 301, in evaluateres_to_recordset
    recordset.configs_records[f"{res_str}.metrics"] = ConfigsRecord(
  File "/home/mmaia/my_envs/liver_torch/lib/python3.8/site-packages/flwr/common/record/configsrecord.py", line 85, in __init__
    self[k] = configs_dict[k]
  File "/home/mmaia/my_envs/liver_torch/lib/python3.8/site-packages/flwr/common/record/typeddict.py", line 38, in __setitem__
    self._check_value_fn(value)
  File "/home/mmaia/my_envs/liver_torch/lib/python3.8/site-packages/flwr/common/record/configsrecord.py", line 57, in _check_value
    is_valid(value)
  File "/home/mmaia/my_envs/liver_torch/lib/python3.8/site-packages/flwr/common/record/configsrecord.py", line 35, in is_valid
    raise TypeError(
TypeError: Not all values are of valid type. Expected `typing.Union[int, float, str, bytes, bool, typing.List[int], typing.List[float], typing.List[str], typing.List[bytes], typing.List[bool]]` but `<class 'torch.Tensor'>` was passed.

The above exception was the direct cause of the following exception:

[36mray::ClientAppActor.run()[39m (pid=777960, ip=10.50.9.88, actor_id=bf1db9abfe33d704cc3e042901000000, repr=<flwr.simulation.ray_transport.ray_actor.ClientAppActor object at 0x7f02589aa6a0>)
  File "/home/mmaia/my_envs/liver_torch/lib/python3.8/site-packages/flwr/simulation/ray_transport/ray_actor.py", line 64, in run
    raise ClientAppException(str(ex)) from ex
flwr.client.client_app.ClientAppException: 
Exception ClientAppException occurred. Message: Not all values are of valid type. Expected `typing.Union[int, float, str, bytes, bool, typing.List[int], typing.List[float], typing.List[str], typing.List[bytes], typing.List[bool]]` but `<class 'torch.Tensor'>` was passed.

[2024-08-06 14:34:29,524][flwr][ERROR] - [36mray::ClientAppActor.run()[39m (pid=777960, ip=10.50.9.88, actor_id=bf1db9abfe33d704cc3e042901000000, repr=<flwr.simulation.ray_transport.ray_actor.ClientAppActor object at 0x7f02589aa6a0>)
  File "/home/mmaia/my_envs/liver_torch/lib/python3.8/site-packages/flwr/client/client_app.py", line 98, in __call__
    return self._call(message, context)
  File "/home/mmaia/my_envs/liver_torch/lib/python3.8/site-packages/flwr/client/client_app.py", line 81, in ffn
    out_message = handle_legacy_message_from_msgtype(
  File "/home/mmaia/my_envs/liver_torch/lib/python3.8/site-packages/flwr/client/message_handler/message_handler.py", line 141, in handle_legacy_message_from_msgtype
    out_recordset = evaluateres_to_recordset(evaluate_res)
  File "/home/mmaia/my_envs/liver_torch/lib/python3.8/site-packages/flwr/common/recordset_compat.py", line 301, in evaluateres_to_recordset
    recordset.configs_records[f"{res_str}.metrics"] = ConfigsRecord(
  File "/home/mmaia/my_envs/liver_torch/lib/python3.8/site-packages/flwr/common/record/configsrecord.py", line 85, in __init__
    self[k] = configs_dict[k]
  File "/home/mmaia/my_envs/liver_torch/lib/python3.8/site-packages/flwr/common/record/typeddict.py", line 38, in __setitem__
    self._check_value_fn(value)
  File "/home/mmaia/my_envs/liver_torch/lib/python3.8/site-packages/flwr/common/record/configsrecord.py", line 57, in _check_value
    is_valid(value)
  File "/home/mmaia/my_envs/liver_torch/lib/python3.8/site-packages/flwr/common/record/configsrecord.py", line 35, in is_valid
    raise TypeError(
TypeError: Not all values are of valid type. Expected `typing.Union[int, float, str, bytes, bool, typing.List[int], typing.List[float], typing.List[str], typing.List[bytes], typing.List[bool]]` but `<class 'torch.Tensor'>` was passed.

The above exception was the direct cause of the following exception:

[36mray::ClientAppActor.run()[39m (pid=777960, ip=10.50.9.88, actor_id=bf1db9abfe33d704cc3e042901000000, repr=<flwr.simulation.ray_transport.ray_actor.ClientAppActor object at 0x7f02589aa6a0>)
  File "/home/mmaia/my_envs/liver_torch/lib/python3.8/site-packages/flwr/simulation/ray_transport/ray_actor.py", line 64, in run
    raise ClientAppException(str(ex)) from ex
flwr.client.client_app.ClientAppException: 
Exception ClientAppException occurred. Message: Not all values are of valid type. Expected `typing.Union[int, float, str, bytes, bool, typing.List[int], typing.List[float], typing.List[str], typing.List[bytes], typing.List[bool]]` but `<class 'torch.Tensor'>` was passed.
[2024-08-06 14:34:30,048][flwr][ERROR] - Traceback (most recent call last):
  File "/home/mmaia/my_envs/liver_torch/lib/python3.8/site-packages/flwr/simulation/ray_transport/ray_client_proxy.py", line 73, in _submit_job
    out_mssg, updated_context = self.actor_pool.get_client_result(
  File "/home/mmaia/my_envs/liver_torch/lib/python3.8/site-packages/flwr/simulation/ray_transport/ray_actor.py", line 399, in get_client_result
    return self._fetch_future_result(cid)
  File "/home/mmaia/my_envs/liver_torch/lib/python3.8/site-packages/flwr/simulation/ray_transport/ray_actor.py", line 280, in _fetch_future_result
    res_cid, out_mssg, updated_context = ray.get(
  File "/home/mmaia/my_envs/liver_torch/lib/python3.8/site-packages/ray/_private/auto_init_hook.py", line 21, in auto_init_wrapper
    return fn(*args, **kwargs)
  File "/home/mmaia/my_envs/liver_torch/lib/python3.8/site-packages/ray/_private/client_mode_hook.py", line 103, in wrapper
    return func(*args, **kwargs)
  File "/home/mmaia/my_envs/liver_torch/lib/python3.8/site-packages/ray/_private/worker.py", line 2667, in get
    values, debugger_breakpoint = worker.get_objects(object_refs, timeout=timeout)
  File "/home/mmaia/my_envs/liver_torch/lib/python3.8/site-packages/ray/_private/worker.py", line 864, in get_objects
    raise value.as_instanceof_cause()
ray.exceptions.RayTaskError(ClientAppException): [36mray::ClientAppActor.run()[39m (pid=777960, ip=10.50.9.88, actor_id=bf1db9abfe33d704cc3e042901000000, repr=<flwr.simulation.ray_transport.ray_actor.ClientAppActor object at 0x7f02589aa6a0>)
  File "/home/mmaia/my_envs/liver_torch/lib/python3.8/site-packages/flwr/client/client_app.py", line 98, in __call__
    return self._call(message, context)
  File "/home/mmaia/my_envs/liver_torch/lib/python3.8/site-packages/flwr/client/client_app.py", line 81, in ffn
    out_message = handle_legacy_message_from_msgtype(
  File "/home/mmaia/my_envs/liver_torch/lib/python3.8/site-packages/flwr/client/message_handler/message_handler.py", line 141, in handle_legacy_message_from_msgtype
    out_recordset = evaluateres_to_recordset(evaluate_res)
  File "/home/mmaia/my_envs/liver_torch/lib/python3.8/site-packages/flwr/common/recordset_compat.py", line 301, in evaluateres_to_recordset
    recordset.configs_records[f"{res_str}.metrics"] = ConfigsRecord(
  File "/home/mmaia/my_envs/liver_torch/lib/python3.8/site-packages/flwr/common/record/configsrecord.py", line 85, in __init__
    self[k] = configs_dict[k]
  File "/home/mmaia/my_envs/liver_torch/lib/python3.8/site-packages/flwr/common/record/typeddict.py", line 38, in __setitem__
    self._check_value_fn(value)
  File "/home/mmaia/my_envs/liver_torch/lib/python3.8/site-packages/flwr/common/record/configsrecord.py", line 57, in _check_value
    is_valid(value)
  File "/home/mmaia/my_envs/liver_torch/lib/python3.8/site-packages/flwr/common/record/configsrecord.py", line 35, in is_valid
    raise TypeError(
TypeError: Not all values are of valid type. Expected `typing.Union[int, float, str, bytes, bool, typing.List[int], typing.List[float], typing.List[str], typing.List[bytes], typing.List[bool]]` but `<class 'torch.Tensor'>` was passed.

The above exception was the direct cause of the following exception:

[36mray::ClientAppActor.run()[39m (pid=777960, ip=10.50.9.88, actor_id=bf1db9abfe33d704cc3e042901000000, repr=<flwr.simulation.ray_transport.ray_actor.ClientAppActor object at 0x7f02589aa6a0>)
  File "/home/mmaia/my_envs/liver_torch/lib/python3.8/site-packages/flwr/simulation/ray_transport/ray_actor.py", line 64, in run
    raise ClientAppException(str(ex)) from ex
flwr.client.client_app.ClientAppException: 
Exception ClientAppException occurred. Message: Not all values are of valid type. Expected `typing.Union[int, float, str, bytes, bool, typing.List[int], typing.List[float], typing.List[str], typing.List[bytes], typing.List[bool]]` but `<class 'torch.Tensor'>` was passed.

[2024-08-06 14:34:30,048][flwr][ERROR] - [36mray::ClientAppActor.run()[39m (pid=777960, ip=10.50.9.88, actor_id=bf1db9abfe33d704cc3e042901000000, repr=<flwr.simulation.ray_transport.ray_actor.ClientAppActor object at 0x7f02589aa6a0>)
  File "/home/mmaia/my_envs/liver_torch/lib/python3.8/site-packages/flwr/client/client_app.py", line 98, in __call__
    return self._call(message, context)
  File "/home/mmaia/my_envs/liver_torch/lib/python3.8/site-packages/flwr/client/client_app.py", line 81, in ffn
    out_message = handle_legacy_message_from_msgtype(
  File "/home/mmaia/my_envs/liver_torch/lib/python3.8/site-packages/flwr/client/message_handler/message_handler.py", line 141, in handle_legacy_message_from_msgtype
    out_recordset = evaluateres_to_recordset(evaluate_res)
  File "/home/mmaia/my_envs/liver_torch/lib/python3.8/site-packages/flwr/common/recordset_compat.py", line 301, in evaluateres_to_recordset
    recordset.configs_records[f"{res_str}.metrics"] = ConfigsRecord(
  File "/home/mmaia/my_envs/liver_torch/lib/python3.8/site-packages/flwr/common/record/configsrecord.py", line 85, in __init__
    self[k] = configs_dict[k]
  File "/home/mmaia/my_envs/liver_torch/lib/python3.8/site-packages/flwr/common/record/typeddict.py", line 38, in __setitem__
    self._check_value_fn(value)
  File "/home/mmaia/my_envs/liver_torch/lib/python3.8/site-packages/flwr/common/record/configsrecord.py", line 57, in _check_value
    is_valid(value)
  File "/home/mmaia/my_envs/liver_torch/lib/python3.8/site-packages/flwr/common/record/configsrecord.py", line 35, in is_valid
    raise TypeError(
TypeError: Not all values are of valid type. Expected `typing.Union[int, float, str, bytes, bool, typing.List[int], typing.List[float], typing.List[str], typing.List[bytes], typing.List[bool]]` but `<class 'torch.Tensor'>` was passed.

The above exception was the direct cause of the following exception:

[36mray::ClientAppActor.run()[39m (pid=777960, ip=10.50.9.88, actor_id=bf1db9abfe33d704cc3e042901000000, repr=<flwr.simulation.ray_transport.ray_actor.ClientAppActor object at 0x7f02589aa6a0>)
  File "/home/mmaia/my_envs/liver_torch/lib/python3.8/site-packages/flwr/simulation/ray_transport/ray_actor.py", line 64, in run
    raise ClientAppException(str(ex)) from ex
flwr.client.client_app.ClientAppException: 
Exception ClientAppException occurred. Message: Not all values are of valid type. Expected `typing.Union[int, float, str, bytes, bool, typing.List[int], typing.List[float], typing.List[str], typing.List[bytes], typing.List[bool]]` but `<class 'torch.Tensor'>` was passed.
[2024-08-06 14:34:30,048][flwr][INFO] - aggregate_evaluate: received 0 results and 2 failures
[2024-08-06 14:34:30,048][flwr][INFO] - 
[2024-08-06 14:34:30,049][flwr][INFO] - [ROUND 5]
[2024-08-06 14:34:30,049][flwr][INFO] - configure_fit: strategy sampled 2 clients (out of 2)
[2024-08-06 14:35:44,680][flwr][INFO] - aggregate_fit: received 2 results and 0 failures
[2024-08-06 14:35:48,909][flwr][INFO] - fit progress: (5, 0.00934851690059683, OrderedDict([('ind_iou_0', 0.9310542417392919), ('ind_dice_liver_0', tensor(0.9391, dtype=torch.float64)), ('ind_dice_tumour_0', tensor(0.0605, dtype=torch.float64)), ('ind_iou_1', 0.9011351834819976), ('ind_dice_liver_1', tensor(0.9387, dtype=torch.float64)), ('ind_dice_tumour_1', tensor(0.4869, dtype=torch.float64)), ('all_iou', 0.9087274577428349), ('all_dice_liver', tensor(0.9320, dtype=torch.float64)), ('all_dice_tumour', tensor(0.2932, dtype=torch.float64))]), 399.63454343611374)
[2024-08-06 14:35:48,914][flwr][INFO] - configure_evaluate: strategy sampled 2 clients (out of 2)
[2024-08-06 14:35:49,546][flwr][ERROR] - Traceback (most recent call last):
  File "/home/mmaia/my_envs/liver_torch/lib/python3.8/site-packages/flwr/simulation/ray_transport/ray_client_proxy.py", line 73, in _submit_job
    out_mssg, updated_context = self.actor_pool.get_client_result(
  File "/home/mmaia/my_envs/liver_torch/lib/python3.8/site-packages/flwr/simulation/ray_transport/ray_actor.py", line 399, in get_client_result
    return self._fetch_future_result(cid)
  File "/home/mmaia/my_envs/liver_torch/lib/python3.8/site-packages/flwr/simulation/ray_transport/ray_actor.py", line 280, in _fetch_future_result
    res_cid, out_mssg, updated_context = ray.get(
  File "/home/mmaia/my_envs/liver_torch/lib/python3.8/site-packages/ray/_private/auto_init_hook.py", line 21, in auto_init_wrapper
    return fn(*args, **kwargs)
  File "/home/mmaia/my_envs/liver_torch/lib/python3.8/site-packages/ray/_private/client_mode_hook.py", line 103, in wrapper
    return func(*args, **kwargs)
  File "/home/mmaia/my_envs/liver_torch/lib/python3.8/site-packages/ray/_private/worker.py", line 2667, in get
    values, debugger_breakpoint = worker.get_objects(object_refs, timeout=timeout)
  File "/home/mmaia/my_envs/liver_torch/lib/python3.8/site-packages/ray/_private/worker.py", line 864, in get_objects
    raise value.as_instanceof_cause()
ray.exceptions.RayTaskError(ClientAppException): [36mray::ClientAppActor.run()[39m (pid=777960, ip=10.50.9.88, actor_id=bf1db9abfe33d704cc3e042901000000, repr=<flwr.simulation.ray_transport.ray_actor.ClientAppActor object at 0x7f02589aa6a0>)
  File "/home/mmaia/my_envs/liver_torch/lib/python3.8/site-packages/flwr/client/client_app.py", line 98, in __call__
    return self._call(message, context)
  File "/home/mmaia/my_envs/liver_torch/lib/python3.8/site-packages/flwr/client/client_app.py", line 81, in ffn
    out_message = handle_legacy_message_from_msgtype(
  File "/home/mmaia/my_envs/liver_torch/lib/python3.8/site-packages/flwr/client/message_handler/message_handler.py", line 141, in handle_legacy_message_from_msgtype
    out_recordset = evaluateres_to_recordset(evaluate_res)
  File "/home/mmaia/my_envs/liver_torch/lib/python3.8/site-packages/flwr/common/recordset_compat.py", line 301, in evaluateres_to_recordset
    recordset.configs_records[f"{res_str}.metrics"] = ConfigsRecord(
  File "/home/mmaia/my_envs/liver_torch/lib/python3.8/site-packages/flwr/common/record/configsrecord.py", line 85, in __init__
    self[k] = configs_dict[k]
  File "/home/mmaia/my_envs/liver_torch/lib/python3.8/site-packages/flwr/common/record/typeddict.py", line 38, in __setitem__
    self._check_value_fn(value)
  File "/home/mmaia/my_envs/liver_torch/lib/python3.8/site-packages/flwr/common/record/configsrecord.py", line 57, in _check_value
    is_valid(value)
  File "/home/mmaia/my_envs/liver_torch/lib/python3.8/site-packages/flwr/common/record/configsrecord.py", line 35, in is_valid
    raise TypeError(
TypeError: Not all values are of valid type. Expected `typing.Union[int, float, str, bytes, bool, typing.List[int], typing.List[float], typing.List[str], typing.List[bytes], typing.List[bool]]` but `<class 'torch.Tensor'>` was passed.

The above exception was the direct cause of the following exception:

[36mray::ClientAppActor.run()[39m (pid=777960, ip=10.50.9.88, actor_id=bf1db9abfe33d704cc3e042901000000, repr=<flwr.simulation.ray_transport.ray_actor.ClientAppActor object at 0x7f02589aa6a0>)
  File "/home/mmaia/my_envs/liver_torch/lib/python3.8/site-packages/flwr/simulation/ray_transport/ray_actor.py", line 64, in run
    raise ClientAppException(str(ex)) from ex
flwr.client.client_app.ClientAppException: 
Exception ClientAppException occurred. Message: Not all values are of valid type. Expected `typing.Union[int, float, str, bytes, bool, typing.List[int], typing.List[float], typing.List[str], typing.List[bytes], typing.List[bool]]` but `<class 'torch.Tensor'>` was passed.

[2024-08-06 14:35:49,546][flwr][ERROR] - [36mray::ClientAppActor.run()[39m (pid=777960, ip=10.50.9.88, actor_id=bf1db9abfe33d704cc3e042901000000, repr=<flwr.simulation.ray_transport.ray_actor.ClientAppActor object at 0x7f02589aa6a0>)
  File "/home/mmaia/my_envs/liver_torch/lib/python3.8/site-packages/flwr/client/client_app.py", line 98, in __call__
    return self._call(message, context)
  File "/home/mmaia/my_envs/liver_torch/lib/python3.8/site-packages/flwr/client/client_app.py", line 81, in ffn
    out_message = handle_legacy_message_from_msgtype(
  File "/home/mmaia/my_envs/liver_torch/lib/python3.8/site-packages/flwr/client/message_handler/message_handler.py", line 141, in handle_legacy_message_from_msgtype
    out_recordset = evaluateres_to_recordset(evaluate_res)
  File "/home/mmaia/my_envs/liver_torch/lib/python3.8/site-packages/flwr/common/recordset_compat.py", line 301, in evaluateres_to_recordset
    recordset.configs_records[f"{res_str}.metrics"] = ConfigsRecord(
  File "/home/mmaia/my_envs/liver_torch/lib/python3.8/site-packages/flwr/common/record/configsrecord.py", line 85, in __init__
    self[k] = configs_dict[k]
  File "/home/mmaia/my_envs/liver_torch/lib/python3.8/site-packages/flwr/common/record/typeddict.py", line 38, in __setitem__
    self._check_value_fn(value)
  File "/home/mmaia/my_envs/liver_torch/lib/python3.8/site-packages/flwr/common/record/configsrecord.py", line 57, in _check_value
    is_valid(value)
  File "/home/mmaia/my_envs/liver_torch/lib/python3.8/site-packages/flwr/common/record/configsrecord.py", line 35, in is_valid
    raise TypeError(
TypeError: Not all values are of valid type. Expected `typing.Union[int, float, str, bytes, bool, typing.List[int], typing.List[float], typing.List[str], typing.List[bytes], typing.List[bool]]` but `<class 'torch.Tensor'>` was passed.

The above exception was the direct cause of the following exception:

[36mray::ClientAppActor.run()[39m (pid=777960, ip=10.50.9.88, actor_id=bf1db9abfe33d704cc3e042901000000, repr=<flwr.simulation.ray_transport.ray_actor.ClientAppActor object at 0x7f02589aa6a0>)
  File "/home/mmaia/my_envs/liver_torch/lib/python3.8/site-packages/flwr/simulation/ray_transport/ray_actor.py", line 64, in run
    raise ClientAppException(str(ex)) from ex
flwr.client.client_app.ClientAppException: 
Exception ClientAppException occurred. Message: Not all values are of valid type. Expected `typing.Union[int, float, str, bytes, bool, typing.List[int], typing.List[float], typing.List[str], typing.List[bytes], typing.List[bool]]` but `<class 'torch.Tensor'>` was passed.
[2024-08-06 14:35:50,070][flwr][ERROR] - Traceback (most recent call last):
  File "/home/mmaia/my_envs/liver_torch/lib/python3.8/site-packages/flwr/simulation/ray_transport/ray_client_proxy.py", line 73, in _submit_job
    out_mssg, updated_context = self.actor_pool.get_client_result(
  File "/home/mmaia/my_envs/liver_torch/lib/python3.8/site-packages/flwr/simulation/ray_transport/ray_actor.py", line 399, in get_client_result
    return self._fetch_future_result(cid)
  File "/home/mmaia/my_envs/liver_torch/lib/python3.8/site-packages/flwr/simulation/ray_transport/ray_actor.py", line 280, in _fetch_future_result
    res_cid, out_mssg, updated_context = ray.get(
  File "/home/mmaia/my_envs/liver_torch/lib/python3.8/site-packages/ray/_private/auto_init_hook.py", line 21, in auto_init_wrapper
    return fn(*args, **kwargs)
  File "/home/mmaia/my_envs/liver_torch/lib/python3.8/site-packages/ray/_private/client_mode_hook.py", line 103, in wrapper
    return func(*args, **kwargs)
  File "/home/mmaia/my_envs/liver_torch/lib/python3.8/site-packages/ray/_private/worker.py", line 2667, in get
    values, debugger_breakpoint = worker.get_objects(object_refs, timeout=timeout)
  File "/home/mmaia/my_envs/liver_torch/lib/python3.8/site-packages/ray/_private/worker.py", line 864, in get_objects
    raise value.as_instanceof_cause()
ray.exceptions.RayTaskError(ClientAppException): [36mray::ClientAppActor.run()[39m (pid=777960, ip=10.50.9.88, actor_id=bf1db9abfe33d704cc3e042901000000, repr=<flwr.simulation.ray_transport.ray_actor.ClientAppActor object at 0x7f02589aa6a0>)
  File "/home/mmaia/my_envs/liver_torch/lib/python3.8/site-packages/flwr/client/client_app.py", line 98, in __call__
    return self._call(message, context)
  File "/home/mmaia/my_envs/liver_torch/lib/python3.8/site-packages/flwr/client/client_app.py", line 81, in ffn
    out_message = handle_legacy_message_from_msgtype(
  File "/home/mmaia/my_envs/liver_torch/lib/python3.8/site-packages/flwr/client/message_handler/message_handler.py", line 141, in handle_legacy_message_from_msgtype
    out_recordset = evaluateres_to_recordset(evaluate_res)
  File "/home/mmaia/my_envs/liver_torch/lib/python3.8/site-packages/flwr/common/recordset_compat.py", line 301, in evaluateres_to_recordset
    recordset.configs_records[f"{res_str}.metrics"] = ConfigsRecord(
  File "/home/mmaia/my_envs/liver_torch/lib/python3.8/site-packages/flwr/common/record/configsrecord.py", line 85, in __init__
    self[k] = configs_dict[k]
  File "/home/mmaia/my_envs/liver_torch/lib/python3.8/site-packages/flwr/common/record/typeddict.py", line 38, in __setitem__
    self._check_value_fn(value)
  File "/home/mmaia/my_envs/liver_torch/lib/python3.8/site-packages/flwr/common/record/configsrecord.py", line 57, in _check_value
    is_valid(value)
  File "/home/mmaia/my_envs/liver_torch/lib/python3.8/site-packages/flwr/common/record/configsrecord.py", line 35, in is_valid
    raise TypeError(
TypeError: Not all values are of valid type. Expected `typing.Union[int, float, str, bytes, bool, typing.List[int], typing.List[float], typing.List[str], typing.List[bytes], typing.List[bool]]` but `<class 'torch.Tensor'>` was passed.

The above exception was the direct cause of the following exception:

[36mray::ClientAppActor.run()[39m (pid=777960, ip=10.50.9.88, actor_id=bf1db9abfe33d704cc3e042901000000, repr=<flwr.simulation.ray_transport.ray_actor.ClientAppActor object at 0x7f02589aa6a0>)
  File "/home/mmaia/my_envs/liver_torch/lib/python3.8/site-packages/flwr/simulation/ray_transport/ray_actor.py", line 64, in run
    raise ClientAppException(str(ex)) from ex
flwr.client.client_app.ClientAppException: 
Exception ClientAppException occurred. Message: Not all values are of valid type. Expected `typing.Union[int, float, str, bytes, bool, typing.List[int], typing.List[float], typing.List[str], typing.List[bytes], typing.List[bool]]` but `<class 'torch.Tensor'>` was passed.

[2024-08-06 14:35:50,070][flwr][ERROR] - [36mray::ClientAppActor.run()[39m (pid=777960, ip=10.50.9.88, actor_id=bf1db9abfe33d704cc3e042901000000, repr=<flwr.simulation.ray_transport.ray_actor.ClientAppActor object at 0x7f02589aa6a0>)
  File "/home/mmaia/my_envs/liver_torch/lib/python3.8/site-packages/flwr/client/client_app.py", line 98, in __call__
    return self._call(message, context)
  File "/home/mmaia/my_envs/liver_torch/lib/python3.8/site-packages/flwr/client/client_app.py", line 81, in ffn
    out_message = handle_legacy_message_from_msgtype(
  File "/home/mmaia/my_envs/liver_torch/lib/python3.8/site-packages/flwr/client/message_handler/message_handler.py", line 141, in handle_legacy_message_from_msgtype
    out_recordset = evaluateres_to_recordset(evaluate_res)
  File "/home/mmaia/my_envs/liver_torch/lib/python3.8/site-packages/flwr/common/recordset_compat.py", line 301, in evaluateres_to_recordset
    recordset.configs_records[f"{res_str}.metrics"] = ConfigsRecord(
  File "/home/mmaia/my_envs/liver_torch/lib/python3.8/site-packages/flwr/common/record/configsrecord.py", line 85, in __init__
    self[k] = configs_dict[k]
  File "/home/mmaia/my_envs/liver_torch/lib/python3.8/site-packages/flwr/common/record/typeddict.py", line 38, in __setitem__
    self._check_value_fn(value)
  File "/home/mmaia/my_envs/liver_torch/lib/python3.8/site-packages/flwr/common/record/configsrecord.py", line 57, in _check_value
    is_valid(value)
  File "/home/mmaia/my_envs/liver_torch/lib/python3.8/site-packages/flwr/common/record/configsrecord.py", line 35, in is_valid
    raise TypeError(
TypeError: Not all values are of valid type. Expected `typing.Union[int, float, str, bytes, bool, typing.List[int], typing.List[float], typing.List[str], typing.List[bytes], typing.List[bool]]` but `<class 'torch.Tensor'>` was passed.

The above exception was the direct cause of the following exception:

[36mray::ClientAppActor.run()[39m (pid=777960, ip=10.50.9.88, actor_id=bf1db9abfe33d704cc3e042901000000, repr=<flwr.simulation.ray_transport.ray_actor.ClientAppActor object at 0x7f02589aa6a0>)
  File "/home/mmaia/my_envs/liver_torch/lib/python3.8/site-packages/flwr/simulation/ray_transport/ray_actor.py", line 64, in run
    raise ClientAppException(str(ex)) from ex
flwr.client.client_app.ClientAppException: 
Exception ClientAppException occurred. Message: Not all values are of valid type. Expected `typing.Union[int, float, str, bytes, bool, typing.List[int], typing.List[float], typing.List[str], typing.List[bytes], typing.List[bool]]` but `<class 'torch.Tensor'>` was passed.
[2024-08-06 14:35:50,071][flwr][INFO] - aggregate_evaluate: received 0 results and 2 failures
[2024-08-06 14:35:50,071][flwr][INFO] - 
[2024-08-06 14:35:50,071][flwr][INFO] - [ROUND 6]
[2024-08-06 14:35:50,071][flwr][INFO] - configure_fit: strategy sampled 2 clients (out of 2)
