[2024-08-06 16:23:58,890][flwr][INFO] - Starting Flower simulation, config: num_rounds=15, no round_timeout
[2024-08-06 16:24:02,812][flwr][INFO] - Flower VCE: Ray initialized with resources: {'node:__internal_head__': 1.0, 'CPU': 8.0, 'accelerator_type:T4': 1.0, 'node:10.50.9.88': 1.0, 'object_store_memory': 35175775027.0, 'GPU': 1.0, 'memory': 72076808397.0}
[2024-08-06 16:24:02,813][flwr][INFO] - Optimize your simulation with Flower VCE: https://flower.ai/docs/framework/how-to-run-simulations.html
[2024-08-06 16:24:02,813][flwr][INFO] - Flower VCE: Resources for each Virtual Client: {'num_cpus': 3, 'num_gpus': 1.0}
[2024-08-06 16:24:02,833][flwr][INFO] - Flower VCE: Creating VirtualClientEngineActorPool with 1 actors
[2024-08-06 16:24:02,833][flwr][INFO] - [INIT]
[2024-08-06 16:24:02,833][flwr][INFO] - Requesting initial parameters from one random client
[2024-08-06 16:24:06,718][flwr][INFO] - Received initial parameters from one random client
[2024-08-06 16:24:06,718][flwr][INFO] - Evaluating initial global parameters
[2024-08-06 16:24:15,225][flwr][INFO] - initial parameters (loss, other metrics): 0.6502024158835411, OrderedDict([('ind_iou_0', 8.242507588096007e-10), ('ind_dice_liver_0', tensor(0.1229, dtype=torch.float64)), ('ind_dice_tumour_0', tensor(0.0005, dtype=torch.float64)), ('ind_iou_1', 2.782059863459135e-10), ('ind_dice_liver_1', tensor(0.1569, dtype=torch.float64)), ('ind_dice_tumour_1', tensor(0.0150, dtype=torch.float64)), ('all_iou', 5.490898112764926e-10), ('all_dice_liver', tensor(0.1371, dtype=torch.float64)), ('all_dice_tumour', tensor(0.0078, dtype=torch.float64))])
[2024-08-06 16:24:15,230][flwr][INFO] - 
[2024-08-06 16:24:15,230][flwr][INFO] - [ROUND 1]
[2024-08-06 16:24:15,230][flwr][INFO] - configure_fit: strategy sampled 2 clients (out of 2)
[2024-08-06 16:25:33,787][flwr][INFO] - aggregate_fit: received 2 results and 0 failures
[2024-08-06 16:25:33,919][flwr][WARNING] - No fit_metrics_aggregation_fn provided
[2024-08-06 16:25:37,864][flwr][INFO] - fit progress: (1, 0.009348516886044914, OrderedDict([('ind_iou_0', 0.9313674649903736), ('ind_dice_liver_0', tensor(0.9384, dtype=torch.float64)), ('ind_dice_tumour_0', tensor(0.0493, dtype=torch.float64)), ('ind_iou_1', 0.9048694786553847), ('ind_dice_liver_1', tensor(0.9379, dtype=torch.float64)), ('ind_dice_tumour_1', tensor(0.4088, dtype=torch.float64)), ('all_iou', 0.9206536201236496), ('all_dice_liver', tensor(0.9419, dtype=torch.float64)), ('all_dice_tumour', tensor(0.2932, dtype=torch.float64))]), 82.63427372882143)
[2024-08-06 16:25:37,869][flwr][INFO] - configure_evaluate: strategy sampled 2 clients (out of 2)
[2024-08-06 16:25:38,629][flwr][ERROR] - Traceback (most recent call last):
  File "/home/mmaia/my_envs/liver_torch/lib/python3.8/site-packages/flwr/simulation/ray_transport/ray_client_proxy.py", line 73, in _submit_job
    out_mssg, updated_context = self.actor_pool.get_client_result(
  File "/home/mmaia/my_envs/liver_torch/lib/python3.8/site-packages/flwr/simulation/ray_transport/ray_actor.py", line 399, in get_client_result
    return self._fetch_future_result(cid)
  File "/home/mmaia/my_envs/liver_torch/lib/python3.8/site-packages/flwr/simulation/ray_transport/ray_actor.py", line 280, in _fetch_future_result
    res_cid, out_mssg, updated_context = ray.get(
  File "/home/mmaia/my_envs/liver_torch/lib/python3.8/site-packages/ray/_private/auto_init_hook.py", line 21, in auto_init_wrapper
    return fn(*args, **kwargs)
  File "/home/mmaia/my_envs/liver_torch/lib/python3.8/site-packages/ray/_private/client_mode_hook.py", line 103, in wrapper
    return func(*args, **kwargs)
  File "/home/mmaia/my_envs/liver_torch/lib/python3.8/site-packages/ray/_private/worker.py", line 2667, in get
    values, debugger_breakpoint = worker.get_objects(object_refs, timeout=timeout)
  File "/home/mmaia/my_envs/liver_torch/lib/python3.8/site-packages/ray/_private/worker.py", line 864, in get_objects
    raise value.as_instanceof_cause()
ray.exceptions.RayTaskError(ClientAppException): [36mray::ClientAppActor.run()[39m (pid=816397, ip=10.50.9.88, actor_id=be8092574ae3d1c08687b06401000000, repr=<flwr.simulation.ray_transport.ray_actor.ClientAppActor object at 0x7ff0d858a6a0>)
  File "/home/mmaia/my_envs/liver_torch/lib/python3.8/site-packages/flwr/client/client_app.py", line 98, in __call__
    return self._call(message, context)
  File "/home/mmaia/my_envs/liver_torch/lib/python3.8/site-packages/flwr/client/client_app.py", line 81, in ffn
    out_message = handle_legacy_message_from_msgtype(
  File "/home/mmaia/my_envs/liver_torch/lib/python3.8/site-packages/flwr/client/message_handler/message_handler.py", line 141, in handle_legacy_message_from_msgtype
    out_recordset = evaluateres_to_recordset(evaluate_res)
  File "/home/mmaia/my_envs/liver_torch/lib/python3.8/site-packages/flwr/common/recordset_compat.py", line 301, in evaluateres_to_recordset
    recordset.configs_records[f"{res_str}.metrics"] = ConfigsRecord(
  File "/home/mmaia/my_envs/liver_torch/lib/python3.8/site-packages/flwr/common/record/configsrecord.py", line 85, in __init__
    self[k] = configs_dict[k]
  File "/home/mmaia/my_envs/liver_torch/lib/python3.8/site-packages/flwr/common/record/typeddict.py", line 38, in __setitem__
    self._check_value_fn(value)
  File "/home/mmaia/my_envs/liver_torch/lib/python3.8/site-packages/flwr/common/record/configsrecord.py", line 57, in _check_value
    is_valid(value)
  File "/home/mmaia/my_envs/liver_torch/lib/python3.8/site-packages/flwr/common/record/configsrecord.py", line 35, in is_valid
    raise TypeError(
TypeError: Not all values are of valid type. Expected `typing.Union[int, float, str, bytes, bool, typing.List[int], typing.List[float], typing.List[str], typing.List[bytes], typing.List[bool]]` but `<class 'torch.Tensor'>` was passed.

The above exception was the direct cause of the following exception:

[36mray::ClientAppActor.run()[39m (pid=816397, ip=10.50.9.88, actor_id=be8092574ae3d1c08687b06401000000, repr=<flwr.simulation.ray_transport.ray_actor.ClientAppActor object at 0x7ff0d858a6a0>)
  File "/home/mmaia/my_envs/liver_torch/lib/python3.8/site-packages/flwr/simulation/ray_transport/ray_actor.py", line 64, in run
    raise ClientAppException(str(ex)) from ex
flwr.client.client_app.ClientAppException: 
Exception ClientAppException occurred. Message: Not all values are of valid type. Expected `typing.Union[int, float, str, bytes, bool, typing.List[int], typing.List[float], typing.List[str], typing.List[bytes], typing.List[bool]]` but `<class 'torch.Tensor'>` was passed.

[2024-08-06 16:25:38,629][flwr][ERROR] - [36mray::ClientAppActor.run()[39m (pid=816397, ip=10.50.9.88, actor_id=be8092574ae3d1c08687b06401000000, repr=<flwr.simulation.ray_transport.ray_actor.ClientAppActor object at 0x7ff0d858a6a0>)
  File "/home/mmaia/my_envs/liver_torch/lib/python3.8/site-packages/flwr/client/client_app.py", line 98, in __call__
    return self._call(message, context)
  File "/home/mmaia/my_envs/liver_torch/lib/python3.8/site-packages/flwr/client/client_app.py", line 81, in ffn
    out_message = handle_legacy_message_from_msgtype(
  File "/home/mmaia/my_envs/liver_torch/lib/python3.8/site-packages/flwr/client/message_handler/message_handler.py", line 141, in handle_legacy_message_from_msgtype
    out_recordset = evaluateres_to_recordset(evaluate_res)
  File "/home/mmaia/my_envs/liver_torch/lib/python3.8/site-packages/flwr/common/recordset_compat.py", line 301, in evaluateres_to_recordset
    recordset.configs_records[f"{res_str}.metrics"] = ConfigsRecord(
  File "/home/mmaia/my_envs/liver_torch/lib/python3.8/site-packages/flwr/common/record/configsrecord.py", line 85, in __init__
    self[k] = configs_dict[k]
  File "/home/mmaia/my_envs/liver_torch/lib/python3.8/site-packages/flwr/common/record/typeddict.py", line 38, in __setitem__
    self._check_value_fn(value)
  File "/home/mmaia/my_envs/liver_torch/lib/python3.8/site-packages/flwr/common/record/configsrecord.py", line 57, in _check_value
    is_valid(value)
  File "/home/mmaia/my_envs/liver_torch/lib/python3.8/site-packages/flwr/common/record/configsrecord.py", line 35, in is_valid
    raise TypeError(
TypeError: Not all values are of valid type. Expected `typing.Union[int, float, str, bytes, bool, typing.List[int], typing.List[float], typing.List[str], typing.List[bytes], typing.List[bool]]` but `<class 'torch.Tensor'>` was passed.

The above exception was the direct cause of the following exception:

[36mray::ClientAppActor.run()[39m (pid=816397, ip=10.50.9.88, actor_id=be8092574ae3d1c08687b06401000000, repr=<flwr.simulation.ray_transport.ray_actor.ClientAppActor object at 0x7ff0d858a6a0>)
  File "/home/mmaia/my_envs/liver_torch/lib/python3.8/site-packages/flwr/simulation/ray_transport/ray_actor.py", line 64, in run
    raise ClientAppException(str(ex)) from ex
flwr.client.client_app.ClientAppException: 
Exception ClientAppException occurred. Message: Not all values are of valid type. Expected `typing.Union[int, float, str, bytes, bool, typing.List[int], typing.List[float], typing.List[str], typing.List[bytes], typing.List[bool]]` but `<class 'torch.Tensor'>` was passed.
[2024-08-06 16:25:39,144][flwr][ERROR] - Traceback (most recent call last):
  File "/home/mmaia/my_envs/liver_torch/lib/python3.8/site-packages/flwr/simulation/ray_transport/ray_client_proxy.py", line 73, in _submit_job
    out_mssg, updated_context = self.actor_pool.get_client_result(
  File "/home/mmaia/my_envs/liver_torch/lib/python3.8/site-packages/flwr/simulation/ray_transport/ray_actor.py", line 399, in get_client_result
    return self._fetch_future_result(cid)
  File "/home/mmaia/my_envs/liver_torch/lib/python3.8/site-packages/flwr/simulation/ray_transport/ray_actor.py", line 280, in _fetch_future_result
    res_cid, out_mssg, updated_context = ray.get(
  File "/home/mmaia/my_envs/liver_torch/lib/python3.8/site-packages/ray/_private/auto_init_hook.py", line 21, in auto_init_wrapper
    return fn(*args, **kwargs)
  File "/home/mmaia/my_envs/liver_torch/lib/python3.8/site-packages/ray/_private/client_mode_hook.py", line 103, in wrapper
    return func(*args, **kwargs)
  File "/home/mmaia/my_envs/liver_torch/lib/python3.8/site-packages/ray/_private/worker.py", line 2667, in get
    values, debugger_breakpoint = worker.get_objects(object_refs, timeout=timeout)
  File "/home/mmaia/my_envs/liver_torch/lib/python3.8/site-packages/ray/_private/worker.py", line 864, in get_objects
    raise value.as_instanceof_cause()
ray.exceptions.RayTaskError(ClientAppException): [36mray::ClientAppActor.run()[39m (pid=816397, ip=10.50.9.88, actor_id=be8092574ae3d1c08687b06401000000, repr=<flwr.simulation.ray_transport.ray_actor.ClientAppActor object at 0x7ff0d858a6a0>)
  File "/home/mmaia/my_envs/liver_torch/lib/python3.8/site-packages/flwr/client/client_app.py", line 98, in __call__
    return self._call(message, context)
  File "/home/mmaia/my_envs/liver_torch/lib/python3.8/site-packages/flwr/client/client_app.py", line 81, in ffn
    out_message = handle_legacy_message_from_msgtype(
  File "/home/mmaia/my_envs/liver_torch/lib/python3.8/site-packages/flwr/client/message_handler/message_handler.py", line 141, in handle_legacy_message_from_msgtype
    out_recordset = evaluateres_to_recordset(evaluate_res)
  File "/home/mmaia/my_envs/liver_torch/lib/python3.8/site-packages/flwr/common/recordset_compat.py", line 301, in evaluateres_to_recordset
    recordset.configs_records[f"{res_str}.metrics"] = ConfigsRecord(
  File "/home/mmaia/my_envs/liver_torch/lib/python3.8/site-packages/flwr/common/record/configsrecord.py", line 85, in __init__
    self[k] = configs_dict[k]
  File "/home/mmaia/my_envs/liver_torch/lib/python3.8/site-packages/flwr/common/record/typeddict.py", line 38, in __setitem__
    self._check_value_fn(value)
  File "/home/mmaia/my_envs/liver_torch/lib/python3.8/site-packages/flwr/common/record/configsrecord.py", line 57, in _check_value
    is_valid(value)
  File "/home/mmaia/my_envs/liver_torch/lib/python3.8/site-packages/flwr/common/record/configsrecord.py", line 35, in is_valid
    raise TypeError(
TypeError: Not all values are of valid type. Expected `typing.Union[int, float, str, bytes, bool, typing.List[int], typing.List[float], typing.List[str], typing.List[bytes], typing.List[bool]]` but `<class 'torch.Tensor'>` was passed.

The above exception was the direct cause of the following exception:

[36mray::ClientAppActor.run()[39m (pid=816397, ip=10.50.9.88, actor_id=be8092574ae3d1c08687b06401000000, repr=<flwr.simulation.ray_transport.ray_actor.ClientAppActor object at 0x7ff0d858a6a0>)
  File "/home/mmaia/my_envs/liver_torch/lib/python3.8/site-packages/flwr/simulation/ray_transport/ray_actor.py", line 64, in run
    raise ClientAppException(str(ex)) from ex
flwr.client.client_app.ClientAppException: 
Exception ClientAppException occurred. Message: Not all values are of valid type. Expected `typing.Union[int, float, str, bytes, bool, typing.List[int], typing.List[float], typing.List[str], typing.List[bytes], typing.List[bool]]` but `<class 'torch.Tensor'>` was passed.

[2024-08-06 16:25:39,145][flwr][ERROR] - [36mray::ClientAppActor.run()[39m (pid=816397, ip=10.50.9.88, actor_id=be8092574ae3d1c08687b06401000000, repr=<flwr.simulation.ray_transport.ray_actor.ClientAppActor object at 0x7ff0d858a6a0>)
  File "/home/mmaia/my_envs/liver_torch/lib/python3.8/site-packages/flwr/client/client_app.py", line 98, in __call__
    return self._call(message, context)
  File "/home/mmaia/my_envs/liver_torch/lib/python3.8/site-packages/flwr/client/client_app.py", line 81, in ffn
    out_message = handle_legacy_message_from_msgtype(
  File "/home/mmaia/my_envs/liver_torch/lib/python3.8/site-packages/flwr/client/message_handler/message_handler.py", line 141, in handle_legacy_message_from_msgtype
    out_recordset = evaluateres_to_recordset(evaluate_res)
  File "/home/mmaia/my_envs/liver_torch/lib/python3.8/site-packages/flwr/common/recordset_compat.py", line 301, in evaluateres_to_recordset
    recordset.configs_records[f"{res_str}.metrics"] = ConfigsRecord(
  File "/home/mmaia/my_envs/liver_torch/lib/python3.8/site-packages/flwr/common/record/configsrecord.py", line 85, in __init__
    self[k] = configs_dict[k]
  File "/home/mmaia/my_envs/liver_torch/lib/python3.8/site-packages/flwr/common/record/typeddict.py", line 38, in __setitem__
    self._check_value_fn(value)
  File "/home/mmaia/my_envs/liver_torch/lib/python3.8/site-packages/flwr/common/record/configsrecord.py", line 57, in _check_value
    is_valid(value)
  File "/home/mmaia/my_envs/liver_torch/lib/python3.8/site-packages/flwr/common/record/configsrecord.py", line 35, in is_valid
    raise TypeError(
TypeError: Not all values are of valid type. Expected `typing.Union[int, float, str, bytes, bool, typing.List[int], typing.List[float], typing.List[str], typing.List[bytes], typing.List[bool]]` but `<class 'torch.Tensor'>` was passed.

The above exception was the direct cause of the following exception:

[36mray::ClientAppActor.run()[39m (pid=816397, ip=10.50.9.88, actor_id=be8092574ae3d1c08687b06401000000, repr=<flwr.simulation.ray_transport.ray_actor.ClientAppActor object at 0x7ff0d858a6a0>)
  File "/home/mmaia/my_envs/liver_torch/lib/python3.8/site-packages/flwr/simulation/ray_transport/ray_actor.py", line 64, in run
    raise ClientAppException(str(ex)) from ex
flwr.client.client_app.ClientAppException: 
Exception ClientAppException occurred. Message: Not all values are of valid type. Expected `typing.Union[int, float, str, bytes, bool, typing.List[int], typing.List[float], typing.List[str], typing.List[bytes], typing.List[bool]]` but `<class 'torch.Tensor'>` was passed.
[2024-08-06 16:25:39,145][flwr][INFO] - aggregate_evaluate: received 0 results and 2 failures
[2024-08-06 16:25:39,145][flwr][INFO] - 
[2024-08-06 16:25:39,145][flwr][INFO] - [ROUND 2]
[2024-08-06 16:25:39,146][flwr][INFO] - configure_fit: strategy sampled 2 clients (out of 2)
[2024-08-06 16:26:53,648][flwr][INFO] - aggregate_fit: received 2 results and 0 failures
[2024-08-06 16:26:57,773][flwr][INFO] - fit progress: (2, 0.009348516837538531, OrderedDict([('ind_iou_0', 0.9087100254238197), ('ind_dice_liver_0', tensor(0.9166, dtype=torch.float64)), ('ind_dice_tumour_0', tensor(0.0442, dtype=torch.float64)), ('ind_iou_1', 0.9103760691075414), ('ind_dice_liver_1', tensor(0.9417, dtype=torch.float64)), ('ind_dice_tumour_1', tensor(0.4976, dtype=torch.float64)), ('all_iou', 0.9022339751250518), ('all_dice_liver', tensor(0.9281, dtype=torch.float64)), ('all_dice_tumour', tensor(0.3107, dtype=torch.float64))]), 162.54318672278896)
[2024-08-06 16:26:57,778][flwr][INFO] - configure_evaluate: strategy sampled 2 clients (out of 2)
[2024-08-06 16:26:58,429][flwr][ERROR] - Traceback (most recent call last):
  File "/home/mmaia/my_envs/liver_torch/lib/python3.8/site-packages/flwr/simulation/ray_transport/ray_client_proxy.py", line 73, in _submit_job
    out_mssg, updated_context = self.actor_pool.get_client_result(
  File "/home/mmaia/my_envs/liver_torch/lib/python3.8/site-packages/flwr/simulation/ray_transport/ray_actor.py", line 399, in get_client_result
    return self._fetch_future_result(cid)
  File "/home/mmaia/my_envs/liver_torch/lib/python3.8/site-packages/flwr/simulation/ray_transport/ray_actor.py", line 280, in _fetch_future_result
    res_cid, out_mssg, updated_context = ray.get(
  File "/home/mmaia/my_envs/liver_torch/lib/python3.8/site-packages/ray/_private/auto_init_hook.py", line 21, in auto_init_wrapper
    return fn(*args, **kwargs)
  File "/home/mmaia/my_envs/liver_torch/lib/python3.8/site-packages/ray/_private/client_mode_hook.py", line 103, in wrapper
    return func(*args, **kwargs)
  File "/home/mmaia/my_envs/liver_torch/lib/python3.8/site-packages/ray/_private/worker.py", line 2667, in get
    values, debugger_breakpoint = worker.get_objects(object_refs, timeout=timeout)
  File "/home/mmaia/my_envs/liver_torch/lib/python3.8/site-packages/ray/_private/worker.py", line 864, in get_objects
    raise value.as_instanceof_cause()
ray.exceptions.RayTaskError(ClientAppException): [36mray::ClientAppActor.run()[39m (pid=816397, ip=10.50.9.88, actor_id=be8092574ae3d1c08687b06401000000, repr=<flwr.simulation.ray_transport.ray_actor.ClientAppActor object at 0x7ff0d858a6a0>)
  File "/home/mmaia/my_envs/liver_torch/lib/python3.8/site-packages/flwr/client/client_app.py", line 98, in __call__
    return self._call(message, context)
  File "/home/mmaia/my_envs/liver_torch/lib/python3.8/site-packages/flwr/client/client_app.py", line 81, in ffn
    out_message = handle_legacy_message_from_msgtype(
  File "/home/mmaia/my_envs/liver_torch/lib/python3.8/site-packages/flwr/client/message_handler/message_handler.py", line 141, in handle_legacy_message_from_msgtype
    out_recordset = evaluateres_to_recordset(evaluate_res)
  File "/home/mmaia/my_envs/liver_torch/lib/python3.8/site-packages/flwr/common/recordset_compat.py", line 301, in evaluateres_to_recordset
    recordset.configs_records[f"{res_str}.metrics"] = ConfigsRecord(
  File "/home/mmaia/my_envs/liver_torch/lib/python3.8/site-packages/flwr/common/record/configsrecord.py", line 85, in __init__
    self[k] = configs_dict[k]
  File "/home/mmaia/my_envs/liver_torch/lib/python3.8/site-packages/flwr/common/record/typeddict.py", line 38, in __setitem__
    self._check_value_fn(value)
  File "/home/mmaia/my_envs/liver_torch/lib/python3.8/site-packages/flwr/common/record/configsrecord.py", line 57, in _check_value
    is_valid(value)
  File "/home/mmaia/my_envs/liver_torch/lib/python3.8/site-packages/flwr/common/record/configsrecord.py", line 35, in is_valid
    raise TypeError(
TypeError: Not all values are of valid type. Expected `typing.Union[int, float, str, bytes, bool, typing.List[int], typing.List[float], typing.List[str], typing.List[bytes], typing.List[bool]]` but `<class 'torch.Tensor'>` was passed.

The above exception was the direct cause of the following exception:

[36mray::ClientAppActor.run()[39m (pid=816397, ip=10.50.9.88, actor_id=be8092574ae3d1c08687b06401000000, repr=<flwr.simulation.ray_transport.ray_actor.ClientAppActor object at 0x7ff0d858a6a0>)
  File "/home/mmaia/my_envs/liver_torch/lib/python3.8/site-packages/flwr/simulation/ray_transport/ray_actor.py", line 64, in run
    raise ClientAppException(str(ex)) from ex
flwr.client.client_app.ClientAppException: 
Exception ClientAppException occurred. Message: Not all values are of valid type. Expected `typing.Union[int, float, str, bytes, bool, typing.List[int], typing.List[float], typing.List[str], typing.List[bytes], typing.List[bool]]` but `<class 'torch.Tensor'>` was passed.

[2024-08-06 16:26:58,429][flwr][ERROR] - [36mray::ClientAppActor.run()[39m (pid=816397, ip=10.50.9.88, actor_id=be8092574ae3d1c08687b06401000000, repr=<flwr.simulation.ray_transport.ray_actor.ClientAppActor object at 0x7ff0d858a6a0>)
  File "/home/mmaia/my_envs/liver_torch/lib/python3.8/site-packages/flwr/client/client_app.py", line 98, in __call__
    return self._call(message, context)
  File "/home/mmaia/my_envs/liver_torch/lib/python3.8/site-packages/flwr/client/client_app.py", line 81, in ffn
    out_message = handle_legacy_message_from_msgtype(
  File "/home/mmaia/my_envs/liver_torch/lib/python3.8/site-packages/flwr/client/message_handler/message_handler.py", line 141, in handle_legacy_message_from_msgtype
    out_recordset = evaluateres_to_recordset(evaluate_res)
  File "/home/mmaia/my_envs/liver_torch/lib/python3.8/site-packages/flwr/common/recordset_compat.py", line 301, in evaluateres_to_recordset
    recordset.configs_records[f"{res_str}.metrics"] = ConfigsRecord(
  File "/home/mmaia/my_envs/liver_torch/lib/python3.8/site-packages/flwr/common/record/configsrecord.py", line 85, in __init__
    self[k] = configs_dict[k]
  File "/home/mmaia/my_envs/liver_torch/lib/python3.8/site-packages/flwr/common/record/typeddict.py", line 38, in __setitem__
    self._check_value_fn(value)
  File "/home/mmaia/my_envs/liver_torch/lib/python3.8/site-packages/flwr/common/record/configsrecord.py", line 57, in _check_value
    is_valid(value)
  File "/home/mmaia/my_envs/liver_torch/lib/python3.8/site-packages/flwr/common/record/configsrecord.py", line 35, in is_valid
    raise TypeError(
TypeError: Not all values are of valid type. Expected `typing.Union[int, float, str, bytes, bool, typing.List[int], typing.List[float], typing.List[str], typing.List[bytes], typing.List[bool]]` but `<class 'torch.Tensor'>` was passed.

The above exception was the direct cause of the following exception:

[36mray::ClientAppActor.run()[39m (pid=816397, ip=10.50.9.88, actor_id=be8092574ae3d1c08687b06401000000, repr=<flwr.simulation.ray_transport.ray_actor.ClientAppActor object at 0x7ff0d858a6a0>)
  File "/home/mmaia/my_envs/liver_torch/lib/python3.8/site-packages/flwr/simulation/ray_transport/ray_actor.py", line 64, in run
    raise ClientAppException(str(ex)) from ex
flwr.client.client_app.ClientAppException: 
Exception ClientAppException occurred. Message: Not all values are of valid type. Expected `typing.Union[int, float, str, bytes, bool, typing.List[int], typing.List[float], typing.List[str], typing.List[bytes], typing.List[bool]]` but `<class 'torch.Tensor'>` was passed.
[2024-08-06 16:26:58,945][flwr][ERROR] - Traceback (most recent call last):
  File "/home/mmaia/my_envs/liver_torch/lib/python3.8/site-packages/flwr/simulation/ray_transport/ray_client_proxy.py", line 73, in _submit_job
    out_mssg, updated_context = self.actor_pool.get_client_result(
  File "/home/mmaia/my_envs/liver_torch/lib/python3.8/site-packages/flwr/simulation/ray_transport/ray_actor.py", line 399, in get_client_result
    return self._fetch_future_result(cid)
  File "/home/mmaia/my_envs/liver_torch/lib/python3.8/site-packages/flwr/simulation/ray_transport/ray_actor.py", line 280, in _fetch_future_result
    res_cid, out_mssg, updated_context = ray.get(
  File "/home/mmaia/my_envs/liver_torch/lib/python3.8/site-packages/ray/_private/auto_init_hook.py", line 21, in auto_init_wrapper
    return fn(*args, **kwargs)
  File "/home/mmaia/my_envs/liver_torch/lib/python3.8/site-packages/ray/_private/client_mode_hook.py", line 103, in wrapper
    return func(*args, **kwargs)
  File "/home/mmaia/my_envs/liver_torch/lib/python3.8/site-packages/ray/_private/worker.py", line 2667, in get
    values, debugger_breakpoint = worker.get_objects(object_refs, timeout=timeout)
  File "/home/mmaia/my_envs/liver_torch/lib/python3.8/site-packages/ray/_private/worker.py", line 864, in get_objects
    raise value.as_instanceof_cause()
ray.exceptions.RayTaskError(ClientAppException): [36mray::ClientAppActor.run()[39m (pid=816397, ip=10.50.9.88, actor_id=be8092574ae3d1c08687b06401000000, repr=<flwr.simulation.ray_transport.ray_actor.ClientAppActor object at 0x7ff0d858a6a0>)
  File "/home/mmaia/my_envs/liver_torch/lib/python3.8/site-packages/flwr/client/client_app.py", line 98, in __call__
    return self._call(message, context)
  File "/home/mmaia/my_envs/liver_torch/lib/python3.8/site-packages/flwr/client/client_app.py", line 81, in ffn
    out_message = handle_legacy_message_from_msgtype(
  File "/home/mmaia/my_envs/liver_torch/lib/python3.8/site-packages/flwr/client/message_handler/message_handler.py", line 141, in handle_legacy_message_from_msgtype
    out_recordset = evaluateres_to_recordset(evaluate_res)
  File "/home/mmaia/my_envs/liver_torch/lib/python3.8/site-packages/flwr/common/recordset_compat.py", line 301, in evaluateres_to_recordset
    recordset.configs_records[f"{res_str}.metrics"] = ConfigsRecord(
  File "/home/mmaia/my_envs/liver_torch/lib/python3.8/site-packages/flwr/common/record/configsrecord.py", line 85, in __init__
    self[k] = configs_dict[k]
  File "/home/mmaia/my_envs/liver_torch/lib/python3.8/site-packages/flwr/common/record/typeddict.py", line 38, in __setitem__
    self._check_value_fn(value)
  File "/home/mmaia/my_envs/liver_torch/lib/python3.8/site-packages/flwr/common/record/configsrecord.py", line 57, in _check_value
    is_valid(value)
  File "/home/mmaia/my_envs/liver_torch/lib/python3.8/site-packages/flwr/common/record/configsrecord.py", line 35, in is_valid
    raise TypeError(
TypeError: Not all values are of valid type. Expected `typing.Union[int, float, str, bytes, bool, typing.List[int], typing.List[float], typing.List[str], typing.List[bytes], typing.List[bool]]` but `<class 'torch.Tensor'>` was passed.

The above exception was the direct cause of the following exception:

[36mray::ClientAppActor.run()[39m (pid=816397, ip=10.50.9.88, actor_id=be8092574ae3d1c08687b06401000000, repr=<flwr.simulation.ray_transport.ray_actor.ClientAppActor object at 0x7ff0d858a6a0>)
  File "/home/mmaia/my_envs/liver_torch/lib/python3.8/site-packages/flwr/simulation/ray_transport/ray_actor.py", line 64, in run
    raise ClientAppException(str(ex)) from ex
flwr.client.client_app.ClientAppException: 
Exception ClientAppException occurred. Message: Not all values are of valid type. Expected `typing.Union[int, float, str, bytes, bool, typing.List[int], typing.List[float], typing.List[str], typing.List[bytes], typing.List[bool]]` but `<class 'torch.Tensor'>` was passed.

[2024-08-06 16:26:58,945][flwr][ERROR] - [36mray::ClientAppActor.run()[39m (pid=816397, ip=10.50.9.88, actor_id=be8092574ae3d1c08687b06401000000, repr=<flwr.simulation.ray_transport.ray_actor.ClientAppActor object at 0x7ff0d858a6a0>)
  File "/home/mmaia/my_envs/liver_torch/lib/python3.8/site-packages/flwr/client/client_app.py", line 98, in __call__
    return self._call(message, context)
  File "/home/mmaia/my_envs/liver_torch/lib/python3.8/site-packages/flwr/client/client_app.py", line 81, in ffn
    out_message = handle_legacy_message_from_msgtype(
  File "/home/mmaia/my_envs/liver_torch/lib/python3.8/site-packages/flwr/client/message_handler/message_handler.py", line 141, in handle_legacy_message_from_msgtype
    out_recordset = evaluateres_to_recordset(evaluate_res)
  File "/home/mmaia/my_envs/liver_torch/lib/python3.8/site-packages/flwr/common/recordset_compat.py", line 301, in evaluateres_to_recordset
    recordset.configs_records[f"{res_str}.metrics"] = ConfigsRecord(
  File "/home/mmaia/my_envs/liver_torch/lib/python3.8/site-packages/flwr/common/record/configsrecord.py", line 85, in __init__
    self[k] = configs_dict[k]
  File "/home/mmaia/my_envs/liver_torch/lib/python3.8/site-packages/flwr/common/record/typeddict.py", line 38, in __setitem__
    self._check_value_fn(value)
  File "/home/mmaia/my_envs/liver_torch/lib/python3.8/site-packages/flwr/common/record/configsrecord.py", line 57, in _check_value
    is_valid(value)
  File "/home/mmaia/my_envs/liver_torch/lib/python3.8/site-packages/flwr/common/record/configsrecord.py", line 35, in is_valid
    raise TypeError(
TypeError: Not all values are of valid type. Expected `typing.Union[int, float, str, bytes, bool, typing.List[int], typing.List[float], typing.List[str], typing.List[bytes], typing.List[bool]]` but `<class 'torch.Tensor'>` was passed.

The above exception was the direct cause of the following exception:

[36mray::ClientAppActor.run()[39m (pid=816397, ip=10.50.9.88, actor_id=be8092574ae3d1c08687b06401000000, repr=<flwr.simulation.ray_transport.ray_actor.ClientAppActor object at 0x7ff0d858a6a0>)
  File "/home/mmaia/my_envs/liver_torch/lib/python3.8/site-packages/flwr/simulation/ray_transport/ray_actor.py", line 64, in run
    raise ClientAppException(str(ex)) from ex
flwr.client.client_app.ClientAppException: 
Exception ClientAppException occurred. Message: Not all values are of valid type. Expected `typing.Union[int, float, str, bytes, bool, typing.List[int], typing.List[float], typing.List[str], typing.List[bytes], typing.List[bool]]` but `<class 'torch.Tensor'>` was passed.
[2024-08-06 16:26:58,946][flwr][INFO] - aggregate_evaluate: received 0 results and 2 failures
[2024-08-06 16:26:58,946][flwr][INFO] - 
[2024-08-06 16:26:58,946][flwr][INFO] - [ROUND 3]
[2024-08-06 16:26:58,947][flwr][INFO] - configure_fit: strategy sampled 2 clients (out of 2)
[2024-08-06 16:28:13,706][flwr][INFO] - aggregate_fit: received 2 results and 0 failures
[2024-08-06 16:28:18,240][flwr][INFO] - fit progress: (3, 0.009348516604707887, OrderedDict([('ind_iou_0', 0.9203608280807796), ('ind_dice_liver_0', tensor(0.9321, dtype=torch.float64)), ('ind_dice_tumour_0', tensor(0.0550, dtype=torch.float64)), ('ind_iou_1', 0.8858322235927562), ('ind_dice_liver_1', tensor(0.9345, dtype=torch.float64)), ('ind_dice_tumour_1', tensor(0.5610, dtype=torch.float64)), ('all_iou', 0.914305310578489), ('all_dice_liver', tensor(0.9354, dtype=torch.float64)), ('all_dice_tumour', tensor(0.2557, dtype=torch.float64))]), 243.01005557877943)
[2024-08-06 16:28:18,246][flwr][INFO] - configure_evaluate: strategy sampled 2 clients (out of 2)
[2024-08-06 16:28:18,970][flwr][ERROR] - Traceback (most recent call last):
  File "/home/mmaia/my_envs/liver_torch/lib/python3.8/site-packages/flwr/simulation/ray_transport/ray_client_proxy.py", line 73, in _submit_job
    out_mssg, updated_context = self.actor_pool.get_client_result(
  File "/home/mmaia/my_envs/liver_torch/lib/python3.8/site-packages/flwr/simulation/ray_transport/ray_actor.py", line 399, in get_client_result
    return self._fetch_future_result(cid)
  File "/home/mmaia/my_envs/liver_torch/lib/python3.8/site-packages/flwr/simulation/ray_transport/ray_actor.py", line 280, in _fetch_future_result
    res_cid, out_mssg, updated_context = ray.get(
  File "/home/mmaia/my_envs/liver_torch/lib/python3.8/site-packages/ray/_private/auto_init_hook.py", line 21, in auto_init_wrapper
    return fn(*args, **kwargs)
  File "/home/mmaia/my_envs/liver_torch/lib/python3.8/site-packages/ray/_private/client_mode_hook.py", line 103, in wrapper
    return func(*args, **kwargs)
  File "/home/mmaia/my_envs/liver_torch/lib/python3.8/site-packages/ray/_private/worker.py", line 2667, in get
    values, debugger_breakpoint = worker.get_objects(object_refs, timeout=timeout)
  File "/home/mmaia/my_envs/liver_torch/lib/python3.8/site-packages/ray/_private/worker.py", line 864, in get_objects
    raise value.as_instanceof_cause()
ray.exceptions.RayTaskError(ClientAppException): [36mray::ClientAppActor.run()[39m (pid=816397, ip=10.50.9.88, actor_id=be8092574ae3d1c08687b06401000000, repr=<flwr.simulation.ray_transport.ray_actor.ClientAppActor object at 0x7ff0d858a6a0>)
  File "/home/mmaia/my_envs/liver_torch/lib/python3.8/site-packages/flwr/client/client_app.py", line 98, in __call__
    return self._call(message, context)
  File "/home/mmaia/my_envs/liver_torch/lib/python3.8/site-packages/flwr/client/client_app.py", line 81, in ffn
    out_message = handle_legacy_message_from_msgtype(
  File "/home/mmaia/my_envs/liver_torch/lib/python3.8/site-packages/flwr/client/message_handler/message_handler.py", line 141, in handle_legacy_message_from_msgtype
    out_recordset = evaluateres_to_recordset(evaluate_res)
  File "/home/mmaia/my_envs/liver_torch/lib/python3.8/site-packages/flwr/common/recordset_compat.py", line 301, in evaluateres_to_recordset
    recordset.configs_records[f"{res_str}.metrics"] = ConfigsRecord(
  File "/home/mmaia/my_envs/liver_torch/lib/python3.8/site-packages/flwr/common/record/configsrecord.py", line 85, in __init__
    self[k] = configs_dict[k]
  File "/home/mmaia/my_envs/liver_torch/lib/python3.8/site-packages/flwr/common/record/typeddict.py", line 38, in __setitem__
    self._check_value_fn(value)
  File "/home/mmaia/my_envs/liver_torch/lib/python3.8/site-packages/flwr/common/record/configsrecord.py", line 57, in _check_value
    is_valid(value)
  File "/home/mmaia/my_envs/liver_torch/lib/python3.8/site-packages/flwr/common/record/configsrecord.py", line 35, in is_valid
    raise TypeError(
TypeError: Not all values are of valid type. Expected `typing.Union[int, float, str, bytes, bool, typing.List[int], typing.List[float], typing.List[str], typing.List[bytes], typing.List[bool]]` but `<class 'torch.Tensor'>` was passed.

The above exception was the direct cause of the following exception:

[36mray::ClientAppActor.run()[39m (pid=816397, ip=10.50.9.88, actor_id=be8092574ae3d1c08687b06401000000, repr=<flwr.simulation.ray_transport.ray_actor.ClientAppActor object at 0x7ff0d858a6a0>)
  File "/home/mmaia/my_envs/liver_torch/lib/python3.8/site-packages/flwr/simulation/ray_transport/ray_actor.py", line 64, in run
    raise ClientAppException(str(ex)) from ex
flwr.client.client_app.ClientAppException: 
Exception ClientAppException occurred. Message: Not all values are of valid type. Expected `typing.Union[int, float, str, bytes, bool, typing.List[int], typing.List[float], typing.List[str], typing.List[bytes], typing.List[bool]]` but `<class 'torch.Tensor'>` was passed.

[2024-08-06 16:28:18,971][flwr][ERROR] - [36mray::ClientAppActor.run()[39m (pid=816397, ip=10.50.9.88, actor_id=be8092574ae3d1c08687b06401000000, repr=<flwr.simulation.ray_transport.ray_actor.ClientAppActor object at 0x7ff0d858a6a0>)
  File "/home/mmaia/my_envs/liver_torch/lib/python3.8/site-packages/flwr/client/client_app.py", line 98, in __call__
    return self._call(message, context)
  File "/home/mmaia/my_envs/liver_torch/lib/python3.8/site-packages/flwr/client/client_app.py", line 81, in ffn
    out_message = handle_legacy_message_from_msgtype(
  File "/home/mmaia/my_envs/liver_torch/lib/python3.8/site-packages/flwr/client/message_handler/message_handler.py", line 141, in handle_legacy_message_from_msgtype
    out_recordset = evaluateres_to_recordset(evaluate_res)
  File "/home/mmaia/my_envs/liver_torch/lib/python3.8/site-packages/flwr/common/recordset_compat.py", line 301, in evaluateres_to_recordset
    recordset.configs_records[f"{res_str}.metrics"] = ConfigsRecord(
  File "/home/mmaia/my_envs/liver_torch/lib/python3.8/site-packages/flwr/common/record/configsrecord.py", line 85, in __init__
    self[k] = configs_dict[k]
  File "/home/mmaia/my_envs/liver_torch/lib/python3.8/site-packages/flwr/common/record/typeddict.py", line 38, in __setitem__
    self._check_value_fn(value)
  File "/home/mmaia/my_envs/liver_torch/lib/python3.8/site-packages/flwr/common/record/configsrecord.py", line 57, in _check_value
    is_valid(value)
  File "/home/mmaia/my_envs/liver_torch/lib/python3.8/site-packages/flwr/common/record/configsrecord.py", line 35, in is_valid
    raise TypeError(
TypeError: Not all values are of valid type. Expected `typing.Union[int, float, str, bytes, bool, typing.List[int], typing.List[float], typing.List[str], typing.List[bytes], typing.List[bool]]` but `<class 'torch.Tensor'>` was passed.

The above exception was the direct cause of the following exception:

[36mray::ClientAppActor.run()[39m (pid=816397, ip=10.50.9.88, actor_id=be8092574ae3d1c08687b06401000000, repr=<flwr.simulation.ray_transport.ray_actor.ClientAppActor object at 0x7ff0d858a6a0>)
  File "/home/mmaia/my_envs/liver_torch/lib/python3.8/site-packages/flwr/simulation/ray_transport/ray_actor.py", line 64, in run
    raise ClientAppException(str(ex)) from ex
flwr.client.client_app.ClientAppException: 
Exception ClientAppException occurred. Message: Not all values are of valid type. Expected `typing.Union[int, float, str, bytes, bool, typing.List[int], typing.List[float], typing.List[str], typing.List[bytes], typing.List[bool]]` but `<class 'torch.Tensor'>` was passed.
[2024-08-06 16:28:19,580][flwr][ERROR] - Traceback (most recent call last):
  File "/home/mmaia/my_envs/liver_torch/lib/python3.8/site-packages/flwr/simulation/ray_transport/ray_client_proxy.py", line 73, in _submit_job
    out_mssg, updated_context = self.actor_pool.get_client_result(
  File "/home/mmaia/my_envs/liver_torch/lib/python3.8/site-packages/flwr/simulation/ray_transport/ray_actor.py", line 399, in get_client_result
    return self._fetch_future_result(cid)
  File "/home/mmaia/my_envs/liver_torch/lib/python3.8/site-packages/flwr/simulation/ray_transport/ray_actor.py", line 280, in _fetch_future_result
    res_cid, out_mssg, updated_context = ray.get(
  File "/home/mmaia/my_envs/liver_torch/lib/python3.8/site-packages/ray/_private/auto_init_hook.py", line 21, in auto_init_wrapper
    return fn(*args, **kwargs)
  File "/home/mmaia/my_envs/liver_torch/lib/python3.8/site-packages/ray/_private/client_mode_hook.py", line 103, in wrapper
    return func(*args, **kwargs)
  File "/home/mmaia/my_envs/liver_torch/lib/python3.8/site-packages/ray/_private/worker.py", line 2667, in get
    values, debugger_breakpoint = worker.get_objects(object_refs, timeout=timeout)
  File "/home/mmaia/my_envs/liver_torch/lib/python3.8/site-packages/ray/_private/worker.py", line 864, in get_objects
    raise value.as_instanceof_cause()
ray.exceptions.RayTaskError(ClientAppException): [36mray::ClientAppActor.run()[39m (pid=816397, ip=10.50.9.88, actor_id=be8092574ae3d1c08687b06401000000, repr=<flwr.simulation.ray_transport.ray_actor.ClientAppActor object at 0x7ff0d858a6a0>)
  File "/home/mmaia/my_envs/liver_torch/lib/python3.8/site-packages/flwr/client/client_app.py", line 98, in __call__
    return self._call(message, context)
  File "/home/mmaia/my_envs/liver_torch/lib/python3.8/site-packages/flwr/client/client_app.py", line 81, in ffn
    out_message = handle_legacy_message_from_msgtype(
  File "/home/mmaia/my_envs/liver_torch/lib/python3.8/site-packages/flwr/client/message_handler/message_handler.py", line 141, in handle_legacy_message_from_msgtype
    out_recordset = evaluateres_to_recordset(evaluate_res)
  File "/home/mmaia/my_envs/liver_torch/lib/python3.8/site-packages/flwr/common/recordset_compat.py", line 301, in evaluateres_to_recordset
    recordset.configs_records[f"{res_str}.metrics"] = ConfigsRecord(
  File "/home/mmaia/my_envs/liver_torch/lib/python3.8/site-packages/flwr/common/record/configsrecord.py", line 85, in __init__
    self[k] = configs_dict[k]
  File "/home/mmaia/my_envs/liver_torch/lib/python3.8/site-packages/flwr/common/record/typeddict.py", line 38, in __setitem__
    self._check_value_fn(value)
  File "/home/mmaia/my_envs/liver_torch/lib/python3.8/site-packages/flwr/common/record/configsrecord.py", line 57, in _check_value
    is_valid(value)
  File "/home/mmaia/my_envs/liver_torch/lib/python3.8/site-packages/flwr/common/record/configsrecord.py", line 35, in is_valid
    raise TypeError(
TypeError: Not all values are of valid type. Expected `typing.Union[int, float, str, bytes, bool, typing.List[int], typing.List[float], typing.List[str], typing.List[bytes], typing.List[bool]]` but `<class 'torch.Tensor'>` was passed.

The above exception was the direct cause of the following exception:

[36mray::ClientAppActor.run()[39m (pid=816397, ip=10.50.9.88, actor_id=be8092574ae3d1c08687b06401000000, repr=<flwr.simulation.ray_transport.ray_actor.ClientAppActor object at 0x7ff0d858a6a0>)
  File "/home/mmaia/my_envs/liver_torch/lib/python3.8/site-packages/flwr/simulation/ray_transport/ray_actor.py", line 64, in run
    raise ClientAppException(str(ex)) from ex
flwr.client.client_app.ClientAppException: 
Exception ClientAppException occurred. Message: Not all values are of valid type. Expected `typing.Union[int, float, str, bytes, bool, typing.List[int], typing.List[float], typing.List[str], typing.List[bytes], typing.List[bool]]` but `<class 'torch.Tensor'>` was passed.

[2024-08-06 16:28:19,581][flwr][ERROR] - [36mray::ClientAppActor.run()[39m (pid=816397, ip=10.50.9.88, actor_id=be8092574ae3d1c08687b06401000000, repr=<flwr.simulation.ray_transport.ray_actor.ClientAppActor object at 0x7ff0d858a6a0>)
  File "/home/mmaia/my_envs/liver_torch/lib/python3.8/site-packages/flwr/client/client_app.py", line 98, in __call__
    return self._call(message, context)
  File "/home/mmaia/my_envs/liver_torch/lib/python3.8/site-packages/flwr/client/client_app.py", line 81, in ffn
    out_message = handle_legacy_message_from_msgtype(
  File "/home/mmaia/my_envs/liver_torch/lib/python3.8/site-packages/flwr/client/message_handler/message_handler.py", line 141, in handle_legacy_message_from_msgtype
    out_recordset = evaluateres_to_recordset(evaluate_res)
  File "/home/mmaia/my_envs/liver_torch/lib/python3.8/site-packages/flwr/common/recordset_compat.py", line 301, in evaluateres_to_recordset
    recordset.configs_records[f"{res_str}.metrics"] = ConfigsRecord(
  File "/home/mmaia/my_envs/liver_torch/lib/python3.8/site-packages/flwr/common/record/configsrecord.py", line 85, in __init__
    self[k] = configs_dict[k]
  File "/home/mmaia/my_envs/liver_torch/lib/python3.8/site-packages/flwr/common/record/typeddict.py", line 38, in __setitem__
    self._check_value_fn(value)
  File "/home/mmaia/my_envs/liver_torch/lib/python3.8/site-packages/flwr/common/record/configsrecord.py", line 57, in _check_value
    is_valid(value)
  File "/home/mmaia/my_envs/liver_torch/lib/python3.8/site-packages/flwr/common/record/configsrecord.py", line 35, in is_valid
    raise TypeError(
TypeError: Not all values are of valid type. Expected `typing.Union[int, float, str, bytes, bool, typing.List[int], typing.List[float], typing.List[str], typing.List[bytes], typing.List[bool]]` but `<class 'torch.Tensor'>` was passed.

The above exception was the direct cause of the following exception:

[36mray::ClientAppActor.run()[39m (pid=816397, ip=10.50.9.88, actor_id=be8092574ae3d1c08687b06401000000, repr=<flwr.simulation.ray_transport.ray_actor.ClientAppActor object at 0x7ff0d858a6a0>)
  File "/home/mmaia/my_envs/liver_torch/lib/python3.8/site-packages/flwr/simulation/ray_transport/ray_actor.py", line 64, in run
    raise ClientAppException(str(ex)) from ex
flwr.client.client_app.ClientAppException: 
Exception ClientAppException occurred. Message: Not all values are of valid type. Expected `typing.Union[int, float, str, bytes, bool, typing.List[int], typing.List[float], typing.List[str], typing.List[bytes], typing.List[bool]]` but `<class 'torch.Tensor'>` was passed.
[2024-08-06 16:28:19,581][flwr][INFO] - aggregate_evaluate: received 0 results and 2 failures
[2024-08-06 16:28:19,582][flwr][INFO] - 
[2024-08-06 16:28:19,582][flwr][INFO] - [ROUND 4]
[2024-08-06 16:28:19,582][flwr][INFO] - configure_fit: strategy sampled 2 clients (out of 2)
