[2024-06-10 17:56:19,568][flwr][INFO] - Starting Flower simulation, config: num_rounds=30, no round_timeout
[2024-06-10 17:56:21,597][flwr][INFO] - Flower VCE: Ray initialized with resources: {'object_store_memory': 6900322713.0, 'memory': 13800645428.0, 'node:__internal_head__': 1.0, 'CPU': 16.0, 'node:10.250.130.147': 1.0}
[2024-06-10 17:56:21,598][flwr][INFO] - Optimize your simulation with Flower VCE: https://flower.ai/docs/framework/how-to-run-simulations.html
[2024-06-10 17:56:21,598][flwr][INFO] - No `client_resources` specified. Using minimal resources for clients.
[2024-06-10 17:56:21,598][flwr][INFO] - Flower VCE: Resources for each Virtual Client: {'num_cpus': 1, 'num_gpus': 0.0}
[2024-06-10 17:56:21,607][flwr][INFO] - Flower VCE: Creating VirtualClientEngineActorPool with 16 actors
[2024-06-10 17:56:21,607][flwr][INFO] - [INIT]
[2024-06-10 17:56:21,607][flwr][INFO] - Requesting initial parameters from one random client
[2024-06-10 17:56:23,650][flwr][INFO] - Received initial parameters from one random client
[2024-06-10 17:56:23,650][flwr][INFO] - Evaluating initial global parameters
[2024-06-10 17:56:24,778][flwr][INFO] - initial parameters (loss, other metrics): 182.0295648574829, {'accuracy': 0.098}
[2024-06-10 17:56:24,778][flwr][INFO] - 
[2024-06-10 17:56:24,778][flwr][INFO] - [ROUND 1]
[2024-06-10 17:56:24,778][flwr][INFO] - configure_fit: strategy sampled 10 clients (out of 100)
[2024-06-10 17:56:27,889][flwr][INFO] - aggregate_fit: received 10 results and 0 failures
[2024-06-10 17:56:27,894][flwr][WARNING] - No fit_metrics_aggregation_fn provided
[2024-06-10 17:56:28,961][flwr][INFO] - fit progress: (1, 181.91817593574524, {'accuracy': 0.098}, 4.183637798996642)
[2024-06-10 17:56:28,962][flwr][INFO] - configure_evaluate: no clients selected, skipping evaluation
[2024-06-10 17:56:28,962][flwr][INFO] - 
[2024-06-10 17:56:28,962][flwr][INFO] - [ROUND 2]
[2024-06-10 17:56:28,962][flwr][INFO] - configure_fit: strategy sampled 10 clients (out of 100)
[2024-06-10 17:56:30,219][flwr][INFO] - aggregate_fit: received 10 results and 0 failures
[2024-06-10 17:56:31,364][flwr][INFO] - fit progress: (2, 181.80277705192566, {'accuracy': 0.098}, 6.585816560997046)
[2024-06-10 17:56:31,364][flwr][INFO] - configure_evaluate: no clients selected, skipping evaluation
[2024-06-10 17:56:31,364][flwr][INFO] - 
[2024-06-10 17:56:31,364][flwr][INFO] - [ROUND 3]
[2024-06-10 17:56:31,364][flwr][INFO] - configure_fit: strategy sampled 10 clients (out of 100)
[2024-06-10 17:56:32,295][flwr][INFO] - aggregate_fit: received 10 results and 0 failures
[2024-06-10 17:56:33,392][flwr][INFO] - fit progress: (3, 181.683167219162, {'accuracy': 0.098}, 8.614516836998519)
[2024-06-10 17:56:33,393][flwr][INFO] - configure_evaluate: no clients selected, skipping evaluation
[2024-06-10 17:56:33,399][flwr][INFO] - 
[2024-06-10 17:56:33,400][flwr][INFO] - [ROUND 4]
[2024-06-10 17:56:33,400][flwr][INFO] - configure_fit: strategy sampled 10 clients (out of 100)
[2024-06-10 17:56:34,327][flwr][INFO] - aggregate_fit: received 10 results and 0 failures
[2024-06-10 17:56:35,395][flwr][INFO] - fit progress: (4, 181.55672669410706, {'accuracy': 0.098}, 10.616897710999183)
[2024-06-10 17:56:35,395][flwr][INFO] - configure_evaluate: no clients selected, skipping evaluation
[2024-06-10 17:56:35,395][flwr][INFO] - 
[2024-06-10 17:56:35,395][flwr][INFO] - [ROUND 5]
[2024-06-10 17:56:35,395][flwr][INFO] - configure_fit: strategy sampled 10 clients (out of 100)
[2024-06-10 17:56:36,301][flwr][INFO] - aggregate_fit: received 10 results and 0 failures
[2024-06-10 17:56:37,369][flwr][INFO] - fit progress: (5, 181.42272114753723, {'accuracy': 0.098}, 12.591359576996183)
[2024-06-10 17:56:37,369][flwr][INFO] - configure_evaluate: no clients selected, skipping evaluation
[2024-06-10 17:56:37,369][flwr][INFO] - 
[2024-06-10 17:56:37,370][flwr][INFO] - [ROUND 6]
[2024-06-10 17:56:37,370][flwr][INFO] - configure_fit: strategy sampled 10 clients (out of 100)
[2024-06-10 17:56:38,303][flwr][INFO] - aggregate_fit: received 10 results and 0 failures
[2024-06-10 17:56:39,381][flwr][INFO] - fit progress: (6, 181.27421951293945, {'accuracy': 0.0983}, 14.603179122997972)
[2024-06-10 17:56:39,381][flwr][INFO] - configure_evaluate: no clients selected, skipping evaluation
[2024-06-10 17:56:39,381][flwr][INFO] - 
[2024-06-10 17:56:39,381][flwr][INFO] - [ROUND 7]
[2024-06-10 17:56:39,382][flwr][INFO] - configure_fit: strategy sampled 10 clients (out of 100)
[2024-06-10 17:56:40,292][flwr][INFO] - aggregate_fit: received 10 results and 0 failures
[2024-06-10 17:56:41,363][flwr][INFO] - fit progress: (7, 181.11279320716858, {'accuracy': 0.0984}, 16.58481386600033)
[2024-06-10 17:56:41,363][flwr][INFO] - configure_evaluate: no clients selected, skipping evaluation
[2024-06-10 17:56:41,363][flwr][INFO] - 
[2024-06-10 17:56:41,363][flwr][INFO] - [ROUND 8]
[2024-06-10 17:56:41,363][flwr][INFO] - configure_fit: strategy sampled 10 clients (out of 100)
[2024-06-10 17:56:42,250][flwr][INFO] - aggregate_fit: received 10 results and 0 failures
[2024-06-10 17:56:43,374][flwr][INFO] - fit progress: (8, 180.94155502319336, {'accuracy': 0.0989}, 18.596547134999128)
[2024-06-10 17:56:43,375][flwr][INFO] - configure_evaluate: no clients selected, skipping evaluation
[2024-06-10 17:56:43,375][flwr][INFO] - 
[2024-06-10 17:56:43,375][flwr][INFO] - [ROUND 9]
[2024-06-10 17:56:43,375][flwr][INFO] - configure_fit: strategy sampled 10 clients (out of 100)
[2024-06-10 17:56:44,325][flwr][INFO] - aggregate_fit: received 10 results and 0 failures
[2024-06-10 17:56:45,415][flwr][INFO] - fit progress: (9, 180.7553005218506, {'accuracy': 0.0994}, 20.63718456899369)
[2024-06-10 17:56:45,415][flwr][INFO] - configure_evaluate: no clients selected, skipping evaluation
[2024-06-10 17:56:45,415][flwr][INFO] - 
[2024-06-10 17:56:45,415][flwr][INFO] - [ROUND 10]
[2024-06-10 17:56:45,416][flwr][INFO] - configure_fit: strategy sampled 10 clients (out of 100)
[2024-06-10 17:56:46,372][flwr][INFO] - aggregate_fit: received 10 results and 0 failures
[2024-06-10 17:56:47,476][flwr][INFO] - fit progress: (10, 180.55199909210205, {'accuracy': 0.105}, 22.69782188499812)
[2024-06-10 17:56:47,476][flwr][INFO] - configure_evaluate: no clients selected, skipping evaluation
[2024-06-10 17:56:47,476][flwr][INFO] - 
[2024-06-10 17:56:47,476][flwr][INFO] - [ROUND 11]
[2024-06-10 17:56:47,476][flwr][INFO] - configure_fit: strategy sampled 10 clients (out of 100)
[2024-06-10 17:56:48,433][flwr][INFO] - aggregate_fit: received 10 results and 0 failures
[2024-06-10 17:56:49,543][flwr][INFO] - fit progress: (11, 180.3237452507019, {'accuracy': 0.123}, 24.764673578996735)
[2024-06-10 17:56:49,543][flwr][INFO] - configure_evaluate: no clients selected, skipping evaluation
[2024-06-10 17:56:49,543][flwr][INFO] - 
[2024-06-10 17:56:49,543][flwr][INFO] - [ROUND 12]
[2024-06-10 17:56:49,543][flwr][INFO] - configure_fit: strategy sampled 10 clients (out of 100)
[2024-06-10 17:56:50,510][flwr][INFO] - aggregate_fit: received 10 results and 0 failures
[2024-06-10 17:56:51,612][flwr][INFO] - fit progress: (12, 180.05528950691223, {'accuracy': 0.148}, 26.833669897998334)
[2024-06-10 17:56:51,612][flwr][INFO] - configure_evaluate: no clients selected, skipping evaluation
[2024-06-10 17:56:51,612][flwr][INFO] - 
[2024-06-10 17:56:51,612][flwr][INFO] - [ROUND 13]
[2024-06-10 17:56:51,612][flwr][INFO] - configure_fit: strategy sampled 10 clients (out of 100)
[2024-06-10 17:56:52,547][flwr][INFO] - aggregate_fit: received 10 results and 0 failures
[2024-06-10 17:56:53,627][flwr][INFO] - fit progress: (13, 179.75417065620422, {'accuracy': 0.1659}, 28.849197039999126)
[2024-06-10 17:56:53,627][flwr][INFO] - configure_evaluate: no clients selected, skipping evaluation
[2024-06-10 17:56:53,634][flwr][INFO] - 
[2024-06-10 17:56:53,634][flwr][INFO] - [ROUND 14]
[2024-06-10 17:56:53,634][flwr][INFO] - configure_fit: strategy sampled 10 clients (out of 100)
[2024-06-10 17:56:54,556][flwr][INFO] - aggregate_fit: received 10 results and 0 failures
[2024-06-10 17:56:55,637][flwr][INFO] - fit progress: (14, 179.39639401435852, {'accuracy': 0.1812}, 30.859511141999974)
[2024-06-10 17:56:55,638][flwr][INFO] - configure_evaluate: no clients selected, skipping evaluation
[2024-06-10 17:56:55,638][flwr][INFO] - 
[2024-06-10 17:56:55,638][flwr][INFO] - [ROUND 15]
[2024-06-10 17:56:55,638][flwr][INFO] - configure_fit: strategy sampled 10 clients (out of 100)
[2024-06-10 17:56:56,575][flwr][INFO] - aggregate_fit: received 10 results and 0 failures
[2024-06-10 17:56:57,677][flwr][INFO] - fit progress: (15, 178.97839832305908, {'accuracy': 0.193}, 32.89963829899352)
[2024-06-10 17:56:57,678][flwr][INFO] - configure_evaluate: no clients selected, skipping evaluation
[2024-06-10 17:56:57,678][flwr][INFO] - 
[2024-06-10 17:56:57,678][flwr][INFO] - [ROUND 16]
[2024-06-10 17:56:57,678][flwr][INFO] - configure_fit: strategy sampled 10 clients (out of 100)
[2024-06-10 17:56:58,624][flwr][INFO] - aggregate_fit: received 10 results and 0 failures
[2024-06-10 17:56:59,789][flwr][INFO] - fit progress: (16, 178.47727417945862, {'accuracy': 0.208}, 35.01154030199541)
[2024-06-10 17:56:59,790][flwr][INFO] - configure_evaluate: no clients selected, skipping evaluation
[2024-06-10 17:56:59,790][flwr][INFO] - 
[2024-06-10 17:56:59,790][flwr][INFO] - [ROUND 17]
[2024-06-10 17:56:59,790][flwr][INFO] - configure_fit: strategy sampled 10 clients (out of 100)
[2024-06-10 17:57:00,720][flwr][INFO] - aggregate_fit: received 10 results and 0 failures
[2024-06-10 17:57:01,808][flwr][INFO] - fit progress: (17, 177.87662601470947, {'accuracy': 0.2387}, 37.02989216599963)
[2024-06-10 17:57:01,808][flwr][INFO] - configure_evaluate: no clients selected, skipping evaluation
[2024-06-10 17:57:01,808][flwr][INFO] - 
[2024-06-10 17:57:01,808][flwr][INFO] - [ROUND 18]
[2024-06-10 17:57:01,808][flwr][INFO] - configure_fit: strategy sampled 10 clients (out of 100)
[2024-06-10 17:57:02,744][flwr][INFO] - aggregate_fit: received 10 results and 0 failures
[2024-06-10 17:57:03,833][flwr][INFO] - fit progress: (18, 177.14084482192993, {'accuracy': 0.2682}, 39.055397974996595)
[2024-06-10 17:57:03,833][flwr][INFO] - configure_evaluate: no clients selected, skipping evaluation
[2024-06-10 17:57:03,834][flwr][INFO] - 
[2024-06-10 17:57:03,834][flwr][INFO] - [ROUND 19]
[2024-06-10 17:57:03,834][flwr][INFO] - configure_fit: strategy sampled 10 clients (out of 100)
[2024-06-10 17:57:04,788][flwr][INFO] - aggregate_fit: received 10 results and 0 failures
[2024-06-10 17:57:05,881][flwr][INFO] - fit progress: (19, 176.22650170326233, {'accuracy': 0.3021}, 41.10265382199577)
[2024-06-10 17:57:05,881][flwr][INFO] - configure_evaluate: no clients selected, skipping evaluation
[2024-06-10 17:57:05,881][flwr][INFO] - 
[2024-06-10 17:57:05,881][flwr][INFO] - [ROUND 20]
[2024-06-10 17:57:05,881][flwr][INFO] - configure_fit: strategy sampled 10 clients (out of 100)
[2024-06-10 17:57:06,781][flwr][INFO] - aggregate_fit: received 10 results and 0 failures
[2024-06-10 17:57:07,875][flwr][INFO] - fit progress: (20, 175.08091354370117, {'accuracy': 0.3218}, 43.09678979799355)
[2024-06-10 17:57:07,875][flwr][INFO] - configure_evaluate: no clients selected, skipping evaluation
[2024-06-10 17:57:07,875][flwr][INFO] - 
[2024-06-10 17:57:07,875][flwr][INFO] - [ROUND 21]
[2024-06-10 17:57:07,875][flwr][INFO] - configure_fit: strategy sampled 10 clients (out of 100)
[2024-06-10 17:57:08,772][flwr][INFO] - aggregate_fit: received 10 results and 0 failures
[2024-06-10 17:57:09,890][flwr][INFO] - fit progress: (21, 173.65164160728455, {'accuracy': 0.3482}, 45.11227252099343)
[2024-06-10 17:57:09,890][flwr][INFO] - configure_evaluate: no clients selected, skipping evaluation
[2024-06-10 17:57:09,890][flwr][INFO] - 
[2024-06-10 17:57:09,890][flwr][INFO] - [ROUND 22]
[2024-06-10 17:57:09,891][flwr][INFO] - configure_fit: strategy sampled 10 clients (out of 100)
[2024-06-10 17:57:10,907][flwr][INFO] - aggregate_fit: received 10 results and 0 failures
[2024-06-10 17:57:12,007][flwr][INFO] - fit progress: (22, 171.83826279640198, {'accuracy': 0.4035}, 47.22929158599436)
[2024-06-10 17:57:12,007][flwr][INFO] - configure_evaluate: no clients selected, skipping evaluation
[2024-06-10 17:57:12,007][flwr][INFO] - 
[2024-06-10 17:57:12,007][flwr][INFO] - [ROUND 23]
[2024-06-10 17:57:12,008][flwr][INFO] - configure_fit: strategy sampled 10 clients (out of 100)
[2024-06-10 17:57:13,054][flwr][INFO] - aggregate_fit: received 10 results and 0 failures
[2024-06-10 17:57:14,109][flwr][INFO] - fit progress: (23, 169.43563532829285, {'accuracy': 0.4295}, 49.33094517299469)
[2024-06-10 17:57:14,109][flwr][INFO] - configure_evaluate: no clients selected, skipping evaluation
[2024-06-10 17:57:14,109][flwr][INFO] - 
[2024-06-10 17:57:14,109][flwr][INFO] - [ROUND 24]
[2024-06-10 17:57:14,109][flwr][INFO] - configure_fit: strategy sampled 10 clients (out of 100)
[2024-06-10 17:57:15,059][flwr][INFO] - aggregate_fit: received 10 results and 0 failures
[2024-06-10 17:57:16,151][flwr][INFO] - fit progress: (24, 166.24068999290466, {'accuracy': 0.4593}, 51.373393930996826)
[2024-06-10 17:57:16,151][flwr][INFO] - configure_evaluate: no clients selected, skipping evaluation
[2024-06-10 17:57:16,152][flwr][INFO] - 
[2024-06-10 17:57:16,152][flwr][INFO] - [ROUND 25]
[2024-06-10 17:57:16,152][flwr][INFO] - configure_fit: strategy sampled 10 clients (out of 100)
[2024-06-10 17:57:17,104][flwr][INFO] - aggregate_fit: received 10 results and 0 failures
[2024-06-10 17:57:18,225][flwr][INFO] - fit progress: (25, 161.90932297706604, {'accuracy': 0.4802}, 53.44710236599349)
[2024-06-10 17:57:18,225][flwr][INFO] - configure_evaluate: no clients selected, skipping evaluation
[2024-06-10 17:57:18,225][flwr][INFO] - 
[2024-06-10 17:57:18,225][flwr][INFO] - [ROUND 26]
[2024-06-10 17:57:18,226][flwr][INFO] - configure_fit: strategy sampled 10 clients (out of 100)
[2024-06-10 17:57:19,185][flwr][INFO] - aggregate_fit: received 10 results and 0 failures
[2024-06-10 17:57:20,289][flwr][INFO] - fit progress: (26, 156.16652965545654, {'accuracy': 0.5367}, 55.51111022300029)
[2024-06-10 17:57:20,289][flwr][INFO] - configure_evaluate: no clients selected, skipping evaluation
[2024-06-10 17:57:20,289][flwr][INFO] - 
[2024-06-10 17:57:20,289][flwr][INFO] - [ROUND 27]
[2024-06-10 17:57:20,289][flwr][INFO] - configure_fit: strategy sampled 10 clients (out of 100)
[2024-06-10 17:57:21,232][flwr][INFO] - aggregate_fit: received 10 results and 0 failures
[2024-06-10 17:57:22,292][flwr][INFO] - fit progress: (27, 148.28895604610443, {'accuracy': 0.5617}, 57.51452531799441)
[2024-06-10 17:57:22,293][flwr][INFO] - configure_evaluate: no clients selected, skipping evaluation
[2024-06-10 17:57:22,293][flwr][INFO] - 
[2024-06-10 17:57:22,293][flwr][INFO] - [ROUND 28]
[2024-06-10 17:57:22,293][flwr][INFO] - configure_fit: strategy sampled 10 clients (out of 100)
[2024-06-10 17:57:23,201][flwr][INFO] - aggregate_fit: received 10 results and 0 failures
[2024-06-10 17:57:24,273][flwr][INFO] - fit progress: (28, 138.07260715961456, {'accuracy': 0.5811}, 59.494819807994645)
[2024-06-10 17:57:24,273][flwr][INFO] - configure_evaluate: no clients selected, skipping evaluation
[2024-06-10 17:57:24,273][flwr][INFO] - 
[2024-06-10 17:57:24,273][flwr][INFO] - [ROUND 29]
[2024-06-10 17:57:24,273][flwr][INFO] - configure_fit: strategy sampled 10 clients (out of 100)
[2024-06-10 17:57:25,188][flwr][INFO] - aggregate_fit: received 10 results and 0 failures
[2024-06-10 17:57:26,255][flwr][INFO] - fit progress: (29, 125.5198963880539, {'accuracy': 0.6367}, 61.47694390799734)
[2024-06-10 17:57:26,255][flwr][INFO] - configure_evaluate: no clients selected, skipping evaluation
[2024-06-10 17:57:26,255][flwr][INFO] - 
[2024-06-10 17:57:26,255][flwr][INFO] - [ROUND 30]
[2024-06-10 17:57:26,255][flwr][INFO] - configure_fit: strategy sampled 10 clients (out of 100)
[2024-06-10 17:57:27,224][flwr][INFO] - aggregate_fit: received 10 results and 0 failures
[2024-06-10 17:57:28,293][flwr][INFO] - fit progress: (30, 111.54424512386322, {'accuracy': 0.6687}, 63.51533028799895)
[2024-06-10 17:57:28,293][flwr][INFO] - configure_evaluate: no clients selected, skipping evaluation
[2024-06-10 17:57:28,294][flwr][INFO] - 
[2024-06-10 17:57:28,294][flwr][INFO] - [SUMMARY]
[2024-06-10 17:57:28,294][flwr][INFO] - Run finished 30 rounds in 63.52s
[2024-06-10 17:57:28,294][flwr][INFO] - History (loss, centralized):
[2024-06-10 17:57:28,294][flwr][INFO] - 	('\tround 0: 182.0295648574829\n'
[2024-06-10 17:57:28,294][flwr][INFO] - 	 '\tround 1: 181.91817593574524\n'
[2024-06-10 17:57:28,294][flwr][INFO] - 	 '\tround 2: 181.80277705192566\n'
[2024-06-10 17:57:28,294][flwr][INFO] - 	 '\tround 3: 181.683167219162\n'
[2024-06-10 17:57:28,294][flwr][INFO] - 	 '\tround 4: 181.55672669410706\n'
[2024-06-10 17:57:28,294][flwr][INFO] - 	 '\tround 5: 181.42272114753723\n'
[2024-06-10 17:57:28,294][flwr][INFO] - 	 '\tround 6: 181.27421951293945\n'
[2024-06-10 17:57:28,294][flwr][INFO] - 	 '\tround 7: 181.11279320716858\n'
[2024-06-10 17:57:28,294][flwr][INFO] - 	 '\tround 8: 180.94155502319336\n'
[2024-06-10 17:57:28,294][flwr][INFO] - 	 '\tround 9: 180.7553005218506\n'
[2024-06-10 17:57:28,294][flwr][INFO] - 	 '\tround 10: 180.55199909210205\n'
[2024-06-10 17:57:28,295][flwr][INFO] - 	 '\tround 11: 180.3237452507019\n'
[2024-06-10 17:57:28,295][flwr][INFO] - 	 '\tround 12: 180.05528950691223\n'
[2024-06-10 17:57:28,295][flwr][INFO] - 	 '\tround 13: 179.75417065620422\n'
[2024-06-10 17:57:28,295][flwr][INFO] - 	 '\tround 14: 179.39639401435852\n'
[2024-06-10 17:57:28,295][flwr][INFO] - 	 '\tround 15: 178.97839832305908\n'
[2024-06-10 17:57:28,295][flwr][INFO] - 	 '\tround 16: 178.47727417945862\n'
[2024-06-10 17:57:28,295][flwr][INFO] - 	 '\tround 17: 177.87662601470947\n'
[2024-06-10 17:57:28,295][flwr][INFO] - 	 '\tround 18: 177.14084482192993\n'
[2024-06-10 17:57:28,295][flwr][INFO] - 	 '\tround 19: 176.22650170326233\n'
[2024-06-10 17:57:28,295][flwr][INFO] - 	 '\tround 20: 175.08091354370117\n'
[2024-06-10 17:57:28,295][flwr][INFO] - 	 '\tround 21: 173.65164160728455\n'
[2024-06-10 17:57:28,295][flwr][INFO] - 	 '\tround 22: 171.83826279640198\n'
[2024-06-10 17:57:28,295][flwr][INFO] - 	 '\tround 23: 169.43563532829285\n'
[2024-06-10 17:57:28,295][flwr][INFO] - 	 '\tround 24: 166.24068999290466\n'
[2024-06-10 17:57:28,295][flwr][INFO] - 	 '\tround 25: 161.90932297706604\n'
[2024-06-10 17:57:28,295][flwr][INFO] - 	 '\tround 26: 156.16652965545654\n'
[2024-06-10 17:57:28,295][flwr][INFO] - 	 '\tround 27: 148.28895604610443\n'
[2024-06-10 17:57:28,295][flwr][INFO] - 	 '\tround 28: 138.07260715961456\n'
[2024-06-10 17:57:28,295][flwr][INFO] - 	 '\tround 29: 125.5198963880539\n'
[2024-06-10 17:57:28,295][flwr][INFO] - 	 '\tround 30: 111.54424512386322\n')History (metrics, centralized):
[2024-06-10 17:57:28,295][flwr][INFO] - 	{'accuracy': [(0, 0.098),
[2024-06-10 17:57:28,295][flwr][INFO] - 	              (1, 0.098),
[2024-06-10 17:57:28,295][flwr][INFO] - 	              (2, 0.098),
[2024-06-10 17:57:28,295][flwr][INFO] - 	              (3, 0.098),
[2024-06-10 17:57:28,295][flwr][INFO] - 	              (4, 0.098),
[2024-06-10 17:57:28,295][flwr][INFO] - 	              (5, 0.098),
[2024-06-10 17:57:28,295][flwr][INFO] - 	              (6, 0.0983),
[2024-06-10 17:57:28,295][flwr][INFO] - 	              (7, 0.0984),
[2024-06-10 17:57:28,295][flwr][INFO] - 	              (8, 0.0989),
[2024-06-10 17:57:28,295][flwr][INFO] - 	              (9, 0.0994),
[2024-06-10 17:57:28,296][flwr][INFO] - 	              (10, 0.105),
[2024-06-10 17:57:28,296][flwr][INFO] - 	              (11, 0.123),
[2024-06-10 17:57:28,296][flwr][INFO] - 	              (12, 0.148),
[2024-06-10 17:57:28,296][flwr][INFO] - 	              (13, 0.1659),
[2024-06-10 17:57:28,296][flwr][INFO] - 	              (14, 0.1812),
[2024-06-10 17:57:28,296][flwr][INFO] - 	              (15, 0.193),
[2024-06-10 17:57:28,296][flwr][INFO] - 	              (16, 0.208),
[2024-06-10 17:57:28,296][flwr][INFO] - 	              (17, 0.2387),
[2024-06-10 17:57:28,296][flwr][INFO] - 	              (18, 0.2682),
[2024-06-10 17:57:28,296][flwr][INFO] - 	              (19, 0.3021),
[2024-06-10 17:57:28,296][flwr][INFO] - 	              (20, 0.3218),
[2024-06-10 17:57:28,296][flwr][INFO] - 	              (21, 0.3482),
[2024-06-10 17:57:28,296][flwr][INFO] - 	              (22, 0.4035),
[2024-06-10 17:57:28,296][flwr][INFO] - 	              (23, 0.4295),
[2024-06-10 17:57:28,296][flwr][INFO] - 	              (24, 0.4593),
[2024-06-10 17:57:28,296][flwr][INFO] - 	              (25, 0.4802),
[2024-06-10 17:57:28,296][flwr][INFO] - 	              (26, 0.5367),
[2024-06-10 17:57:28,296][flwr][INFO] - 	              (27, 0.5617),
[2024-06-10 17:57:28,296][flwr][INFO] - 	              (28, 0.5811),
[2024-06-10 17:57:28,296][flwr][INFO] - 	              (29, 0.6367),
[2024-06-10 17:57:28,296][flwr][INFO] - 	              (30, 0.6687)]}
[2024-06-10 17:57:28,296][flwr][INFO] - 
