[2024-08-01 15:47:39,877][flwr][INFO] - Starting Flower simulation, config: num_rounds=15, no round_timeout
[2024-08-01 15:47:42,495][flwr][INFO] - Flower VCE: Ray initialized with resources: {'object_store_memory': 35790463795.0, 'node:10.50.9.88': 1.0, 'memory': 73511082189.0, 'node:__internal_head__': 1.0, 'CPU': 8.0, 'accelerator_type:T4': 1.0, 'GPU': 1.0}
[2024-08-01 15:47:42,495][flwr][INFO] - Optimize your simulation with Flower VCE: https://flower.ai/docs/framework/how-to-run-simulations.html
[2024-08-01 15:47:42,495][flwr][INFO] - Flower VCE: Resources for each Virtual Client: {'num_cpus': 3, 'num_gpus': 0.0}
[2024-08-01 15:47:42,510][flwr][INFO] - Flower VCE: Creating VirtualClientEngineActorPool with 2 actors
[2024-08-01 15:47:42,510][flwr][INFO] - [INIT]
[2024-08-01 15:47:42,510][flwr][INFO] - Requesting initial parameters from one random client
[2024-08-01 15:47:45,612][flwr][INFO] - Received initial parameters from one random client
[2024-08-01 15:47:45,612][flwr][INFO] - Evaluating initial global parameters
[2024-08-01 15:53:01,339][flwr][INFO] - initial parameters (loss, other metrics): 0.6574150645914986, OrderedDict([('ind_iou_0', 1.6330440536338512e-10), ('ind_dice_liver_0', tensor(0.1505, dtype=torch.float64)), ('ind_dice_tumour_0', tensor(0.0093, dtype=torch.float64)), ('ind_iou_1', 1.5718651702907328e-10), ('ind_dice_liver_1', tensor(0.1517, dtype=torch.float64)), ('ind_dice_tumour_1', tensor(0.0081, dtype=torch.float64)), ('all_iou', 1.6608541147095734e-10), ('all_dice_liver', tensor(0.1508, dtype=torch.float64)), ('all_dice_tumour', tensor(0.0092, dtype=torch.float64))])
[2024-08-01 15:53:01,344][flwr][INFO] - 
[2024-08-01 15:53:01,344][flwr][INFO] - [ROUND 1]
[2024-08-01 15:53:01,344][flwr][INFO] - configure_fit: strategy sampled 2 clients (out of 2)
[2024-08-01 15:53:01,614][flwr][ERROR] - Traceback (most recent call last):
  File "/home/mmaia/my_envs/liver_torch/lib/python3.8/site-packages/flwr/simulation/ray_transport/ray_client_proxy.py", line 73, in _submit_job
    out_mssg, updated_context = self.actor_pool.get_client_result(
  File "/home/mmaia/my_envs/liver_torch/lib/python3.8/site-packages/flwr/simulation/ray_transport/ray_actor.py", line 399, in get_client_result
    return self._fetch_future_result(cid)
  File "/home/mmaia/my_envs/liver_torch/lib/python3.8/site-packages/flwr/simulation/ray_transport/ray_actor.py", line 280, in _fetch_future_result
    res_cid, out_mssg, updated_context = ray.get(
  File "/home/mmaia/my_envs/liver_torch/lib/python3.8/site-packages/ray/_private/auto_init_hook.py", line 21, in auto_init_wrapper
    return fn(*args, **kwargs)
  File "/home/mmaia/my_envs/liver_torch/lib/python3.8/site-packages/ray/_private/client_mode_hook.py", line 103, in wrapper
    return func(*args, **kwargs)
  File "/home/mmaia/my_envs/liver_torch/lib/python3.8/site-packages/ray/_private/worker.py", line 2667, in get
    values, debugger_breakpoint = worker.get_objects(object_refs, timeout=timeout)
  File "/home/mmaia/my_envs/liver_torch/lib/python3.8/site-packages/ray/_private/worker.py", line 864, in get_objects
    raise value.as_instanceof_cause()
ray.exceptions.RayTaskError(ClientAppException): [36mray::ClientAppActor.run()[39m (pid=2968808, ip=10.50.9.88, actor_id=372b70363938250b0e34486201000000, repr=<flwr.simulation.ray_transport.ray_actor.ClientAppActor object at 0x7fc0a004d730>)
  File "/home/mmaia/my_envs/liver_torch/lib/python3.8/site-packages/flwr/client/client_app.py", line 98, in __call__
    return self._call(message, context)
  File "/home/mmaia/my_envs/liver_torch/lib/python3.8/site-packages/flwr/client/client_app.py", line 81, in ffn
    out_message = handle_legacy_message_from_msgtype(
  File "/home/mmaia/my_envs/liver_torch/lib/python3.8/site-packages/flwr/client/message_handler/message_handler.py", line 130, in handle_legacy_message_from_msgtype
    fit_res = maybe_call_fit(
  File "/home/mmaia/my_envs/liver_torch/lib/python3.8/site-packages/flwr/client/client.py", line 234, in maybe_call_fit
    return client.fit(fit_ins)
  File "/home/mmaia/my_envs/liver_torch/lib/python3.8/site-packages/flwr/client/numpy_client.py", line 238, in _fit
    results = self.numpy_client.fit(parameters, ins.config)  # type: ignore
  File "/home/mmaia/fedliver_v2/client.py", line 65, in fit
    train(self.model,self.trainloader,optimizer,criterion,self.device, self.cfg.local_epochs)
TypeError: train() missing 1 required positional argument: 'epochs'

The above exception was the direct cause of the following exception:

[36mray::ClientAppActor.run()[39m (pid=2968808, ip=10.50.9.88, actor_id=372b70363938250b0e34486201000000, repr=<flwr.simulation.ray_transport.ray_actor.ClientAppActor object at 0x7fc0a004d730>)
  File "/home/mmaia/my_envs/liver_torch/lib/python3.8/site-packages/flwr/simulation/ray_transport/ray_actor.py", line 64, in run
    raise ClientAppException(str(ex)) from ex
flwr.client.client_app.ClientAppException: 
Exception ClientAppException occurred. Message: train() missing 1 required positional argument: 'epochs'

[2024-08-01 15:53:01,615][flwr][ERROR] - [36mray::ClientAppActor.run()[39m (pid=2968808, ip=10.50.9.88, actor_id=372b70363938250b0e34486201000000, repr=<flwr.simulation.ray_transport.ray_actor.ClientAppActor object at 0x7fc0a004d730>)
  File "/home/mmaia/my_envs/liver_torch/lib/python3.8/site-packages/flwr/client/client_app.py", line 98, in __call__
    return self._call(message, context)
  File "/home/mmaia/my_envs/liver_torch/lib/python3.8/site-packages/flwr/client/client_app.py", line 81, in ffn
    out_message = handle_legacy_message_from_msgtype(
  File "/home/mmaia/my_envs/liver_torch/lib/python3.8/site-packages/flwr/client/message_handler/message_handler.py", line 130, in handle_legacy_message_from_msgtype
    fit_res = maybe_call_fit(
  File "/home/mmaia/my_envs/liver_torch/lib/python3.8/site-packages/flwr/client/client.py", line 234, in maybe_call_fit
    return client.fit(fit_ins)
  File "/home/mmaia/my_envs/liver_torch/lib/python3.8/site-packages/flwr/client/numpy_client.py", line 238, in _fit
    results = self.numpy_client.fit(parameters, ins.config)  # type: ignore
  File "/home/mmaia/fedliver_v2/client.py", line 65, in fit
    train(self.model,self.trainloader,optimizer,criterion,self.device, self.cfg.local_epochs)
TypeError: train() missing 1 required positional argument: 'epochs'

The above exception was the direct cause of the following exception:

[36mray::ClientAppActor.run()[39m (pid=2968808, ip=10.50.9.88, actor_id=372b70363938250b0e34486201000000, repr=<flwr.simulation.ray_transport.ray_actor.ClientAppActor object at 0x7fc0a004d730>)
  File "/home/mmaia/my_envs/liver_torch/lib/python3.8/site-packages/flwr/simulation/ray_transport/ray_actor.py", line 64, in run
    raise ClientAppException(str(ex)) from ex
flwr.client.client_app.ClientAppException: 
Exception ClientAppException occurred. Message: train() missing 1 required positional argument: 'epochs'
[2024-08-01 15:53:03,914][flwr][ERROR] - Traceback (most recent call last):
  File "/home/mmaia/my_envs/liver_torch/lib/python3.8/site-packages/flwr/simulation/ray_transport/ray_client_proxy.py", line 73, in _submit_job
    out_mssg, updated_context = self.actor_pool.get_client_result(
  File "/home/mmaia/my_envs/liver_torch/lib/python3.8/site-packages/flwr/simulation/ray_transport/ray_actor.py", line 399, in get_client_result
    return self._fetch_future_result(cid)
  File "/home/mmaia/my_envs/liver_torch/lib/python3.8/site-packages/flwr/simulation/ray_transport/ray_actor.py", line 280, in _fetch_future_result
    res_cid, out_mssg, updated_context = ray.get(
  File "/home/mmaia/my_envs/liver_torch/lib/python3.8/site-packages/ray/_private/auto_init_hook.py", line 21, in auto_init_wrapper
    return fn(*args, **kwargs)
  File "/home/mmaia/my_envs/liver_torch/lib/python3.8/site-packages/ray/_private/client_mode_hook.py", line 103, in wrapper
    return func(*args, **kwargs)
  File "/home/mmaia/my_envs/liver_torch/lib/python3.8/site-packages/ray/_private/worker.py", line 2667, in get
    values, debugger_breakpoint = worker.get_objects(object_refs, timeout=timeout)
  File "/home/mmaia/my_envs/liver_torch/lib/python3.8/site-packages/ray/_private/worker.py", line 864, in get_objects
    raise value.as_instanceof_cause()
ray.exceptions.RayTaskError(ClientAppException): [36mray::ClientAppActor.run()[39m (pid=2968809, ip=10.50.9.88, actor_id=d2a89a30ca0e1a2b1363a89d01000000, repr=<flwr.simulation.ray_transport.ray_actor.ClientAppActor object at 0x7f456c1df700>)
  File "/home/mmaia/my_envs/liver_torch/lib/python3.8/site-packages/flwr/client/client_app.py", line 98, in __call__
    return self._call(message, context)
  File "/home/mmaia/my_envs/liver_torch/lib/python3.8/site-packages/flwr/client/client_app.py", line 81, in ffn
    out_message = handle_legacy_message_from_msgtype(
  File "/home/mmaia/my_envs/liver_torch/lib/python3.8/site-packages/flwr/client/message_handler/message_handler.py", line 130, in handle_legacy_message_from_msgtype
    fit_res = maybe_call_fit(
  File "/home/mmaia/my_envs/liver_torch/lib/python3.8/site-packages/flwr/client/client.py", line 234, in maybe_call_fit
    return client.fit(fit_ins)
  File "/home/mmaia/my_envs/liver_torch/lib/python3.8/site-packages/flwr/client/numpy_client.py", line 238, in _fit
    results = self.numpy_client.fit(parameters, ins.config)  # type: ignore
  File "/home/mmaia/fedliver_v2/client.py", line 65, in fit
    train(self.model,self.trainloader,optimizer,criterion,self.device, self.cfg.local_epochs)
TypeError: train() missing 1 required positional argument: 'epochs'

The above exception was the direct cause of the following exception:

[36mray::ClientAppActor.run()[39m (pid=2968809, ip=10.50.9.88, actor_id=d2a89a30ca0e1a2b1363a89d01000000, repr=<flwr.simulation.ray_transport.ray_actor.ClientAppActor object at 0x7f456c1df700>)
  File "/home/mmaia/my_envs/liver_torch/lib/python3.8/site-packages/flwr/simulation/ray_transport/ray_actor.py", line 64, in run
    raise ClientAppException(str(ex)) from ex
flwr.client.client_app.ClientAppException: 
Exception ClientAppException occurred. Message: train() missing 1 required positional argument: 'epochs'

[2024-08-01 15:53:03,914][flwr][ERROR] - [36mray::ClientAppActor.run()[39m (pid=2968809, ip=10.50.9.88, actor_id=d2a89a30ca0e1a2b1363a89d01000000, repr=<flwr.simulation.ray_transport.ray_actor.ClientAppActor object at 0x7f456c1df700>)
  File "/home/mmaia/my_envs/liver_torch/lib/python3.8/site-packages/flwr/client/client_app.py", line 98, in __call__
    return self._call(message, context)
  File "/home/mmaia/my_envs/liver_torch/lib/python3.8/site-packages/flwr/client/client_app.py", line 81, in ffn
    out_message = handle_legacy_message_from_msgtype(
  File "/home/mmaia/my_envs/liver_torch/lib/python3.8/site-packages/flwr/client/message_handler/message_handler.py", line 130, in handle_legacy_message_from_msgtype
    fit_res = maybe_call_fit(
  File "/home/mmaia/my_envs/liver_torch/lib/python3.8/site-packages/flwr/client/client.py", line 234, in maybe_call_fit
    return client.fit(fit_ins)
  File "/home/mmaia/my_envs/liver_torch/lib/python3.8/site-packages/flwr/client/numpy_client.py", line 238, in _fit
    results = self.numpy_client.fit(parameters, ins.config)  # type: ignore
  File "/home/mmaia/fedliver_v2/client.py", line 65, in fit
    train(self.model,self.trainloader,optimizer,criterion,self.device, self.cfg.local_epochs)
TypeError: train() missing 1 required positional argument: 'epochs'

The above exception was the direct cause of the following exception:

[36mray::ClientAppActor.run()[39m (pid=2968809, ip=10.50.9.88, actor_id=d2a89a30ca0e1a2b1363a89d01000000, repr=<flwr.simulation.ray_transport.ray_actor.ClientAppActor object at 0x7f456c1df700>)
  File "/home/mmaia/my_envs/liver_torch/lib/python3.8/site-packages/flwr/simulation/ray_transport/ray_actor.py", line 64, in run
    raise ClientAppException(str(ex)) from ex
flwr.client.client_app.ClientAppException: 
Exception ClientAppException occurred. Message: train() missing 1 required positional argument: 'epochs'
[2024-08-01 15:53:03,915][flwr][INFO] - aggregate_fit: received 0 results and 2 failures
