[2024-08-06 16:15:16,344][flwr][INFO] - Starting Flower simulation, config: num_rounds=15, no round_timeout
[2024-08-06 16:15:19,936][flwr][INFO] - Flower VCE: Ray initialized with resources: {'GPU': 1.0, 'node:10.50.9.88': 1.0, 'object_store_memory': 35177996697.0, 'memory': 72081992295.0, 'accelerator_type:T4': 1.0, 'CPU': 8.0, 'node:__internal_head__': 1.0}
[2024-08-06 16:15:19,936][flwr][INFO] - Optimize your simulation with Flower VCE: https://flower.ai/docs/framework/how-to-run-simulations.html
[2024-08-06 16:15:19,936][flwr][INFO] - Flower VCE: Resources for each Virtual Client: {'num_cpus': 3, 'num_gpus': 1.0}
[2024-08-06 16:15:19,950][flwr][INFO] - Flower VCE: Creating VirtualClientEngineActorPool with 1 actors
[2024-08-06 16:15:19,950][flwr][INFO] - [INIT]
[2024-08-06 16:15:19,950][flwr][INFO] - Requesting initial parameters from one random client
[2024-08-06 16:15:23,070][flwr][INFO] - Received initial parameters from one random client
[2024-08-06 16:15:23,071][flwr][INFO] - Evaluating initial global parameters
[2024-08-06 16:15:30,957][flwr][INFO] - initial parameters (loss, other metrics): 0.7243766188621521, OrderedDict([('ind_iou_0', 0.0368122957310665), ('ind_dice_liver_0', tensor(0.1230, dtype=torch.float64)), ('ind_dice_tumour_0', tensor(0.0005, dtype=torch.float64)), ('ind_iou_1', 0.0519722659689729), ('ind_dice_liver_1', tensor(0.1567, dtype=torch.float64)), ('ind_dice_tumour_1', tensor(0.0152, dtype=torch.float64)), ('all_iou', 0.0443922808500197), ('all_dice_liver', tensor(0.1395, dtype=torch.float64)), ('all_dice_tumour', tensor(0.0079, dtype=torch.float64))])
[2024-08-06 16:15:30,961][flwr][INFO] - 
[2024-08-06 16:15:30,962][flwr][INFO] - [ROUND 1]
[2024-08-06 16:15:30,962][flwr][INFO] - configure_fit: strategy sampled 2 clients (out of 2)
[2024-08-06 16:16:45,269][flwr][INFO] - aggregate_fit: received 2 results and 0 failures
[2024-08-06 16:16:45,402][flwr][WARNING] - No fit_metrics_aggregation_fn provided
[2024-08-06 16:16:49,256][flwr][INFO] - fit progress: (1, 0.009348516856941083, OrderedDict([('ind_iou_0', 0.9216917879397547), ('ind_dice_liver_0', tensor(0.9294, dtype=torch.float64)), ('ind_dice_tumour_0', tensor(0.0538, dtype=torch.float64)), ('ind_iou_1', 0.9043473335421442), ('ind_dice_liver_1', tensor(0.9391, dtype=torch.float64)), ('ind_dice_tumour_1', tensor(0.4868, dtype=torch.float64)), ('all_iou', 0.9079351164712121), ('all_dice_liver', tensor(0.9310, dtype=torch.float64)), ('all_dice_tumour', tensor(0.2984, dtype=torch.float64))]), 78.29458917817101)
[2024-08-06 16:16:49,261][flwr][INFO] - configure_evaluate: strategy sampled 2 clients (out of 2)
[2024-08-06 16:16:49,980][flwr][ERROR] - Traceback (most recent call last):
  File "/home/mmaia/my_envs/liver_torch/lib/python3.8/site-packages/flwr/simulation/ray_transport/ray_client_proxy.py", line 73, in _submit_job
    out_mssg, updated_context = self.actor_pool.get_client_result(
  File "/home/mmaia/my_envs/liver_torch/lib/python3.8/site-packages/flwr/simulation/ray_transport/ray_actor.py", line 399, in get_client_result
    return self._fetch_future_result(cid)
  File "/home/mmaia/my_envs/liver_torch/lib/python3.8/site-packages/flwr/simulation/ray_transport/ray_actor.py", line 280, in _fetch_future_result
    res_cid, out_mssg, updated_context = ray.get(
  File "/home/mmaia/my_envs/liver_torch/lib/python3.8/site-packages/ray/_private/auto_init_hook.py", line 21, in auto_init_wrapper
    return fn(*args, **kwargs)
  File "/home/mmaia/my_envs/liver_torch/lib/python3.8/site-packages/ray/_private/client_mode_hook.py", line 103, in wrapper
    return func(*args, **kwargs)
  File "/home/mmaia/my_envs/liver_torch/lib/python3.8/site-packages/ray/_private/worker.py", line 2667, in get
    values, debugger_breakpoint = worker.get_objects(object_refs, timeout=timeout)
  File "/home/mmaia/my_envs/liver_torch/lib/python3.8/site-packages/ray/_private/worker.py", line 864, in get_objects
    raise value.as_instanceof_cause()
ray.exceptions.RayTaskError(ClientAppException): [36mray::ClientAppActor.run()[39m (pid=812804, ip=10.50.9.88, actor_id=1fa4f8357e76f27f096cdad001000000, repr=<flwr.simulation.ray_transport.ray_actor.ClientAppActor object at 0x7f5e102f9670>)
  File "/home/mmaia/my_envs/liver_torch/lib/python3.8/site-packages/flwr/client/client_app.py", line 98, in __call__
    return self._call(message, context)
  File "/home/mmaia/my_envs/liver_torch/lib/python3.8/site-packages/flwr/client/client_app.py", line 81, in ffn
    out_message = handle_legacy_message_from_msgtype(
  File "/home/mmaia/my_envs/liver_torch/lib/python3.8/site-packages/flwr/client/message_handler/message_handler.py", line 141, in handle_legacy_message_from_msgtype
    out_recordset = evaluateres_to_recordset(evaluate_res)
  File "/home/mmaia/my_envs/liver_torch/lib/python3.8/site-packages/flwr/common/recordset_compat.py", line 301, in evaluateres_to_recordset
    recordset.configs_records[f"{res_str}.metrics"] = ConfigsRecord(
  File "/home/mmaia/my_envs/liver_torch/lib/python3.8/site-packages/flwr/common/record/configsrecord.py", line 85, in __init__
    self[k] = configs_dict[k]
  File "/home/mmaia/my_envs/liver_torch/lib/python3.8/site-packages/flwr/common/record/typeddict.py", line 38, in __setitem__
    self._check_value_fn(value)
  File "/home/mmaia/my_envs/liver_torch/lib/python3.8/site-packages/flwr/common/record/configsrecord.py", line 57, in _check_value
    is_valid(value)
  File "/home/mmaia/my_envs/liver_torch/lib/python3.8/site-packages/flwr/common/record/configsrecord.py", line 35, in is_valid
    raise TypeError(
TypeError: Not all values are of valid type. Expected `typing.Union[int, float, str, bytes, bool, typing.List[int], typing.List[float], typing.List[str], typing.List[bytes], typing.List[bool]]` but `<class 'torch.Tensor'>` was passed.

The above exception was the direct cause of the following exception:

[36mray::ClientAppActor.run()[39m (pid=812804, ip=10.50.9.88, actor_id=1fa4f8357e76f27f096cdad001000000, repr=<flwr.simulation.ray_transport.ray_actor.ClientAppActor object at 0x7f5e102f9670>)
  File "/home/mmaia/my_envs/liver_torch/lib/python3.8/site-packages/flwr/simulation/ray_transport/ray_actor.py", line 64, in run
    raise ClientAppException(str(ex)) from ex
flwr.client.client_app.ClientAppException: 
Exception ClientAppException occurred. Message: Not all values are of valid type. Expected `typing.Union[int, float, str, bytes, bool, typing.List[int], typing.List[float], typing.List[str], typing.List[bytes], typing.List[bool]]` but `<class 'torch.Tensor'>` was passed.

[2024-08-06 16:16:49,980][flwr][ERROR] - [36mray::ClientAppActor.run()[39m (pid=812804, ip=10.50.9.88, actor_id=1fa4f8357e76f27f096cdad001000000, repr=<flwr.simulation.ray_transport.ray_actor.ClientAppActor object at 0x7f5e102f9670>)
  File "/home/mmaia/my_envs/liver_torch/lib/python3.8/site-packages/flwr/client/client_app.py", line 98, in __call__
    return self._call(message, context)
  File "/home/mmaia/my_envs/liver_torch/lib/python3.8/site-packages/flwr/client/client_app.py", line 81, in ffn
    out_message = handle_legacy_message_from_msgtype(
  File "/home/mmaia/my_envs/liver_torch/lib/python3.8/site-packages/flwr/client/message_handler/message_handler.py", line 141, in handle_legacy_message_from_msgtype
    out_recordset = evaluateres_to_recordset(evaluate_res)
  File "/home/mmaia/my_envs/liver_torch/lib/python3.8/site-packages/flwr/common/recordset_compat.py", line 301, in evaluateres_to_recordset
    recordset.configs_records[f"{res_str}.metrics"] = ConfigsRecord(
  File "/home/mmaia/my_envs/liver_torch/lib/python3.8/site-packages/flwr/common/record/configsrecord.py", line 85, in __init__
    self[k] = configs_dict[k]
  File "/home/mmaia/my_envs/liver_torch/lib/python3.8/site-packages/flwr/common/record/typeddict.py", line 38, in __setitem__
    self._check_value_fn(value)
  File "/home/mmaia/my_envs/liver_torch/lib/python3.8/site-packages/flwr/common/record/configsrecord.py", line 57, in _check_value
    is_valid(value)
  File "/home/mmaia/my_envs/liver_torch/lib/python3.8/site-packages/flwr/common/record/configsrecord.py", line 35, in is_valid
    raise TypeError(
TypeError: Not all values are of valid type. Expected `typing.Union[int, float, str, bytes, bool, typing.List[int], typing.List[float], typing.List[str], typing.List[bytes], typing.List[bool]]` but `<class 'torch.Tensor'>` was passed.

The above exception was the direct cause of the following exception:

[36mray::ClientAppActor.run()[39m (pid=812804, ip=10.50.9.88, actor_id=1fa4f8357e76f27f096cdad001000000, repr=<flwr.simulation.ray_transport.ray_actor.ClientAppActor object at 0x7f5e102f9670>)
  File "/home/mmaia/my_envs/liver_torch/lib/python3.8/site-packages/flwr/simulation/ray_transport/ray_actor.py", line 64, in run
    raise ClientAppException(str(ex)) from ex
flwr.client.client_app.ClientAppException: 
Exception ClientAppException occurred. Message: Not all values are of valid type. Expected `typing.Union[int, float, str, bytes, bool, typing.List[int], typing.List[float], typing.List[str], typing.List[bytes], typing.List[bool]]` but `<class 'torch.Tensor'>` was passed.
[2024-08-06 16:16:50,486][flwr][ERROR] - Traceback (most recent call last):
  File "/home/mmaia/my_envs/liver_torch/lib/python3.8/site-packages/flwr/simulation/ray_transport/ray_client_proxy.py", line 73, in _submit_job
    out_mssg, updated_context = self.actor_pool.get_client_result(
  File "/home/mmaia/my_envs/liver_torch/lib/python3.8/site-packages/flwr/simulation/ray_transport/ray_actor.py", line 399, in get_client_result
    return self._fetch_future_result(cid)
  File "/home/mmaia/my_envs/liver_torch/lib/python3.8/site-packages/flwr/simulation/ray_transport/ray_actor.py", line 280, in _fetch_future_result
    res_cid, out_mssg, updated_context = ray.get(
  File "/home/mmaia/my_envs/liver_torch/lib/python3.8/site-packages/ray/_private/auto_init_hook.py", line 21, in auto_init_wrapper
    return fn(*args, **kwargs)
  File "/home/mmaia/my_envs/liver_torch/lib/python3.8/site-packages/ray/_private/client_mode_hook.py", line 103, in wrapper
    return func(*args, **kwargs)
  File "/home/mmaia/my_envs/liver_torch/lib/python3.8/site-packages/ray/_private/worker.py", line 2667, in get
    values, debugger_breakpoint = worker.get_objects(object_refs, timeout=timeout)
  File "/home/mmaia/my_envs/liver_torch/lib/python3.8/site-packages/ray/_private/worker.py", line 864, in get_objects
    raise value.as_instanceof_cause()
ray.exceptions.RayTaskError(ClientAppException): [36mray::ClientAppActor.run()[39m (pid=812804, ip=10.50.9.88, actor_id=1fa4f8357e76f27f096cdad001000000, repr=<flwr.simulation.ray_transport.ray_actor.ClientAppActor object at 0x7f5e102f9670>)
  File "/home/mmaia/my_envs/liver_torch/lib/python3.8/site-packages/flwr/client/client_app.py", line 98, in __call__
    return self._call(message, context)
  File "/home/mmaia/my_envs/liver_torch/lib/python3.8/site-packages/flwr/client/client_app.py", line 81, in ffn
    out_message = handle_legacy_message_from_msgtype(
  File "/home/mmaia/my_envs/liver_torch/lib/python3.8/site-packages/flwr/client/message_handler/message_handler.py", line 141, in handle_legacy_message_from_msgtype
    out_recordset = evaluateres_to_recordset(evaluate_res)
  File "/home/mmaia/my_envs/liver_torch/lib/python3.8/site-packages/flwr/common/recordset_compat.py", line 301, in evaluateres_to_recordset
    recordset.configs_records[f"{res_str}.metrics"] = ConfigsRecord(
  File "/home/mmaia/my_envs/liver_torch/lib/python3.8/site-packages/flwr/common/record/configsrecord.py", line 85, in __init__
    self[k] = configs_dict[k]
  File "/home/mmaia/my_envs/liver_torch/lib/python3.8/site-packages/flwr/common/record/typeddict.py", line 38, in __setitem__
    self._check_value_fn(value)
  File "/home/mmaia/my_envs/liver_torch/lib/python3.8/site-packages/flwr/common/record/configsrecord.py", line 57, in _check_value
    is_valid(value)
  File "/home/mmaia/my_envs/liver_torch/lib/python3.8/site-packages/flwr/common/record/configsrecord.py", line 35, in is_valid
    raise TypeError(
TypeError: Not all values are of valid type. Expected `typing.Union[int, float, str, bytes, bool, typing.List[int], typing.List[float], typing.List[str], typing.List[bytes], typing.List[bool]]` but `<class 'torch.Tensor'>` was passed.

The above exception was the direct cause of the following exception:

[36mray::ClientAppActor.run()[39m (pid=812804, ip=10.50.9.88, actor_id=1fa4f8357e76f27f096cdad001000000, repr=<flwr.simulation.ray_transport.ray_actor.ClientAppActor object at 0x7f5e102f9670>)
  File "/home/mmaia/my_envs/liver_torch/lib/python3.8/site-packages/flwr/simulation/ray_transport/ray_actor.py", line 64, in run
    raise ClientAppException(str(ex)) from ex
flwr.client.client_app.ClientAppException: 
Exception ClientAppException occurred. Message: Not all values are of valid type. Expected `typing.Union[int, float, str, bytes, bool, typing.List[int], typing.List[float], typing.List[str], typing.List[bytes], typing.List[bool]]` but `<class 'torch.Tensor'>` was passed.

[2024-08-06 16:16:50,486][flwr][ERROR] - [36mray::ClientAppActor.run()[39m (pid=812804, ip=10.50.9.88, actor_id=1fa4f8357e76f27f096cdad001000000, repr=<flwr.simulation.ray_transport.ray_actor.ClientAppActor object at 0x7f5e102f9670>)
  File "/home/mmaia/my_envs/liver_torch/lib/python3.8/site-packages/flwr/client/client_app.py", line 98, in __call__
    return self._call(message, context)
  File "/home/mmaia/my_envs/liver_torch/lib/python3.8/site-packages/flwr/client/client_app.py", line 81, in ffn
    out_message = handle_legacy_message_from_msgtype(
  File "/home/mmaia/my_envs/liver_torch/lib/python3.8/site-packages/flwr/client/message_handler/message_handler.py", line 141, in handle_legacy_message_from_msgtype
    out_recordset = evaluateres_to_recordset(evaluate_res)
  File "/home/mmaia/my_envs/liver_torch/lib/python3.8/site-packages/flwr/common/recordset_compat.py", line 301, in evaluateres_to_recordset
    recordset.configs_records[f"{res_str}.metrics"] = ConfigsRecord(
  File "/home/mmaia/my_envs/liver_torch/lib/python3.8/site-packages/flwr/common/record/configsrecord.py", line 85, in __init__
    self[k] = configs_dict[k]
  File "/home/mmaia/my_envs/liver_torch/lib/python3.8/site-packages/flwr/common/record/typeddict.py", line 38, in __setitem__
    self._check_value_fn(value)
  File "/home/mmaia/my_envs/liver_torch/lib/python3.8/site-packages/flwr/common/record/configsrecord.py", line 57, in _check_value
    is_valid(value)
  File "/home/mmaia/my_envs/liver_torch/lib/python3.8/site-packages/flwr/common/record/configsrecord.py", line 35, in is_valid
    raise TypeError(
TypeError: Not all values are of valid type. Expected `typing.Union[int, float, str, bytes, bool, typing.List[int], typing.List[float], typing.List[str], typing.List[bytes], typing.List[bool]]` but `<class 'torch.Tensor'>` was passed.

The above exception was the direct cause of the following exception:

[36mray::ClientAppActor.run()[39m (pid=812804, ip=10.50.9.88, actor_id=1fa4f8357e76f27f096cdad001000000, repr=<flwr.simulation.ray_transport.ray_actor.ClientAppActor object at 0x7f5e102f9670>)
  File "/home/mmaia/my_envs/liver_torch/lib/python3.8/site-packages/flwr/simulation/ray_transport/ray_actor.py", line 64, in run
    raise ClientAppException(str(ex)) from ex
flwr.client.client_app.ClientAppException: 
Exception ClientAppException occurred. Message: Not all values are of valid type. Expected `typing.Union[int, float, str, bytes, bool, typing.List[int], typing.List[float], typing.List[str], typing.List[bytes], typing.List[bool]]` but `<class 'torch.Tensor'>` was passed.
[2024-08-06 16:16:50,486][flwr][INFO] - aggregate_evaluate: received 0 results and 2 failures
[2024-08-06 16:16:50,486][flwr][INFO] - 
[2024-08-06 16:16:50,486][flwr][INFO] - [ROUND 2]
[2024-08-06 16:16:50,487][flwr][INFO] - configure_fit: strategy sampled 2 clients (out of 2)
[2024-08-06 16:18:04,321][flwr][INFO] - aggregate_fit: received 2 results and 0 failures
[2024-08-06 16:18:08,322][flwr][INFO] - fit progress: (2, 0.009348516541649587, OrderedDict([('ind_iou_0', 0.917064263878863), ('ind_dice_liver_0', tensor(0.9267, dtype=torch.float64)), ('ind_dice_tumour_0', tensor(0.0445, dtype=torch.float64)), ('ind_iou_1', 0.9016863166153369), ('ind_dice_liver_1', tensor(0.9413, dtype=torch.float64)), ('ind_dice_tumour_1', tensor(0.5500, dtype=torch.float64)), ('all_iou', 0.9086578787509106), ('all_dice_liver', tensor(0.9309, dtype=torch.float64)), ('all_dice_tumour', tensor(0.3008, dtype=torch.float64))]), 157.36057463334873)
[2024-08-06 16:18:08,327][flwr][INFO] - configure_evaluate: strategy sampled 2 clients (out of 2)
[2024-08-06 16:18:08,943][flwr][ERROR] - Traceback (most recent call last):
  File "/home/mmaia/my_envs/liver_torch/lib/python3.8/site-packages/flwr/simulation/ray_transport/ray_client_proxy.py", line 73, in _submit_job
    out_mssg, updated_context = self.actor_pool.get_client_result(
  File "/home/mmaia/my_envs/liver_torch/lib/python3.8/site-packages/flwr/simulation/ray_transport/ray_actor.py", line 399, in get_client_result
    return self._fetch_future_result(cid)
  File "/home/mmaia/my_envs/liver_torch/lib/python3.8/site-packages/flwr/simulation/ray_transport/ray_actor.py", line 280, in _fetch_future_result
    res_cid, out_mssg, updated_context = ray.get(
  File "/home/mmaia/my_envs/liver_torch/lib/python3.8/site-packages/ray/_private/auto_init_hook.py", line 21, in auto_init_wrapper
    return fn(*args, **kwargs)
  File "/home/mmaia/my_envs/liver_torch/lib/python3.8/site-packages/ray/_private/client_mode_hook.py", line 103, in wrapper
    return func(*args, **kwargs)
  File "/home/mmaia/my_envs/liver_torch/lib/python3.8/site-packages/ray/_private/worker.py", line 2667, in get
    values, debugger_breakpoint = worker.get_objects(object_refs, timeout=timeout)
  File "/home/mmaia/my_envs/liver_torch/lib/python3.8/site-packages/ray/_private/worker.py", line 864, in get_objects
    raise value.as_instanceof_cause()
ray.exceptions.RayTaskError(ClientAppException): [36mray::ClientAppActor.run()[39m (pid=812804, ip=10.50.9.88, actor_id=1fa4f8357e76f27f096cdad001000000, repr=<flwr.simulation.ray_transport.ray_actor.ClientAppActor object at 0x7f5e102f9670>)
  File "/home/mmaia/my_envs/liver_torch/lib/python3.8/site-packages/flwr/client/client_app.py", line 98, in __call__
    return self._call(message, context)
  File "/home/mmaia/my_envs/liver_torch/lib/python3.8/site-packages/flwr/client/client_app.py", line 81, in ffn
    out_message = handle_legacy_message_from_msgtype(
  File "/home/mmaia/my_envs/liver_torch/lib/python3.8/site-packages/flwr/client/message_handler/message_handler.py", line 141, in handle_legacy_message_from_msgtype
    out_recordset = evaluateres_to_recordset(evaluate_res)
  File "/home/mmaia/my_envs/liver_torch/lib/python3.8/site-packages/flwr/common/recordset_compat.py", line 301, in evaluateres_to_recordset
    recordset.configs_records[f"{res_str}.metrics"] = ConfigsRecord(
  File "/home/mmaia/my_envs/liver_torch/lib/python3.8/site-packages/flwr/common/record/configsrecord.py", line 85, in __init__
    self[k] = configs_dict[k]
  File "/home/mmaia/my_envs/liver_torch/lib/python3.8/site-packages/flwr/common/record/typeddict.py", line 38, in __setitem__
    self._check_value_fn(value)
  File "/home/mmaia/my_envs/liver_torch/lib/python3.8/site-packages/flwr/common/record/configsrecord.py", line 57, in _check_value
    is_valid(value)
  File "/home/mmaia/my_envs/liver_torch/lib/python3.8/site-packages/flwr/common/record/configsrecord.py", line 35, in is_valid
    raise TypeError(
TypeError: Not all values are of valid type. Expected `typing.Union[int, float, str, bytes, bool, typing.List[int], typing.List[float], typing.List[str], typing.List[bytes], typing.List[bool]]` but `<class 'torch.Tensor'>` was passed.

The above exception was the direct cause of the following exception:

[36mray::ClientAppActor.run()[39m (pid=812804, ip=10.50.9.88, actor_id=1fa4f8357e76f27f096cdad001000000, repr=<flwr.simulation.ray_transport.ray_actor.ClientAppActor object at 0x7f5e102f9670>)
  File "/home/mmaia/my_envs/liver_torch/lib/python3.8/site-packages/flwr/simulation/ray_transport/ray_actor.py", line 64, in run
    raise ClientAppException(str(ex)) from ex
flwr.client.client_app.ClientAppException: 
Exception ClientAppException occurred. Message: Not all values are of valid type. Expected `typing.Union[int, float, str, bytes, bool, typing.List[int], typing.List[float], typing.List[str], typing.List[bytes], typing.List[bool]]` but `<class 'torch.Tensor'>` was passed.

[2024-08-06 16:18:08,944][flwr][ERROR] - [36mray::ClientAppActor.run()[39m (pid=812804, ip=10.50.9.88, actor_id=1fa4f8357e76f27f096cdad001000000, repr=<flwr.simulation.ray_transport.ray_actor.ClientAppActor object at 0x7f5e102f9670>)
  File "/home/mmaia/my_envs/liver_torch/lib/python3.8/site-packages/flwr/client/client_app.py", line 98, in __call__
    return self._call(message, context)
  File "/home/mmaia/my_envs/liver_torch/lib/python3.8/site-packages/flwr/client/client_app.py", line 81, in ffn
    out_message = handle_legacy_message_from_msgtype(
  File "/home/mmaia/my_envs/liver_torch/lib/python3.8/site-packages/flwr/client/message_handler/message_handler.py", line 141, in handle_legacy_message_from_msgtype
    out_recordset = evaluateres_to_recordset(evaluate_res)
  File "/home/mmaia/my_envs/liver_torch/lib/python3.8/site-packages/flwr/common/recordset_compat.py", line 301, in evaluateres_to_recordset
    recordset.configs_records[f"{res_str}.metrics"] = ConfigsRecord(
  File "/home/mmaia/my_envs/liver_torch/lib/python3.8/site-packages/flwr/common/record/configsrecord.py", line 85, in __init__
    self[k] = configs_dict[k]
  File "/home/mmaia/my_envs/liver_torch/lib/python3.8/site-packages/flwr/common/record/typeddict.py", line 38, in __setitem__
    self._check_value_fn(value)
  File "/home/mmaia/my_envs/liver_torch/lib/python3.8/site-packages/flwr/common/record/configsrecord.py", line 57, in _check_value
    is_valid(value)
  File "/home/mmaia/my_envs/liver_torch/lib/python3.8/site-packages/flwr/common/record/configsrecord.py", line 35, in is_valid
    raise TypeError(
TypeError: Not all values are of valid type. Expected `typing.Union[int, float, str, bytes, bool, typing.List[int], typing.List[float], typing.List[str], typing.List[bytes], typing.List[bool]]` but `<class 'torch.Tensor'>` was passed.

The above exception was the direct cause of the following exception:

[36mray::ClientAppActor.run()[39m (pid=812804, ip=10.50.9.88, actor_id=1fa4f8357e76f27f096cdad001000000, repr=<flwr.simulation.ray_transport.ray_actor.ClientAppActor object at 0x7f5e102f9670>)
  File "/home/mmaia/my_envs/liver_torch/lib/python3.8/site-packages/flwr/simulation/ray_transport/ray_actor.py", line 64, in run
    raise ClientAppException(str(ex)) from ex
flwr.client.client_app.ClientAppException: 
Exception ClientAppException occurred. Message: Not all values are of valid type. Expected `typing.Union[int, float, str, bytes, bool, typing.List[int], typing.List[float], typing.List[str], typing.List[bytes], typing.List[bool]]` but `<class 'torch.Tensor'>` was passed.
[2024-08-06 16:18:09,460][flwr][ERROR] - Traceback (most recent call last):
  File "/home/mmaia/my_envs/liver_torch/lib/python3.8/site-packages/flwr/simulation/ray_transport/ray_client_proxy.py", line 73, in _submit_job
    out_mssg, updated_context = self.actor_pool.get_client_result(
  File "/home/mmaia/my_envs/liver_torch/lib/python3.8/site-packages/flwr/simulation/ray_transport/ray_actor.py", line 399, in get_client_result
    return self._fetch_future_result(cid)
  File "/home/mmaia/my_envs/liver_torch/lib/python3.8/site-packages/flwr/simulation/ray_transport/ray_actor.py", line 280, in _fetch_future_result
    res_cid, out_mssg, updated_context = ray.get(
  File "/home/mmaia/my_envs/liver_torch/lib/python3.8/site-packages/ray/_private/auto_init_hook.py", line 21, in auto_init_wrapper
    return fn(*args, **kwargs)
  File "/home/mmaia/my_envs/liver_torch/lib/python3.8/site-packages/ray/_private/client_mode_hook.py", line 103, in wrapper
    return func(*args, **kwargs)
  File "/home/mmaia/my_envs/liver_torch/lib/python3.8/site-packages/ray/_private/worker.py", line 2667, in get
    values, debugger_breakpoint = worker.get_objects(object_refs, timeout=timeout)
  File "/home/mmaia/my_envs/liver_torch/lib/python3.8/site-packages/ray/_private/worker.py", line 864, in get_objects
    raise value.as_instanceof_cause()
ray.exceptions.RayTaskError(ClientAppException): [36mray::ClientAppActor.run()[39m (pid=812804, ip=10.50.9.88, actor_id=1fa4f8357e76f27f096cdad001000000, repr=<flwr.simulation.ray_transport.ray_actor.ClientAppActor object at 0x7f5e102f9670>)
  File "/home/mmaia/my_envs/liver_torch/lib/python3.8/site-packages/flwr/client/client_app.py", line 98, in __call__
    return self._call(message, context)
  File "/home/mmaia/my_envs/liver_torch/lib/python3.8/site-packages/flwr/client/client_app.py", line 81, in ffn
    out_message = handle_legacy_message_from_msgtype(
  File "/home/mmaia/my_envs/liver_torch/lib/python3.8/site-packages/flwr/client/message_handler/message_handler.py", line 141, in handle_legacy_message_from_msgtype
    out_recordset = evaluateres_to_recordset(evaluate_res)
  File "/home/mmaia/my_envs/liver_torch/lib/python3.8/site-packages/flwr/common/recordset_compat.py", line 301, in evaluateres_to_recordset
    recordset.configs_records[f"{res_str}.metrics"] = ConfigsRecord(
  File "/home/mmaia/my_envs/liver_torch/lib/python3.8/site-packages/flwr/common/record/configsrecord.py", line 85, in __init__
    self[k] = configs_dict[k]
  File "/home/mmaia/my_envs/liver_torch/lib/python3.8/site-packages/flwr/common/record/typeddict.py", line 38, in __setitem__
    self._check_value_fn(value)
  File "/home/mmaia/my_envs/liver_torch/lib/python3.8/site-packages/flwr/common/record/configsrecord.py", line 57, in _check_value
    is_valid(value)
  File "/home/mmaia/my_envs/liver_torch/lib/python3.8/site-packages/flwr/common/record/configsrecord.py", line 35, in is_valid
    raise TypeError(
TypeError: Not all values are of valid type. Expected `typing.Union[int, float, str, bytes, bool, typing.List[int], typing.List[float], typing.List[str], typing.List[bytes], typing.List[bool]]` but `<class 'torch.Tensor'>` was passed.

The above exception was the direct cause of the following exception:

[36mray::ClientAppActor.run()[39m (pid=812804, ip=10.50.9.88, actor_id=1fa4f8357e76f27f096cdad001000000, repr=<flwr.simulation.ray_transport.ray_actor.ClientAppActor object at 0x7f5e102f9670>)
  File "/home/mmaia/my_envs/liver_torch/lib/python3.8/site-packages/flwr/simulation/ray_transport/ray_actor.py", line 64, in run
    raise ClientAppException(str(ex)) from ex
flwr.client.client_app.ClientAppException: 
Exception ClientAppException occurred. Message: Not all values are of valid type. Expected `typing.Union[int, float, str, bytes, bool, typing.List[int], typing.List[float], typing.List[str], typing.List[bytes], typing.List[bool]]` but `<class 'torch.Tensor'>` was passed.

[2024-08-06 16:18:09,461][flwr][ERROR] - [36mray::ClientAppActor.run()[39m (pid=812804, ip=10.50.9.88, actor_id=1fa4f8357e76f27f096cdad001000000, repr=<flwr.simulation.ray_transport.ray_actor.ClientAppActor object at 0x7f5e102f9670>)
  File "/home/mmaia/my_envs/liver_torch/lib/python3.8/site-packages/flwr/client/client_app.py", line 98, in __call__
    return self._call(message, context)
  File "/home/mmaia/my_envs/liver_torch/lib/python3.8/site-packages/flwr/client/client_app.py", line 81, in ffn
    out_message = handle_legacy_message_from_msgtype(
  File "/home/mmaia/my_envs/liver_torch/lib/python3.8/site-packages/flwr/client/message_handler/message_handler.py", line 141, in handle_legacy_message_from_msgtype
    out_recordset = evaluateres_to_recordset(evaluate_res)
  File "/home/mmaia/my_envs/liver_torch/lib/python3.8/site-packages/flwr/common/recordset_compat.py", line 301, in evaluateres_to_recordset
    recordset.configs_records[f"{res_str}.metrics"] = ConfigsRecord(
  File "/home/mmaia/my_envs/liver_torch/lib/python3.8/site-packages/flwr/common/record/configsrecord.py", line 85, in __init__
    self[k] = configs_dict[k]
  File "/home/mmaia/my_envs/liver_torch/lib/python3.8/site-packages/flwr/common/record/typeddict.py", line 38, in __setitem__
    self._check_value_fn(value)
  File "/home/mmaia/my_envs/liver_torch/lib/python3.8/site-packages/flwr/common/record/configsrecord.py", line 57, in _check_value
    is_valid(value)
  File "/home/mmaia/my_envs/liver_torch/lib/python3.8/site-packages/flwr/common/record/configsrecord.py", line 35, in is_valid
    raise TypeError(
TypeError: Not all values are of valid type. Expected `typing.Union[int, float, str, bytes, bool, typing.List[int], typing.List[float], typing.List[str], typing.List[bytes], typing.List[bool]]` but `<class 'torch.Tensor'>` was passed.

The above exception was the direct cause of the following exception:

[36mray::ClientAppActor.run()[39m (pid=812804, ip=10.50.9.88, actor_id=1fa4f8357e76f27f096cdad001000000, repr=<flwr.simulation.ray_transport.ray_actor.ClientAppActor object at 0x7f5e102f9670>)
  File "/home/mmaia/my_envs/liver_torch/lib/python3.8/site-packages/flwr/simulation/ray_transport/ray_actor.py", line 64, in run
    raise ClientAppException(str(ex)) from ex
flwr.client.client_app.ClientAppException: 
Exception ClientAppException occurred. Message: Not all values are of valid type. Expected `typing.Union[int, float, str, bytes, bool, typing.List[int], typing.List[float], typing.List[str], typing.List[bytes], typing.List[bool]]` but `<class 'torch.Tensor'>` was passed.
[2024-08-06 16:18:09,461][flwr][INFO] - aggregate_evaluate: received 0 results and 2 failures
[2024-08-06 16:18:09,461][flwr][INFO] - 
[2024-08-06 16:18:09,461][flwr][INFO] - [ROUND 3]
[2024-08-06 16:18:09,462][flwr][INFO] - configure_fit: strategy sampled 2 clients (out of 2)
[2024-08-06 16:19:23,708][flwr][INFO] - aggregate_fit: received 2 results and 0 failures
[2024-08-06 16:19:27,795][flwr][INFO] - fit progress: (3, 0.009348516934551299, OrderedDict([('ind_iou_0', 0.9099994970383571), ('ind_dice_liver_0', tensor(0.9219, dtype=torch.float64)), ('ind_dice_tumour_0', tensor(0.0534, dtype=torch.float64)), ('ind_iou_1', 0.8954389566129316), ('ind_dice_liver_1', tensor(0.9395, dtype=torch.float64)), ('ind_dice_tumour_1', tensor(0.5592, dtype=torch.float64)), ('all_iou', 0.9137819885682973), ('all_dice_liver', tensor(0.9352, dtype=torch.float64)), ('all_dice_tumour', tensor(0.3006, dtype=torch.float64))]), 236.83301803003997)
[2024-08-06 16:19:27,799][flwr][INFO] - configure_evaluate: strategy sampled 2 clients (out of 2)
[2024-08-06 16:19:28,436][flwr][ERROR] - Traceback (most recent call last):
  File "/home/mmaia/my_envs/liver_torch/lib/python3.8/site-packages/flwr/simulation/ray_transport/ray_client_proxy.py", line 73, in _submit_job
    out_mssg, updated_context = self.actor_pool.get_client_result(
  File "/home/mmaia/my_envs/liver_torch/lib/python3.8/site-packages/flwr/simulation/ray_transport/ray_actor.py", line 399, in get_client_result
    return self._fetch_future_result(cid)
  File "/home/mmaia/my_envs/liver_torch/lib/python3.8/site-packages/flwr/simulation/ray_transport/ray_actor.py", line 280, in _fetch_future_result
    res_cid, out_mssg, updated_context = ray.get(
  File "/home/mmaia/my_envs/liver_torch/lib/python3.8/site-packages/ray/_private/auto_init_hook.py", line 21, in auto_init_wrapper
    return fn(*args, **kwargs)
  File "/home/mmaia/my_envs/liver_torch/lib/python3.8/site-packages/ray/_private/client_mode_hook.py", line 103, in wrapper
    return func(*args, **kwargs)
  File "/home/mmaia/my_envs/liver_torch/lib/python3.8/site-packages/ray/_private/worker.py", line 2667, in get
    values, debugger_breakpoint = worker.get_objects(object_refs, timeout=timeout)
  File "/home/mmaia/my_envs/liver_torch/lib/python3.8/site-packages/ray/_private/worker.py", line 864, in get_objects
    raise value.as_instanceof_cause()
ray.exceptions.RayTaskError(ClientAppException): [36mray::ClientAppActor.run()[39m (pid=812804, ip=10.50.9.88, actor_id=1fa4f8357e76f27f096cdad001000000, repr=<flwr.simulation.ray_transport.ray_actor.ClientAppActor object at 0x7f5e102f9670>)
  File "/home/mmaia/my_envs/liver_torch/lib/python3.8/site-packages/flwr/client/client_app.py", line 98, in __call__
    return self._call(message, context)
  File "/home/mmaia/my_envs/liver_torch/lib/python3.8/site-packages/flwr/client/client_app.py", line 81, in ffn
    out_message = handle_legacy_message_from_msgtype(
  File "/home/mmaia/my_envs/liver_torch/lib/python3.8/site-packages/flwr/client/message_handler/message_handler.py", line 141, in handle_legacy_message_from_msgtype
    out_recordset = evaluateres_to_recordset(evaluate_res)
  File "/home/mmaia/my_envs/liver_torch/lib/python3.8/site-packages/flwr/common/recordset_compat.py", line 301, in evaluateres_to_recordset
    recordset.configs_records[f"{res_str}.metrics"] = ConfigsRecord(
  File "/home/mmaia/my_envs/liver_torch/lib/python3.8/site-packages/flwr/common/record/configsrecord.py", line 85, in __init__
    self[k] = configs_dict[k]
  File "/home/mmaia/my_envs/liver_torch/lib/python3.8/site-packages/flwr/common/record/typeddict.py", line 38, in __setitem__
    self._check_value_fn(value)
  File "/home/mmaia/my_envs/liver_torch/lib/python3.8/site-packages/flwr/common/record/configsrecord.py", line 57, in _check_value
    is_valid(value)
  File "/home/mmaia/my_envs/liver_torch/lib/python3.8/site-packages/flwr/common/record/configsrecord.py", line 35, in is_valid
    raise TypeError(
TypeError: Not all values are of valid type. Expected `typing.Union[int, float, str, bytes, bool, typing.List[int], typing.List[float], typing.List[str], typing.List[bytes], typing.List[bool]]` but `<class 'torch.Tensor'>` was passed.

The above exception was the direct cause of the following exception:

[36mray::ClientAppActor.run()[39m (pid=812804, ip=10.50.9.88, actor_id=1fa4f8357e76f27f096cdad001000000, repr=<flwr.simulation.ray_transport.ray_actor.ClientAppActor object at 0x7f5e102f9670>)
  File "/home/mmaia/my_envs/liver_torch/lib/python3.8/site-packages/flwr/simulation/ray_transport/ray_actor.py", line 64, in run
    raise ClientAppException(str(ex)) from ex
flwr.client.client_app.ClientAppException: 
Exception ClientAppException occurred. Message: Not all values are of valid type. Expected `typing.Union[int, float, str, bytes, bool, typing.List[int], typing.List[float], typing.List[str], typing.List[bytes], typing.List[bool]]` but `<class 'torch.Tensor'>` was passed.

[2024-08-06 16:19:28,436][flwr][ERROR] - [36mray::ClientAppActor.run()[39m (pid=812804, ip=10.50.9.88, actor_id=1fa4f8357e76f27f096cdad001000000, repr=<flwr.simulation.ray_transport.ray_actor.ClientAppActor object at 0x7f5e102f9670>)
  File "/home/mmaia/my_envs/liver_torch/lib/python3.8/site-packages/flwr/client/client_app.py", line 98, in __call__
    return self._call(message, context)
  File "/home/mmaia/my_envs/liver_torch/lib/python3.8/site-packages/flwr/client/client_app.py", line 81, in ffn
    out_message = handle_legacy_message_from_msgtype(
  File "/home/mmaia/my_envs/liver_torch/lib/python3.8/site-packages/flwr/client/message_handler/message_handler.py", line 141, in handle_legacy_message_from_msgtype
    out_recordset = evaluateres_to_recordset(evaluate_res)
  File "/home/mmaia/my_envs/liver_torch/lib/python3.8/site-packages/flwr/common/recordset_compat.py", line 301, in evaluateres_to_recordset
    recordset.configs_records[f"{res_str}.metrics"] = ConfigsRecord(
  File "/home/mmaia/my_envs/liver_torch/lib/python3.8/site-packages/flwr/common/record/configsrecord.py", line 85, in __init__
    self[k] = configs_dict[k]
  File "/home/mmaia/my_envs/liver_torch/lib/python3.8/site-packages/flwr/common/record/typeddict.py", line 38, in __setitem__
    self._check_value_fn(value)
  File "/home/mmaia/my_envs/liver_torch/lib/python3.8/site-packages/flwr/common/record/configsrecord.py", line 57, in _check_value
    is_valid(value)
  File "/home/mmaia/my_envs/liver_torch/lib/python3.8/site-packages/flwr/common/record/configsrecord.py", line 35, in is_valid
    raise TypeError(
TypeError: Not all values are of valid type. Expected `typing.Union[int, float, str, bytes, bool, typing.List[int], typing.List[float], typing.List[str], typing.List[bytes], typing.List[bool]]` but `<class 'torch.Tensor'>` was passed.

The above exception was the direct cause of the following exception:

[36mray::ClientAppActor.run()[39m (pid=812804, ip=10.50.9.88, actor_id=1fa4f8357e76f27f096cdad001000000, repr=<flwr.simulation.ray_transport.ray_actor.ClientAppActor object at 0x7f5e102f9670>)
  File "/home/mmaia/my_envs/liver_torch/lib/python3.8/site-packages/flwr/simulation/ray_transport/ray_actor.py", line 64, in run
    raise ClientAppException(str(ex)) from ex
flwr.client.client_app.ClientAppException: 
Exception ClientAppException occurred. Message: Not all values are of valid type. Expected `typing.Union[int, float, str, bytes, bool, typing.List[int], typing.List[float], typing.List[str], typing.List[bytes], typing.List[bool]]` but `<class 'torch.Tensor'>` was passed.
[2024-08-06 16:19:28,958][flwr][ERROR] - Traceback (most recent call last):
  File "/home/mmaia/my_envs/liver_torch/lib/python3.8/site-packages/flwr/simulation/ray_transport/ray_client_proxy.py", line 73, in _submit_job
    out_mssg, updated_context = self.actor_pool.get_client_result(
  File "/home/mmaia/my_envs/liver_torch/lib/python3.8/site-packages/flwr/simulation/ray_transport/ray_actor.py", line 399, in get_client_result
    return self._fetch_future_result(cid)
  File "/home/mmaia/my_envs/liver_torch/lib/python3.8/site-packages/flwr/simulation/ray_transport/ray_actor.py", line 280, in _fetch_future_result
    res_cid, out_mssg, updated_context = ray.get(
  File "/home/mmaia/my_envs/liver_torch/lib/python3.8/site-packages/ray/_private/auto_init_hook.py", line 21, in auto_init_wrapper
    return fn(*args, **kwargs)
  File "/home/mmaia/my_envs/liver_torch/lib/python3.8/site-packages/ray/_private/client_mode_hook.py", line 103, in wrapper
    return func(*args, **kwargs)
  File "/home/mmaia/my_envs/liver_torch/lib/python3.8/site-packages/ray/_private/worker.py", line 2667, in get
    values, debugger_breakpoint = worker.get_objects(object_refs, timeout=timeout)
  File "/home/mmaia/my_envs/liver_torch/lib/python3.8/site-packages/ray/_private/worker.py", line 864, in get_objects
    raise value.as_instanceof_cause()
ray.exceptions.RayTaskError(ClientAppException): [36mray::ClientAppActor.run()[39m (pid=812804, ip=10.50.9.88, actor_id=1fa4f8357e76f27f096cdad001000000, repr=<flwr.simulation.ray_transport.ray_actor.ClientAppActor object at 0x7f5e102f9670>)
  File "/home/mmaia/my_envs/liver_torch/lib/python3.8/site-packages/flwr/client/client_app.py", line 98, in __call__
    return self._call(message, context)
  File "/home/mmaia/my_envs/liver_torch/lib/python3.8/site-packages/flwr/client/client_app.py", line 81, in ffn
    out_message = handle_legacy_message_from_msgtype(
  File "/home/mmaia/my_envs/liver_torch/lib/python3.8/site-packages/flwr/client/message_handler/message_handler.py", line 141, in handle_legacy_message_from_msgtype
    out_recordset = evaluateres_to_recordset(evaluate_res)
  File "/home/mmaia/my_envs/liver_torch/lib/python3.8/site-packages/flwr/common/recordset_compat.py", line 301, in evaluateres_to_recordset
    recordset.configs_records[f"{res_str}.metrics"] = ConfigsRecord(
  File "/home/mmaia/my_envs/liver_torch/lib/python3.8/site-packages/flwr/common/record/configsrecord.py", line 85, in __init__
    self[k] = configs_dict[k]
  File "/home/mmaia/my_envs/liver_torch/lib/python3.8/site-packages/flwr/common/record/typeddict.py", line 38, in __setitem__
    self._check_value_fn(value)
  File "/home/mmaia/my_envs/liver_torch/lib/python3.8/site-packages/flwr/common/record/configsrecord.py", line 57, in _check_value
    is_valid(value)
  File "/home/mmaia/my_envs/liver_torch/lib/python3.8/site-packages/flwr/common/record/configsrecord.py", line 35, in is_valid
    raise TypeError(
TypeError: Not all values are of valid type. Expected `typing.Union[int, float, str, bytes, bool, typing.List[int], typing.List[float], typing.List[str], typing.List[bytes], typing.List[bool]]` but `<class 'torch.Tensor'>` was passed.

The above exception was the direct cause of the following exception:

[36mray::ClientAppActor.run()[39m (pid=812804, ip=10.50.9.88, actor_id=1fa4f8357e76f27f096cdad001000000, repr=<flwr.simulation.ray_transport.ray_actor.ClientAppActor object at 0x7f5e102f9670>)
  File "/home/mmaia/my_envs/liver_torch/lib/python3.8/site-packages/flwr/simulation/ray_transport/ray_actor.py", line 64, in run
    raise ClientAppException(str(ex)) from ex
flwr.client.client_app.ClientAppException: 
Exception ClientAppException occurred. Message: Not all values are of valid type. Expected `typing.Union[int, float, str, bytes, bool, typing.List[int], typing.List[float], typing.List[str], typing.List[bytes], typing.List[bool]]` but `<class 'torch.Tensor'>` was passed.

[2024-08-06 16:19:28,958][flwr][ERROR] - [36mray::ClientAppActor.run()[39m (pid=812804, ip=10.50.9.88, actor_id=1fa4f8357e76f27f096cdad001000000, repr=<flwr.simulation.ray_transport.ray_actor.ClientAppActor object at 0x7f5e102f9670>)
  File "/home/mmaia/my_envs/liver_torch/lib/python3.8/site-packages/flwr/client/client_app.py", line 98, in __call__
    return self._call(message, context)
  File "/home/mmaia/my_envs/liver_torch/lib/python3.8/site-packages/flwr/client/client_app.py", line 81, in ffn
    out_message = handle_legacy_message_from_msgtype(
  File "/home/mmaia/my_envs/liver_torch/lib/python3.8/site-packages/flwr/client/message_handler/message_handler.py", line 141, in handle_legacy_message_from_msgtype
    out_recordset = evaluateres_to_recordset(evaluate_res)
  File "/home/mmaia/my_envs/liver_torch/lib/python3.8/site-packages/flwr/common/recordset_compat.py", line 301, in evaluateres_to_recordset
    recordset.configs_records[f"{res_str}.metrics"] = ConfigsRecord(
  File "/home/mmaia/my_envs/liver_torch/lib/python3.8/site-packages/flwr/common/record/configsrecord.py", line 85, in __init__
    self[k] = configs_dict[k]
  File "/home/mmaia/my_envs/liver_torch/lib/python3.8/site-packages/flwr/common/record/typeddict.py", line 38, in __setitem__
    self._check_value_fn(value)
  File "/home/mmaia/my_envs/liver_torch/lib/python3.8/site-packages/flwr/common/record/configsrecord.py", line 57, in _check_value
    is_valid(value)
  File "/home/mmaia/my_envs/liver_torch/lib/python3.8/site-packages/flwr/common/record/configsrecord.py", line 35, in is_valid
    raise TypeError(
TypeError: Not all values are of valid type. Expected `typing.Union[int, float, str, bytes, bool, typing.List[int], typing.List[float], typing.List[str], typing.List[bytes], typing.List[bool]]` but `<class 'torch.Tensor'>` was passed.

The above exception was the direct cause of the following exception:

[36mray::ClientAppActor.run()[39m (pid=812804, ip=10.50.9.88, actor_id=1fa4f8357e76f27f096cdad001000000, repr=<flwr.simulation.ray_transport.ray_actor.ClientAppActor object at 0x7f5e102f9670>)
  File "/home/mmaia/my_envs/liver_torch/lib/python3.8/site-packages/flwr/simulation/ray_transport/ray_actor.py", line 64, in run
    raise ClientAppException(str(ex)) from ex
flwr.client.client_app.ClientAppException: 
Exception ClientAppException occurred. Message: Not all values are of valid type. Expected `typing.Union[int, float, str, bytes, bool, typing.List[int], typing.List[float], typing.List[str], typing.List[bytes], typing.List[bool]]` but `<class 'torch.Tensor'>` was passed.
[2024-08-06 16:19:28,959][flwr][INFO] - aggregate_evaluate: received 0 results and 2 failures
[2024-08-06 16:19:28,959][flwr][INFO] - 
[2024-08-06 16:19:28,959][flwr][INFO] - [ROUND 4]
[2024-08-06 16:19:28,959][flwr][INFO] - configure_fit: strategy sampled 2 clients (out of 2)
