[2024-08-06 15:48:35,471][flwr][INFO] - Starting Flower simulation, config: num_rounds=15, no round_timeout
[2024-08-06 15:48:38,260][flwr][INFO] - Flower VCE: Ray initialized with resources: {'memory': 72211380429.0, 'CPU': 8.0, 'accelerator_type:T4': 1.0, 'node:__internal_head__': 1.0, 'object_store_memory': 35233448755.0, 'node:10.50.9.88': 1.0, 'GPU': 1.0}
[2024-08-06 15:48:38,261][flwr][INFO] - Optimize your simulation with Flower VCE: https://flower.ai/docs/framework/how-to-run-simulations.html
[2024-08-06 15:48:38,261][flwr][INFO] - Flower VCE: Resources for each Virtual Client: {'num_cpus': 3, 'num_gpus': 1.0}
[2024-08-06 15:48:38,274][flwr][INFO] - Flower VCE: Creating VirtualClientEngineActorPool with 1 actors
[2024-08-06 15:48:38,274][flwr][INFO] - [INIT]
[2024-08-06 15:48:38,274][flwr][INFO] - Requesting initial parameters from one random client
[2024-08-06 15:48:41,400][flwr][INFO] - Received initial parameters from one random client
[2024-08-06 15:48:41,400][flwr][INFO] - Evaluating initial global parameters
[2024-08-06 15:48:49,205][flwr][INFO] - initial parameters (loss, other metrics): 0.6845342516899109, OrderedDict([('ind_iou_0', 0.00024549893942356864), ('ind_dice_liver_0', tensor(0.1182, dtype=torch.float64)), ('ind_dice_tumour_0', tensor(0.0005, dtype=torch.float64)), ('ind_iou_1', 0.006933698253862699), ('ind_dice_liver_1', tensor(0.1538, dtype=torch.float64)), ('ind_dice_tumour_1', tensor(0.0150, dtype=torch.float64)), ('all_iou', 0.0036475375756358), ('all_dice_liver', tensor(0.1355, dtype=torch.float64)), ('all_dice_tumour', tensor(0.0079, dtype=torch.float64))])
[2024-08-06 15:48:49,210][flwr][INFO] - 
[2024-08-06 15:48:49,210][flwr][INFO] - [ROUND 1]
[2024-08-06 15:48:49,210][flwr][INFO] - configure_fit: strategy sampled 2 clients (out of 2)
[2024-08-06 15:50:01,628][flwr][INFO] - aggregate_fit: received 2 results and 0 failures
[2024-08-06 15:50:01,771][flwr][WARNING] - No fit_metrics_aggregation_fn provided
[2024-08-06 15:50:05,589][flwr][INFO] - fit progress: (1, 0.009348516803584062, OrderedDict([('ind_iou_0', 0.9265670589078869), ('ind_dice_liver_0', tensor(0.9327, dtype=torch.float64)), ('ind_dice_tumour_0', tensor(0.0475, dtype=torch.float64)), ('ind_iou_1', 0.8956046625441352), ('ind_dice_liver_1', tensor(0.9366, dtype=torch.float64)), ('ind_dice_tumour_1', tensor(0.5300, dtype=torch.float64)), ('all_iou', 0.8884409549340248), ('all_dice_liver', tensor(0.9169, dtype=torch.float64)), ('all_dice_tumour', tensor(0.3077, dtype=torch.float64))]), 76.37933168979362)
[2024-08-06 15:50:05,594][flwr][INFO] - configure_evaluate: strategy sampled 2 clients (out of 2)
[2024-08-06 15:50:06,333][flwr][ERROR] - Traceback (most recent call last):
  File "/home/mmaia/my_envs/liver_torch/lib/python3.8/site-packages/flwr/simulation/ray_transport/ray_client_proxy.py", line 73, in _submit_job
    out_mssg, updated_context = self.actor_pool.get_client_result(
  File "/home/mmaia/my_envs/liver_torch/lib/python3.8/site-packages/flwr/simulation/ray_transport/ray_actor.py", line 399, in get_client_result
    return self._fetch_future_result(cid)
  File "/home/mmaia/my_envs/liver_torch/lib/python3.8/site-packages/flwr/simulation/ray_transport/ray_actor.py", line 280, in _fetch_future_result
    res_cid, out_mssg, updated_context = ray.get(
  File "/home/mmaia/my_envs/liver_torch/lib/python3.8/site-packages/ray/_private/auto_init_hook.py", line 21, in auto_init_wrapper
    return fn(*args, **kwargs)
  File "/home/mmaia/my_envs/liver_torch/lib/python3.8/site-packages/ray/_private/client_mode_hook.py", line 103, in wrapper
    return func(*args, **kwargs)
  File "/home/mmaia/my_envs/liver_torch/lib/python3.8/site-packages/ray/_private/worker.py", line 2667, in get
    values, debugger_breakpoint = worker.get_objects(object_refs, timeout=timeout)
  File "/home/mmaia/my_envs/liver_torch/lib/python3.8/site-packages/ray/_private/worker.py", line 864, in get_objects
    raise value.as_instanceof_cause()
ray.exceptions.RayTaskError(ClientAppException): [36mray::ClientAppActor.run()[39m (pid=803072, ip=10.50.9.88, actor_id=4e05ab9131170bb6072ea45501000000, repr=<flwr.simulation.ray_transport.ray_actor.ClientAppActor object at 0x7f33d012d700>)
  File "/home/mmaia/my_envs/liver_torch/lib/python3.8/site-packages/flwr/client/client_app.py", line 98, in __call__
    return self._call(message, context)
  File "/home/mmaia/my_envs/liver_torch/lib/python3.8/site-packages/flwr/client/client_app.py", line 81, in ffn
    out_message = handle_legacy_message_from_msgtype(
  File "/home/mmaia/my_envs/liver_torch/lib/python3.8/site-packages/flwr/client/message_handler/message_handler.py", line 141, in handle_legacy_message_from_msgtype
    out_recordset = evaluateres_to_recordset(evaluate_res)
  File "/home/mmaia/my_envs/liver_torch/lib/python3.8/site-packages/flwr/common/recordset_compat.py", line 301, in evaluateres_to_recordset
    recordset.configs_records[f"{res_str}.metrics"] = ConfigsRecord(
  File "/home/mmaia/my_envs/liver_torch/lib/python3.8/site-packages/flwr/common/record/configsrecord.py", line 85, in __init__
    self[k] = configs_dict[k]
  File "/home/mmaia/my_envs/liver_torch/lib/python3.8/site-packages/flwr/common/record/typeddict.py", line 38, in __setitem__
    self._check_value_fn(value)
  File "/home/mmaia/my_envs/liver_torch/lib/python3.8/site-packages/flwr/common/record/configsrecord.py", line 57, in _check_value
    is_valid(value)
  File "/home/mmaia/my_envs/liver_torch/lib/python3.8/site-packages/flwr/common/record/configsrecord.py", line 35, in is_valid
    raise TypeError(
TypeError: Not all values are of valid type. Expected `typing.Union[int, float, str, bytes, bool, typing.List[int], typing.List[float], typing.List[str], typing.List[bytes], typing.List[bool]]` but `<class 'torch.Tensor'>` was passed.

The above exception was the direct cause of the following exception:

[36mray::ClientAppActor.run()[39m (pid=803072, ip=10.50.9.88, actor_id=4e05ab9131170bb6072ea45501000000, repr=<flwr.simulation.ray_transport.ray_actor.ClientAppActor object at 0x7f33d012d700>)
  File "/home/mmaia/my_envs/liver_torch/lib/python3.8/site-packages/flwr/simulation/ray_transport/ray_actor.py", line 64, in run
    raise ClientAppException(str(ex)) from ex
flwr.client.client_app.ClientAppException: 
Exception ClientAppException occurred. Message: Not all values are of valid type. Expected `typing.Union[int, float, str, bytes, bool, typing.List[int], typing.List[float], typing.List[str], typing.List[bytes], typing.List[bool]]` but `<class 'torch.Tensor'>` was passed.

[2024-08-06 15:50:06,333][flwr][ERROR] - [36mray::ClientAppActor.run()[39m (pid=803072, ip=10.50.9.88, actor_id=4e05ab9131170bb6072ea45501000000, repr=<flwr.simulation.ray_transport.ray_actor.ClientAppActor object at 0x7f33d012d700>)
  File "/home/mmaia/my_envs/liver_torch/lib/python3.8/site-packages/flwr/client/client_app.py", line 98, in __call__
    return self._call(message, context)
  File "/home/mmaia/my_envs/liver_torch/lib/python3.8/site-packages/flwr/client/client_app.py", line 81, in ffn
    out_message = handle_legacy_message_from_msgtype(
  File "/home/mmaia/my_envs/liver_torch/lib/python3.8/site-packages/flwr/client/message_handler/message_handler.py", line 141, in handle_legacy_message_from_msgtype
    out_recordset = evaluateres_to_recordset(evaluate_res)
  File "/home/mmaia/my_envs/liver_torch/lib/python3.8/site-packages/flwr/common/recordset_compat.py", line 301, in evaluateres_to_recordset
    recordset.configs_records[f"{res_str}.metrics"] = ConfigsRecord(
  File "/home/mmaia/my_envs/liver_torch/lib/python3.8/site-packages/flwr/common/record/configsrecord.py", line 85, in __init__
    self[k] = configs_dict[k]
  File "/home/mmaia/my_envs/liver_torch/lib/python3.8/site-packages/flwr/common/record/typeddict.py", line 38, in __setitem__
    self._check_value_fn(value)
  File "/home/mmaia/my_envs/liver_torch/lib/python3.8/site-packages/flwr/common/record/configsrecord.py", line 57, in _check_value
    is_valid(value)
  File "/home/mmaia/my_envs/liver_torch/lib/python3.8/site-packages/flwr/common/record/configsrecord.py", line 35, in is_valid
    raise TypeError(
TypeError: Not all values are of valid type. Expected `typing.Union[int, float, str, bytes, bool, typing.List[int], typing.List[float], typing.List[str], typing.List[bytes], typing.List[bool]]` but `<class 'torch.Tensor'>` was passed.

The above exception was the direct cause of the following exception:

[36mray::ClientAppActor.run()[39m (pid=803072, ip=10.50.9.88, actor_id=4e05ab9131170bb6072ea45501000000, repr=<flwr.simulation.ray_transport.ray_actor.ClientAppActor object at 0x7f33d012d700>)
  File "/home/mmaia/my_envs/liver_torch/lib/python3.8/site-packages/flwr/simulation/ray_transport/ray_actor.py", line 64, in run
    raise ClientAppException(str(ex)) from ex
flwr.client.client_app.ClientAppException: 
Exception ClientAppException occurred. Message: Not all values are of valid type. Expected `typing.Union[int, float, str, bytes, bool, typing.List[int], typing.List[float], typing.List[str], typing.List[bytes], typing.List[bool]]` but `<class 'torch.Tensor'>` was passed.
[2024-08-06 15:50:06,832][flwr][ERROR] - Traceback (most recent call last):
  File "/home/mmaia/my_envs/liver_torch/lib/python3.8/site-packages/flwr/simulation/ray_transport/ray_client_proxy.py", line 73, in _submit_job
    out_mssg, updated_context = self.actor_pool.get_client_result(
  File "/home/mmaia/my_envs/liver_torch/lib/python3.8/site-packages/flwr/simulation/ray_transport/ray_actor.py", line 399, in get_client_result
    return self._fetch_future_result(cid)
  File "/home/mmaia/my_envs/liver_torch/lib/python3.8/site-packages/flwr/simulation/ray_transport/ray_actor.py", line 280, in _fetch_future_result
    res_cid, out_mssg, updated_context = ray.get(
  File "/home/mmaia/my_envs/liver_torch/lib/python3.8/site-packages/ray/_private/auto_init_hook.py", line 21, in auto_init_wrapper
    return fn(*args, **kwargs)
  File "/home/mmaia/my_envs/liver_torch/lib/python3.8/site-packages/ray/_private/client_mode_hook.py", line 103, in wrapper
    return func(*args, **kwargs)
  File "/home/mmaia/my_envs/liver_torch/lib/python3.8/site-packages/ray/_private/worker.py", line 2667, in get
    values, debugger_breakpoint = worker.get_objects(object_refs, timeout=timeout)
  File "/home/mmaia/my_envs/liver_torch/lib/python3.8/site-packages/ray/_private/worker.py", line 864, in get_objects
    raise value.as_instanceof_cause()
ray.exceptions.RayTaskError(ClientAppException): [36mray::ClientAppActor.run()[39m (pid=803072, ip=10.50.9.88, actor_id=4e05ab9131170bb6072ea45501000000, repr=<flwr.simulation.ray_transport.ray_actor.ClientAppActor object at 0x7f33d012d700>)
  File "/home/mmaia/my_envs/liver_torch/lib/python3.8/site-packages/flwr/client/client_app.py", line 98, in __call__
    return self._call(message, context)
  File "/home/mmaia/my_envs/liver_torch/lib/python3.8/site-packages/flwr/client/client_app.py", line 81, in ffn
    out_message = handle_legacy_message_from_msgtype(
  File "/home/mmaia/my_envs/liver_torch/lib/python3.8/site-packages/flwr/client/message_handler/message_handler.py", line 141, in handle_legacy_message_from_msgtype
    out_recordset = evaluateres_to_recordset(evaluate_res)
  File "/home/mmaia/my_envs/liver_torch/lib/python3.8/site-packages/flwr/common/recordset_compat.py", line 301, in evaluateres_to_recordset
    recordset.configs_records[f"{res_str}.metrics"] = ConfigsRecord(
  File "/home/mmaia/my_envs/liver_torch/lib/python3.8/site-packages/flwr/common/record/configsrecord.py", line 85, in __init__
    self[k] = configs_dict[k]
  File "/home/mmaia/my_envs/liver_torch/lib/python3.8/site-packages/flwr/common/record/typeddict.py", line 38, in __setitem__
    self._check_value_fn(value)
  File "/home/mmaia/my_envs/liver_torch/lib/python3.8/site-packages/flwr/common/record/configsrecord.py", line 57, in _check_value
    is_valid(value)
  File "/home/mmaia/my_envs/liver_torch/lib/python3.8/site-packages/flwr/common/record/configsrecord.py", line 35, in is_valid
    raise TypeError(
TypeError: Not all values are of valid type. Expected `typing.Union[int, float, str, bytes, bool, typing.List[int], typing.List[float], typing.List[str], typing.List[bytes], typing.List[bool]]` but `<class 'torch.Tensor'>` was passed.

The above exception was the direct cause of the following exception:

[36mray::ClientAppActor.run()[39m (pid=803072, ip=10.50.9.88, actor_id=4e05ab9131170bb6072ea45501000000, repr=<flwr.simulation.ray_transport.ray_actor.ClientAppActor object at 0x7f33d012d700>)
  File "/home/mmaia/my_envs/liver_torch/lib/python3.8/site-packages/flwr/simulation/ray_transport/ray_actor.py", line 64, in run
    raise ClientAppException(str(ex)) from ex
flwr.client.client_app.ClientAppException: 
Exception ClientAppException occurred. Message: Not all values are of valid type. Expected `typing.Union[int, float, str, bytes, bool, typing.List[int], typing.List[float], typing.List[str], typing.List[bytes], typing.List[bool]]` but `<class 'torch.Tensor'>` was passed.

[2024-08-06 15:50:06,832][flwr][ERROR] - [36mray::ClientAppActor.run()[39m (pid=803072, ip=10.50.9.88, actor_id=4e05ab9131170bb6072ea45501000000, repr=<flwr.simulation.ray_transport.ray_actor.ClientAppActor object at 0x7f33d012d700>)
  File "/home/mmaia/my_envs/liver_torch/lib/python3.8/site-packages/flwr/client/client_app.py", line 98, in __call__
    return self._call(message, context)
  File "/home/mmaia/my_envs/liver_torch/lib/python3.8/site-packages/flwr/client/client_app.py", line 81, in ffn
    out_message = handle_legacy_message_from_msgtype(
  File "/home/mmaia/my_envs/liver_torch/lib/python3.8/site-packages/flwr/client/message_handler/message_handler.py", line 141, in handle_legacy_message_from_msgtype
    out_recordset = evaluateres_to_recordset(evaluate_res)
  File "/home/mmaia/my_envs/liver_torch/lib/python3.8/site-packages/flwr/common/recordset_compat.py", line 301, in evaluateres_to_recordset
    recordset.configs_records[f"{res_str}.metrics"] = ConfigsRecord(
  File "/home/mmaia/my_envs/liver_torch/lib/python3.8/site-packages/flwr/common/record/configsrecord.py", line 85, in __init__
    self[k] = configs_dict[k]
  File "/home/mmaia/my_envs/liver_torch/lib/python3.8/site-packages/flwr/common/record/typeddict.py", line 38, in __setitem__
    self._check_value_fn(value)
  File "/home/mmaia/my_envs/liver_torch/lib/python3.8/site-packages/flwr/common/record/configsrecord.py", line 57, in _check_value
    is_valid(value)
  File "/home/mmaia/my_envs/liver_torch/lib/python3.8/site-packages/flwr/common/record/configsrecord.py", line 35, in is_valid
    raise TypeError(
TypeError: Not all values are of valid type. Expected `typing.Union[int, float, str, bytes, bool, typing.List[int], typing.List[float], typing.List[str], typing.List[bytes], typing.List[bool]]` but `<class 'torch.Tensor'>` was passed.

The above exception was the direct cause of the following exception:

[36mray::ClientAppActor.run()[39m (pid=803072, ip=10.50.9.88, actor_id=4e05ab9131170bb6072ea45501000000, repr=<flwr.simulation.ray_transport.ray_actor.ClientAppActor object at 0x7f33d012d700>)
  File "/home/mmaia/my_envs/liver_torch/lib/python3.8/site-packages/flwr/simulation/ray_transport/ray_actor.py", line 64, in run
    raise ClientAppException(str(ex)) from ex
flwr.client.client_app.ClientAppException: 
Exception ClientAppException occurred. Message: Not all values are of valid type. Expected `typing.Union[int, float, str, bytes, bool, typing.List[int], typing.List[float], typing.List[str], typing.List[bytes], typing.List[bool]]` but `<class 'torch.Tensor'>` was passed.
[2024-08-06 15:50:06,833][flwr][INFO] - aggregate_evaluate: received 0 results and 2 failures
[2024-08-06 15:50:06,833][flwr][INFO] - 
[2024-08-06 15:50:06,833][flwr][INFO] - [ROUND 2]
[2024-08-06 15:50:06,833][flwr][INFO] - configure_fit: strategy sampled 2 clients (out of 2)
[2024-08-06 15:51:19,168][flwr][INFO] - aggregate_fit: received 2 results and 0 failures
[2024-08-06 15:51:23,266][flwr][INFO] - fit progress: (2, 0.009348516842389168, OrderedDict([('ind_iou_0', 0.9199659964762726), ('ind_dice_liver_0', tensor(0.9253, dtype=torch.float64)), ('ind_dice_tumour_0', tensor(0.0552, dtype=torch.float64)), ('ind_iou_1', 0.8996461666369773), ('ind_dice_liver_1', tensor(0.9360, dtype=torch.float64)), ('ind_dice_tumour_1', tensor(0.4733, dtype=torch.float64)), ('all_iou', 0.9100504278518752), ('all_dice_liver', tensor(0.9365, dtype=torch.float64)), ('all_dice_tumour', tensor(0.2995, dtype=torch.float64))]), 154.05619468865916)
[2024-08-06 15:51:23,271][flwr][INFO] - configure_evaluate: strategy sampled 2 clients (out of 2)
[2024-08-06 15:51:23,939][flwr][ERROR] - Traceback (most recent call last):
  File "/home/mmaia/my_envs/liver_torch/lib/python3.8/site-packages/flwr/simulation/ray_transport/ray_client_proxy.py", line 73, in _submit_job
    out_mssg, updated_context = self.actor_pool.get_client_result(
  File "/home/mmaia/my_envs/liver_torch/lib/python3.8/site-packages/flwr/simulation/ray_transport/ray_actor.py", line 399, in get_client_result
    return self._fetch_future_result(cid)
  File "/home/mmaia/my_envs/liver_torch/lib/python3.8/site-packages/flwr/simulation/ray_transport/ray_actor.py", line 280, in _fetch_future_result
    res_cid, out_mssg, updated_context = ray.get(
  File "/home/mmaia/my_envs/liver_torch/lib/python3.8/site-packages/ray/_private/auto_init_hook.py", line 21, in auto_init_wrapper
    return fn(*args, **kwargs)
  File "/home/mmaia/my_envs/liver_torch/lib/python3.8/site-packages/ray/_private/client_mode_hook.py", line 103, in wrapper
    return func(*args, **kwargs)
  File "/home/mmaia/my_envs/liver_torch/lib/python3.8/site-packages/ray/_private/worker.py", line 2667, in get
    values, debugger_breakpoint = worker.get_objects(object_refs, timeout=timeout)
  File "/home/mmaia/my_envs/liver_torch/lib/python3.8/site-packages/ray/_private/worker.py", line 864, in get_objects
    raise value.as_instanceof_cause()
ray.exceptions.RayTaskError(ClientAppException): [36mray::ClientAppActor.run()[39m (pid=803072, ip=10.50.9.88, actor_id=4e05ab9131170bb6072ea45501000000, repr=<flwr.simulation.ray_transport.ray_actor.ClientAppActor object at 0x7f33d012d700>)
  File "/home/mmaia/my_envs/liver_torch/lib/python3.8/site-packages/flwr/client/client_app.py", line 98, in __call__
    return self._call(message, context)
  File "/home/mmaia/my_envs/liver_torch/lib/python3.8/site-packages/flwr/client/client_app.py", line 81, in ffn
    out_message = handle_legacy_message_from_msgtype(
  File "/home/mmaia/my_envs/liver_torch/lib/python3.8/site-packages/flwr/client/message_handler/message_handler.py", line 141, in handle_legacy_message_from_msgtype
    out_recordset = evaluateres_to_recordset(evaluate_res)
  File "/home/mmaia/my_envs/liver_torch/lib/python3.8/site-packages/flwr/common/recordset_compat.py", line 301, in evaluateres_to_recordset
    recordset.configs_records[f"{res_str}.metrics"] = ConfigsRecord(
  File "/home/mmaia/my_envs/liver_torch/lib/python3.8/site-packages/flwr/common/record/configsrecord.py", line 85, in __init__
    self[k] = configs_dict[k]
  File "/home/mmaia/my_envs/liver_torch/lib/python3.8/site-packages/flwr/common/record/typeddict.py", line 38, in __setitem__
    self._check_value_fn(value)
  File "/home/mmaia/my_envs/liver_torch/lib/python3.8/site-packages/flwr/common/record/configsrecord.py", line 57, in _check_value
    is_valid(value)
  File "/home/mmaia/my_envs/liver_torch/lib/python3.8/site-packages/flwr/common/record/configsrecord.py", line 35, in is_valid
    raise TypeError(
TypeError: Not all values are of valid type. Expected `typing.Union[int, float, str, bytes, bool, typing.List[int], typing.List[float], typing.List[str], typing.List[bytes], typing.List[bool]]` but `<class 'torch.Tensor'>` was passed.

The above exception was the direct cause of the following exception:

[36mray::ClientAppActor.run()[39m (pid=803072, ip=10.50.9.88, actor_id=4e05ab9131170bb6072ea45501000000, repr=<flwr.simulation.ray_transport.ray_actor.ClientAppActor object at 0x7f33d012d700>)
  File "/home/mmaia/my_envs/liver_torch/lib/python3.8/site-packages/flwr/simulation/ray_transport/ray_actor.py", line 64, in run
    raise ClientAppException(str(ex)) from ex
flwr.client.client_app.ClientAppException: 
Exception ClientAppException occurred. Message: Not all values are of valid type. Expected `typing.Union[int, float, str, bytes, bool, typing.List[int], typing.List[float], typing.List[str], typing.List[bytes], typing.List[bool]]` but `<class 'torch.Tensor'>` was passed.

[2024-08-06 15:51:23,939][flwr][ERROR] - [36mray::ClientAppActor.run()[39m (pid=803072, ip=10.50.9.88, actor_id=4e05ab9131170bb6072ea45501000000, repr=<flwr.simulation.ray_transport.ray_actor.ClientAppActor object at 0x7f33d012d700>)
  File "/home/mmaia/my_envs/liver_torch/lib/python3.8/site-packages/flwr/client/client_app.py", line 98, in __call__
    return self._call(message, context)
  File "/home/mmaia/my_envs/liver_torch/lib/python3.8/site-packages/flwr/client/client_app.py", line 81, in ffn
    out_message = handle_legacy_message_from_msgtype(
  File "/home/mmaia/my_envs/liver_torch/lib/python3.8/site-packages/flwr/client/message_handler/message_handler.py", line 141, in handle_legacy_message_from_msgtype
    out_recordset = evaluateres_to_recordset(evaluate_res)
  File "/home/mmaia/my_envs/liver_torch/lib/python3.8/site-packages/flwr/common/recordset_compat.py", line 301, in evaluateres_to_recordset
    recordset.configs_records[f"{res_str}.metrics"] = ConfigsRecord(
  File "/home/mmaia/my_envs/liver_torch/lib/python3.8/site-packages/flwr/common/record/configsrecord.py", line 85, in __init__
    self[k] = configs_dict[k]
  File "/home/mmaia/my_envs/liver_torch/lib/python3.8/site-packages/flwr/common/record/typeddict.py", line 38, in __setitem__
    self._check_value_fn(value)
  File "/home/mmaia/my_envs/liver_torch/lib/python3.8/site-packages/flwr/common/record/configsrecord.py", line 57, in _check_value
    is_valid(value)
  File "/home/mmaia/my_envs/liver_torch/lib/python3.8/site-packages/flwr/common/record/configsrecord.py", line 35, in is_valid
    raise TypeError(
TypeError: Not all values are of valid type. Expected `typing.Union[int, float, str, bytes, bool, typing.List[int], typing.List[float], typing.List[str], typing.List[bytes], typing.List[bool]]` but `<class 'torch.Tensor'>` was passed.

The above exception was the direct cause of the following exception:

[36mray::ClientAppActor.run()[39m (pid=803072, ip=10.50.9.88, actor_id=4e05ab9131170bb6072ea45501000000, repr=<flwr.simulation.ray_transport.ray_actor.ClientAppActor object at 0x7f33d012d700>)
  File "/home/mmaia/my_envs/liver_torch/lib/python3.8/site-packages/flwr/simulation/ray_transport/ray_actor.py", line 64, in run
    raise ClientAppException(str(ex)) from ex
flwr.client.client_app.ClientAppException: 
Exception ClientAppException occurred. Message: Not all values are of valid type. Expected `typing.Union[int, float, str, bytes, bool, typing.List[int], typing.List[float], typing.List[str], typing.List[bytes], typing.List[bool]]` but `<class 'torch.Tensor'>` was passed.
[2024-08-06 15:51:24,457][flwr][ERROR] - Traceback (most recent call last):
  File "/home/mmaia/my_envs/liver_torch/lib/python3.8/site-packages/flwr/simulation/ray_transport/ray_client_proxy.py", line 73, in _submit_job
    out_mssg, updated_context = self.actor_pool.get_client_result(
  File "/home/mmaia/my_envs/liver_torch/lib/python3.8/site-packages/flwr/simulation/ray_transport/ray_actor.py", line 399, in get_client_result
    return self._fetch_future_result(cid)
  File "/home/mmaia/my_envs/liver_torch/lib/python3.8/site-packages/flwr/simulation/ray_transport/ray_actor.py", line 280, in _fetch_future_result
    res_cid, out_mssg, updated_context = ray.get(
  File "/home/mmaia/my_envs/liver_torch/lib/python3.8/site-packages/ray/_private/auto_init_hook.py", line 21, in auto_init_wrapper
    return fn(*args, **kwargs)
  File "/home/mmaia/my_envs/liver_torch/lib/python3.8/site-packages/ray/_private/client_mode_hook.py", line 103, in wrapper
    return func(*args, **kwargs)
  File "/home/mmaia/my_envs/liver_torch/lib/python3.8/site-packages/ray/_private/worker.py", line 2667, in get
    values, debugger_breakpoint = worker.get_objects(object_refs, timeout=timeout)
  File "/home/mmaia/my_envs/liver_torch/lib/python3.8/site-packages/ray/_private/worker.py", line 864, in get_objects
    raise value.as_instanceof_cause()
ray.exceptions.RayTaskError(ClientAppException): [36mray::ClientAppActor.run()[39m (pid=803072, ip=10.50.9.88, actor_id=4e05ab9131170bb6072ea45501000000, repr=<flwr.simulation.ray_transport.ray_actor.ClientAppActor object at 0x7f33d012d700>)
  File "/home/mmaia/my_envs/liver_torch/lib/python3.8/site-packages/flwr/client/client_app.py", line 98, in __call__
    return self._call(message, context)
  File "/home/mmaia/my_envs/liver_torch/lib/python3.8/site-packages/flwr/client/client_app.py", line 81, in ffn
    out_message = handle_legacy_message_from_msgtype(
  File "/home/mmaia/my_envs/liver_torch/lib/python3.8/site-packages/flwr/client/message_handler/message_handler.py", line 141, in handle_legacy_message_from_msgtype
    out_recordset = evaluateres_to_recordset(evaluate_res)
  File "/home/mmaia/my_envs/liver_torch/lib/python3.8/site-packages/flwr/common/recordset_compat.py", line 301, in evaluateres_to_recordset
    recordset.configs_records[f"{res_str}.metrics"] = ConfigsRecord(
  File "/home/mmaia/my_envs/liver_torch/lib/python3.8/site-packages/flwr/common/record/configsrecord.py", line 85, in __init__
    self[k] = configs_dict[k]
  File "/home/mmaia/my_envs/liver_torch/lib/python3.8/site-packages/flwr/common/record/typeddict.py", line 38, in __setitem__
    self._check_value_fn(value)
  File "/home/mmaia/my_envs/liver_torch/lib/python3.8/site-packages/flwr/common/record/configsrecord.py", line 57, in _check_value
    is_valid(value)
  File "/home/mmaia/my_envs/liver_torch/lib/python3.8/site-packages/flwr/common/record/configsrecord.py", line 35, in is_valid
    raise TypeError(
TypeError: Not all values are of valid type. Expected `typing.Union[int, float, str, bytes, bool, typing.List[int], typing.List[float], typing.List[str], typing.List[bytes], typing.List[bool]]` but `<class 'torch.Tensor'>` was passed.

The above exception was the direct cause of the following exception:

[36mray::ClientAppActor.run()[39m (pid=803072, ip=10.50.9.88, actor_id=4e05ab9131170bb6072ea45501000000, repr=<flwr.simulation.ray_transport.ray_actor.ClientAppActor object at 0x7f33d012d700>)
  File "/home/mmaia/my_envs/liver_torch/lib/python3.8/site-packages/flwr/simulation/ray_transport/ray_actor.py", line 64, in run
    raise ClientAppException(str(ex)) from ex
flwr.client.client_app.ClientAppException: 
Exception ClientAppException occurred. Message: Not all values are of valid type. Expected `typing.Union[int, float, str, bytes, bool, typing.List[int], typing.List[float], typing.List[str], typing.List[bytes], typing.List[bool]]` but `<class 'torch.Tensor'>` was passed.

[2024-08-06 15:51:24,458][flwr][ERROR] - [36mray::ClientAppActor.run()[39m (pid=803072, ip=10.50.9.88, actor_id=4e05ab9131170bb6072ea45501000000, repr=<flwr.simulation.ray_transport.ray_actor.ClientAppActor object at 0x7f33d012d700>)
  File "/home/mmaia/my_envs/liver_torch/lib/python3.8/site-packages/flwr/client/client_app.py", line 98, in __call__
    return self._call(message, context)
  File "/home/mmaia/my_envs/liver_torch/lib/python3.8/site-packages/flwr/client/client_app.py", line 81, in ffn
    out_message = handle_legacy_message_from_msgtype(
  File "/home/mmaia/my_envs/liver_torch/lib/python3.8/site-packages/flwr/client/message_handler/message_handler.py", line 141, in handle_legacy_message_from_msgtype
    out_recordset = evaluateres_to_recordset(evaluate_res)
  File "/home/mmaia/my_envs/liver_torch/lib/python3.8/site-packages/flwr/common/recordset_compat.py", line 301, in evaluateres_to_recordset
    recordset.configs_records[f"{res_str}.metrics"] = ConfigsRecord(
  File "/home/mmaia/my_envs/liver_torch/lib/python3.8/site-packages/flwr/common/record/configsrecord.py", line 85, in __init__
    self[k] = configs_dict[k]
  File "/home/mmaia/my_envs/liver_torch/lib/python3.8/site-packages/flwr/common/record/typeddict.py", line 38, in __setitem__
    self._check_value_fn(value)
  File "/home/mmaia/my_envs/liver_torch/lib/python3.8/site-packages/flwr/common/record/configsrecord.py", line 57, in _check_value
    is_valid(value)
  File "/home/mmaia/my_envs/liver_torch/lib/python3.8/site-packages/flwr/common/record/configsrecord.py", line 35, in is_valid
    raise TypeError(
TypeError: Not all values are of valid type. Expected `typing.Union[int, float, str, bytes, bool, typing.List[int], typing.List[float], typing.List[str], typing.List[bytes], typing.List[bool]]` but `<class 'torch.Tensor'>` was passed.

The above exception was the direct cause of the following exception:

[36mray::ClientAppActor.run()[39m (pid=803072, ip=10.50.9.88, actor_id=4e05ab9131170bb6072ea45501000000, repr=<flwr.simulation.ray_transport.ray_actor.ClientAppActor object at 0x7f33d012d700>)
  File "/home/mmaia/my_envs/liver_torch/lib/python3.8/site-packages/flwr/simulation/ray_transport/ray_actor.py", line 64, in run
    raise ClientAppException(str(ex)) from ex
flwr.client.client_app.ClientAppException: 
Exception ClientAppException occurred. Message: Not all values are of valid type. Expected `typing.Union[int, float, str, bytes, bool, typing.List[int], typing.List[float], typing.List[str], typing.List[bytes], typing.List[bool]]` but `<class 'torch.Tensor'>` was passed.
[2024-08-06 15:51:24,458][flwr][INFO] - aggregate_evaluate: received 0 results and 2 failures
[2024-08-06 15:51:24,458][flwr][INFO] - 
[2024-08-06 15:51:24,458][flwr][INFO] - [ROUND 3]
[2024-08-06 15:51:24,459][flwr][INFO] - configure_fit: strategy sampled 2 clients (out of 2)
[2024-08-06 15:52:38,948][flwr][INFO] - aggregate_fit: received 2 results and 0 failures
[2024-08-06 15:52:42,998][flwr][INFO] - fit progress: (3, 0.009348516740525762, OrderedDict([('ind_iou_0', 0.909362057202208), ('ind_dice_liver_0', tensor(0.9199, dtype=torch.float64)), ('ind_dice_tumour_0', tensor(0.0578, dtype=torch.float64)), ('ind_iou_1', 0.891970840792668), ('ind_dice_liver_1', tensor(0.9292, dtype=torch.float64)), ('ind_dice_tumour_1', tensor(0.5080, dtype=torch.float64)), ('all_iou', 0.902827171309383), ('all_dice_liver', tensor(0.9276, dtype=torch.float64)), ('all_dice_tumour', tensor(0.2890, dtype=torch.float64))]), 233.78811391768977)
[2024-08-06 15:52:43,003][flwr][INFO] - configure_evaluate: strategy sampled 2 clients (out of 2)
[2024-08-06 15:52:43,627][flwr][ERROR] - Traceback (most recent call last):
  File "/home/mmaia/my_envs/liver_torch/lib/python3.8/site-packages/flwr/simulation/ray_transport/ray_client_proxy.py", line 73, in _submit_job
    out_mssg, updated_context = self.actor_pool.get_client_result(
  File "/home/mmaia/my_envs/liver_torch/lib/python3.8/site-packages/flwr/simulation/ray_transport/ray_actor.py", line 399, in get_client_result
    return self._fetch_future_result(cid)
  File "/home/mmaia/my_envs/liver_torch/lib/python3.8/site-packages/flwr/simulation/ray_transport/ray_actor.py", line 280, in _fetch_future_result
    res_cid, out_mssg, updated_context = ray.get(
  File "/home/mmaia/my_envs/liver_torch/lib/python3.8/site-packages/ray/_private/auto_init_hook.py", line 21, in auto_init_wrapper
    return fn(*args, **kwargs)
  File "/home/mmaia/my_envs/liver_torch/lib/python3.8/site-packages/ray/_private/client_mode_hook.py", line 103, in wrapper
    return func(*args, **kwargs)
  File "/home/mmaia/my_envs/liver_torch/lib/python3.8/site-packages/ray/_private/worker.py", line 2667, in get
    values, debugger_breakpoint = worker.get_objects(object_refs, timeout=timeout)
  File "/home/mmaia/my_envs/liver_torch/lib/python3.8/site-packages/ray/_private/worker.py", line 864, in get_objects
    raise value.as_instanceof_cause()
ray.exceptions.RayTaskError(ClientAppException): [36mray::ClientAppActor.run()[39m (pid=803072, ip=10.50.9.88, actor_id=4e05ab9131170bb6072ea45501000000, repr=<flwr.simulation.ray_transport.ray_actor.ClientAppActor object at 0x7f33d012d700>)
  File "/home/mmaia/my_envs/liver_torch/lib/python3.8/site-packages/flwr/client/client_app.py", line 98, in __call__
    return self._call(message, context)
  File "/home/mmaia/my_envs/liver_torch/lib/python3.8/site-packages/flwr/client/client_app.py", line 81, in ffn
    out_message = handle_legacy_message_from_msgtype(
  File "/home/mmaia/my_envs/liver_torch/lib/python3.8/site-packages/flwr/client/message_handler/message_handler.py", line 141, in handle_legacy_message_from_msgtype
    out_recordset = evaluateres_to_recordset(evaluate_res)
  File "/home/mmaia/my_envs/liver_torch/lib/python3.8/site-packages/flwr/common/recordset_compat.py", line 301, in evaluateres_to_recordset
    recordset.configs_records[f"{res_str}.metrics"] = ConfigsRecord(
  File "/home/mmaia/my_envs/liver_torch/lib/python3.8/site-packages/flwr/common/record/configsrecord.py", line 85, in __init__
    self[k] = configs_dict[k]
  File "/home/mmaia/my_envs/liver_torch/lib/python3.8/site-packages/flwr/common/record/typeddict.py", line 38, in __setitem__
    self._check_value_fn(value)
  File "/home/mmaia/my_envs/liver_torch/lib/python3.8/site-packages/flwr/common/record/configsrecord.py", line 57, in _check_value
    is_valid(value)
  File "/home/mmaia/my_envs/liver_torch/lib/python3.8/site-packages/flwr/common/record/configsrecord.py", line 35, in is_valid
    raise TypeError(
TypeError: Not all values are of valid type. Expected `typing.Union[int, float, str, bytes, bool, typing.List[int], typing.List[float], typing.List[str], typing.List[bytes], typing.List[bool]]` but `<class 'torch.Tensor'>` was passed.

The above exception was the direct cause of the following exception:

[36mray::ClientAppActor.run()[39m (pid=803072, ip=10.50.9.88, actor_id=4e05ab9131170bb6072ea45501000000, repr=<flwr.simulation.ray_transport.ray_actor.ClientAppActor object at 0x7f33d012d700>)
  File "/home/mmaia/my_envs/liver_torch/lib/python3.8/site-packages/flwr/simulation/ray_transport/ray_actor.py", line 64, in run
    raise ClientAppException(str(ex)) from ex
flwr.client.client_app.ClientAppException: 
Exception ClientAppException occurred. Message: Not all values are of valid type. Expected `typing.Union[int, float, str, bytes, bool, typing.List[int], typing.List[float], typing.List[str], typing.List[bytes], typing.List[bool]]` but `<class 'torch.Tensor'>` was passed.

[2024-08-06 15:52:43,627][flwr][ERROR] - [36mray::ClientAppActor.run()[39m (pid=803072, ip=10.50.9.88, actor_id=4e05ab9131170bb6072ea45501000000, repr=<flwr.simulation.ray_transport.ray_actor.ClientAppActor object at 0x7f33d012d700>)
  File "/home/mmaia/my_envs/liver_torch/lib/python3.8/site-packages/flwr/client/client_app.py", line 98, in __call__
    return self._call(message, context)
  File "/home/mmaia/my_envs/liver_torch/lib/python3.8/site-packages/flwr/client/client_app.py", line 81, in ffn
    out_message = handle_legacy_message_from_msgtype(
  File "/home/mmaia/my_envs/liver_torch/lib/python3.8/site-packages/flwr/client/message_handler/message_handler.py", line 141, in handle_legacy_message_from_msgtype
    out_recordset = evaluateres_to_recordset(evaluate_res)
  File "/home/mmaia/my_envs/liver_torch/lib/python3.8/site-packages/flwr/common/recordset_compat.py", line 301, in evaluateres_to_recordset
    recordset.configs_records[f"{res_str}.metrics"] = ConfigsRecord(
  File "/home/mmaia/my_envs/liver_torch/lib/python3.8/site-packages/flwr/common/record/configsrecord.py", line 85, in __init__
    self[k] = configs_dict[k]
  File "/home/mmaia/my_envs/liver_torch/lib/python3.8/site-packages/flwr/common/record/typeddict.py", line 38, in __setitem__
    self._check_value_fn(value)
  File "/home/mmaia/my_envs/liver_torch/lib/python3.8/site-packages/flwr/common/record/configsrecord.py", line 57, in _check_value
    is_valid(value)
  File "/home/mmaia/my_envs/liver_torch/lib/python3.8/site-packages/flwr/common/record/configsrecord.py", line 35, in is_valid
    raise TypeError(
TypeError: Not all values are of valid type. Expected `typing.Union[int, float, str, bytes, bool, typing.List[int], typing.List[float], typing.List[str], typing.List[bytes], typing.List[bool]]` but `<class 'torch.Tensor'>` was passed.

The above exception was the direct cause of the following exception:

[36mray::ClientAppActor.run()[39m (pid=803072, ip=10.50.9.88, actor_id=4e05ab9131170bb6072ea45501000000, repr=<flwr.simulation.ray_transport.ray_actor.ClientAppActor object at 0x7f33d012d700>)
  File "/home/mmaia/my_envs/liver_torch/lib/python3.8/site-packages/flwr/simulation/ray_transport/ray_actor.py", line 64, in run
    raise ClientAppException(str(ex)) from ex
flwr.client.client_app.ClientAppException: 
Exception ClientAppException occurred. Message: Not all values are of valid type. Expected `typing.Union[int, float, str, bytes, bool, typing.List[int], typing.List[float], typing.List[str], typing.List[bytes], typing.List[bool]]` but `<class 'torch.Tensor'>` was passed.
[2024-08-06 15:52:44,140][flwr][ERROR] - Traceback (most recent call last):
  File "/home/mmaia/my_envs/liver_torch/lib/python3.8/site-packages/flwr/simulation/ray_transport/ray_client_proxy.py", line 73, in _submit_job
    out_mssg, updated_context = self.actor_pool.get_client_result(
  File "/home/mmaia/my_envs/liver_torch/lib/python3.8/site-packages/flwr/simulation/ray_transport/ray_actor.py", line 399, in get_client_result
    return self._fetch_future_result(cid)
  File "/home/mmaia/my_envs/liver_torch/lib/python3.8/site-packages/flwr/simulation/ray_transport/ray_actor.py", line 280, in _fetch_future_result
    res_cid, out_mssg, updated_context = ray.get(
  File "/home/mmaia/my_envs/liver_torch/lib/python3.8/site-packages/ray/_private/auto_init_hook.py", line 21, in auto_init_wrapper
    return fn(*args, **kwargs)
  File "/home/mmaia/my_envs/liver_torch/lib/python3.8/site-packages/ray/_private/client_mode_hook.py", line 103, in wrapper
    return func(*args, **kwargs)
  File "/home/mmaia/my_envs/liver_torch/lib/python3.8/site-packages/ray/_private/worker.py", line 2667, in get
    values, debugger_breakpoint = worker.get_objects(object_refs, timeout=timeout)
  File "/home/mmaia/my_envs/liver_torch/lib/python3.8/site-packages/ray/_private/worker.py", line 864, in get_objects
    raise value.as_instanceof_cause()
ray.exceptions.RayTaskError(ClientAppException): [36mray::ClientAppActor.run()[39m (pid=803072, ip=10.50.9.88, actor_id=4e05ab9131170bb6072ea45501000000, repr=<flwr.simulation.ray_transport.ray_actor.ClientAppActor object at 0x7f33d012d700>)
  File "/home/mmaia/my_envs/liver_torch/lib/python3.8/site-packages/flwr/client/client_app.py", line 98, in __call__
    return self._call(message, context)
  File "/home/mmaia/my_envs/liver_torch/lib/python3.8/site-packages/flwr/client/client_app.py", line 81, in ffn
    out_message = handle_legacy_message_from_msgtype(
  File "/home/mmaia/my_envs/liver_torch/lib/python3.8/site-packages/flwr/client/message_handler/message_handler.py", line 141, in handle_legacy_message_from_msgtype
    out_recordset = evaluateres_to_recordset(evaluate_res)
  File "/home/mmaia/my_envs/liver_torch/lib/python3.8/site-packages/flwr/common/recordset_compat.py", line 301, in evaluateres_to_recordset
    recordset.configs_records[f"{res_str}.metrics"] = ConfigsRecord(
  File "/home/mmaia/my_envs/liver_torch/lib/python3.8/site-packages/flwr/common/record/configsrecord.py", line 85, in __init__
    self[k] = configs_dict[k]
  File "/home/mmaia/my_envs/liver_torch/lib/python3.8/site-packages/flwr/common/record/typeddict.py", line 38, in __setitem__
    self._check_value_fn(value)
  File "/home/mmaia/my_envs/liver_torch/lib/python3.8/site-packages/flwr/common/record/configsrecord.py", line 57, in _check_value
    is_valid(value)
  File "/home/mmaia/my_envs/liver_torch/lib/python3.8/site-packages/flwr/common/record/configsrecord.py", line 35, in is_valid
    raise TypeError(
TypeError: Not all values are of valid type. Expected `typing.Union[int, float, str, bytes, bool, typing.List[int], typing.List[float], typing.List[str], typing.List[bytes], typing.List[bool]]` but `<class 'torch.Tensor'>` was passed.

The above exception was the direct cause of the following exception:

[36mray::ClientAppActor.run()[39m (pid=803072, ip=10.50.9.88, actor_id=4e05ab9131170bb6072ea45501000000, repr=<flwr.simulation.ray_transport.ray_actor.ClientAppActor object at 0x7f33d012d700>)
  File "/home/mmaia/my_envs/liver_torch/lib/python3.8/site-packages/flwr/simulation/ray_transport/ray_actor.py", line 64, in run
    raise ClientAppException(str(ex)) from ex
flwr.client.client_app.ClientAppException: 
Exception ClientAppException occurred. Message: Not all values are of valid type. Expected `typing.Union[int, float, str, bytes, bool, typing.List[int], typing.List[float], typing.List[str], typing.List[bytes], typing.List[bool]]` but `<class 'torch.Tensor'>` was passed.

[2024-08-06 15:52:44,140][flwr][ERROR] - [36mray::ClientAppActor.run()[39m (pid=803072, ip=10.50.9.88, actor_id=4e05ab9131170bb6072ea45501000000, repr=<flwr.simulation.ray_transport.ray_actor.ClientAppActor object at 0x7f33d012d700>)
  File "/home/mmaia/my_envs/liver_torch/lib/python3.8/site-packages/flwr/client/client_app.py", line 98, in __call__
    return self._call(message, context)
  File "/home/mmaia/my_envs/liver_torch/lib/python3.8/site-packages/flwr/client/client_app.py", line 81, in ffn
    out_message = handle_legacy_message_from_msgtype(
  File "/home/mmaia/my_envs/liver_torch/lib/python3.8/site-packages/flwr/client/message_handler/message_handler.py", line 141, in handle_legacy_message_from_msgtype
    out_recordset = evaluateres_to_recordset(evaluate_res)
  File "/home/mmaia/my_envs/liver_torch/lib/python3.8/site-packages/flwr/common/recordset_compat.py", line 301, in evaluateres_to_recordset
    recordset.configs_records[f"{res_str}.metrics"] = ConfigsRecord(
  File "/home/mmaia/my_envs/liver_torch/lib/python3.8/site-packages/flwr/common/record/configsrecord.py", line 85, in __init__
    self[k] = configs_dict[k]
  File "/home/mmaia/my_envs/liver_torch/lib/python3.8/site-packages/flwr/common/record/typeddict.py", line 38, in __setitem__
    self._check_value_fn(value)
  File "/home/mmaia/my_envs/liver_torch/lib/python3.8/site-packages/flwr/common/record/configsrecord.py", line 57, in _check_value
    is_valid(value)
  File "/home/mmaia/my_envs/liver_torch/lib/python3.8/site-packages/flwr/common/record/configsrecord.py", line 35, in is_valid
    raise TypeError(
TypeError: Not all values are of valid type. Expected `typing.Union[int, float, str, bytes, bool, typing.List[int], typing.List[float], typing.List[str], typing.List[bytes], typing.List[bool]]` but `<class 'torch.Tensor'>` was passed.

The above exception was the direct cause of the following exception:

[36mray::ClientAppActor.run()[39m (pid=803072, ip=10.50.9.88, actor_id=4e05ab9131170bb6072ea45501000000, repr=<flwr.simulation.ray_transport.ray_actor.ClientAppActor object at 0x7f33d012d700>)
  File "/home/mmaia/my_envs/liver_torch/lib/python3.8/site-packages/flwr/simulation/ray_transport/ray_actor.py", line 64, in run
    raise ClientAppException(str(ex)) from ex
flwr.client.client_app.ClientAppException: 
Exception ClientAppException occurred. Message: Not all values are of valid type. Expected `typing.Union[int, float, str, bytes, bool, typing.List[int], typing.List[float], typing.List[str], typing.List[bytes], typing.List[bool]]` but `<class 'torch.Tensor'>` was passed.
[2024-08-06 15:52:44,140][flwr][INFO] - aggregate_evaluate: received 0 results and 2 failures
[2024-08-06 15:52:44,141][flwr][INFO] - 
[2024-08-06 15:52:44,141][flwr][INFO] - [ROUND 4]
[2024-08-06 15:52:44,141][flwr][INFO] - configure_fit: strategy sampled 2 clients (out of 2)
[2024-08-06 15:53:58,573][flwr][INFO] - aggregate_fit: received 2 results and 0 failures
[2024-08-06 15:54:02,826][flwr][INFO] - fit progress: (4, 0.009348516641087675, OrderedDict([('ind_iou_0', 0.9217194166141617), ('ind_dice_liver_0', tensor(0.9288, dtype=torch.float64)), ('ind_dice_tumour_0', tensor(0.0553, dtype=torch.float64)), ('ind_iou_1', 0.8970078237020974), ('ind_dice_liver_1', tensor(0.9385, dtype=torch.float64)), ('ind_dice_tumour_1', tensor(0.5025, dtype=torch.float64)), ('all_iou', 0.8903886327516455), ('all_dice_liver', tensor(0.9172, dtype=torch.float64)), ('all_dice_tumour', tensor(0.2782, dtype=torch.float64))]), 313.6156742009334)
[2024-08-06 15:54:02,831][flwr][INFO] - configure_evaluate: strategy sampled 2 clients (out of 2)
[2024-08-06 15:54:03,456][flwr][ERROR] - Traceback (most recent call last):
  File "/home/mmaia/my_envs/liver_torch/lib/python3.8/site-packages/flwr/simulation/ray_transport/ray_client_proxy.py", line 73, in _submit_job
    out_mssg, updated_context = self.actor_pool.get_client_result(
  File "/home/mmaia/my_envs/liver_torch/lib/python3.8/site-packages/flwr/simulation/ray_transport/ray_actor.py", line 399, in get_client_result
    return self._fetch_future_result(cid)
  File "/home/mmaia/my_envs/liver_torch/lib/python3.8/site-packages/flwr/simulation/ray_transport/ray_actor.py", line 280, in _fetch_future_result
    res_cid, out_mssg, updated_context = ray.get(
  File "/home/mmaia/my_envs/liver_torch/lib/python3.8/site-packages/ray/_private/auto_init_hook.py", line 21, in auto_init_wrapper
    return fn(*args, **kwargs)
  File "/home/mmaia/my_envs/liver_torch/lib/python3.8/site-packages/ray/_private/client_mode_hook.py", line 103, in wrapper
    return func(*args, **kwargs)
  File "/home/mmaia/my_envs/liver_torch/lib/python3.8/site-packages/ray/_private/worker.py", line 2667, in get
    values, debugger_breakpoint = worker.get_objects(object_refs, timeout=timeout)
  File "/home/mmaia/my_envs/liver_torch/lib/python3.8/site-packages/ray/_private/worker.py", line 864, in get_objects
    raise value.as_instanceof_cause()
ray.exceptions.RayTaskError(ClientAppException): [36mray::ClientAppActor.run()[39m (pid=803072, ip=10.50.9.88, actor_id=4e05ab9131170bb6072ea45501000000, repr=<flwr.simulation.ray_transport.ray_actor.ClientAppActor object at 0x7f33d012d700>)
  File "/home/mmaia/my_envs/liver_torch/lib/python3.8/site-packages/flwr/client/client_app.py", line 98, in __call__
    return self._call(message, context)
  File "/home/mmaia/my_envs/liver_torch/lib/python3.8/site-packages/flwr/client/client_app.py", line 81, in ffn
    out_message = handle_legacy_message_from_msgtype(
  File "/home/mmaia/my_envs/liver_torch/lib/python3.8/site-packages/flwr/client/message_handler/message_handler.py", line 141, in handle_legacy_message_from_msgtype
    out_recordset = evaluateres_to_recordset(evaluate_res)
  File "/home/mmaia/my_envs/liver_torch/lib/python3.8/site-packages/flwr/common/recordset_compat.py", line 301, in evaluateres_to_recordset
    recordset.configs_records[f"{res_str}.metrics"] = ConfigsRecord(
  File "/home/mmaia/my_envs/liver_torch/lib/python3.8/site-packages/flwr/common/record/configsrecord.py", line 85, in __init__
    self[k] = configs_dict[k]
  File "/home/mmaia/my_envs/liver_torch/lib/python3.8/site-packages/flwr/common/record/typeddict.py", line 38, in __setitem__
    self._check_value_fn(value)
  File "/home/mmaia/my_envs/liver_torch/lib/python3.8/site-packages/flwr/common/record/configsrecord.py", line 57, in _check_value
    is_valid(value)
  File "/home/mmaia/my_envs/liver_torch/lib/python3.8/site-packages/flwr/common/record/configsrecord.py", line 35, in is_valid
    raise TypeError(
TypeError: Not all values are of valid type. Expected `typing.Union[int, float, str, bytes, bool, typing.List[int], typing.List[float], typing.List[str], typing.List[bytes], typing.List[bool]]` but `<class 'torch.Tensor'>` was passed.

The above exception was the direct cause of the following exception:

[36mray::ClientAppActor.run()[39m (pid=803072, ip=10.50.9.88, actor_id=4e05ab9131170bb6072ea45501000000, repr=<flwr.simulation.ray_transport.ray_actor.ClientAppActor object at 0x7f33d012d700>)
  File "/home/mmaia/my_envs/liver_torch/lib/python3.8/site-packages/flwr/simulation/ray_transport/ray_actor.py", line 64, in run
    raise ClientAppException(str(ex)) from ex
flwr.client.client_app.ClientAppException: 
Exception ClientAppException occurred. Message: Not all values are of valid type. Expected `typing.Union[int, float, str, bytes, bool, typing.List[int], typing.List[float], typing.List[str], typing.List[bytes], typing.List[bool]]` but `<class 'torch.Tensor'>` was passed.

[2024-08-06 15:54:03,456][flwr][ERROR] - [36mray::ClientAppActor.run()[39m (pid=803072, ip=10.50.9.88, actor_id=4e05ab9131170bb6072ea45501000000, repr=<flwr.simulation.ray_transport.ray_actor.ClientAppActor object at 0x7f33d012d700>)
  File "/home/mmaia/my_envs/liver_torch/lib/python3.8/site-packages/flwr/client/client_app.py", line 98, in __call__
    return self._call(message, context)
  File "/home/mmaia/my_envs/liver_torch/lib/python3.8/site-packages/flwr/client/client_app.py", line 81, in ffn
    out_message = handle_legacy_message_from_msgtype(
  File "/home/mmaia/my_envs/liver_torch/lib/python3.8/site-packages/flwr/client/message_handler/message_handler.py", line 141, in handle_legacy_message_from_msgtype
    out_recordset = evaluateres_to_recordset(evaluate_res)
  File "/home/mmaia/my_envs/liver_torch/lib/python3.8/site-packages/flwr/common/recordset_compat.py", line 301, in evaluateres_to_recordset
    recordset.configs_records[f"{res_str}.metrics"] = ConfigsRecord(
  File "/home/mmaia/my_envs/liver_torch/lib/python3.8/site-packages/flwr/common/record/configsrecord.py", line 85, in __init__
    self[k] = configs_dict[k]
  File "/home/mmaia/my_envs/liver_torch/lib/python3.8/site-packages/flwr/common/record/typeddict.py", line 38, in __setitem__
    self._check_value_fn(value)
  File "/home/mmaia/my_envs/liver_torch/lib/python3.8/site-packages/flwr/common/record/configsrecord.py", line 57, in _check_value
    is_valid(value)
  File "/home/mmaia/my_envs/liver_torch/lib/python3.8/site-packages/flwr/common/record/configsrecord.py", line 35, in is_valid
    raise TypeError(
TypeError: Not all values are of valid type. Expected `typing.Union[int, float, str, bytes, bool, typing.List[int], typing.List[float], typing.List[str], typing.List[bytes], typing.List[bool]]` but `<class 'torch.Tensor'>` was passed.

The above exception was the direct cause of the following exception:

[36mray::ClientAppActor.run()[39m (pid=803072, ip=10.50.9.88, actor_id=4e05ab9131170bb6072ea45501000000, repr=<flwr.simulation.ray_transport.ray_actor.ClientAppActor object at 0x7f33d012d700>)
  File "/home/mmaia/my_envs/liver_torch/lib/python3.8/site-packages/flwr/simulation/ray_transport/ray_actor.py", line 64, in run
    raise ClientAppException(str(ex)) from ex
flwr.client.client_app.ClientAppException: 
Exception ClientAppException occurred. Message: Not all values are of valid type. Expected `typing.Union[int, float, str, bytes, bool, typing.List[int], typing.List[float], typing.List[str], typing.List[bytes], typing.List[bool]]` but `<class 'torch.Tensor'>` was passed.
[2024-08-06 15:54:03,974][flwr][ERROR] - Traceback (most recent call last):
  File "/home/mmaia/my_envs/liver_torch/lib/python3.8/site-packages/flwr/simulation/ray_transport/ray_client_proxy.py", line 73, in _submit_job
    out_mssg, updated_context = self.actor_pool.get_client_result(
  File "/home/mmaia/my_envs/liver_torch/lib/python3.8/site-packages/flwr/simulation/ray_transport/ray_actor.py", line 399, in get_client_result
    return self._fetch_future_result(cid)
  File "/home/mmaia/my_envs/liver_torch/lib/python3.8/site-packages/flwr/simulation/ray_transport/ray_actor.py", line 280, in _fetch_future_result
    res_cid, out_mssg, updated_context = ray.get(
  File "/home/mmaia/my_envs/liver_torch/lib/python3.8/site-packages/ray/_private/auto_init_hook.py", line 21, in auto_init_wrapper
    return fn(*args, **kwargs)
  File "/home/mmaia/my_envs/liver_torch/lib/python3.8/site-packages/ray/_private/client_mode_hook.py", line 103, in wrapper
    return func(*args, **kwargs)
  File "/home/mmaia/my_envs/liver_torch/lib/python3.8/site-packages/ray/_private/worker.py", line 2667, in get
    values, debugger_breakpoint = worker.get_objects(object_refs, timeout=timeout)
  File "/home/mmaia/my_envs/liver_torch/lib/python3.8/site-packages/ray/_private/worker.py", line 864, in get_objects
    raise value.as_instanceof_cause()
ray.exceptions.RayTaskError(ClientAppException): [36mray::ClientAppActor.run()[39m (pid=803072, ip=10.50.9.88, actor_id=4e05ab9131170bb6072ea45501000000, repr=<flwr.simulation.ray_transport.ray_actor.ClientAppActor object at 0x7f33d012d700>)
  File "/home/mmaia/my_envs/liver_torch/lib/python3.8/site-packages/flwr/client/client_app.py", line 98, in __call__
    return self._call(message, context)
  File "/home/mmaia/my_envs/liver_torch/lib/python3.8/site-packages/flwr/client/client_app.py", line 81, in ffn
    out_message = handle_legacy_message_from_msgtype(
  File "/home/mmaia/my_envs/liver_torch/lib/python3.8/site-packages/flwr/client/message_handler/message_handler.py", line 141, in handle_legacy_message_from_msgtype
    out_recordset = evaluateres_to_recordset(evaluate_res)
  File "/home/mmaia/my_envs/liver_torch/lib/python3.8/site-packages/flwr/common/recordset_compat.py", line 301, in evaluateres_to_recordset
    recordset.configs_records[f"{res_str}.metrics"] = ConfigsRecord(
  File "/home/mmaia/my_envs/liver_torch/lib/python3.8/site-packages/flwr/common/record/configsrecord.py", line 85, in __init__
    self[k] = configs_dict[k]
  File "/home/mmaia/my_envs/liver_torch/lib/python3.8/site-packages/flwr/common/record/typeddict.py", line 38, in __setitem__
    self._check_value_fn(value)
  File "/home/mmaia/my_envs/liver_torch/lib/python3.8/site-packages/flwr/common/record/configsrecord.py", line 57, in _check_value
    is_valid(value)
  File "/home/mmaia/my_envs/liver_torch/lib/python3.8/site-packages/flwr/common/record/configsrecord.py", line 35, in is_valid
    raise TypeError(
TypeError: Not all values are of valid type. Expected `typing.Union[int, float, str, bytes, bool, typing.List[int], typing.List[float], typing.List[str], typing.List[bytes], typing.List[bool]]` but `<class 'torch.Tensor'>` was passed.

The above exception was the direct cause of the following exception:

[36mray::ClientAppActor.run()[39m (pid=803072, ip=10.50.9.88, actor_id=4e05ab9131170bb6072ea45501000000, repr=<flwr.simulation.ray_transport.ray_actor.ClientAppActor object at 0x7f33d012d700>)
  File "/home/mmaia/my_envs/liver_torch/lib/python3.8/site-packages/flwr/simulation/ray_transport/ray_actor.py", line 64, in run
    raise ClientAppException(str(ex)) from ex
flwr.client.client_app.ClientAppException: 
Exception ClientAppException occurred. Message: Not all values are of valid type. Expected `typing.Union[int, float, str, bytes, bool, typing.List[int], typing.List[float], typing.List[str], typing.List[bytes], typing.List[bool]]` but `<class 'torch.Tensor'>` was passed.

[2024-08-06 15:54:03,975][flwr][ERROR] - [36mray::ClientAppActor.run()[39m (pid=803072, ip=10.50.9.88, actor_id=4e05ab9131170bb6072ea45501000000, repr=<flwr.simulation.ray_transport.ray_actor.ClientAppActor object at 0x7f33d012d700>)
  File "/home/mmaia/my_envs/liver_torch/lib/python3.8/site-packages/flwr/client/client_app.py", line 98, in __call__
    return self._call(message, context)
  File "/home/mmaia/my_envs/liver_torch/lib/python3.8/site-packages/flwr/client/client_app.py", line 81, in ffn
    out_message = handle_legacy_message_from_msgtype(
  File "/home/mmaia/my_envs/liver_torch/lib/python3.8/site-packages/flwr/client/message_handler/message_handler.py", line 141, in handle_legacy_message_from_msgtype
    out_recordset = evaluateres_to_recordset(evaluate_res)
  File "/home/mmaia/my_envs/liver_torch/lib/python3.8/site-packages/flwr/common/recordset_compat.py", line 301, in evaluateres_to_recordset
    recordset.configs_records[f"{res_str}.metrics"] = ConfigsRecord(
  File "/home/mmaia/my_envs/liver_torch/lib/python3.8/site-packages/flwr/common/record/configsrecord.py", line 85, in __init__
    self[k] = configs_dict[k]
  File "/home/mmaia/my_envs/liver_torch/lib/python3.8/site-packages/flwr/common/record/typeddict.py", line 38, in __setitem__
    self._check_value_fn(value)
  File "/home/mmaia/my_envs/liver_torch/lib/python3.8/site-packages/flwr/common/record/configsrecord.py", line 57, in _check_value
    is_valid(value)
  File "/home/mmaia/my_envs/liver_torch/lib/python3.8/site-packages/flwr/common/record/configsrecord.py", line 35, in is_valid
    raise TypeError(
TypeError: Not all values are of valid type. Expected `typing.Union[int, float, str, bytes, bool, typing.List[int], typing.List[float], typing.List[str], typing.List[bytes], typing.List[bool]]` but `<class 'torch.Tensor'>` was passed.

The above exception was the direct cause of the following exception:

[36mray::ClientAppActor.run()[39m (pid=803072, ip=10.50.9.88, actor_id=4e05ab9131170bb6072ea45501000000, repr=<flwr.simulation.ray_transport.ray_actor.ClientAppActor object at 0x7f33d012d700>)
  File "/home/mmaia/my_envs/liver_torch/lib/python3.8/site-packages/flwr/simulation/ray_transport/ray_actor.py", line 64, in run
    raise ClientAppException(str(ex)) from ex
flwr.client.client_app.ClientAppException: 
Exception ClientAppException occurred. Message: Not all values are of valid type. Expected `typing.Union[int, float, str, bytes, bool, typing.List[int], typing.List[float], typing.List[str], typing.List[bytes], typing.List[bool]]` but `<class 'torch.Tensor'>` was passed.
[2024-08-06 15:54:03,975][flwr][INFO] - aggregate_evaluate: received 0 results and 2 failures
[2024-08-06 15:54:03,975][flwr][INFO] - 
[2024-08-06 15:54:03,975][flwr][INFO] - [ROUND 5]
[2024-08-06 15:54:03,976][flwr][INFO] - configure_fit: strategy sampled 2 clients (out of 2)
[2024-08-06 15:55:18,611][flwr][INFO] - aggregate_fit: received 2 results and 0 failures
[2024-08-06 15:55:22,702][flwr][INFO] - fit progress: (5, 0.009348516818135977, OrderedDict([('ind_iou_0', 0.9026335421561277), ('ind_dice_liver_0', tensor(0.9134, dtype=torch.float64)), ('ind_dice_tumour_0', tensor(0.0551, dtype=torch.float64)), ('ind_iou_1', 0.9003972641412945), ('ind_dice_liver_1', tensor(0.9397, dtype=torch.float64)), ('ind_dice_tumour_1', tensor(0.4828, dtype=torch.float64)), ('all_iou', 0.9135716148973154), ('all_dice_liver', tensor(0.9352, dtype=torch.float64)), ('all_dice_tumour', tensor(0.3104, dtype=torch.float64))]), 393.4921871186234)
[2024-08-06 15:55:22,707][flwr][INFO] - configure_evaluate: strategy sampled 2 clients (out of 2)
[2024-08-06 15:55:23,331][flwr][ERROR] - Traceback (most recent call last):
  File "/home/mmaia/my_envs/liver_torch/lib/python3.8/site-packages/flwr/simulation/ray_transport/ray_client_proxy.py", line 73, in _submit_job
    out_mssg, updated_context = self.actor_pool.get_client_result(
  File "/home/mmaia/my_envs/liver_torch/lib/python3.8/site-packages/flwr/simulation/ray_transport/ray_actor.py", line 399, in get_client_result
    return self._fetch_future_result(cid)
  File "/home/mmaia/my_envs/liver_torch/lib/python3.8/site-packages/flwr/simulation/ray_transport/ray_actor.py", line 280, in _fetch_future_result
    res_cid, out_mssg, updated_context = ray.get(
  File "/home/mmaia/my_envs/liver_torch/lib/python3.8/site-packages/ray/_private/auto_init_hook.py", line 21, in auto_init_wrapper
    return fn(*args, **kwargs)
  File "/home/mmaia/my_envs/liver_torch/lib/python3.8/site-packages/ray/_private/client_mode_hook.py", line 103, in wrapper
    return func(*args, **kwargs)
  File "/home/mmaia/my_envs/liver_torch/lib/python3.8/site-packages/ray/_private/worker.py", line 2667, in get
    values, debugger_breakpoint = worker.get_objects(object_refs, timeout=timeout)
  File "/home/mmaia/my_envs/liver_torch/lib/python3.8/site-packages/ray/_private/worker.py", line 864, in get_objects
    raise value.as_instanceof_cause()
ray.exceptions.RayTaskError(ClientAppException): [36mray::ClientAppActor.run()[39m (pid=803072, ip=10.50.9.88, actor_id=4e05ab9131170bb6072ea45501000000, repr=<flwr.simulation.ray_transport.ray_actor.ClientAppActor object at 0x7f33d012d700>)
  File "/home/mmaia/my_envs/liver_torch/lib/python3.8/site-packages/flwr/client/client_app.py", line 98, in __call__
    return self._call(message, context)
  File "/home/mmaia/my_envs/liver_torch/lib/python3.8/site-packages/flwr/client/client_app.py", line 81, in ffn
    out_message = handle_legacy_message_from_msgtype(
  File "/home/mmaia/my_envs/liver_torch/lib/python3.8/site-packages/flwr/client/message_handler/message_handler.py", line 141, in handle_legacy_message_from_msgtype
    out_recordset = evaluateres_to_recordset(evaluate_res)
  File "/home/mmaia/my_envs/liver_torch/lib/python3.8/site-packages/flwr/common/recordset_compat.py", line 301, in evaluateres_to_recordset
    recordset.configs_records[f"{res_str}.metrics"] = ConfigsRecord(
  File "/home/mmaia/my_envs/liver_torch/lib/python3.8/site-packages/flwr/common/record/configsrecord.py", line 85, in __init__
    self[k] = configs_dict[k]
  File "/home/mmaia/my_envs/liver_torch/lib/python3.8/site-packages/flwr/common/record/typeddict.py", line 38, in __setitem__
    self._check_value_fn(value)
  File "/home/mmaia/my_envs/liver_torch/lib/python3.8/site-packages/flwr/common/record/configsrecord.py", line 57, in _check_value
    is_valid(value)
  File "/home/mmaia/my_envs/liver_torch/lib/python3.8/site-packages/flwr/common/record/configsrecord.py", line 35, in is_valid
    raise TypeError(
TypeError: Not all values are of valid type. Expected `typing.Union[int, float, str, bytes, bool, typing.List[int], typing.List[float], typing.List[str], typing.List[bytes], typing.List[bool]]` but `<class 'torch.Tensor'>` was passed.

The above exception was the direct cause of the following exception:

[36mray::ClientAppActor.run()[39m (pid=803072, ip=10.50.9.88, actor_id=4e05ab9131170bb6072ea45501000000, repr=<flwr.simulation.ray_transport.ray_actor.ClientAppActor object at 0x7f33d012d700>)
  File "/home/mmaia/my_envs/liver_torch/lib/python3.8/site-packages/flwr/simulation/ray_transport/ray_actor.py", line 64, in run
    raise ClientAppException(str(ex)) from ex
flwr.client.client_app.ClientAppException: 
Exception ClientAppException occurred. Message: Not all values are of valid type. Expected `typing.Union[int, float, str, bytes, bool, typing.List[int], typing.List[float], typing.List[str], typing.List[bytes], typing.List[bool]]` but `<class 'torch.Tensor'>` was passed.

[2024-08-06 15:55:23,331][flwr][ERROR] - [36mray::ClientAppActor.run()[39m (pid=803072, ip=10.50.9.88, actor_id=4e05ab9131170bb6072ea45501000000, repr=<flwr.simulation.ray_transport.ray_actor.ClientAppActor object at 0x7f33d012d700>)
  File "/home/mmaia/my_envs/liver_torch/lib/python3.8/site-packages/flwr/client/client_app.py", line 98, in __call__
    return self._call(message, context)
  File "/home/mmaia/my_envs/liver_torch/lib/python3.8/site-packages/flwr/client/client_app.py", line 81, in ffn
    out_message = handle_legacy_message_from_msgtype(
  File "/home/mmaia/my_envs/liver_torch/lib/python3.8/site-packages/flwr/client/message_handler/message_handler.py", line 141, in handle_legacy_message_from_msgtype
    out_recordset = evaluateres_to_recordset(evaluate_res)
  File "/home/mmaia/my_envs/liver_torch/lib/python3.8/site-packages/flwr/common/recordset_compat.py", line 301, in evaluateres_to_recordset
    recordset.configs_records[f"{res_str}.metrics"] = ConfigsRecord(
  File "/home/mmaia/my_envs/liver_torch/lib/python3.8/site-packages/flwr/common/record/configsrecord.py", line 85, in __init__
    self[k] = configs_dict[k]
  File "/home/mmaia/my_envs/liver_torch/lib/python3.8/site-packages/flwr/common/record/typeddict.py", line 38, in __setitem__
    self._check_value_fn(value)
  File "/home/mmaia/my_envs/liver_torch/lib/python3.8/site-packages/flwr/common/record/configsrecord.py", line 57, in _check_value
    is_valid(value)
  File "/home/mmaia/my_envs/liver_torch/lib/python3.8/site-packages/flwr/common/record/configsrecord.py", line 35, in is_valid
    raise TypeError(
TypeError: Not all values are of valid type. Expected `typing.Union[int, float, str, bytes, bool, typing.List[int], typing.List[float], typing.List[str], typing.List[bytes], typing.List[bool]]` but `<class 'torch.Tensor'>` was passed.

The above exception was the direct cause of the following exception:

[36mray::ClientAppActor.run()[39m (pid=803072, ip=10.50.9.88, actor_id=4e05ab9131170bb6072ea45501000000, repr=<flwr.simulation.ray_transport.ray_actor.ClientAppActor object at 0x7f33d012d700>)
  File "/home/mmaia/my_envs/liver_torch/lib/python3.8/site-packages/flwr/simulation/ray_transport/ray_actor.py", line 64, in run
    raise ClientAppException(str(ex)) from ex
flwr.client.client_app.ClientAppException: 
Exception ClientAppException occurred. Message: Not all values are of valid type. Expected `typing.Union[int, float, str, bytes, bool, typing.List[int], typing.List[float], typing.List[str], typing.List[bytes], typing.List[bool]]` but `<class 'torch.Tensor'>` was passed.
[2024-08-06 15:55:23,858][flwr][ERROR] - Traceback (most recent call last):
  File "/home/mmaia/my_envs/liver_torch/lib/python3.8/site-packages/flwr/simulation/ray_transport/ray_client_proxy.py", line 73, in _submit_job
    out_mssg, updated_context = self.actor_pool.get_client_result(
  File "/home/mmaia/my_envs/liver_torch/lib/python3.8/site-packages/flwr/simulation/ray_transport/ray_actor.py", line 399, in get_client_result
    return self._fetch_future_result(cid)
  File "/home/mmaia/my_envs/liver_torch/lib/python3.8/site-packages/flwr/simulation/ray_transport/ray_actor.py", line 280, in _fetch_future_result
    res_cid, out_mssg, updated_context = ray.get(
  File "/home/mmaia/my_envs/liver_torch/lib/python3.8/site-packages/ray/_private/auto_init_hook.py", line 21, in auto_init_wrapper
    return fn(*args, **kwargs)
  File "/home/mmaia/my_envs/liver_torch/lib/python3.8/site-packages/ray/_private/client_mode_hook.py", line 103, in wrapper
    return func(*args, **kwargs)
  File "/home/mmaia/my_envs/liver_torch/lib/python3.8/site-packages/ray/_private/worker.py", line 2667, in get
    values, debugger_breakpoint = worker.get_objects(object_refs, timeout=timeout)
  File "/home/mmaia/my_envs/liver_torch/lib/python3.8/site-packages/ray/_private/worker.py", line 864, in get_objects
    raise value.as_instanceof_cause()
ray.exceptions.RayTaskError(ClientAppException): [36mray::ClientAppActor.run()[39m (pid=803072, ip=10.50.9.88, actor_id=4e05ab9131170bb6072ea45501000000, repr=<flwr.simulation.ray_transport.ray_actor.ClientAppActor object at 0x7f33d012d700>)
  File "/home/mmaia/my_envs/liver_torch/lib/python3.8/site-packages/flwr/client/client_app.py", line 98, in __call__
    return self._call(message, context)
  File "/home/mmaia/my_envs/liver_torch/lib/python3.8/site-packages/flwr/client/client_app.py", line 81, in ffn
    out_message = handle_legacy_message_from_msgtype(
  File "/home/mmaia/my_envs/liver_torch/lib/python3.8/site-packages/flwr/client/message_handler/message_handler.py", line 141, in handle_legacy_message_from_msgtype
    out_recordset = evaluateres_to_recordset(evaluate_res)
  File "/home/mmaia/my_envs/liver_torch/lib/python3.8/site-packages/flwr/common/recordset_compat.py", line 301, in evaluateres_to_recordset
    recordset.configs_records[f"{res_str}.metrics"] = ConfigsRecord(
  File "/home/mmaia/my_envs/liver_torch/lib/python3.8/site-packages/flwr/common/record/configsrecord.py", line 85, in __init__
    self[k] = configs_dict[k]
  File "/home/mmaia/my_envs/liver_torch/lib/python3.8/site-packages/flwr/common/record/typeddict.py", line 38, in __setitem__
    self._check_value_fn(value)
  File "/home/mmaia/my_envs/liver_torch/lib/python3.8/site-packages/flwr/common/record/configsrecord.py", line 57, in _check_value
    is_valid(value)
  File "/home/mmaia/my_envs/liver_torch/lib/python3.8/site-packages/flwr/common/record/configsrecord.py", line 35, in is_valid
    raise TypeError(
TypeError: Not all values are of valid type. Expected `typing.Union[int, float, str, bytes, bool, typing.List[int], typing.List[float], typing.List[str], typing.List[bytes], typing.List[bool]]` but `<class 'torch.Tensor'>` was passed.

The above exception was the direct cause of the following exception:

[36mray::ClientAppActor.run()[39m (pid=803072, ip=10.50.9.88, actor_id=4e05ab9131170bb6072ea45501000000, repr=<flwr.simulation.ray_transport.ray_actor.ClientAppActor object at 0x7f33d012d700>)
  File "/home/mmaia/my_envs/liver_torch/lib/python3.8/site-packages/flwr/simulation/ray_transport/ray_actor.py", line 64, in run
    raise ClientAppException(str(ex)) from ex
flwr.client.client_app.ClientAppException: 
Exception ClientAppException occurred. Message: Not all values are of valid type. Expected `typing.Union[int, float, str, bytes, bool, typing.List[int], typing.List[float], typing.List[str], typing.List[bytes], typing.List[bool]]` but `<class 'torch.Tensor'>` was passed.

[2024-08-06 15:55:23,858][flwr][ERROR] - [36mray::ClientAppActor.run()[39m (pid=803072, ip=10.50.9.88, actor_id=4e05ab9131170bb6072ea45501000000, repr=<flwr.simulation.ray_transport.ray_actor.ClientAppActor object at 0x7f33d012d700>)
  File "/home/mmaia/my_envs/liver_torch/lib/python3.8/site-packages/flwr/client/client_app.py", line 98, in __call__
    return self._call(message, context)
  File "/home/mmaia/my_envs/liver_torch/lib/python3.8/site-packages/flwr/client/client_app.py", line 81, in ffn
    out_message = handle_legacy_message_from_msgtype(
  File "/home/mmaia/my_envs/liver_torch/lib/python3.8/site-packages/flwr/client/message_handler/message_handler.py", line 141, in handle_legacy_message_from_msgtype
    out_recordset = evaluateres_to_recordset(evaluate_res)
  File "/home/mmaia/my_envs/liver_torch/lib/python3.8/site-packages/flwr/common/recordset_compat.py", line 301, in evaluateres_to_recordset
    recordset.configs_records[f"{res_str}.metrics"] = ConfigsRecord(
  File "/home/mmaia/my_envs/liver_torch/lib/python3.8/site-packages/flwr/common/record/configsrecord.py", line 85, in __init__
    self[k] = configs_dict[k]
  File "/home/mmaia/my_envs/liver_torch/lib/python3.8/site-packages/flwr/common/record/typeddict.py", line 38, in __setitem__
    self._check_value_fn(value)
  File "/home/mmaia/my_envs/liver_torch/lib/python3.8/site-packages/flwr/common/record/configsrecord.py", line 57, in _check_value
    is_valid(value)
  File "/home/mmaia/my_envs/liver_torch/lib/python3.8/site-packages/flwr/common/record/configsrecord.py", line 35, in is_valid
    raise TypeError(
TypeError: Not all values are of valid type. Expected `typing.Union[int, float, str, bytes, bool, typing.List[int], typing.List[float], typing.List[str], typing.List[bytes], typing.List[bool]]` but `<class 'torch.Tensor'>` was passed.

The above exception was the direct cause of the following exception:

[36mray::ClientAppActor.run()[39m (pid=803072, ip=10.50.9.88, actor_id=4e05ab9131170bb6072ea45501000000, repr=<flwr.simulation.ray_transport.ray_actor.ClientAppActor object at 0x7f33d012d700>)
  File "/home/mmaia/my_envs/liver_torch/lib/python3.8/site-packages/flwr/simulation/ray_transport/ray_actor.py", line 64, in run
    raise ClientAppException(str(ex)) from ex
flwr.client.client_app.ClientAppException: 
Exception ClientAppException occurred. Message: Not all values are of valid type. Expected `typing.Union[int, float, str, bytes, bool, typing.List[int], typing.List[float], typing.List[str], typing.List[bytes], typing.List[bool]]` but `<class 'torch.Tensor'>` was passed.
[2024-08-06 15:55:23,858][flwr][INFO] - aggregate_evaluate: received 0 results and 2 failures
[2024-08-06 15:55:23,858][flwr][INFO] - 
[2024-08-06 15:55:23,859][flwr][INFO] - [ROUND 6]
[2024-08-06 15:55:23,859][flwr][INFO] - configure_fit: strategy sampled 2 clients (out of 2)
[2024-08-06 15:56:39,469][flwr][INFO] - aggregate_fit: received 2 results and 0 failures
[2024-08-06 15:56:43,617][flwr][INFO] - fit progress: (6, 0.009348516832687892, OrderedDict([('ind_iou_0', 0.9234066502402011), ('ind_dice_liver_0', tensor(0.9280, dtype=torch.float64)), ('ind_dice_tumour_0', tensor(0.0451, dtype=torch.float64)), ('ind_iou_1', 0.9023732948835498), ('ind_dice_liver_1', tensor(0.9403, dtype=torch.float64)), ('ind_dice_tumour_1', tensor(0.5082, dtype=torch.float64)), ('all_iou', 0.9032280310959191), ('all_dice_liver', tensor(0.9293, dtype=torch.float64)), ('all_dice_tumour', tensor(0.2986, dtype=torch.float64))]), 474.4073138949461)
[2024-08-06 15:56:43,622][flwr][INFO] - configure_evaluate: strategy sampled 2 clients (out of 2)
[2024-08-06 15:56:44,241][flwr][ERROR] - Traceback (most recent call last):
  File "/home/mmaia/my_envs/liver_torch/lib/python3.8/site-packages/flwr/simulation/ray_transport/ray_client_proxy.py", line 73, in _submit_job
    out_mssg, updated_context = self.actor_pool.get_client_result(
  File "/home/mmaia/my_envs/liver_torch/lib/python3.8/site-packages/flwr/simulation/ray_transport/ray_actor.py", line 399, in get_client_result
    return self._fetch_future_result(cid)
  File "/home/mmaia/my_envs/liver_torch/lib/python3.8/site-packages/flwr/simulation/ray_transport/ray_actor.py", line 280, in _fetch_future_result
    res_cid, out_mssg, updated_context = ray.get(
  File "/home/mmaia/my_envs/liver_torch/lib/python3.8/site-packages/ray/_private/auto_init_hook.py", line 21, in auto_init_wrapper
    return fn(*args, **kwargs)
  File "/home/mmaia/my_envs/liver_torch/lib/python3.8/site-packages/ray/_private/client_mode_hook.py", line 103, in wrapper
    return func(*args, **kwargs)
  File "/home/mmaia/my_envs/liver_torch/lib/python3.8/site-packages/ray/_private/worker.py", line 2667, in get
    values, debugger_breakpoint = worker.get_objects(object_refs, timeout=timeout)
  File "/home/mmaia/my_envs/liver_torch/lib/python3.8/site-packages/ray/_private/worker.py", line 864, in get_objects
    raise value.as_instanceof_cause()
ray.exceptions.RayTaskError(ClientAppException): [36mray::ClientAppActor.run()[39m (pid=803072, ip=10.50.9.88, actor_id=4e05ab9131170bb6072ea45501000000, repr=<flwr.simulation.ray_transport.ray_actor.ClientAppActor object at 0x7f33d012d700>)
  File "/home/mmaia/my_envs/liver_torch/lib/python3.8/site-packages/flwr/client/client_app.py", line 98, in __call__
    return self._call(message, context)
  File "/home/mmaia/my_envs/liver_torch/lib/python3.8/site-packages/flwr/client/client_app.py", line 81, in ffn
    out_message = handle_legacy_message_from_msgtype(
  File "/home/mmaia/my_envs/liver_torch/lib/python3.8/site-packages/flwr/client/message_handler/message_handler.py", line 141, in handle_legacy_message_from_msgtype
    out_recordset = evaluateres_to_recordset(evaluate_res)
  File "/home/mmaia/my_envs/liver_torch/lib/python3.8/site-packages/flwr/common/recordset_compat.py", line 301, in evaluateres_to_recordset
    recordset.configs_records[f"{res_str}.metrics"] = ConfigsRecord(
  File "/home/mmaia/my_envs/liver_torch/lib/python3.8/site-packages/flwr/common/record/configsrecord.py", line 85, in __init__
    self[k] = configs_dict[k]
  File "/home/mmaia/my_envs/liver_torch/lib/python3.8/site-packages/flwr/common/record/typeddict.py", line 38, in __setitem__
    self._check_value_fn(value)
  File "/home/mmaia/my_envs/liver_torch/lib/python3.8/site-packages/flwr/common/record/configsrecord.py", line 57, in _check_value
    is_valid(value)
  File "/home/mmaia/my_envs/liver_torch/lib/python3.8/site-packages/flwr/common/record/configsrecord.py", line 35, in is_valid
    raise TypeError(
TypeError: Not all values are of valid type. Expected `typing.Union[int, float, str, bytes, bool, typing.List[int], typing.List[float], typing.List[str], typing.List[bytes], typing.List[bool]]` but `<class 'torch.Tensor'>` was passed.

The above exception was the direct cause of the following exception:

[36mray::ClientAppActor.run()[39m (pid=803072, ip=10.50.9.88, actor_id=4e05ab9131170bb6072ea45501000000, repr=<flwr.simulation.ray_transport.ray_actor.ClientAppActor object at 0x7f33d012d700>)
  File "/home/mmaia/my_envs/liver_torch/lib/python3.8/site-packages/flwr/simulation/ray_transport/ray_actor.py", line 64, in run
    raise ClientAppException(str(ex)) from ex
flwr.client.client_app.ClientAppException: 
Exception ClientAppException occurred. Message: Not all values are of valid type. Expected `typing.Union[int, float, str, bytes, bool, typing.List[int], typing.List[float], typing.List[str], typing.List[bytes], typing.List[bool]]` but `<class 'torch.Tensor'>` was passed.

[2024-08-06 15:56:44,241][flwr][ERROR] - [36mray::ClientAppActor.run()[39m (pid=803072, ip=10.50.9.88, actor_id=4e05ab9131170bb6072ea45501000000, repr=<flwr.simulation.ray_transport.ray_actor.ClientAppActor object at 0x7f33d012d700>)
  File "/home/mmaia/my_envs/liver_torch/lib/python3.8/site-packages/flwr/client/client_app.py", line 98, in __call__
    return self._call(message, context)
  File "/home/mmaia/my_envs/liver_torch/lib/python3.8/site-packages/flwr/client/client_app.py", line 81, in ffn
    out_message = handle_legacy_message_from_msgtype(
  File "/home/mmaia/my_envs/liver_torch/lib/python3.8/site-packages/flwr/client/message_handler/message_handler.py", line 141, in handle_legacy_message_from_msgtype
    out_recordset = evaluateres_to_recordset(evaluate_res)
  File "/home/mmaia/my_envs/liver_torch/lib/python3.8/site-packages/flwr/common/recordset_compat.py", line 301, in evaluateres_to_recordset
    recordset.configs_records[f"{res_str}.metrics"] = ConfigsRecord(
  File "/home/mmaia/my_envs/liver_torch/lib/python3.8/site-packages/flwr/common/record/configsrecord.py", line 85, in __init__
    self[k] = configs_dict[k]
  File "/home/mmaia/my_envs/liver_torch/lib/python3.8/site-packages/flwr/common/record/typeddict.py", line 38, in __setitem__
    self._check_value_fn(value)
  File "/home/mmaia/my_envs/liver_torch/lib/python3.8/site-packages/flwr/common/record/configsrecord.py", line 57, in _check_value
    is_valid(value)
  File "/home/mmaia/my_envs/liver_torch/lib/python3.8/site-packages/flwr/common/record/configsrecord.py", line 35, in is_valid
    raise TypeError(
TypeError: Not all values are of valid type. Expected `typing.Union[int, float, str, bytes, bool, typing.List[int], typing.List[float], typing.List[str], typing.List[bytes], typing.List[bool]]` but `<class 'torch.Tensor'>` was passed.

The above exception was the direct cause of the following exception:

[36mray::ClientAppActor.run()[39m (pid=803072, ip=10.50.9.88, actor_id=4e05ab9131170bb6072ea45501000000, repr=<flwr.simulation.ray_transport.ray_actor.ClientAppActor object at 0x7f33d012d700>)
  File "/home/mmaia/my_envs/liver_torch/lib/python3.8/site-packages/flwr/simulation/ray_transport/ray_actor.py", line 64, in run
    raise ClientAppException(str(ex)) from ex
flwr.client.client_app.ClientAppException: 
Exception ClientAppException occurred. Message: Not all values are of valid type. Expected `typing.Union[int, float, str, bytes, bool, typing.List[int], typing.List[float], typing.List[str], typing.List[bytes], typing.List[bool]]` but `<class 'torch.Tensor'>` was passed.
[2024-08-06 15:56:44,749][flwr][ERROR] - Traceback (most recent call last):
  File "/home/mmaia/my_envs/liver_torch/lib/python3.8/site-packages/flwr/simulation/ray_transport/ray_client_proxy.py", line 73, in _submit_job
    out_mssg, updated_context = self.actor_pool.get_client_result(
  File "/home/mmaia/my_envs/liver_torch/lib/python3.8/site-packages/flwr/simulation/ray_transport/ray_actor.py", line 399, in get_client_result
    return self._fetch_future_result(cid)
  File "/home/mmaia/my_envs/liver_torch/lib/python3.8/site-packages/flwr/simulation/ray_transport/ray_actor.py", line 280, in _fetch_future_result
    res_cid, out_mssg, updated_context = ray.get(
  File "/home/mmaia/my_envs/liver_torch/lib/python3.8/site-packages/ray/_private/auto_init_hook.py", line 21, in auto_init_wrapper
    return fn(*args, **kwargs)
  File "/home/mmaia/my_envs/liver_torch/lib/python3.8/site-packages/ray/_private/client_mode_hook.py", line 103, in wrapper
    return func(*args, **kwargs)
  File "/home/mmaia/my_envs/liver_torch/lib/python3.8/site-packages/ray/_private/worker.py", line 2667, in get
    values, debugger_breakpoint = worker.get_objects(object_refs, timeout=timeout)
  File "/home/mmaia/my_envs/liver_torch/lib/python3.8/site-packages/ray/_private/worker.py", line 864, in get_objects
    raise value.as_instanceof_cause()
ray.exceptions.RayTaskError(ClientAppException): [36mray::ClientAppActor.run()[39m (pid=803072, ip=10.50.9.88, actor_id=4e05ab9131170bb6072ea45501000000, repr=<flwr.simulation.ray_transport.ray_actor.ClientAppActor object at 0x7f33d012d700>)
  File "/home/mmaia/my_envs/liver_torch/lib/python3.8/site-packages/flwr/client/client_app.py", line 98, in __call__
    return self._call(message, context)
  File "/home/mmaia/my_envs/liver_torch/lib/python3.8/site-packages/flwr/client/client_app.py", line 81, in ffn
    out_message = handle_legacy_message_from_msgtype(
  File "/home/mmaia/my_envs/liver_torch/lib/python3.8/site-packages/flwr/client/message_handler/message_handler.py", line 141, in handle_legacy_message_from_msgtype
    out_recordset = evaluateres_to_recordset(evaluate_res)
  File "/home/mmaia/my_envs/liver_torch/lib/python3.8/site-packages/flwr/common/recordset_compat.py", line 301, in evaluateres_to_recordset
    recordset.configs_records[f"{res_str}.metrics"] = ConfigsRecord(
  File "/home/mmaia/my_envs/liver_torch/lib/python3.8/site-packages/flwr/common/record/configsrecord.py", line 85, in __init__
    self[k] = configs_dict[k]
  File "/home/mmaia/my_envs/liver_torch/lib/python3.8/site-packages/flwr/common/record/typeddict.py", line 38, in __setitem__
    self._check_value_fn(value)
  File "/home/mmaia/my_envs/liver_torch/lib/python3.8/site-packages/flwr/common/record/configsrecord.py", line 57, in _check_value
    is_valid(value)
  File "/home/mmaia/my_envs/liver_torch/lib/python3.8/site-packages/flwr/common/record/configsrecord.py", line 35, in is_valid
    raise TypeError(
TypeError: Not all values are of valid type. Expected `typing.Union[int, float, str, bytes, bool, typing.List[int], typing.List[float], typing.List[str], typing.List[bytes], typing.List[bool]]` but `<class 'torch.Tensor'>` was passed.

The above exception was the direct cause of the following exception:

[36mray::ClientAppActor.run()[39m (pid=803072, ip=10.50.9.88, actor_id=4e05ab9131170bb6072ea45501000000, repr=<flwr.simulation.ray_transport.ray_actor.ClientAppActor object at 0x7f33d012d700>)
  File "/home/mmaia/my_envs/liver_torch/lib/python3.8/site-packages/flwr/simulation/ray_transport/ray_actor.py", line 64, in run
    raise ClientAppException(str(ex)) from ex
flwr.client.client_app.ClientAppException: 
Exception ClientAppException occurred. Message: Not all values are of valid type. Expected `typing.Union[int, float, str, bytes, bool, typing.List[int], typing.List[float], typing.List[str], typing.List[bytes], typing.List[bool]]` but `<class 'torch.Tensor'>` was passed.

[2024-08-06 15:56:44,750][flwr][ERROR] - [36mray::ClientAppActor.run()[39m (pid=803072, ip=10.50.9.88, actor_id=4e05ab9131170bb6072ea45501000000, repr=<flwr.simulation.ray_transport.ray_actor.ClientAppActor object at 0x7f33d012d700>)
  File "/home/mmaia/my_envs/liver_torch/lib/python3.8/site-packages/flwr/client/client_app.py", line 98, in __call__
    return self._call(message, context)
  File "/home/mmaia/my_envs/liver_torch/lib/python3.8/site-packages/flwr/client/client_app.py", line 81, in ffn
    out_message = handle_legacy_message_from_msgtype(
  File "/home/mmaia/my_envs/liver_torch/lib/python3.8/site-packages/flwr/client/message_handler/message_handler.py", line 141, in handle_legacy_message_from_msgtype
    out_recordset = evaluateres_to_recordset(evaluate_res)
  File "/home/mmaia/my_envs/liver_torch/lib/python3.8/site-packages/flwr/common/recordset_compat.py", line 301, in evaluateres_to_recordset
    recordset.configs_records[f"{res_str}.metrics"] = ConfigsRecord(
  File "/home/mmaia/my_envs/liver_torch/lib/python3.8/site-packages/flwr/common/record/configsrecord.py", line 85, in __init__
    self[k] = configs_dict[k]
  File "/home/mmaia/my_envs/liver_torch/lib/python3.8/site-packages/flwr/common/record/typeddict.py", line 38, in __setitem__
    self._check_value_fn(value)
  File "/home/mmaia/my_envs/liver_torch/lib/python3.8/site-packages/flwr/common/record/configsrecord.py", line 57, in _check_value
    is_valid(value)
  File "/home/mmaia/my_envs/liver_torch/lib/python3.8/site-packages/flwr/common/record/configsrecord.py", line 35, in is_valid
    raise TypeError(
TypeError: Not all values are of valid type. Expected `typing.Union[int, float, str, bytes, bool, typing.List[int], typing.List[float], typing.List[str], typing.List[bytes], typing.List[bool]]` but `<class 'torch.Tensor'>` was passed.

The above exception was the direct cause of the following exception:

[36mray::ClientAppActor.run()[39m (pid=803072, ip=10.50.9.88, actor_id=4e05ab9131170bb6072ea45501000000, repr=<flwr.simulation.ray_transport.ray_actor.ClientAppActor object at 0x7f33d012d700>)
  File "/home/mmaia/my_envs/liver_torch/lib/python3.8/site-packages/flwr/simulation/ray_transport/ray_actor.py", line 64, in run
    raise ClientAppException(str(ex)) from ex
flwr.client.client_app.ClientAppException: 
Exception ClientAppException occurred. Message: Not all values are of valid type. Expected `typing.Union[int, float, str, bytes, bool, typing.List[int], typing.List[float], typing.List[str], typing.List[bytes], typing.List[bool]]` but `<class 'torch.Tensor'>` was passed.
[2024-08-06 15:56:44,750][flwr][INFO] - aggregate_evaluate: received 0 results and 2 failures
[2024-08-06 15:56:44,750][flwr][INFO] - 
[2024-08-06 15:56:44,750][flwr][INFO] - [ROUND 7]
[2024-08-06 15:56:44,751][flwr][INFO] - configure_fit: strategy sampled 2 clients (out of 2)
