[2024-06-11 14:51:54,915][flwr][INFO] - Starting Flower simulation, config: num_rounds=30, no round_timeout
[2024-06-11 14:51:57,125][flwr][INFO] - Flower VCE: Ray initialized with resources: {'node:10.250.130.147': 1.0, 'CPU': 16.0, 'node:__internal_head__': 1.0, 'memory': 12660933428.0, 'object_store_memory': 6330466713.0}
[2024-06-11 14:51:57,125][flwr][INFO] - Optimize your simulation with Flower VCE: https://flower.ai/docs/framework/how-to-run-simulations.html
[2024-06-11 14:51:57,126][flwr][INFO] - Flower VCE: Resources for each Virtual Client: {'num_cpus': 2, 'num_gpus': 0.0}
[2024-06-11 14:51:57,133][flwr][INFO] - Flower VCE: Creating VirtualClientEngineActorPool with 8 actors
[2024-06-11 14:51:57,134][flwr][INFO] - [INIT]
[2024-06-11 14:51:57,134][flwr][INFO] - Requesting initial parameters from one random client
[2024-06-11 14:51:59,131][flwr][INFO] - Received initial parameters from one random client
[2024-06-11 14:51:59,132][flwr][INFO] - Evaluating initial global parameters
[2024-06-11 14:52:00,234][flwr][INFO] - initial parameters (loss, other metrics): 182.07649493217468, {'accuracy': 0.1032}
[2024-06-11 14:52:00,234][flwr][INFO] - 
[2024-06-11 14:52:00,234][flwr][INFO] - [ROUND 1]
[2024-06-11 14:52:00,235][flwr][INFO] - configure_fit: strategy sampled 10 clients (out of 100)
[2024-06-11 14:52:03,159][flwr][INFO] - aggregate_fit: received 10 results and 0 failures
[2024-06-11 14:52:03,163][flwr][WARNING] - No fit_metrics_aggregation_fn provided
[2024-06-11 14:52:04,256][flwr][INFO] - fit progress: (1, 114.3247538805008, {'accuracy': 0.6724}, 4.021489628998097)
[2024-06-11 14:52:04,256][flwr][INFO] - configure_evaluate: strategy sampled 25 clients (out of 100)
[2024-06-11 14:52:06,483][flwr][INFO] - aggregate_evaluate: received 25 results and 0 failures
[2024-06-11 14:52:06,483][flwr][WARNING] - No evaluate_metrics_aggregation_fn provided
[2024-06-11 14:52:06,483][flwr][INFO] - 
[2024-06-11 14:52:06,483][flwr][INFO] - [ROUND 2]
[2024-06-11 14:52:06,483][flwr][INFO] - configure_fit: strategy sampled 10 clients (out of 100)
[2024-06-11 14:52:07,462][flwr][INFO] - aggregate_fit: received 10 results and 0 failures
[2024-06-11 14:52:08,573][flwr][INFO] - fit progress: (2, 44.4741775393486, {'accuracy': 0.8389}, 8.339101255998685)
[2024-06-11 14:52:08,574][flwr][INFO] - configure_evaluate: strategy sampled 25 clients (out of 100)
[2024-06-11 14:52:10,500][flwr][INFO] - aggregate_evaluate: received 25 results and 0 failures
[2024-06-11 14:52:10,500][flwr][INFO] - 
[2024-06-11 14:52:10,500][flwr][INFO] - [ROUND 3]
[2024-06-11 14:52:10,500][flwr][INFO] - configure_fit: strategy sampled 10 clients (out of 100)
[2024-06-11 14:52:11,482][flwr][INFO] - aggregate_fit: received 10 results and 0 failures
[2024-06-11 14:52:12,607][flwr][INFO] - fit progress: (3, 28.135086193680763, {'accuracy': 0.8906}, 12.372866808000254)
[2024-06-11 14:52:12,607][flwr][INFO] - configure_evaluate: strategy sampled 25 clients (out of 100)
[2024-06-11 14:52:14,644][flwr][INFO] - aggregate_evaluate: received 25 results and 0 failures
[2024-06-11 14:52:14,644][flwr][INFO] - 
[2024-06-11 14:52:14,644][flwr][INFO] - [ROUND 4]
[2024-06-11 14:52:14,645][flwr][INFO] - configure_fit: strategy sampled 10 clients (out of 100)
[2024-06-11 14:52:15,662][flwr][INFO] - aggregate_fit: received 10 results and 0 failures
[2024-06-11 14:52:16,886][flwr][INFO] - fit progress: (4, 19.009098613634706, {'accuracy': 0.9265}, 16.65121716700014)
[2024-06-11 14:52:16,886][flwr][INFO] - configure_evaluate: strategy sampled 25 clients (out of 100)
[2024-06-11 14:52:18,791][flwr][INFO] - aggregate_evaluate: received 25 results and 0 failures
[2024-06-11 14:52:18,791][flwr][INFO] - 
[2024-06-11 14:52:18,791][flwr][INFO] - [ROUND 5]
[2024-06-11 14:52:18,791][flwr][INFO] - configure_fit: strategy sampled 10 clients (out of 100)
[2024-06-11 14:52:19,776][flwr][INFO] - aggregate_fit: received 10 results and 0 failures
[2024-06-11 14:52:20,902][flwr][INFO] - fit progress: (5, 14.800065412651747, {'accuracy': 0.9436}, 20.66728874599721)
[2024-06-11 14:52:20,902][flwr][INFO] - configure_evaluate: strategy sampled 25 clients (out of 100)
[2024-06-11 14:52:22,883][flwr][INFO] - aggregate_evaluate: received 25 results and 0 failures
[2024-06-11 14:52:22,883][flwr][INFO] - 
[2024-06-11 14:52:22,883][flwr][INFO] - [ROUND 6]
[2024-06-11 14:52:22,883][flwr][INFO] - configure_fit: strategy sampled 10 clients (out of 100)
[2024-06-11 14:52:24,060][flwr][INFO] - aggregate_fit: received 10 results and 0 failures
[2024-06-11 14:52:25,213][flwr][INFO] - fit progress: (6, 13.546289471909404, {'accuracy': 0.947}, 24.978485747000377)
[2024-06-11 14:52:25,213][flwr][INFO] - configure_evaluate: strategy sampled 25 clients (out of 100)
[2024-06-11 14:52:27,324][flwr][INFO] - aggregate_evaluate: received 25 results and 0 failures
[2024-06-11 14:52:27,324][flwr][INFO] - 
[2024-06-11 14:52:27,324][flwr][INFO] - [ROUND 7]
[2024-06-11 14:52:27,324][flwr][INFO] - configure_fit: strategy sampled 10 clients (out of 100)
[2024-06-11 14:52:28,336][flwr][INFO] - aggregate_fit: received 10 results and 0 failures
[2024-06-11 14:52:29,478][flwr][INFO] - fit progress: (7, 11.877044894266874, {'accuracy': 0.9542}, 29.24353507900014)
[2024-06-11 14:52:29,478][flwr][INFO] - configure_evaluate: strategy sampled 25 clients (out of 100)
[2024-06-11 14:52:31,570][flwr][INFO] - aggregate_evaluate: received 25 results and 0 failures
[2024-06-11 14:52:31,570][flwr][INFO] - 
[2024-06-11 14:52:31,570][flwr][INFO] - [ROUND 8]
[2024-06-11 14:52:31,570][flwr][INFO] - configure_fit: strategy sampled 10 clients (out of 100)
[2024-06-11 14:52:32,686][flwr][INFO] - aggregate_fit: received 10 results and 0 failures
[2024-06-11 14:52:33,859][flwr][INFO] - fit progress: (8, 10.169731900561601, {'accuracy': 0.9592}, 33.62458149399754)
[2024-06-11 14:52:33,859][flwr][INFO] - configure_evaluate: strategy sampled 25 clients (out of 100)
[2024-06-11 14:52:36,125][flwr][INFO] - aggregate_evaluate: received 25 results and 0 failures
[2024-06-11 14:52:36,125][flwr][INFO] - 
[2024-06-11 14:52:36,125][flwr][INFO] - [ROUND 9]
[2024-06-11 14:52:36,125][flwr][INFO] - configure_fit: strategy sampled 10 clients (out of 100)
[2024-06-11 14:52:37,235][flwr][INFO] - aggregate_fit: received 10 results and 0 failures
[2024-06-11 14:52:38,413][flwr][INFO] - fit progress: (9, 10.587582348845899, {'accuracy': 0.9574}, 38.178745160999824)
[2024-06-11 14:52:38,413][flwr][INFO] - configure_evaluate: strategy sampled 25 clients (out of 100)
[2024-06-11 14:52:40,595][flwr][INFO] - aggregate_evaluate: received 25 results and 0 failures
[2024-06-11 14:52:40,595][flwr][INFO] - 
[2024-06-11 14:52:40,595][flwr][INFO] - [ROUND 10]
[2024-06-11 14:52:40,595][flwr][INFO] - configure_fit: strategy sampled 10 clients (out of 100)
[2024-06-11 14:52:41,805][flwr][INFO] - aggregate_fit: received 10 results and 0 failures
[2024-06-11 14:52:42,934][flwr][INFO] - fit progress: (10, 9.45356735540554, {'accuracy': 0.9634}, 42.699791259998165)
[2024-06-11 14:52:42,934][flwr][INFO] - configure_evaluate: strategy sampled 25 clients (out of 100)
[2024-06-11 14:52:44,908][flwr][INFO] - aggregate_evaluate: received 25 results and 0 failures
[2024-06-11 14:52:44,909][flwr][INFO] - 
[2024-06-11 14:52:44,909][flwr][INFO] - [ROUND 11]
[2024-06-11 14:52:44,909][flwr][INFO] - configure_fit: strategy sampled 10 clients (out of 100)
[2024-06-11 14:52:46,048][flwr][INFO] - aggregate_fit: received 10 results and 0 failures
[2024-06-11 14:52:47,167][flwr][INFO] - fit progress: (11, 9.035898831440136, {'accuracy': 0.963}, 46.93261306199929)
[2024-06-11 14:52:47,167][flwr][INFO] - configure_evaluate: strategy sampled 25 clients (out of 100)
[2024-06-11 14:52:49,142][flwr][INFO] - aggregate_evaluate: received 25 results and 0 failures
[2024-06-11 14:52:49,142][flwr][INFO] - 
[2024-06-11 14:52:49,142][flwr][INFO] - [ROUND 12]
[2024-06-11 14:52:49,142][flwr][INFO] - configure_fit: strategy sampled 10 clients (out of 100)
[2024-06-11 14:52:50,144][flwr][INFO] - aggregate_fit: received 10 results and 0 failures
[2024-06-11 14:52:51,289][flwr][INFO] - fit progress: (12, 8.447190088918433, {'accuracy': 0.966}, 51.0550696959981)
[2024-06-11 14:52:51,290][flwr][INFO] - configure_evaluate: strategy sampled 25 clients (out of 100)
[2024-06-11 14:52:53,236][flwr][INFO] - aggregate_evaluate: received 25 results and 0 failures
[2024-06-11 14:52:53,236][flwr][INFO] - 
[2024-06-11 14:52:53,236][flwr][INFO] - [ROUND 13]
[2024-06-11 14:52:53,236][flwr][INFO] - configure_fit: strategy sampled 10 clients (out of 100)
[2024-06-11 14:52:54,240][flwr][INFO] - aggregate_fit: received 10 results and 0 failures
[2024-06-11 14:52:55,333][flwr][INFO] - fit progress: (13, 7.3681852670852095, {'accuracy': 0.9701}, 55.0982134199985)
[2024-06-11 14:52:55,333][flwr][INFO] - configure_evaluate: strategy sampled 25 clients (out of 100)
[2024-06-11 14:52:57,288][flwr][INFO] - aggregate_evaluate: received 25 results and 0 failures
[2024-06-11 14:52:57,288][flwr][INFO] - 
[2024-06-11 14:52:57,288][flwr][INFO] - [ROUND 14]
[2024-06-11 14:52:57,288][flwr][INFO] - configure_fit: strategy sampled 10 clients (out of 100)
[2024-06-11 14:52:58,289][flwr][INFO] - aggregate_fit: received 10 results and 0 failures
[2024-06-11 14:52:59,410][flwr][INFO] - fit progress: (14, 7.475377455470152, {'accuracy': 0.971}, 59.17612058799932)
[2024-06-11 14:52:59,411][flwr][INFO] - configure_evaluate: strategy sampled 25 clients (out of 100)
[2024-06-11 14:53:01,357][flwr][INFO] - aggregate_evaluate: received 25 results and 0 failures
[2024-06-11 14:53:01,357][flwr][INFO] - 
[2024-06-11 14:53:01,357][flwr][INFO] - [ROUND 15]
[2024-06-11 14:53:01,357][flwr][INFO] - configure_fit: strategy sampled 10 clients (out of 100)
[2024-06-11 14:53:02,371][flwr][INFO] - aggregate_fit: received 10 results and 0 failures
[2024-06-11 14:53:03,485][flwr][INFO] - fit progress: (15, 7.5936943909619, {'accuracy': 0.9689}, 63.25076103099855)
[2024-06-11 14:53:03,485][flwr][INFO] - configure_evaluate: strategy sampled 25 clients (out of 100)
[2024-06-11 14:53:05,423][flwr][INFO] - aggregate_evaluate: received 25 results and 0 failures
[2024-06-11 14:53:05,423][flwr][INFO] - 
[2024-06-11 14:53:05,423][flwr][INFO] - [ROUND 16]
[2024-06-11 14:53:05,423][flwr][INFO] - configure_fit: strategy sampled 10 clients (out of 100)
[2024-06-11 14:53:06,389][flwr][INFO] - aggregate_fit: received 10 results and 0 failures
[2024-06-11 14:53:07,495][flwr][INFO] - fit progress: (16, 6.324791327235289, {'accuracy': 0.9745}, 67.26089626199973)
[2024-06-11 14:53:07,495][flwr][INFO] - configure_evaluate: strategy sampled 25 clients (out of 100)
[2024-06-11 14:53:09,445][flwr][INFO] - aggregate_evaluate: received 25 results and 0 failures
[2024-06-11 14:53:09,446][flwr][INFO] - 
[2024-06-11 14:53:09,446][flwr][INFO] - [ROUND 17]
[2024-06-11 14:53:09,446][flwr][INFO] - configure_fit: strategy sampled 10 clients (out of 100)
[2024-06-11 14:53:10,499][flwr][INFO] - aggregate_fit: received 10 results and 0 failures
[2024-06-11 14:53:11,613][flwr][INFO] - fit progress: (17, 5.793182189401705, {'accuracy': 0.9773}, 71.3783275129972)
[2024-06-11 14:53:11,613][flwr][INFO] - configure_evaluate: strategy sampled 25 clients (out of 100)
[2024-06-11 14:53:13,564][flwr][INFO] - aggregate_evaluate: received 25 results and 0 failures
[2024-06-11 14:53:13,564][flwr][INFO] - 
[2024-06-11 14:53:13,564][flwr][INFO] - [ROUND 18]
[2024-06-11 14:53:13,564][flwr][INFO] - configure_fit: strategy sampled 10 clients (out of 100)
[2024-06-11 14:53:14,579][flwr][INFO] - aggregate_fit: received 10 results and 0 failures
[2024-06-11 14:53:15,671][flwr][INFO] - fit progress: (18, 6.5858291510958225, {'accuracy': 0.9755}, 75.43690577499729)
[2024-06-11 14:53:15,671][flwr][INFO] - configure_evaluate: strategy sampled 25 clients (out of 100)
[2024-06-11 14:53:17,600][flwr][INFO] - aggregate_evaluate: received 25 results and 0 failures
[2024-06-11 14:53:17,600][flwr][INFO] - 
[2024-06-11 14:53:17,600][flwr][INFO] - [ROUND 19]
[2024-06-11 14:53:17,600][flwr][INFO] - configure_fit: strategy sampled 10 clients (out of 100)
[2024-06-11 14:53:18,627][flwr][INFO] - aggregate_fit: received 10 results and 0 failures
[2024-06-11 14:53:19,728][flwr][INFO] - fit progress: (19, 5.818139197275741, {'accuracy': 0.9774}, 79.49341120199824)
[2024-06-11 14:53:19,728][flwr][INFO] - configure_evaluate: strategy sampled 25 clients (out of 100)
[2024-06-11 14:53:21,668][flwr][INFO] - aggregate_evaluate: received 25 results and 0 failures
[2024-06-11 14:53:21,668][flwr][INFO] - 
[2024-06-11 14:53:21,669][flwr][INFO] - [ROUND 20]
[2024-06-11 14:53:21,669][flwr][INFO] - configure_fit: strategy sampled 10 clients (out of 100)
[2024-06-11 14:53:22,668][flwr][INFO] - aggregate_fit: received 10 results and 0 failures
[2024-06-11 14:53:23,773][flwr][INFO] - fit progress: (20, 5.896951507602353, {'accuracy': 0.9766}, 83.53871517699736)
[2024-06-11 14:53:23,773][flwr][INFO] - configure_evaluate: strategy sampled 25 clients (out of 100)
[2024-06-11 14:53:25,764][flwr][INFO] - aggregate_evaluate: received 25 results and 0 failures
[2024-06-11 14:53:25,765][flwr][INFO] - 
[2024-06-11 14:53:25,765][flwr][INFO] - [ROUND 21]
[2024-06-11 14:53:25,765][flwr][INFO] - configure_fit: strategy sampled 10 clients (out of 100)
[2024-06-11 14:53:26,941][flwr][INFO] - aggregate_fit: received 10 results and 0 failures
[2024-06-11 14:53:28,117][flwr][INFO] - fit progress: (21, 5.32682838983601, {'accuracy': 0.9782}, 87.88223541699699)
[2024-06-11 14:53:28,117][flwr][INFO] - configure_evaluate: strategy sampled 25 clients (out of 100)
[2024-06-11 14:53:30,072][flwr][INFO] - aggregate_evaluate: received 25 results and 0 failures
[2024-06-11 14:53:30,072][flwr][INFO] - 
[2024-06-11 14:53:30,072][flwr][INFO] - [ROUND 22]
[2024-06-11 14:53:30,072][flwr][INFO] - configure_fit: strategy sampled 10 clients (out of 100)
[2024-06-11 14:53:31,234][flwr][INFO] - aggregate_fit: received 10 results and 0 failures
[2024-06-11 14:53:32,373][flwr][INFO] - fit progress: (22, 5.166791092196945, {'accuracy': 0.9797}, 92.13912261199948)
[2024-06-11 14:53:32,374][flwr][INFO] - configure_evaluate: strategy sampled 25 clients (out of 100)
[2024-06-11 14:53:34,298][flwr][INFO] - aggregate_evaluate: received 25 results and 0 failures
[2024-06-11 14:53:34,299][flwr][INFO] - 
[2024-06-11 14:53:34,299][flwr][INFO] - [ROUND 23]
[2024-06-11 14:53:34,299][flwr][INFO] - configure_fit: strategy sampled 10 clients (out of 100)
[2024-06-11 14:53:35,282][flwr][INFO] - aggregate_fit: received 10 results and 0 failures
[2024-06-11 14:53:36,378][flwr][INFO] - fit progress: (23, 5.112522802024614, {'accuracy': 0.9799}, 96.14362302099835)
[2024-06-11 14:53:36,378][flwr][INFO] - configure_evaluate: strategy sampled 25 clients (out of 100)
[2024-06-11 14:53:38,325][flwr][INFO] - aggregate_evaluate: received 25 results and 0 failures
[2024-06-11 14:53:38,325][flwr][INFO] - 
[2024-06-11 14:53:38,325][flwr][INFO] - [ROUND 24]
[2024-06-11 14:53:38,325][flwr][INFO] - configure_fit: strategy sampled 10 clients (out of 100)
[2024-06-11 14:53:39,323][flwr][INFO] - aggregate_fit: received 10 results and 0 failures
[2024-06-11 14:53:40,450][flwr][INFO] - fit progress: (24, 5.176340568490559, {'accuracy': 0.9785}, 100.21554984899922)
[2024-06-11 14:53:40,450][flwr][INFO] - configure_evaluate: strategy sampled 25 clients (out of 100)
[2024-06-11 14:53:42,354][flwr][INFO] - aggregate_evaluate: received 25 results and 0 failures
[2024-06-11 14:53:42,354][flwr][INFO] - 
[2024-06-11 14:53:42,354][flwr][INFO] - [ROUND 25]
[2024-06-11 14:53:42,354][flwr][INFO] - configure_fit: strategy sampled 10 clients (out of 100)
[2024-06-11 14:53:43,322][flwr][INFO] - aggregate_fit: received 10 results and 0 failures
[2024-06-11 14:53:44,401][flwr][INFO] - fit progress: (25, 5.290787871694192, {'accuracy': 0.9782}, 104.16699838699788)
[2024-06-11 14:53:44,402][flwr][INFO] - configure_evaluate: strategy sampled 25 clients (out of 100)
[2024-06-11 14:53:46,285][flwr][INFO] - aggregate_evaluate: received 25 results and 0 failures
[2024-06-11 14:53:46,285][flwr][INFO] - 
[2024-06-11 14:53:46,285][flwr][INFO] - [ROUND 26]
[2024-06-11 14:53:46,285][flwr][INFO] - configure_fit: strategy sampled 10 clients (out of 100)
[2024-06-11 14:53:47,247][flwr][INFO] - aggregate_fit: received 10 results and 0 failures
[2024-06-11 14:53:48,358][flwr][INFO] - fit progress: (26, 4.7805086937732995, {'accuracy': 0.9808}, 108.12401957600014)
[2024-06-11 14:53:48,359][flwr][INFO] - configure_evaluate: strategy sampled 25 clients (out of 100)
[2024-06-11 14:53:50,282][flwr][INFO] - aggregate_evaluate: received 25 results and 0 failures
[2024-06-11 14:53:50,283][flwr][INFO] - 
[2024-06-11 14:53:50,283][flwr][INFO] - [ROUND 27]
[2024-06-11 14:53:50,283][flwr][INFO] - configure_fit: strategy sampled 10 clients (out of 100)
[2024-06-11 14:53:51,237][flwr][INFO] - aggregate_fit: received 10 results and 0 failures
[2024-06-11 14:53:52,313][flwr][INFO] - fit progress: (27, 4.901276007760316, {'accuracy': 0.9804}, 112.07900001599774)
[2024-06-11 14:53:52,314][flwr][INFO] - configure_evaluate: strategy sampled 25 clients (out of 100)
[2024-06-11 14:53:54,204][flwr][INFO] - aggregate_evaluate: received 25 results and 0 failures
[2024-06-11 14:53:54,204][flwr][INFO] - 
[2024-06-11 14:53:54,204][flwr][INFO] - [ROUND 28]
[2024-06-11 14:53:54,204][flwr][INFO] - configure_fit: strategy sampled 10 clients (out of 100)
[2024-06-11 14:53:55,192][flwr][INFO] - aggregate_fit: received 10 results and 0 failures
[2024-06-11 14:53:56,262][flwr][INFO] - fit progress: (28, 4.547575539589161, {'accuracy': 0.9815}, 116.02801441599877)
[2024-06-11 14:53:56,263][flwr][INFO] - configure_evaluate: strategy sampled 25 clients (out of 100)
[2024-06-11 14:53:58,145][flwr][INFO] - aggregate_evaluate: received 25 results and 0 failures
[2024-06-11 14:53:58,145][flwr][INFO] - 
[2024-06-11 14:53:58,145][flwr][INFO] - [ROUND 29]
[2024-06-11 14:53:58,145][flwr][INFO] - configure_fit: strategy sampled 10 clients (out of 100)
[2024-06-11 14:53:59,126][flwr][INFO] - aggregate_fit: received 10 results and 0 failures
[2024-06-11 14:54:00,245][flwr][INFO] - fit progress: (29, 4.368878461580607, {'accuracy': 0.9815}, 120.01047817200015)
[2024-06-11 14:54:00,245][flwr][INFO] - configure_evaluate: strategy sampled 25 clients (out of 100)
[2024-06-11 14:54:02,231][flwr][INFO] - aggregate_evaluate: received 25 results and 0 failures
[2024-06-11 14:54:02,231][flwr][INFO] - 
[2024-06-11 14:54:02,231][flwr][INFO] - [ROUND 30]
[2024-06-11 14:54:02,231][flwr][INFO] - configure_fit: strategy sampled 10 clients (out of 100)
[2024-06-11 14:54:03,236][flwr][INFO] - aggregate_fit: received 10 results and 0 failures
[2024-06-11 14:54:04,392][flwr][INFO] - fit progress: (30, 4.609938902431168, {'accuracy': 0.9813}, 124.1578144619998)
[2024-06-11 14:54:04,392][flwr][INFO] - configure_evaluate: strategy sampled 25 clients (out of 100)
[2024-06-11 14:54:06,371][flwr][INFO] - aggregate_evaluate: received 25 results and 0 failures
[2024-06-11 14:54:06,371][flwr][INFO] - 
[2024-06-11 14:54:06,371][flwr][INFO] - [SUMMARY]
[2024-06-11 14:54:06,372][flwr][INFO] - Run finished 30 rounds in 126.14s
[2024-06-11 14:54:06,372][flwr][INFO] - History (loss, distributed):
[2024-06-11 14:54:06,372][flwr][INFO] - 	('\tround 1: 8.818427453041076\n'
[2024-06-11 14:54:06,372][flwr][INFO] - 	 '\tround 2: 3.444767198562622\n'
[2024-06-11 14:54:06,372][flwr][INFO] - 	 '\tround 3: 2.4207539653778074\n'
[2024-06-11 14:54:06,372][flwr][INFO] - 	 '\tround 4: 1.496521973311901\n'
[2024-06-11 14:54:06,372][flwr][INFO] - 	 '\tround 5: 1.3248927551880478\n'
[2024-06-11 14:54:06,372][flwr][INFO] - 	 '\tround 6: 1.0100773107074201\n'
[2024-06-11 14:54:06,372][flwr][INFO] - 	 '\tround 7: 0.9925140585750342\n'
[2024-06-11 14:54:06,372][flwr][INFO] - 	 '\tround 8: 0.8497482157871127\n'
[2024-06-11 14:54:06,372][flwr][INFO] - 	 '\tround 9: 0.9941677173227071\n'
[2024-06-11 14:54:06,372][flwr][INFO] - 	 '\tround 10: 0.918298163022846\n'
[2024-06-11 14:54:06,372][flwr][INFO] - 	 '\tround 11: 0.9397956588468515\n'
[2024-06-11 14:54:06,372][flwr][INFO] - 	 '\tround 12: 0.8204605954838917\n'
[2024-06-11 14:54:06,372][flwr][INFO] - 	 '\tround 13: 0.6266904691513627\n'
[2024-06-11 14:54:06,373][flwr][INFO] - 	 '\tround 14: 0.6455237030424178\n'
[2024-06-11 14:54:06,373][flwr][INFO] - 	 '\tround 15: 0.7463258574181236\n'
[2024-06-11 14:54:06,373][flwr][INFO] - 	 '\tround 16: 0.5715878444770351\n'
[2024-06-11 14:54:06,373][flwr][INFO] - 	 '\tround 17: 0.5582235642219894\n'
[2024-06-11 14:54:06,373][flwr][INFO] - 	 '\tround 18: 0.8089309824467636\n'
[2024-06-11 14:54:06,373][flwr][INFO] - 	 '\tround 19: 0.5683948004967533\n'
[2024-06-11 14:54:06,373][flwr][INFO] - 	 '\tround 20: 0.6024854628182947\n'
[2024-06-11 14:54:06,373][flwr][INFO] - 	 '\tround 21: 0.5164505745575297\n'
[2024-06-11 14:54:06,373][flwr][INFO] - 	 '\tround 22: 0.5134375144692603\n'
[2024-06-11 14:54:06,373][flwr][INFO] - 	 '\tround 23: 0.5632824372977484\n'
[2024-06-11 14:54:06,373][flwr][INFO] - 	 '\tround 24: 0.47229722899384796\n'
[2024-06-11 14:54:06,373][flwr][INFO] - 	 '\tround 25: 0.4722216371551622\n'
[2024-06-11 14:54:06,373][flwr][INFO] - 	 '\tround 26: 0.4635822179846582\n'
[2024-06-11 14:54:06,373][flwr][INFO] - 	 '\tround 27: 0.40731532926438374\n'
[2024-06-11 14:54:06,373][flwr][INFO] - 	 '\tround 28: 0.48070855252502953\n'
[2024-06-11 14:54:06,373][flwr][INFO] - 	 '\tround 29: 0.5109587483620271\n'
[2024-06-11 14:54:06,373][flwr][INFO] - 	 '\tround 30: 0.5200814726541284\n')History (loss, centralized):
[2024-06-11 14:54:06,373][flwr][INFO] - 	('\tround 0: 182.07649493217468\n'
[2024-06-11 14:54:06,373][flwr][INFO] - 	 '\tround 1: 114.3247538805008\n'
[2024-06-11 14:54:06,373][flwr][INFO] - 	 '\tround 2: 44.4741775393486\n'
[2024-06-11 14:54:06,373][flwr][INFO] - 	 '\tround 3: 28.135086193680763\n'
[2024-06-11 14:54:06,373][flwr][INFO] - 	 '\tround 4: 19.009098613634706\n'
[2024-06-11 14:54:06,373][flwr][INFO] - 	 '\tround 5: 14.800065412651747\n'
[2024-06-11 14:54:06,373][flwr][INFO] - 	 '\tround 6: 13.546289471909404\n'
[2024-06-11 14:54:06,373][flwr][INFO] - 	 '\tround 7: 11.877044894266874\n'
[2024-06-11 14:54:06,373][flwr][INFO] - 	 '\tround 8: 10.169731900561601\n'
[2024-06-11 14:54:06,373][flwr][INFO] - 	 '\tround 9: 10.587582348845899\n'
[2024-06-11 14:54:06,373][flwr][INFO] - 	 '\tround 10: 9.45356735540554\n'
[2024-06-11 14:54:06,373][flwr][INFO] - 	 '\tround 11: 9.035898831440136\n'
[2024-06-11 14:54:06,373][flwr][INFO] - 	 '\tround 12: 8.447190088918433\n'
[2024-06-11 14:54:06,374][flwr][INFO] - 	 '\tround 13: 7.3681852670852095\n'
[2024-06-11 14:54:06,374][flwr][INFO] - 	 '\tround 14: 7.475377455470152\n'
[2024-06-11 14:54:06,374][flwr][INFO] - 	 '\tround 15: 7.5936943909619\n'
[2024-06-11 14:54:06,374][flwr][INFO] - 	 '\tround 16: 6.324791327235289\n'
[2024-06-11 14:54:06,374][flwr][INFO] - 	 '\tround 17: 5.793182189401705\n'
[2024-06-11 14:54:06,374][flwr][INFO] - 	 '\tround 18: 6.5858291510958225\n'
[2024-06-11 14:54:06,374][flwr][INFO] - 	 '\tround 19: 5.818139197275741\n'
[2024-06-11 14:54:06,374][flwr][INFO] - 	 '\tround 20: 5.896951507602353\n'
[2024-06-11 14:54:06,374][flwr][INFO] - 	 '\tround 21: 5.32682838983601\n'
[2024-06-11 14:54:06,374][flwr][INFO] - 	 '\tround 22: 5.166791092196945\n'
[2024-06-11 14:54:06,374][flwr][INFO] - 	 '\tround 23: 5.112522802024614\n'
[2024-06-11 14:54:06,374][flwr][INFO] - 	 '\tround 24: 5.176340568490559\n'
[2024-06-11 14:54:06,374][flwr][INFO] - 	 '\tround 25: 5.290787871694192\n'
[2024-06-11 14:54:06,374][flwr][INFO] - 	 '\tround 26: 4.7805086937732995\n'
[2024-06-11 14:54:06,374][flwr][INFO] - 	 '\tround 27: 4.901276007760316\n'
[2024-06-11 14:54:06,374][flwr][INFO] - 	 '\tround 28: 4.547575539589161\n'
[2024-06-11 14:54:06,374][flwr][INFO] - 	 '\tround 29: 4.368878461580607\n'
[2024-06-11 14:54:06,374][flwr][INFO] - 	 '\tround 30: 4.609938902431168\n')History (metrics, centralized):
[2024-06-11 14:54:06,374][flwr][INFO] - 	{'accuracy': [(0, 0.1032),
[2024-06-11 14:54:06,374][flwr][INFO] - 	              (1, 0.6724),
[2024-06-11 14:54:06,374][flwr][INFO] - 	              (2, 0.8389),
[2024-06-11 14:54:06,374][flwr][INFO] - 	              (3, 0.8906),
[2024-06-11 14:54:06,374][flwr][INFO] - 	              (4, 0.9265),
[2024-06-11 14:54:06,374][flwr][INFO] - 	              (5, 0.9436),
[2024-06-11 14:54:06,374][flwr][INFO] - 	              (6, 0.947),
[2024-06-11 14:54:06,374][flwr][INFO] - 	              (7, 0.9542),
[2024-06-11 14:54:06,374][flwr][INFO] - 	              (8, 0.9592),
[2024-06-11 14:54:06,374][flwr][INFO] - 	              (9, 0.9574),
[2024-06-11 14:54:06,374][flwr][INFO] - 	              (10, 0.9634),
[2024-06-11 14:54:06,374][flwr][INFO] - 	              (11, 0.963),
[2024-06-11 14:54:06,374][flwr][INFO] - 	              (12, 0.966),
[2024-06-11 14:54:06,375][flwr][INFO] - 	              (13, 0.9701),
[2024-06-11 14:54:06,375][flwr][INFO] - 	              (14, 0.971),
[2024-06-11 14:54:06,375][flwr][INFO] - 	              (15, 0.9689),
[2024-06-11 14:54:06,375][flwr][INFO] - 	              (16, 0.9745),
[2024-06-11 14:54:06,375][flwr][INFO] - 	              (17, 0.9773),
[2024-06-11 14:54:06,375][flwr][INFO] - 	              (18, 0.9755),
[2024-06-11 14:54:06,375][flwr][INFO] - 	              (19, 0.9774),
[2024-06-11 14:54:06,375][flwr][INFO] - 	              (20, 0.9766),
[2024-06-11 14:54:06,375][flwr][INFO] - 	              (21, 0.9782),
[2024-06-11 14:54:06,375][flwr][INFO] - 	              (22, 0.9797),
[2024-06-11 14:54:06,375][flwr][INFO] - 	              (23, 0.9799),
[2024-06-11 14:54:06,375][flwr][INFO] - 	              (24, 0.9785),
[2024-06-11 14:54:06,375][flwr][INFO] - 	              (25, 0.9782),
[2024-06-11 14:54:06,375][flwr][INFO] - 	              (26, 0.9808),
[2024-06-11 14:54:06,375][flwr][INFO] - 	              (27, 0.9804),
[2024-06-11 14:54:06,375][flwr][INFO] - 	              (28, 0.9815),
[2024-06-11 14:54:06,375][flwr][INFO] - 	              (29, 0.9815),
[2024-06-11 14:54:06,375][flwr][INFO] - 	              (30, 0.9813)]}
[2024-06-11 14:54:06,375][flwr][INFO] - 
