[2024-06-11 14:54:06,532][flwr][INFO] - Starting Flower simulation, config: num_rounds=30, no round_timeout
[2024-06-11 14:54:10,057][flwr][INFO] - Flower VCE: Ray initialized with resources: {'node:__internal_head__': 1.0, 'memory': 12593236379.0, 'object_store_memory': 6296618188.0, 'node:10.250.130.147': 1.0, 'CPU': 16.0}
[2024-06-11 14:54:10,057][flwr][INFO] - Optimize your simulation with Flower VCE: https://flower.ai/docs/framework/how-to-run-simulations.html
[2024-06-11 14:54:10,057][flwr][INFO] - Flower VCE: Resources for each Virtual Client: {'num_cpus': 2, 'num_gpus': 0.0}
[2024-06-11 14:54:10,065][flwr][INFO] - Flower VCE: Creating VirtualClientEngineActorPool with 8 actors
[2024-06-11 14:54:10,066][flwr][INFO] - [INIT]
[2024-06-11 14:54:10,066][flwr][INFO] - Using initial global parameters provided by strategy
[2024-06-11 14:54:10,066][flwr][INFO] - Evaluating initial global parameters
[2024-06-11 14:54:11,546][flwr][INFO] - initial parameters (loss, other metrics): 182.53632807731628, {'accuracy': 0.1009}
[2024-06-11 14:54:11,547][flwr][INFO] - 
[2024-06-11 14:54:11,547][flwr][INFO] - [ROUND 1]
[2024-06-11 14:54:11,547][flwr][INFO] - configure_fit: strategy sampled 10 clients (out of 100)
[2024-06-11 14:54:14,684][flwr][INFO] - aggregate_fit: received 10 results and 0 failures
[2024-06-11 14:54:14,689][flwr][WARNING] - No fit_metrics_aggregation_fn provided
[2024-06-11 14:54:15,888][flwr][INFO] - fit progress: (1, 181.0231580734253, {'accuracy': 0.1009}, 4.341423295998538)
[2024-06-11 14:54:15,888][flwr][INFO] - configure_evaluate: strategy sampled 25 clients (out of 100)
[2024-06-11 14:54:18,090][flwr][INFO] - aggregate_evaluate: received 25 results and 0 failures
[2024-06-11 14:54:18,090][flwr][WARNING] - No evaluate_metrics_aggregation_fn provided
[2024-06-11 14:54:18,091][flwr][INFO] - 
[2024-06-11 14:54:18,091][flwr][INFO] - [ROUND 2]
[2024-06-11 14:54:18,091][flwr][INFO] - configure_fit: strategy sampled 10 clients (out of 100)
[2024-06-11 14:54:19,100][flwr][INFO] - aggregate_fit: received 10 results and 0 failures
[2024-06-11 14:54:20,197][flwr][INFO] - fit progress: (2, 170.37121438980103, {'accuracy': 0.3605}, 8.650458954998612)
[2024-06-11 14:54:20,197][flwr][INFO] - configure_evaluate: strategy sampled 25 clients (out of 100)
[2024-06-11 14:54:22,101][flwr][INFO] - aggregate_evaluate: received 25 results and 0 failures
[2024-06-11 14:54:22,101][flwr][INFO] - 
[2024-06-11 14:54:22,101][flwr][INFO] - [ROUND 3]
[2024-06-11 14:54:22,102][flwr][INFO] - configure_fit: strategy sampled 10 clients (out of 100)
[2024-06-11 14:54:23,052][flwr][INFO] - aggregate_fit: received 10 results and 0 failures
[2024-06-11 14:54:24,143][flwr][INFO] - fit progress: (3, 126.27731370925903, {'accuracy': 0.7032}, 12.596855777999735)
[2024-06-11 14:54:24,144][flwr][INFO] - configure_evaluate: strategy sampled 25 clients (out of 100)
[2024-06-11 14:54:25,961][flwr][INFO] - aggregate_evaluate: received 25 results and 0 failures
[2024-06-11 14:54:25,961][flwr][INFO] - 
[2024-06-11 14:54:25,961][flwr][INFO] - [ROUND 4]
[2024-06-11 14:54:25,962][flwr][INFO] - configure_fit: strategy sampled 10 clients (out of 100)
[2024-06-11 14:54:26,952][flwr][INFO] - aggregate_fit: received 10 results and 0 failures
[2024-06-11 14:54:28,038][flwr][INFO] - fit progress: (4, 67.87109869718552, {'accuracy': 0.7254}, 16.491200332999142)
[2024-06-11 14:54:28,038][flwr][INFO] - configure_evaluate: strategy sampled 25 clients (out of 100)
[2024-06-11 14:54:29,987][flwr][INFO] - aggregate_evaluate: received 25 results and 0 failures
[2024-06-11 14:54:29,988][flwr][INFO] - 
[2024-06-11 14:54:29,988][flwr][INFO] - [ROUND 5]
[2024-06-11 14:54:29,988][flwr][INFO] - configure_fit: strategy sampled 10 clients (out of 100)
[2024-06-11 14:54:31,014][flwr][INFO] - aggregate_fit: received 10 results and 0 failures
[2024-06-11 14:54:32,108][flwr][INFO] - fit progress: (5, 53.62464088201523, {'accuracy': 0.7714}, 20.561548090998258)
[2024-06-11 14:54:32,108][flwr][INFO] - configure_evaluate: strategy sampled 25 clients (out of 100)
[2024-06-11 14:54:33,968][flwr][INFO] - aggregate_evaluate: received 25 results and 0 failures
[2024-06-11 14:54:33,968][flwr][INFO] - 
[2024-06-11 14:54:33,968][flwr][INFO] - [ROUND 6]
[2024-06-11 14:54:33,968][flwr][INFO] - configure_fit: strategy sampled 10 clients (out of 100)
[2024-06-11 14:54:34,974][flwr][INFO] - aggregate_fit: received 10 results and 0 failures
[2024-06-11 14:54:36,065][flwr][INFO] - fit progress: (6, 61.74184960126877, {'accuracy': 0.8149}, 24.51861125099822)
[2024-06-11 14:54:36,065][flwr][INFO] - configure_evaluate: strategy sampled 25 clients (out of 100)
[2024-06-11 14:54:37,951][flwr][INFO] - aggregate_evaluate: received 25 results and 0 failures
[2024-06-11 14:54:37,951][flwr][INFO] - 
[2024-06-11 14:54:37,951][flwr][INFO] - [ROUND 7]
[2024-06-11 14:54:37,951][flwr][INFO] - configure_fit: strategy sampled 10 clients (out of 100)
[2024-06-11 14:54:38,937][flwr][INFO] - aggregate_fit: received 10 results and 0 failures
[2024-06-11 14:54:40,083][flwr][INFO] - fit progress: (7, 67.99217243492603, {'accuracy': 0.8452}, 28.536646474996815)
[2024-06-11 14:54:40,083][flwr][INFO] - configure_evaluate: strategy sampled 25 clients (out of 100)
[2024-06-11 14:54:41,973][flwr][INFO] - aggregate_evaluate: received 25 results and 0 failures
[2024-06-11 14:54:41,973][flwr][INFO] - 
[2024-06-11 14:54:41,973][flwr][INFO] - [ROUND 8]
[2024-06-11 14:54:41,973][flwr][INFO] - configure_fit: strategy sampled 10 clients (out of 100)
[2024-06-11 14:54:42,955][flwr][INFO] - aggregate_fit: received 10 results and 0 failures
[2024-06-11 14:54:44,075][flwr][INFO] - fit progress: (8, 62.06045727431774, {'accuracy': 0.8638}, 32.52868306399978)
[2024-06-11 14:54:44,075][flwr][INFO] - configure_evaluate: strategy sampled 25 clients (out of 100)
[2024-06-11 14:54:45,976][flwr][INFO] - aggregate_evaluate: received 25 results and 0 failures
[2024-06-11 14:54:45,977][flwr][INFO] - 
[2024-06-11 14:54:45,977][flwr][INFO] - [ROUND 9]
[2024-06-11 14:54:45,977][flwr][INFO] - configure_fit: strategy sampled 10 clients (out of 100)
[2024-06-11 14:54:47,033][flwr][INFO] - aggregate_fit: received 10 results and 0 failures
[2024-06-11 14:54:48,142][flwr][INFO] - fit progress: (9, 49.05928234755993, {'accuracy': 0.87}, 36.595831876999)
[2024-06-11 14:54:48,143][flwr][INFO] - configure_evaluate: strategy sampled 25 clients (out of 100)
[2024-06-11 14:54:50,013][flwr][INFO] - aggregate_evaluate: received 25 results and 0 failures
[2024-06-11 14:54:50,013][flwr][INFO] - 
[2024-06-11 14:54:50,013][flwr][INFO] - [ROUND 10]
[2024-06-11 14:54:50,013][flwr][INFO] - configure_fit: strategy sampled 10 clients (out of 100)
[2024-06-11 14:54:51,003][flwr][INFO] - aggregate_fit: received 10 results and 0 failures
[2024-06-11 14:54:52,206][flwr][INFO] - fit progress: (10, 34.292874090373516, {'accuracy': 0.877}, 40.65934987899891)
[2024-06-11 14:54:52,206][flwr][INFO] - configure_evaluate: strategy sampled 25 clients (out of 100)
[2024-06-11 14:54:54,107][flwr][INFO] - aggregate_evaluate: received 25 results and 0 failures
[2024-06-11 14:54:54,107][flwr][INFO] - 
[2024-06-11 14:54:54,107][flwr][INFO] - [ROUND 11]
[2024-06-11 14:54:54,108][flwr][INFO] - configure_fit: strategy sampled 10 clients (out of 100)
[2024-06-11 14:54:55,091][flwr][INFO] - aggregate_fit: received 10 results and 0 failures
[2024-06-11 14:54:56,200][flwr][INFO] - fit progress: (11, 23.043392799794674, {'accuracy': 0.9087}, 44.65381062399683)
[2024-06-11 14:54:56,201][flwr][INFO] - configure_evaluate: strategy sampled 25 clients (out of 100)
[2024-06-11 14:54:58,058][flwr][INFO] - aggregate_evaluate: received 25 results and 0 failures
[2024-06-11 14:54:58,059][flwr][INFO] - 
[2024-06-11 14:54:58,059][flwr][INFO] - [ROUND 12]
[2024-06-11 14:54:58,059][flwr][INFO] - configure_fit: strategy sampled 10 clients (out of 100)
[2024-06-11 14:54:59,003][flwr][INFO] - aggregate_fit: received 10 results and 0 failures
[2024-06-11 14:55:00,100][flwr][INFO] - fit progress: (12, 19.63953272998333, {'accuracy': 0.931}, 48.55319333799707)
[2024-06-11 14:55:00,100][flwr][INFO] - configure_evaluate: strategy sampled 25 clients (out of 100)
[2024-06-11 14:55:02,004][flwr][INFO] - aggregate_evaluate: received 25 results and 0 failures
[2024-06-11 14:55:02,004][flwr][INFO] - 
[2024-06-11 14:55:02,004][flwr][INFO] - [ROUND 13]
[2024-06-11 14:55:02,005][flwr][INFO] - configure_fit: strategy sampled 10 clients (out of 100)
[2024-06-11 14:55:02,999][flwr][INFO] - aggregate_fit: received 10 results and 0 failures
[2024-06-11 14:55:04,083][flwr][INFO] - fit progress: (13, 22.38496731594205, {'accuracy': 0.9261}, 52.536361589998705)
[2024-06-11 14:55:04,083][flwr][INFO] - configure_evaluate: strategy sampled 25 clients (out of 100)
[2024-06-11 14:55:05,954][flwr][INFO] - aggregate_evaluate: received 25 results and 0 failures
[2024-06-11 14:55:05,954][flwr][INFO] - 
[2024-06-11 14:55:05,954][flwr][INFO] - [ROUND 14]
[2024-06-11 14:55:05,954][flwr][INFO] - configure_fit: strategy sampled 10 clients (out of 100)
[2024-06-11 14:55:06,909][flwr][INFO] - aggregate_fit: received 10 results and 0 failures
[2024-06-11 14:55:08,025][flwr][INFO] - fit progress: (14, 26.724309876561165, {'accuracy': 0.919}, 56.47861250999995)
[2024-06-11 14:55:08,025][flwr][INFO] - configure_evaluate: strategy sampled 25 clients (out of 100)
[2024-06-11 14:55:09,898][flwr][INFO] - aggregate_evaluate: received 25 results and 0 failures
[2024-06-11 14:55:09,899][flwr][INFO] - 
[2024-06-11 14:55:09,899][flwr][INFO] - [ROUND 15]
[2024-06-11 14:55:09,899][flwr][INFO] - configure_fit: strategy sampled 10 clients (out of 100)
[2024-06-11 14:55:10,877][flwr][INFO] - aggregate_fit: received 10 results and 0 failures
[2024-06-11 14:55:11,971][flwr][INFO] - fit progress: (15, 26.046148132532835, {'accuracy': 0.9203}, 60.42445583399967)
[2024-06-11 14:55:11,971][flwr][INFO] - configure_evaluate: strategy sampled 25 clients (out of 100)
[2024-06-11 14:55:13,899][flwr][INFO] - aggregate_evaluate: received 25 results and 0 failures
[2024-06-11 14:55:13,900][flwr][INFO] - 
[2024-06-11 14:55:13,900][flwr][INFO] - [ROUND 16]
[2024-06-11 14:55:13,900][flwr][INFO] - configure_fit: strategy sampled 10 clients (out of 100)
[2024-06-11 14:55:15,069][flwr][INFO] - aggregate_fit: received 10 results and 0 failures
[2024-06-11 14:55:16,197][flwr][INFO] - fit progress: (16, 19.956957008689642, {'accuracy': 0.9333}, 64.65014664999762)
[2024-06-11 14:55:16,197][flwr][INFO] - configure_evaluate: strategy sampled 25 clients (out of 100)
[2024-06-11 14:55:18,092][flwr][INFO] - aggregate_evaluate: received 25 results and 0 failures
[2024-06-11 14:55:18,092][flwr][INFO] - 
[2024-06-11 14:55:18,092][flwr][INFO] - [ROUND 17]
[2024-06-11 14:55:18,092][flwr][INFO] - configure_fit: strategy sampled 10 clients (out of 100)
[2024-06-11 14:55:19,063][flwr][INFO] - aggregate_fit: received 10 results and 0 failures
[2024-06-11 14:55:20,155][flwr][INFO] - fit progress: (17, 13.953247107565403, {'accuracy': 0.9495}, 68.60799717499685)
[2024-06-11 14:55:20,155][flwr][INFO] - configure_evaluate: strategy sampled 25 clients (out of 100)
[2024-06-11 14:55:22,024][flwr][INFO] - aggregate_evaluate: received 25 results and 0 failures
[2024-06-11 14:55:22,024][flwr][INFO] - 
[2024-06-11 14:55:22,024][flwr][INFO] - [ROUND 18]
[2024-06-11 14:55:22,024][flwr][INFO] - configure_fit: strategy sampled 10 clients (out of 100)
[2024-06-11 14:55:23,037][flwr][INFO] - aggregate_fit: received 10 results and 0 failures
[2024-06-11 14:55:24,221][flwr][INFO] - fit progress: (18, 11.104503040201962, {'accuracy': 0.9588}, 72.67482005599959)
[2024-06-11 14:55:24,222][flwr][INFO] - configure_evaluate: strategy sampled 25 clients (out of 100)
[2024-06-11 14:55:26,383][flwr][INFO] - aggregate_evaluate: received 25 results and 0 failures
[2024-06-11 14:55:26,384][flwr][INFO] - 
[2024-06-11 14:55:26,384][flwr][INFO] - [ROUND 19]
[2024-06-11 14:55:26,384][flwr][INFO] - configure_fit: strategy sampled 10 clients (out of 100)
[2024-06-11 14:55:27,581][flwr][INFO] - aggregate_fit: received 10 results and 0 failures
[2024-06-11 14:55:28,803][flwr][INFO] - fit progress: (19, 10.253407268493902, {'accuracy': 0.9639}, 77.25686332300029)
[2024-06-11 14:55:28,804][flwr][INFO] - configure_evaluate: strategy sampled 25 clients (out of 100)
[2024-06-11 14:55:30,803][flwr][INFO] - aggregate_evaluate: received 25 results and 0 failures
[2024-06-11 14:55:30,803][flwr][INFO] - 
[2024-06-11 14:55:30,803][flwr][INFO] - [ROUND 20]
[2024-06-11 14:55:30,803][flwr][INFO] - configure_fit: strategy sampled 10 clients (out of 100)
[2024-06-11 14:55:31,817][flwr][INFO] - aggregate_fit: received 10 results and 0 failures
[2024-06-11 14:55:33,121][flwr][INFO] - fit progress: (20, 10.203642851105542, {'accuracy': 0.9653}, 81.57460580299812)
[2024-06-11 14:55:33,121][flwr][INFO] - configure_evaluate: strategy sampled 25 clients (out of 100)
[2024-06-11 14:55:35,343][flwr][INFO] - aggregate_evaluate: received 25 results and 0 failures
[2024-06-11 14:55:35,344][flwr][INFO] - 
[2024-06-11 14:55:35,344][flwr][INFO] - [ROUND 21]
[2024-06-11 14:55:35,344][flwr][INFO] - configure_fit: strategy sampled 10 clients (out of 100)
[2024-06-11 14:55:36,308][flwr][INFO] - aggregate_fit: received 10 results and 0 failures
[2024-06-11 14:55:37,494][flwr][INFO] - fit progress: (21, 10.519932458650146, {'accuracy': 0.9649}, 85.947793026)
[2024-06-11 14:55:37,495][flwr][INFO] - configure_evaluate: strategy sampled 25 clients (out of 100)
[2024-06-11 14:55:39,734][flwr][INFO] - aggregate_evaluate: received 25 results and 0 failures
[2024-06-11 14:55:39,735][flwr][INFO] - 
[2024-06-11 14:55:39,735][flwr][INFO] - [ROUND 22]
[2024-06-11 14:55:39,735][flwr][INFO] - configure_fit: strategy sampled 10 clients (out of 100)
[2024-06-11 14:55:40,853][flwr][INFO] - aggregate_fit: received 10 results and 0 failures
[2024-06-11 14:55:41,994][flwr][INFO] - fit progress: (22, 10.551212776554166, {'accuracy': 0.9659}, 90.44704914399699)
[2024-06-11 14:55:41,994][flwr][INFO] - configure_evaluate: strategy sampled 25 clients (out of 100)
[2024-06-11 14:55:44,261][flwr][INFO] - aggregate_evaluate: received 25 results and 0 failures
[2024-06-11 14:55:44,261][flwr][INFO] - 
[2024-06-11 14:55:44,261][flwr][INFO] - [ROUND 23]
[2024-06-11 14:55:44,262][flwr][INFO] - configure_fit: strategy sampled 10 clients (out of 100)
[2024-06-11 14:55:45,530][flwr][INFO] - aggregate_fit: received 10 results and 0 failures
[2024-06-11 14:55:46,660][flwr][INFO] - fit progress: (23, 9.757562735314423, {'accuracy': 0.9672}, 95.11343330999807)
[2024-06-11 14:55:46,660][flwr][INFO] - configure_evaluate: strategy sampled 25 clients (out of 100)
[2024-06-11 14:55:48,709][flwr][INFO] - aggregate_evaluate: received 25 results and 0 failures
[2024-06-11 14:55:48,709][flwr][INFO] - 
[2024-06-11 14:55:48,709][flwr][INFO] - [ROUND 24]
[2024-06-11 14:55:48,709][flwr][INFO] - configure_fit: strategy sampled 10 clients (out of 100)
[2024-06-11 14:55:49,867][flwr][INFO] - aggregate_fit: received 10 results and 0 failures
[2024-06-11 14:55:51,039][flwr][INFO] - fit progress: (24, 8.676631802343763, {'accuracy': 0.9701}, 99.49234707299911)
[2024-06-11 14:55:51,039][flwr][INFO] - configure_evaluate: strategy sampled 25 clients (out of 100)
[2024-06-11 14:55:52,993][flwr][INFO] - aggregate_evaluate: received 25 results and 0 failures
[2024-06-11 14:55:52,994][flwr][INFO] - 
[2024-06-11 14:55:52,994][flwr][INFO] - [ROUND 25]
[2024-06-11 14:55:52,994][flwr][INFO] - configure_fit: strategy sampled 10 clients (out of 100)
[2024-06-11 14:55:53,999][flwr][INFO] - aggregate_fit: received 10 results and 0 failures
[2024-06-11 14:55:55,123][flwr][INFO] - fit progress: (25, 7.8860236107429955, {'accuracy': 0.9728}, 103.57668635799928)
[2024-06-11 14:55:55,123][flwr][INFO] - configure_evaluate: strategy sampled 25 clients (out of 100)
[2024-06-11 14:55:57,023][flwr][INFO] - aggregate_evaluate: received 25 results and 0 failures
[2024-06-11 14:55:57,023][flwr][INFO] - 
[2024-06-11 14:55:57,023][flwr][INFO] - [ROUND 26]
[2024-06-11 14:55:57,023][flwr][INFO] - configure_fit: strategy sampled 10 clients (out of 100)
[2024-06-11 14:55:58,027][flwr][INFO] - aggregate_fit: received 10 results and 0 failures
[2024-06-11 14:55:59,196][flwr][INFO] - fit progress: (26, 7.470491261366988, {'accuracy': 0.9732}, 107.64901050299886)
[2024-06-11 14:55:59,196][flwr][INFO] - configure_evaluate: strategy sampled 25 clients (out of 100)
[2024-06-11 14:56:01,124][flwr][INFO] - aggregate_evaluate: received 25 results and 0 failures
[2024-06-11 14:56:01,124][flwr][INFO] - 
[2024-06-11 14:56:01,124][flwr][INFO] - [ROUND 27]
[2024-06-11 14:56:01,124][flwr][INFO] - configure_fit: strategy sampled 10 clients (out of 100)
[2024-06-11 14:56:02,144][flwr][INFO] - aggregate_fit: received 10 results and 0 failures
[2024-06-11 14:56:03,325][flwr][INFO] - fit progress: (27, 7.09662402595859, {'accuracy': 0.9735}, 111.77815687399925)
[2024-06-11 14:56:03,325][flwr][INFO] - configure_evaluate: strategy sampled 25 clients (out of 100)
[2024-06-11 14:56:05,434][flwr][INFO] - aggregate_evaluate: received 25 results and 0 failures
[2024-06-11 14:56:05,434][flwr][INFO] - 
[2024-06-11 14:56:05,435][flwr][INFO] - [ROUND 28]
[2024-06-11 14:56:05,435][flwr][INFO] - configure_fit: strategy sampled 10 clients (out of 100)
