[2024-06-11 08:50:17,372][flwr][INFO] - Starting Flower simulation, config: num_rounds=30, no round_timeout
[2024-06-11 08:50:20,509][flwr][INFO] - Flower VCE: Ray initialized with resources: {'node:__internal_head__': 1.0, 'object_store_memory': 7221556838.0, 'memory': 14443113678.0, 'CPU': 16.0, 'node:10.250.130.147': 1.0}
[2024-06-11 08:50:20,509][flwr][INFO] - Optimize your simulation with Flower VCE: https://flower.ai/docs/framework/how-to-run-simulations.html
[2024-06-11 08:50:20,509][flwr][INFO] - No `client_resources` specified. Using minimal resources for clients.
[2024-06-11 08:50:20,510][flwr][INFO] - Flower VCE: Resources for each Virtual Client: {'num_cpus': 1, 'num_gpus': 0.0}
[2024-06-11 08:50:20,520][flwr][INFO] - Flower VCE: Creating VirtualClientEngineActorPool with 16 actors
[2024-06-11 08:50:20,521][flwr][INFO] - [INIT]
[2024-06-11 08:50:20,521][flwr][INFO] - Requesting initial parameters from one random client
[2024-06-11 08:50:22,747][flwr][INFO] - Received initial parameters from one random client
[2024-06-11 08:50:22,747][flwr][INFO] - Evaluating initial global parameters
[2024-06-11 08:50:23,912][flwr][INFO] - initial parameters (loss, other metrics): 182.2180688381195, {'accuracy': 0.1109}
[2024-06-11 08:50:23,913][flwr][INFO] - 
[2024-06-11 08:50:23,913][flwr][INFO] - [ROUND 1]
[2024-06-11 08:50:23,913][flwr][INFO] - configure_fit: strategy sampled 10 clients (out of 100)
[2024-06-11 08:50:27,014][flwr][INFO] - aggregate_fit: received 10 results and 0 failures
[2024-06-11 08:50:27,018][flwr][WARNING] - No fit_metrics_aggregation_fn provided
[2024-06-11 08:50:28,085][flwr][INFO] - fit progress: (1, 181.68630123138428, {'accuracy': 0.1364}, 4.172247237999727)
[2024-06-11 08:50:28,085][flwr][INFO] - configure_evaluate: no clients selected, skipping evaluation
[2024-06-11 08:50:28,085][flwr][INFO] - 
[2024-06-11 08:50:28,085][flwr][INFO] - [ROUND 2]
[2024-06-11 08:50:28,085][flwr][INFO] - configure_fit: strategy sampled 10 clients (out of 100)
[2024-06-11 08:50:29,222][flwr][INFO] - aggregate_fit: received 10 results and 0 failures
[2024-06-11 08:50:30,312][flwr][INFO] - fit progress: (2, 181.15911984443665, {'accuracy': 0.1714}, 6.399518747999991)
[2024-06-11 08:50:30,312][flwr][INFO] - configure_evaluate: no clients selected, skipping evaluation
[2024-06-11 08:50:30,312][flwr][INFO] - 
[2024-06-11 08:50:30,312][flwr][INFO] - [ROUND 3]
[2024-06-11 08:50:30,313][flwr][INFO] - configure_fit: strategy sampled 10 clients (out of 100)
[2024-06-11 08:50:31,235][flwr][INFO] - aggregate_fit: received 10 results and 0 failures
[2024-06-11 08:50:32,290][flwr][INFO] - fit progress: (3, 180.61978459358215, {'accuracy': 0.2023}, 8.377616356999624)
[2024-06-11 08:50:32,290][flwr][INFO] - configure_evaluate: no clients selected, skipping evaluation
[2024-06-11 08:50:32,297][flwr][INFO] - 
[2024-06-11 08:50:32,297][flwr][INFO] - [ROUND 4]
[2024-06-11 08:50:32,298][flwr][INFO] - configure_fit: strategy sampled 10 clients (out of 100)
[2024-06-11 08:50:33,231][flwr][INFO] - aggregate_fit: received 10 results and 0 failures
[2024-06-11 08:50:34,311][flwr][INFO] - fit progress: (4, 180.02603554725647, {'accuracy': 0.2313}, 10.398423933999766)
[2024-06-11 08:50:34,311][flwr][INFO] - configure_evaluate: no clients selected, skipping evaluation
[2024-06-11 08:50:34,311][flwr][INFO] - 
[2024-06-11 08:50:34,311][flwr][INFO] - [ROUND 5]
[2024-06-11 08:50:34,311][flwr][INFO] - configure_fit: strategy sampled 10 clients (out of 100)
[2024-06-11 08:50:35,204][flwr][INFO] - aggregate_fit: received 10 results and 0 failures
[2024-06-11 08:50:36,278][flwr][INFO] - fit progress: (5, 179.3405921459198, {'accuracy': 0.2592}, 12.365427962000012)
[2024-06-11 08:50:36,278][flwr][INFO] - configure_evaluate: no clients selected, skipping evaluation
[2024-06-11 08:50:36,278][flwr][INFO] - 
[2024-06-11 08:50:36,278][flwr][INFO] - [ROUND 6]
[2024-06-11 08:50:36,278][flwr][INFO] - configure_fit: strategy sampled 10 clients (out of 100)
[2024-06-11 08:50:37,175][flwr][INFO] - aggregate_fit: received 10 results and 0 failures
[2024-06-11 08:50:38,282][flwr][INFO] - fit progress: (6, 178.52100372314453, {'accuracy': 0.275}, 14.369469386999754)
[2024-06-11 08:50:38,282][flwr][INFO] - configure_evaluate: no clients selected, skipping evaluation
[2024-06-11 08:50:38,282][flwr][INFO] - 
[2024-06-11 08:50:38,282][flwr][INFO] - [ROUND 7]
[2024-06-11 08:50:38,283][flwr][INFO] - configure_fit: strategy sampled 10 clients (out of 100)
[2024-06-11 08:50:39,196][flwr][INFO] - aggregate_fit: received 10 results and 0 failures
[2024-06-11 08:50:40,303][flwr][INFO] - fit progress: (7, 177.52199411392212, {'accuracy': 0.3078}, 16.390547252000033)
[2024-06-11 08:50:40,303][flwr][INFO] - configure_evaluate: no clients selected, skipping evaluation
[2024-06-11 08:50:40,303][flwr][INFO] - 
[2024-06-11 08:50:40,303][flwr][INFO] - [ROUND 8]
[2024-06-11 08:50:40,304][flwr][INFO] - configure_fit: strategy sampled 10 clients (out of 100)
[2024-06-11 08:50:41,224][flwr][INFO] - aggregate_fit: received 10 results and 0 failures
[2024-06-11 08:50:42,365][flwr][INFO] - fit progress: (8, 176.31490802764893, {'accuracy': 0.3278}, 18.45261213599997)
[2024-06-11 08:50:42,365][flwr][INFO] - configure_evaluate: no clients selected, skipping evaluation
[2024-06-11 08:50:42,365][flwr][INFO] - 
[2024-06-11 08:50:42,366][flwr][INFO] - [ROUND 9]
[2024-06-11 08:50:42,366][flwr][INFO] - configure_fit: strategy sampled 10 clients (out of 100)
[2024-06-11 08:50:43,467][flwr][INFO] - aggregate_fit: received 10 results and 0 failures
[2024-06-11 08:50:44,673][flwr][INFO] - fit progress: (9, 174.76629734039307, {'accuracy': 0.3647}, 20.76011665499982)
[2024-06-11 08:50:44,673][flwr][INFO] - configure_evaluate: no clients selected, skipping evaluation
[2024-06-11 08:50:44,673][flwr][INFO] - 
[2024-06-11 08:50:44,673][flwr][INFO] - [ROUND 10]
[2024-06-11 08:50:44,674][flwr][INFO] - configure_fit: strategy sampled 10 clients (out of 100)
[2024-06-11 08:50:45,724][flwr][INFO] - aggregate_fit: received 10 results and 0 failures
[2024-06-11 08:50:46,914][flwr][INFO] - fit progress: (10, 172.74944424629211, {'accuracy': 0.4003}, 23.00180099199997)
[2024-06-11 08:50:46,915][flwr][INFO] - configure_evaluate: no clients selected, skipping evaluation
[2024-06-11 08:50:46,915][flwr][INFO] - 
[2024-06-11 08:50:46,915][flwr][INFO] - [ROUND 11]
[2024-06-11 08:50:46,915][flwr][INFO] - configure_fit: strategy sampled 10 clients (out of 100)
[2024-06-11 08:50:47,936][flwr][INFO] - aggregate_fit: received 10 results and 0 failures
[2024-06-11 08:50:49,058][flwr][INFO] - fit progress: (11, 170.10170102119446, {'accuracy': 0.4695}, 25.145332117999715)
[2024-06-11 08:50:49,058][flwr][INFO] - configure_evaluate: no clients selected, skipping evaluation
[2024-06-11 08:50:49,058][flwr][INFO] - 
[2024-06-11 08:50:49,058][flwr][INFO] - [ROUND 12]
[2024-06-11 08:50:49,058][flwr][INFO] - configure_fit: strategy sampled 10 clients (out of 100)
[2024-06-11 08:50:49,996][flwr][INFO] - aggregate_fit: received 10 results and 0 failures
[2024-06-11 08:50:51,148][flwr][INFO] - fit progress: (12, 166.45428657531738, {'accuracy': 0.53}, 27.23535235099962)
[2024-06-11 08:50:51,148][flwr][INFO] - configure_evaluate: no clients selected, skipping evaluation
[2024-06-11 08:50:51,148][flwr][INFO] - 
[2024-06-11 08:50:51,148][flwr][INFO] - [ROUND 13]
[2024-06-11 08:50:51,148][flwr][INFO] - configure_fit: strategy sampled 10 clients (out of 100)
[2024-06-11 08:50:52,105][flwr][INFO] - aggregate_fit: received 10 results and 0 failures
[2024-06-11 08:50:53,271][flwr][INFO] - fit progress: (13, 161.47958898544312, {'accuracy': 0.6232}, 29.35808499599989)
[2024-06-11 08:50:53,271][flwr][INFO] - configure_evaluate: no clients selected, skipping evaluation
[2024-06-11 08:50:53,271][flwr][INFO] - 
[2024-06-11 08:50:53,271][flwr][INFO] - [ROUND 14]
[2024-06-11 08:50:53,271][flwr][INFO] - configure_fit: strategy sampled 10 clients (out of 100)
[2024-06-11 08:50:54,271][flwr][INFO] - aggregate_fit: received 10 results and 0 failures
[2024-06-11 08:50:55,447][flwr][INFO] - fit progress: (14, 154.5835783481598, {'accuracy': 0.6505}, 31.534058137999637)
[2024-06-11 08:50:55,447][flwr][INFO] - configure_evaluate: no clients selected, skipping evaluation
[2024-06-11 08:50:55,447][flwr][INFO] - 
[2024-06-11 08:50:55,447][flwr][INFO] - [ROUND 15]
[2024-06-11 08:50:55,447][flwr][INFO] - configure_fit: strategy sampled 10 clients (out of 100)
[2024-06-11 08:50:56,447][flwr][INFO] - aggregate_fit: received 10 results and 0 failures
[2024-06-11 08:50:57,636][flwr][INFO] - fit progress: (15, 144.5363382101059, {'accuracy': 0.6877}, 33.72294755999974)
[2024-06-11 08:50:57,636][flwr][INFO] - configure_evaluate: no clients selected, skipping evaluation
[2024-06-11 08:50:57,636][flwr][INFO] - 
[2024-06-11 08:50:57,636][flwr][INFO] - [ROUND 16]
[2024-06-11 08:50:57,636][flwr][INFO] - configure_fit: strategy sampled 10 clients (out of 100)
[2024-06-11 08:50:58,579][flwr][INFO] - aggregate_fit: received 10 results and 0 failures
[2024-06-11 08:50:59,682][flwr][INFO] - fit progress: (16, 130.70341193675995, {'accuracy': 0.7076}, 35.7694872459997)
[2024-06-11 08:50:59,682][flwr][INFO] - configure_evaluate: no clients selected, skipping evaluation
[2024-06-11 08:50:59,682][flwr][INFO] - 
[2024-06-11 08:50:59,682][flwr][INFO] - [ROUND 17]
[2024-06-11 08:50:59,683][flwr][INFO] - configure_fit: strategy sampled 10 clients (out of 100)
[2024-06-11 08:51:00,622][flwr][INFO] - aggregate_fit: received 10 results and 0 failures
[2024-06-11 08:51:01,722][flwr][INFO] - fit progress: (17, 113.00799643993378, {'accuracy': 0.7332}, 37.809505801999876)
[2024-06-11 08:51:01,722][flwr][INFO] - configure_evaluate: no clients selected, skipping evaluation
[2024-06-11 08:51:01,722][flwr][INFO] - 
[2024-06-11 08:51:01,722][flwr][INFO] - [ROUND 18]
[2024-06-11 08:51:01,723][flwr][INFO] - configure_fit: strategy sampled 10 clients (out of 100)
[2024-06-11 08:51:02,655][flwr][INFO] - aggregate_fit: received 10 results and 0 failures
[2024-06-11 08:51:03,829][flwr][INFO] - fit progress: (18, 94.48899334669113, {'accuracy': 0.7606}, 39.916317290999814)
[2024-06-11 08:51:03,829][flwr][INFO] - configure_evaluate: no clients selected, skipping evaluation
[2024-06-11 08:51:03,829][flwr][INFO] - 
[2024-06-11 08:51:03,829][flwr][INFO] - [ROUND 19]
[2024-06-11 08:51:03,830][flwr][INFO] - configure_fit: strategy sampled 10 clients (out of 100)
[2024-06-11 08:51:04,846][flwr][INFO] - aggregate_fit: received 10 results and 0 failures
[2024-06-11 08:51:06,015][flwr][INFO] - fit progress: (19, 79.14909094572067, {'accuracy': 0.7557}, 42.102152788999774)
[2024-06-11 08:51:06,015][flwr][INFO] - configure_evaluate: no clients selected, skipping evaluation
[2024-06-11 08:51:06,015][flwr][INFO] - 
[2024-06-11 08:51:06,015][flwr][INFO] - [ROUND 20]
[2024-06-11 08:51:06,015][flwr][INFO] - configure_fit: strategy sampled 10 clients (out of 100)
[2024-06-11 08:51:07,036][flwr][INFO] - aggregate_fit: received 10 results and 0 failures
[2024-06-11 08:51:08,182][flwr][INFO] - fit progress: (20, 69.87491735816002, {'accuracy': 0.7681}, 44.26936356599981)
[2024-06-11 08:51:08,182][flwr][INFO] - configure_evaluate: no clients selected, skipping evaluation
[2024-06-11 08:51:08,182][flwr][INFO] - 
[2024-06-11 08:51:08,182][flwr][INFO] - [ROUND 21]
[2024-06-11 08:51:08,182][flwr][INFO] - configure_fit: strategy sampled 10 clients (out of 100)
[2024-06-11 08:51:09,120][flwr][INFO] - aggregate_fit: received 10 results and 0 failures
[2024-06-11 08:51:10,250][flwr][INFO] - fit progress: (21, 60.224180698394775, {'accuracy': 0.7982}, 46.33784978099993)
[2024-06-11 08:51:10,251][flwr][INFO] - configure_evaluate: no clients selected, skipping evaluation
[2024-06-11 08:51:10,251][flwr][INFO] - 
[2024-06-11 08:51:10,251][flwr][INFO] - [ROUND 22]
[2024-06-11 08:51:10,251][flwr][INFO] - configure_fit: strategy sampled 10 clients (out of 100)
[2024-06-11 08:51:11,273][flwr][INFO] - aggregate_fit: received 10 results and 0 failures
[2024-06-11 08:51:12,399][flwr][INFO] - fit progress: (22, 54.422785580158234, {'accuracy': 0.808}, 48.48599641099963)
[2024-06-11 08:51:12,399][flwr][INFO] - configure_evaluate: no clients selected, skipping evaluation
[2024-06-11 08:51:12,399][flwr][INFO] - 
[2024-06-11 08:51:12,399][flwr][INFO] - [ROUND 23]
[2024-06-11 08:51:12,399][flwr][INFO] - configure_fit: strategy sampled 10 clients (out of 100)
[2024-06-11 08:51:13,515][flwr][INFO] - aggregate_fit: received 10 results and 0 failures
[2024-06-11 08:51:14,669][flwr][INFO] - fit progress: (23, 50.59671688079834, {'accuracy': 0.817}, 50.756011361999754)
[2024-06-11 08:51:14,669][flwr][INFO] - configure_evaluate: no clients selected, skipping evaluation
[2024-06-11 08:51:14,669][flwr][INFO] - 
[2024-06-11 08:51:14,669][flwr][INFO] - [ROUND 24]
[2024-06-11 08:51:14,669][flwr][INFO] - configure_fit: strategy sampled 10 clients (out of 100)
[2024-06-11 08:51:15,674][flwr][INFO] - aggregate_fit: received 10 results and 0 failures
[2024-06-11 08:51:16,847][flwr][INFO] - fit progress: (24, 47.92165955901146, {'accuracy': 0.8181}, 52.93437701799985)
[2024-06-11 08:51:16,847][flwr][INFO] - configure_evaluate: no clients selected, skipping evaluation
[2024-06-11 08:51:16,847][flwr][INFO] - 
[2024-06-11 08:51:16,847][flwr][INFO] - [ROUND 25]
[2024-06-11 08:51:16,848][flwr][INFO] - configure_fit: strategy sampled 10 clients (out of 100)
[2024-06-11 08:51:17,871][flwr][INFO] - aggregate_fit: received 10 results and 0 failures
[2024-06-11 08:51:18,999][flwr][INFO] - fit progress: (25, 46.19676764309406, {'accuracy': 0.8202}, 55.086376112999915)
[2024-06-11 08:51:18,999][flwr][INFO] - configure_evaluate: no clients selected, skipping evaluation
[2024-06-11 08:51:18,999][flwr][INFO] - 
[2024-06-11 08:51:18,999][flwr][INFO] - [ROUND 26]
[2024-06-11 08:51:19,000][flwr][INFO] - configure_fit: strategy sampled 10 clients (out of 100)
[2024-06-11 08:51:19,917][flwr][INFO] - aggregate_fit: received 10 results and 0 failures
[2024-06-11 08:51:21,027][flwr][INFO] - fit progress: (26, 44.59061333537102, {'accuracy': 0.8287}, 57.1145959129999)
[2024-06-11 08:51:21,027][flwr][INFO] - configure_evaluate: no clients selected, skipping evaluation
[2024-06-11 08:51:21,027][flwr][INFO] - 
[2024-06-11 08:51:21,027][flwr][INFO] - [ROUND 27]
[2024-06-11 08:51:21,028][flwr][INFO] - configure_fit: strategy sampled 10 clients (out of 100)
[2024-06-11 08:51:21,975][flwr][INFO] - aggregate_fit: received 10 results and 0 failures
[2024-06-11 08:51:23,119][flwr][INFO] - fit progress: (27, 42.70821866393089, {'accuracy': 0.8376}, 59.2067083779998)
[2024-06-11 08:51:23,120][flwr][INFO] - configure_evaluate: no clients selected, skipping evaluation
[2024-06-11 08:51:23,120][flwr][INFO] - 
[2024-06-11 08:51:23,120][flwr][INFO] - [ROUND 28]
[2024-06-11 08:51:23,120][flwr][INFO] - configure_fit: strategy sampled 10 clients (out of 100)
[2024-06-11 08:51:24,132][flwr][INFO] - aggregate_fit: received 10 results and 0 failures
[2024-06-11 08:51:25,298][flwr][INFO] - fit progress: (28, 40.66953390836716, {'accuracy': 0.8462}, 61.38545511199982)
[2024-06-11 08:51:25,298][flwr][INFO] - configure_evaluate: no clients selected, skipping evaluation
[2024-06-11 08:51:25,298][flwr][INFO] - 
[2024-06-11 08:51:25,299][flwr][INFO] - [ROUND 29]
[2024-06-11 08:51:25,299][flwr][INFO] - configure_fit: strategy sampled 10 clients (out of 100)
[2024-06-11 08:51:26,310][flwr][INFO] - aggregate_fit: received 10 results and 0 failures
[2024-06-11 08:51:27,478][flwr][INFO] - fit progress: (29, 39.88969810307026, {'accuracy': 0.8468}, 63.565560344000005)
[2024-06-11 08:51:27,478][flwr][INFO] - configure_evaluate: no clients selected, skipping evaluation
[2024-06-11 08:51:27,478][flwr][INFO] - 
[2024-06-11 08:51:27,479][flwr][INFO] - [ROUND 30]
[2024-06-11 08:51:27,479][flwr][INFO] - configure_fit: strategy sampled 10 clients (out of 100)
[2024-06-11 08:51:28,447][flwr][INFO] - aggregate_fit: received 10 results and 0 failures
[2024-06-11 08:51:29,541][flwr][INFO] - fit progress: (30, 40.662716671824455, {'accuracy': 0.8365}, 65.6280322739999)
[2024-06-11 08:51:29,541][flwr][INFO] - configure_evaluate: no clients selected, skipping evaluation
[2024-06-11 08:51:29,548][flwr][INFO] - 
[2024-06-11 08:51:29,548][flwr][INFO] - [SUMMARY]
[2024-06-11 08:51:29,548][flwr][INFO] - Run finished 30 rounds in 65.64s
[2024-06-11 08:51:29,548][flwr][INFO] - History (loss, centralized):
[2024-06-11 08:51:29,549][flwr][INFO] - 	('\tround 0: 182.2180688381195\n'
[2024-06-11 08:51:29,549][flwr][INFO] - 	 '\tround 1: 181.68630123138428\n'
[2024-06-11 08:51:29,549][flwr][INFO] - 	 '\tround 2: 181.15911984443665\n'
[2024-06-11 08:51:29,549][flwr][INFO] - 	 '\tround 3: 180.61978459358215\n'
[2024-06-11 08:51:29,549][flwr][INFO] - 	 '\tround 4: 180.02603554725647\n'
[2024-06-11 08:51:29,549][flwr][INFO] - 	 '\tround 5: 179.3405921459198\n'
[2024-06-11 08:51:29,549][flwr][INFO] - 	 '\tround 6: 178.52100372314453\n'
[2024-06-11 08:51:29,549][flwr][INFO] - 	 '\tround 7: 177.52199411392212\n'
[2024-06-11 08:51:29,549][flwr][INFO] - 	 '\tround 8: 176.31490802764893\n'
[2024-06-11 08:51:29,549][flwr][INFO] - 	 '\tround 9: 174.76629734039307\n'
[2024-06-11 08:51:29,549][flwr][INFO] - 	 '\tround 10: 172.74944424629211\n'
[2024-06-11 08:51:29,549][flwr][INFO] - 	 '\tround 11: 170.10170102119446\n'
[2024-06-11 08:51:29,549][flwr][INFO] - 	 '\tround 12: 166.45428657531738\n'
[2024-06-11 08:51:29,549][flwr][INFO] - 	 '\tround 13: 161.47958898544312\n'
[2024-06-11 08:51:29,549][flwr][INFO] - 	 '\tround 14: 154.5835783481598\n'
[2024-06-11 08:51:29,549][flwr][INFO] - 	 '\tround 15: 144.5363382101059\n'
[2024-06-11 08:51:29,549][flwr][INFO] - 	 '\tround 16: 130.70341193675995\n'
[2024-06-11 08:51:29,549][flwr][INFO] - 	 '\tround 17: 113.00799643993378\n'
[2024-06-11 08:51:29,549][flwr][INFO] - 	 '\tround 18: 94.48899334669113\n'
[2024-06-11 08:51:29,549][flwr][INFO] - 	 '\tround 19: 79.14909094572067\n'
[2024-06-11 08:51:29,549][flwr][INFO] - 	 '\tround 20: 69.87491735816002\n'
[2024-06-11 08:51:29,549][flwr][INFO] - 	 '\tround 21: 60.224180698394775\n'
[2024-06-11 08:51:29,549][flwr][INFO] - 	 '\tround 22: 54.422785580158234\n'
[2024-06-11 08:51:29,549][flwr][INFO] - 	 '\tround 23: 50.59671688079834\n'
[2024-06-11 08:51:29,549][flwr][INFO] - 	 '\tround 24: 47.92165955901146\n'
[2024-06-11 08:51:29,549][flwr][INFO] - 	 '\tround 25: 46.19676764309406\n'
[2024-06-11 08:51:29,549][flwr][INFO] - 	 '\tround 26: 44.59061333537102\n'
[2024-06-11 08:51:29,550][flwr][INFO] - 	 '\tround 27: 42.70821866393089\n'
[2024-06-11 08:51:29,550][flwr][INFO] - 	 '\tround 28: 40.66953390836716\n'
[2024-06-11 08:51:29,550][flwr][INFO] - 	 '\tround 29: 39.88969810307026\n'
[2024-06-11 08:51:29,550][flwr][INFO] - 	 '\tround 30: 40.662716671824455\n')History (metrics, centralized):
[2024-06-11 08:51:29,550][flwr][INFO] - 	{'accuracy': [(0, 0.1109),
[2024-06-11 08:51:29,550][flwr][INFO] - 	              (1, 0.1364),
[2024-06-11 08:51:29,550][flwr][INFO] - 	              (2, 0.1714),
[2024-06-11 08:51:29,550][flwr][INFO] - 	              (3, 0.2023),
[2024-06-11 08:51:29,550][flwr][INFO] - 	              (4, 0.2313),
[2024-06-11 08:51:29,550][flwr][INFO] - 	              (5, 0.2592),
[2024-06-11 08:51:29,550][flwr][INFO] - 	              (6, 0.275),
[2024-06-11 08:51:29,550][flwr][INFO] - 	              (7, 0.3078),
[2024-06-11 08:51:29,550][flwr][INFO] - 	              (8, 0.3278),
[2024-06-11 08:51:29,550][flwr][INFO] - 	              (9, 0.3647),
[2024-06-11 08:51:29,550][flwr][INFO] - 	              (10, 0.4003),
[2024-06-11 08:51:29,550][flwr][INFO] - 	              (11, 0.4695),
[2024-06-11 08:51:29,550][flwr][INFO] - 	              (12, 0.53),
[2024-06-11 08:51:29,550][flwr][INFO] - 	              (13, 0.6232),
[2024-06-11 08:51:29,550][flwr][INFO] - 	              (14, 0.6505),
[2024-06-11 08:51:29,550][flwr][INFO] - 	              (15, 0.6877),
[2024-06-11 08:51:29,550][flwr][INFO] - 	              (16, 0.7076),
[2024-06-11 08:51:29,550][flwr][INFO] - 	              (17, 0.7332),
[2024-06-11 08:51:29,550][flwr][INFO] - 	              (18, 0.7606),
[2024-06-11 08:51:29,550][flwr][INFO] - 	              (19, 0.7557),
[2024-06-11 08:51:29,550][flwr][INFO] - 	              (20, 0.7681),
[2024-06-11 08:51:29,550][flwr][INFO] - 	              (21, 0.7982),
[2024-06-11 08:51:29,550][flwr][INFO] - 	              (22, 0.808),
[2024-06-11 08:51:29,550][flwr][INFO] - 	              (23, 0.817),
[2024-06-11 08:51:29,550][flwr][INFO] - 	              (24, 0.8181),
[2024-06-11 08:51:29,550][flwr][INFO] - 	              (25, 0.8202),
[2024-06-11 08:51:29,550][flwr][INFO] - 	              (26, 0.8287),
[2024-06-11 08:51:29,550][flwr][INFO] - 	              (27, 0.8376),
[2024-06-11 08:51:29,551][flwr][INFO] - 	              (28, 0.8462),
[2024-06-11 08:51:29,551][flwr][INFO] - 	              (29, 0.8468),
[2024-06-11 08:51:29,551][flwr][INFO] - 	              (30, 0.8365)]}
[2024-06-11 08:51:29,551][flwr][INFO] - 
