[2024-06-11 09:06:13,780][flwr][INFO] - Starting Flower simulation, config: num_rounds=2, no round_timeout
[2024-06-11 09:06:15,855][flwr][INFO] - Flower VCE: Ray initialized with resources: {'object_store_memory': 6999818649.0, 'memory': 13999637300.0, 'node:__internal_head__': 1.0, 'node:10.250.130.147': 1.0, 'CPU': 16.0}
[2024-06-11 09:06:15,855][flwr][INFO] - Optimize your simulation with Flower VCE: https://flower.ai/docs/framework/how-to-run-simulations.html
[2024-06-11 09:06:15,855][flwr][INFO] - Flower VCE: Resources for each Virtual Client: {'num_cpus': 2, 'num_gpus': 0.0}
[2024-06-11 09:06:15,867][flwr][INFO] - Flower VCE: Creating VirtualClientEngineActorPool with 8 actors
[2024-06-11 09:06:15,868][flwr][INFO] - [INIT]
[2024-06-11 09:06:15,868][flwr][INFO] - Requesting initial parameters from one random client
[2024-06-11 09:06:18,059][flwr][INFO] - Received initial parameters from one random client
[2024-06-11 09:06:18,059][flwr][INFO] - Evaluating initial global parameters
[2024-06-11 09:06:19,254][flwr][INFO] - initial parameters (loss, other metrics): 182.3233802318573, {'accuracy': 0.0928}
[2024-06-11 09:06:19,254][flwr][INFO] - 
[2024-06-11 09:06:19,254][flwr][INFO] - [ROUND 1]
[2024-06-11 09:06:19,255][flwr][INFO] - configure_fit: strategy sampled 10 clients (out of 100)
[2024-06-11 09:06:22,139][flwr][INFO] - aggregate_fit: received 10 results and 0 failures
[2024-06-11 09:06:22,144][flwr][WARNING] - No fit_metrics_aggregation_fn provided
[2024-06-11 09:06:23,237][flwr][INFO] - fit progress: (1, 182.0679395198822, {'accuracy': 0.0994}, 3.9828880019999815)
[2024-06-11 09:06:23,237][flwr][INFO] - configure_evaluate: no clients selected, skipping evaluation
[2024-06-11 09:06:23,238][flwr][INFO] - 
[2024-06-11 09:06:23,238][flwr][INFO] - [ROUND 2]
[2024-06-11 09:06:23,238][flwr][INFO] - configure_fit: strategy sampled 10 clients (out of 100)
[2024-06-11 09:06:24,426][flwr][INFO] - aggregate_fit: received 10 results and 0 failures
[2024-06-11 09:06:25,625][flwr][INFO] - fit progress: (2, 181.81766080856323, {'accuracy': 0.1051}, 6.370442769999954)
[2024-06-11 09:06:25,625][flwr][INFO] - configure_evaluate: no clients selected, skipping evaluation
[2024-06-11 09:06:25,625][flwr][INFO] - 
[2024-06-11 09:06:25,625][flwr][INFO] - [SUMMARY]
[2024-06-11 09:06:25,625][flwr][INFO] - Run finished 2 rounds in 6.37s
[2024-06-11 09:06:25,625][flwr][INFO] - History (loss, centralized):
[2024-06-11 09:06:25,626][flwr][INFO] - 	('\tround 0: 182.3233802318573\n'
[2024-06-11 09:06:25,626][flwr][INFO] - 	 '\tround 1: 182.0679395198822\n'
[2024-06-11 09:06:25,626][flwr][INFO] - 	 '\tround 2: 181.81766080856323\n')History (metrics, centralized):
[2024-06-11 09:06:25,626][flwr][INFO] - 	{'accuracy': [(0, 0.0928), (1, 0.0994), (2, 0.1051)]}
[2024-06-11 09:06:25,626][flwr][INFO] - 
